<?xml version="1.0" encoding="UTF-8"?>
<testsuite xmlns:xsi="http://www.w3.org/2001/XMLSchema-instance" xsi:noNamespaceSchemaLocation="https://maven.apache.org/surefire/maven-surefire-plugin/xsd/surefire-test-report-3.0.xsd" version="3.0" name="Runners.TestRunner" time="3.854" tests="1" errors="0" skipped="0" failures="0">
  <properties>
    <property name="sun.desktop" value="windows"/>
    <property name="awt.toolkit" value="sun.awt.windows.WToolkit"/>
    <property name="java.specification.version" value="11"/>
    <property name="sun.cpu.isalist" value="amd64"/>
    <property name="sun.jnu.encoding" value="Cp1252"/>
    <property name="java.class.path" value="C:\Users\chand\SDET\Scorecraze(Karate)\target\test-classes;C:\Users\chand\SDET\Scorecraze(Karate)\target\classes;C:\Users\chand\.m2\repository\com\intuit\karate\karate-core\1.4.1\karate-core-1.4.1.jar;C:\Users\chand\.m2\repository\org\graalvm\js\js-scriptengine\22.3.3\js-scriptengine-22.3.3.jar;C:\Users\chand\.m2\repository\org\graalvm\sdk\graal-sdk\22.3.3\graal-sdk-22.3.3.jar;C:\Users\chand\.m2\repository\org\graalvm\js\js\22.3.3\js-22.3.3.jar;C:\Users\chand\.m2\repository\org\graalvm\regex\regex\22.3.3\regex-22.3.3.jar;C:\Users\chand\.m2\repository\org\graalvm\truffle\truffle-api\22.3.3\truffle-api-22.3.3.jar;C:\Users\chand\.m2\repository\com\ibm\icu\icu4j\71.1\icu4j-71.1.jar;C:\Users\chand\.m2\repository\org\thymeleaf\thymeleaf\3.1.2.RELEASE\thymeleaf-3.1.2.RELEASE.jar;C:\Users\chand\.m2\repository\ognl\ognl\3.3.4\ognl-3.3.4.jar;C:\Users\chand\.m2\repository\org\javassist\javassist\3.29.0-GA\javassist-3.29.0-GA.jar;C:\Users\chand\.m2\repository\org\attoparser\attoparser\2.0.7.RELEASE\attoparser-2.0.7.RELEASE.jar;C:\Users\chand\.m2\repository\org\unbescape\unbescape\1.1.6.RELEASE\unbescape-1.1.6.RELEASE.jar;C:\Users\chand\.m2\repository\org\slf4j\slf4j-api\2.0.7\slf4j-api-2.0.7.jar;C:\Users\chand\.m2\repository\com\linecorp\armeria\armeria\1.25.2\armeria-1.25.2.jar;C:\Users\chand\.m2\repository\com\fasterxml\jackson\core\jackson-core\2.15.2\jackson-core-2.15.2.jar;C:\Users\chand\.m2\repository\com\fasterxml\jackson\core\jackson-annotations\2.15.2\jackson-annotations-2.15.2.jar;C:\Users\chand\.m2\repository\com\fasterxml\jackson\core\jackson-databind\2.15.2\jackson-databind-2.15.2.jar;C:\Users\chand\.m2\repository\com\fasterxml\jackson\datatype\jackson-datatype-jdk8\2.15.2\jackson-datatype-jdk8-2.15.2.jar;C:\Users\chand\.m2\repository\com\fasterxml\jackson\datatype\jackson-datatype-jsr310\2.15.2\jackson-datatype-jsr310-2.15.2.jar;C:\Users\chand\.m2\repository\io\micrometer\micrometer-core\1.11.3\micrometer-core-1.11.3.jar;C:\Users\chand\.m2\repository\io\micrometer\micrometer-commons\1.11.3\micrometer-commons-1.11.3.jar;C:\Users\chand\.m2\repository\io\micrometer\micrometer-observation\1.11.3\micrometer-observation-1.11.3.jar;C:\Users\chand\.m2\repository\org\hdrhistogram\HdrHistogram\2.1.12\HdrHistogram-2.1.12.jar;C:\Users\chand\.m2\repository\org\latencyutils\LatencyUtils\2.0.3\LatencyUtils-2.0.3.jar;C:\Users\chand\.m2\repository\io\netty\netty-transport\4.1.96.Final\netty-transport-4.1.96.Final.jar;C:\Users\chand\.m2\repository\io\netty\netty-common\4.1.96.Final\netty-common-4.1.96.Final.jar;C:\Users\chand\.m2\repository\io\netty\netty-buffer\4.1.96.Final\netty-buffer-4.1.96.Final.jar;C:\Users\chand\.m2\repository\io\netty\netty-resolver\4.1.96.Final\netty-resolver-4.1.96.Final.jar;C:\Users\chand\.m2\repository\io\netty\netty-codec-haproxy\4.1.96.Final\netty-codec-haproxy-4.1.96.Final.jar;C:\Users\chand\.m2\repository\io\netty\netty-codec\4.1.96.Final\netty-codec-4.1.96.Final.jar;C:\Users\chand\.m2\repository\io\netty\netty-codec-http2\4.1.96.Final\netty-codec-http2-4.1.96.Final.jar;C:\Users\chand\.m2\repository\io\netty\netty-handler\4.1.96.Final\netty-handler-4.1.96.Final.jar;C:\Users\chand\.m2\repository\io\netty\netty-codec-http\4.1.96.Final\netty-codec-http-4.1.96.Final.jar;C:\Users\chand\.m2\repository\io\netty\netty-resolver-dns\4.1.96.Final\netty-resolver-dns-4.1.96.Final.jar;C:\Users\chand\.m2\repository\io\netty\netty-codec-dns\4.1.96.Final\netty-codec-dns-4.1.96.Final.jar;C:\Users\chand\.m2\repository\org\reactivestreams\reactive-streams\1.0.4\reactive-streams-1.0.4.jar;C:\Users\chand\.m2\repository\com\google\code\findbugs\jsr305\3.0.2\jsr305-3.0.2.jar;C:\Users\chand\.m2\repository\io\netty\netty-handler-proxy\4.1.96.Final\netty-handler-proxy-4.1.96.Final.jar;C:\Users\chand\.m2\repository\io\netty\netty-codec-socks\4.1.96.Final\netty-codec-socks-4.1.96.Final.jar;C:\Users\chand\.m2\repository\io\netty\netty-transport-native-unix-common\4.1.96.Final\netty-transport-native-unix-common-4.1.96.Final-linux-x86_64.jar;C:\Users\chand\.m2\repository\io\netty\netty-transport-native-epoll\4.1.96.Final\netty-transport-native-epoll-4.1.96.Final-linux-x86_64.jar;C:\Users\chand\.m2\repository\io\netty\netty-transport-native-unix-common\4.1.96.Final\netty-transport-native-unix-common-4.1.96.Final.jar;C:\Users\chand\.m2\repository\io\netty\netty-transport-classes-epoll\4.1.96.Final\netty-transport-classes-epoll-4.1.96.Final.jar;C:\Users\chand\.m2\repository\io\netty\netty-transport-native-unix-common\4.1.96.Final\netty-transport-native-unix-common-4.1.96.Final-linux-aarch_64.jar;C:\Users\chand\.m2\repository\io\netty\netty-transport-native-epoll\4.1.96.Final\netty-transport-native-epoll-4.1.96.Final-linux-aarch_64.jar;C:\Users\chand\.m2\repository\io\netty\netty-transport-native-unix-common\4.1.96.Final\netty-transport-native-unix-common-4.1.96.Final-osx-x86_64.jar;C:\Users\chand\.m2\repository\io\netty\netty-transport-native-kqueue\4.1.96.Final\netty-transport-native-kqueue-4.1.96.Final-osx-x86_64.jar;C:\Users\chand\.m2\repository\io\netty\netty-transport-classes-kqueue\4.1.96.Final\netty-transport-classes-kqueue-4.1.96.Final.jar;C:\Users\chand\.m2\repository\io\netty\netty-resolver-dns-native-macos\4.1.96.Final\netty-resolver-dns-native-macos-4.1.96.Final-osx-x86_64.jar;C:\Users\chand\.m2\repository\io\netty\netty-resolver-dns-classes-macos\4.1.96.Final\netty-resolver-dns-classes-macos-4.1.96.Final.jar;C:\Users\chand\.m2\repository\io\netty\netty-transport-native-unix-common\4.1.96.Final\netty-transport-native-unix-common-4.1.96.Final-osx-aarch_64.jar;C:\Users\chand\.m2\repository\io\netty\netty-transport-native-kqueue\4.1.96.Final\netty-transport-native-kqueue-4.1.96.Final-osx-aarch_64.jar;C:\Users\chand\.m2\repository\io\netty\netty-resolver-dns-native-macos\4.1.96.Final\netty-resolver-dns-native-macos-4.1.96.Final-osx-aarch_64.jar;C:\Users\chand\.m2\repository\io\netty\netty-tcnative-boringssl-static\2.0.61.Final\netty-tcnative-boringssl-static-2.0.61.Final-linux-x86_64.jar;C:\Users\chand\.m2\repository\io\netty\netty-tcnative-classes\2.0.61.Final\netty-tcnative-classes-2.0.61.Final.jar;C:\Users\chand\.m2\repository\io\netty\netty-tcnative-boringssl-static\2.0.61.Final\netty-tcnative-boringssl-static-2.0.61.Final-linux-aarch_64.jar;C:\Users\chand\.m2\repository\io\netty\netty-tcnative-boringssl-static\2.0.61.Final\netty-tcnative-boringssl-static-2.0.61.Final-osx-x86_64.jar;C:\Users\chand\.m2\repository\io\netty\netty-tcnative-boringssl-static\2.0.61.Final\netty-tcnative-boringssl-static-2.0.61.Final-osx-aarch_64.jar;C:\Users\chand\.m2\repository\io\netty\netty-tcnative-boringssl-static\2.0.61.Final\netty-tcnative-boringssl-static-2.0.61.Final-windows-x86_64.jar;C:\Users\chand\.m2\repository\com\aayushatharva\brotli4j\brotli4j\1.12.0\brotli4j-1.12.0.jar;C:\Users\chand\.m2\repository\com\aayushatharva\brotli4j\service\1.12.0\service-1.12.0.jar;C:\Users\chand\.m2\repository\com\aayushatharva\brotli4j\native-windows-x86_64\1.12.0\native-windows-x86_64-1.12.0.jar;C:\Users\chand\.m2\repository\org\apache\httpcomponents\httpclient\4.5.14\httpclient-4.5.14.jar;C:\Users\chand\.m2\repository\org\apache\httpcomponents\httpcore\4.4.16\httpcore-4.4.16.jar;C:\Users\chand\.m2\repository\commons-codec\commons-codec\1.16.0\commons-codec-1.16.0.jar;C:\Users\chand\.m2\repository\ch\qos\logback\logback-classic\1.4.11\logback-classic-1.4.11.jar;C:\Users\chand\.m2\repository\ch\qos\logback\logback-core\1.4.11\logback-core-1.4.11.jar;C:\Users\chand\.m2\repository\org\slf4j\jcl-over-slf4j\2.0.9\jcl-over-slf4j-2.0.9.jar;C:\Users\chand\.m2\repository\org\antlr\antlr4-runtime\4.11.1\antlr4-runtime-4.11.1.jar;C:\Users\chand\.m2\repository\com\jayway\jsonpath\json-path\2.8.0\json-path-2.8.0.jar;C:\Users\chand\.m2\repository\net\minidev\json-smart\2.4.10\json-smart-2.4.10.jar;C:\Users\chand\.m2\repository\net\minidev\accessors-smart\2.4.9\accessors-smart-2.4.9.jar;C:\Users\chand\.m2\repository\org\ow2\asm\asm\9.3\asm-9.3.jar;C:\Users\chand\.m2\repository\org\yaml\snakeyaml\2.0\snakeyaml-2.0.jar;C:\Users\chand\.m2\repository\de\siegmar\fastcsv\2.2.1\fastcsv-2.2.1.jar;C:\Users\chand\.m2\repository\info\picocli\picocli\4.7.1\picocli-4.7.1.jar;C:\Users\chand\.m2\repository\io\github\classgraph\classgraph\4.8.160\classgraph-4.8.160.jar;C:\Users\chand\.m2\repository\io\github\t12y\resemble\1.0.2\resemble-1.0.2.jar;C:\Users\chand\.m2\repository\io\github\t12y\ssim\1.0.0\ssim-1.0.0.jar;C:\Users\chand\.m2\repository\com\intuit\karate\karate-apache\0.9.6\karate-apache-0.9.6.jar;C:\Users\chand\.m2\repository\org\apache\httpcomponents\httpmime\4.5.12\httpmime-4.5.12.jar;C:\Users\chand\.m2\repository\com\intuit\karate\karate-junit5\1.4.1\karate-junit5-1.4.1.jar;C:\Users\chand\.m2\repository\org\junit\jupiter\junit-jupiter-api\5.9.3\junit-jupiter-api-5.9.3.jar;C:\Users\chand\.m2\repository\org\opentest4j\opentest4j\1.2.0\opentest4j-1.2.0.jar;C:\Users\chand\.m2\repository\org\junit\platform\junit-platform-commons\1.9.3\junit-platform-commons-1.9.3.jar;C:\Users\chand\.m2\repository\org\apiguardian\apiguardian-api\1.1.2\apiguardian-api-1.1.2.jar;C:\Users\chand\.m2\repository\org\junit\jupiter\junit-jupiter-engine\5.9.3\junit-jupiter-engine-5.9.3.jar;C:\Users\chand\.m2\repository\org\junit\platform\junit-platform-engine\1.9.3\junit-platform-engine-1.9.3.jar;C:\Users\chand\.m2\repository\org\junit\jupiter\junit-jupiter\5.9.3\junit-jupiter-5.9.3.jar;C:\Users\chand\.m2\repository\org\junit\jupiter\junit-jupiter-params\5.9.3\junit-jupiter-params-5.9.3.jar;"/>
    <property name="java.vm.vendor" value="Oracle Corporation"/>
    <property name="sun.arch.data.model" value="64"/>
    <property name="user.variant" value=""/>
    <property name="java.vendor.url" value="https://java.oracle.com/"/>
    <property name="user.timezone" value="Asia/Calcutta"/>
    <property name="java.vm.specification.version" value="11"/>
    <property name="os.name" value="Windows 11"/>
    <property name="sun.java.launcher" value="SUN_STANDARD"/>
    <property name="user.country" value="IN"/>
    <property name="sun.boot.library.path" value="C:\Program Files\Java\jdk-11\bin"/>
    <property name="sun.java.command" value="C:\Users\chand\AppData\Local\Temp\surefire5258416783107818111\surefirebooter-20251005003134729_3.jar C:\Users\chand\AppData\Local\Temp\surefire5258416783107818111 2025-10-05T00-31-34_543-jvmRun1 surefire-20251005003134729_1tmp surefire_0-20251005003134729_2tmp"/>
    <property name="jdk.debug" value="release"/>
    <property name="surefire.test.class.path" value="C:\Users\chand\SDET\Scorecraze(Karate)\target\test-classes;C:\Users\chand\SDET\Scorecraze(Karate)\target\classes;C:\Users\chand\.m2\repository\com\intuit\karate\karate-core\1.4.1\karate-core-1.4.1.jar;C:\Users\chand\.m2\repository\org\graalvm\js\js-scriptengine\22.3.3\js-scriptengine-22.3.3.jar;C:\Users\chand\.m2\repository\org\graalvm\sdk\graal-sdk\22.3.3\graal-sdk-22.3.3.jar;C:\Users\chand\.m2\repository\org\graalvm\js\js\22.3.3\js-22.3.3.jar;C:\Users\chand\.m2\repository\org\graalvm\regex\regex\22.3.3\regex-22.3.3.jar;C:\Users\chand\.m2\repository\org\graalvm\truffle\truffle-api\22.3.3\truffle-api-22.3.3.jar;C:\Users\chand\.m2\repository\com\ibm\icu\icu4j\71.1\icu4j-71.1.jar;C:\Users\chand\.m2\repository\org\thymeleaf\thymeleaf\3.1.2.RELEASE\thymeleaf-3.1.2.RELEASE.jar;C:\Users\chand\.m2\repository\ognl\ognl\3.3.4\ognl-3.3.4.jar;C:\Users\chand\.m2\repository\org\javassist\javassist\3.29.0-GA\javassist-3.29.0-GA.jar;C:\Users\chand\.m2\repository\org\attoparser\attoparser\2.0.7.RELEASE\attoparser-2.0.7.RELEASE.jar;C:\Users\chand\.m2\repository\org\unbescape\unbescape\1.1.6.RELEASE\unbescape-1.1.6.RELEASE.jar;C:\Users\chand\.m2\repository\org\slf4j\slf4j-api\2.0.7\slf4j-api-2.0.7.jar;C:\Users\chand\.m2\repository\com\linecorp\armeria\armeria\1.25.2\armeria-1.25.2.jar;C:\Users\chand\.m2\repository\com\fasterxml\jackson\core\jackson-core\2.15.2\jackson-core-2.15.2.jar;C:\Users\chand\.m2\repository\com\fasterxml\jackson\core\jackson-annotations\2.15.2\jackson-annotations-2.15.2.jar;C:\Users\chand\.m2\repository\com\fasterxml\jackson\core\jackson-databind\2.15.2\jackson-databind-2.15.2.jar;C:\Users\chand\.m2\repository\com\fasterxml\jackson\datatype\jackson-datatype-jdk8\2.15.2\jackson-datatype-jdk8-2.15.2.jar;C:\Users\chand\.m2\repository\com\fasterxml\jackson\datatype\jackson-datatype-jsr310\2.15.2\jackson-datatype-jsr310-2.15.2.jar;C:\Users\chand\.m2\repository\io\micrometer\micrometer-core\1.11.3\micrometer-core-1.11.3.jar;C:\Users\chand\.m2\repository\io\micrometer\micrometer-commons\1.11.3\micrometer-commons-1.11.3.jar;C:\Users\chand\.m2\repository\io\micrometer\micrometer-observation\1.11.3\micrometer-observation-1.11.3.jar;C:\Users\chand\.m2\repository\org\hdrhistogram\HdrHistogram\2.1.12\HdrHistogram-2.1.12.jar;C:\Users\chand\.m2\repository\org\latencyutils\LatencyUtils\2.0.3\LatencyUtils-2.0.3.jar;C:\Users\chand\.m2\repository\io\netty\netty-transport\4.1.96.Final\netty-transport-4.1.96.Final.jar;C:\Users\chand\.m2\repository\io\netty\netty-common\4.1.96.Final\netty-common-4.1.96.Final.jar;C:\Users\chand\.m2\repository\io\netty\netty-buffer\4.1.96.Final\netty-buffer-4.1.96.Final.jar;C:\Users\chand\.m2\repository\io\netty\netty-resolver\4.1.96.Final\netty-resolver-4.1.96.Final.jar;C:\Users\chand\.m2\repository\io\netty\netty-codec-haproxy\4.1.96.Final\netty-codec-haproxy-4.1.96.Final.jar;C:\Users\chand\.m2\repository\io\netty\netty-codec\4.1.96.Final\netty-codec-4.1.96.Final.jar;C:\Users\chand\.m2\repository\io\netty\netty-codec-http2\4.1.96.Final\netty-codec-http2-4.1.96.Final.jar;C:\Users\chand\.m2\repository\io\netty\netty-handler\4.1.96.Final\netty-handler-4.1.96.Final.jar;C:\Users\chand\.m2\repository\io\netty\netty-codec-http\4.1.96.Final\netty-codec-http-4.1.96.Final.jar;C:\Users\chand\.m2\repository\io\netty\netty-resolver-dns\4.1.96.Final\netty-resolver-dns-4.1.96.Final.jar;C:\Users\chand\.m2\repository\io\netty\netty-codec-dns\4.1.96.Final\netty-codec-dns-4.1.96.Final.jar;C:\Users\chand\.m2\repository\org\reactivestreams\reactive-streams\1.0.4\reactive-streams-1.0.4.jar;C:\Users\chand\.m2\repository\com\google\code\findbugs\jsr305\3.0.2\jsr305-3.0.2.jar;C:\Users\chand\.m2\repository\io\netty\netty-handler-proxy\4.1.96.Final\netty-handler-proxy-4.1.96.Final.jar;C:\Users\chand\.m2\repository\io\netty\netty-codec-socks\4.1.96.Final\netty-codec-socks-4.1.96.Final.jar;C:\Users\chand\.m2\repository\io\netty\netty-transport-native-unix-common\4.1.96.Final\netty-transport-native-unix-common-4.1.96.Final-linux-x86_64.jar;C:\Users\chand\.m2\repository\io\netty\netty-transport-native-epoll\4.1.96.Final\netty-transport-native-epoll-4.1.96.Final-linux-x86_64.jar;C:\Users\chand\.m2\repository\io\netty\netty-transport-native-unix-common\4.1.96.Final\netty-transport-native-unix-common-4.1.96.Final.jar;C:\Users\chand\.m2\repository\io\netty\netty-transport-classes-epoll\4.1.96.Final\netty-transport-classes-epoll-4.1.96.Final.jar;C:\Users\chand\.m2\repository\io\netty\netty-transport-native-unix-common\4.1.96.Final\netty-transport-native-unix-common-4.1.96.Final-linux-aarch_64.jar;C:\Users\chand\.m2\repository\io\netty\netty-transport-native-epoll\4.1.96.Final\netty-transport-native-epoll-4.1.96.Final-linux-aarch_64.jar;C:\Users\chand\.m2\repository\io\netty\netty-transport-native-unix-common\4.1.96.Final\netty-transport-native-unix-common-4.1.96.Final-osx-x86_64.jar;C:\Users\chand\.m2\repository\io\netty\netty-transport-native-kqueue\4.1.96.Final\netty-transport-native-kqueue-4.1.96.Final-osx-x86_64.jar;C:\Users\chand\.m2\repository\io\netty\netty-transport-classes-kqueue\4.1.96.Final\netty-transport-classes-kqueue-4.1.96.Final.jar;C:\Users\chand\.m2\repository\io\netty\netty-resolver-dns-native-macos\4.1.96.Final\netty-resolver-dns-native-macos-4.1.96.Final-osx-x86_64.jar;C:\Users\chand\.m2\repository\io\netty\netty-resolver-dns-classes-macos\4.1.96.Final\netty-resolver-dns-classes-macos-4.1.96.Final.jar;C:\Users\chand\.m2\repository\io\netty\netty-transport-native-unix-common\4.1.96.Final\netty-transport-native-unix-common-4.1.96.Final-osx-aarch_64.jar;C:\Users\chand\.m2\repository\io\netty\netty-transport-native-kqueue\4.1.96.Final\netty-transport-native-kqueue-4.1.96.Final-osx-aarch_64.jar;C:\Users\chand\.m2\repository\io\netty\netty-resolver-dns-native-macos\4.1.96.Final\netty-resolver-dns-native-macos-4.1.96.Final-osx-aarch_64.jar;C:\Users\chand\.m2\repository\io\netty\netty-tcnative-boringssl-static\2.0.61.Final\netty-tcnative-boringssl-static-2.0.61.Final-linux-x86_64.jar;C:\Users\chand\.m2\repository\io\netty\netty-tcnative-classes\2.0.61.Final\netty-tcnative-classes-2.0.61.Final.jar;C:\Users\chand\.m2\repository\io\netty\netty-tcnative-boringssl-static\2.0.61.Final\netty-tcnative-boringssl-static-2.0.61.Final-linux-aarch_64.jar;C:\Users\chand\.m2\repository\io\netty\netty-tcnative-boringssl-static\2.0.61.Final\netty-tcnative-boringssl-static-2.0.61.Final-osx-x86_64.jar;C:\Users\chand\.m2\repository\io\netty\netty-tcnative-boringssl-static\2.0.61.Final\netty-tcnative-boringssl-static-2.0.61.Final-osx-aarch_64.jar;C:\Users\chand\.m2\repository\io\netty\netty-tcnative-boringssl-static\2.0.61.Final\netty-tcnative-boringssl-static-2.0.61.Final-windows-x86_64.jar;C:\Users\chand\.m2\repository\com\aayushatharva\brotli4j\brotli4j\1.12.0\brotli4j-1.12.0.jar;C:\Users\chand\.m2\repository\com\aayushatharva\brotli4j\service\1.12.0\service-1.12.0.jar;C:\Users\chand\.m2\repository\com\aayushatharva\brotli4j\native-windows-x86_64\1.12.0\native-windows-x86_64-1.12.0.jar;C:\Users\chand\.m2\repository\org\apache\httpcomponents\httpclient\4.5.14\httpclient-4.5.14.jar;C:\Users\chand\.m2\repository\org\apache\httpcomponents\httpcore\4.4.16\httpcore-4.4.16.jar;C:\Users\chand\.m2\repository\commons-codec\commons-codec\1.16.0\commons-codec-1.16.0.jar;C:\Users\chand\.m2\repository\ch\qos\logback\logback-classic\1.4.11\logback-classic-1.4.11.jar;C:\Users\chand\.m2\repository\ch\qos\logback\logback-core\1.4.11\logback-core-1.4.11.jar;C:\Users\chand\.m2\repository\org\slf4j\jcl-over-slf4j\2.0.9\jcl-over-slf4j-2.0.9.jar;C:\Users\chand\.m2\repository\org\antlr\antlr4-runtime\4.11.1\antlr4-runtime-4.11.1.jar;C:\Users\chand\.m2\repository\com\jayway\jsonpath\json-path\2.8.0\json-path-2.8.0.jar;C:\Users\chand\.m2\repository\net\minidev\json-smart\2.4.10\json-smart-2.4.10.jar;C:\Users\chand\.m2\repository\net\minidev\accessors-smart\2.4.9\accessors-smart-2.4.9.jar;C:\Users\chand\.m2\repository\org\ow2\asm\asm\9.3\asm-9.3.jar;C:\Users\chand\.m2\repository\org\yaml\snakeyaml\2.0\snakeyaml-2.0.jar;C:\Users\chand\.m2\repository\de\siegmar\fastcsv\2.2.1\fastcsv-2.2.1.jar;C:\Users\chand\.m2\repository\info\picocli\picocli\4.7.1\picocli-4.7.1.jar;C:\Users\chand\.m2\repository\io\github\classgraph\classgraph\4.8.160\classgraph-4.8.160.jar;C:\Users\chand\.m2\repository\io\github\t12y\resemble\1.0.2\resemble-1.0.2.jar;C:\Users\chand\.m2\repository\io\github\t12y\ssim\1.0.0\ssim-1.0.0.jar;C:\Users\chand\.m2\repository\com\intuit\karate\karate-apache\0.9.6\karate-apache-0.9.6.jar;C:\Users\chand\.m2\repository\org\apache\httpcomponents\httpmime\4.5.12\httpmime-4.5.12.jar;C:\Users\chand\.m2\repository\com\intuit\karate\karate-junit5\1.4.1\karate-junit5-1.4.1.jar;C:\Users\chand\.m2\repository\org\junit\jupiter\junit-jupiter-api\5.9.3\junit-jupiter-api-5.9.3.jar;C:\Users\chand\.m2\repository\org\opentest4j\opentest4j\1.2.0\opentest4j-1.2.0.jar;C:\Users\chand\.m2\repository\org\junit\platform\junit-platform-commons\1.9.3\junit-platform-commons-1.9.3.jar;C:\Users\chand\.m2\repository\org\apiguardian\apiguardian-api\1.1.2\apiguardian-api-1.1.2.jar;C:\Users\chand\.m2\repository\org\junit\jupiter\junit-jupiter-engine\5.9.3\junit-jupiter-engine-5.9.3.jar;C:\Users\chand\.m2\repository\org\junit\platform\junit-platform-engine\1.9.3\junit-platform-engine-1.9.3.jar;C:\Users\chand\.m2\repository\org\junit\jupiter\junit-jupiter\5.9.3\junit-jupiter-5.9.3.jar;C:\Users\chand\.m2\repository\org\junit\jupiter\junit-jupiter-params\5.9.3\junit-jupiter-params-5.9.3.jar;"/>
    <property name="sun.cpu.endian" value="little"/>
    <property name="user.home" value="C:\Users\chand"/>
    <property name="user.language" value="en"/>
    <property name="java.specification.vendor" value="Oracle Corporation"/>
    <property name="java.version.date" value="2025-04-15"/>
    <property name="java.home" value="C:\Program Files\Java\jdk-11"/>
    <property name="file.separator" value="\"/>
    <property name="basedir" value="C:\Users\chand\SDET\Scorecraze(Karate)"/>
    <property name="java.vm.compressedOopsMode" value="Zero based"/>
    <property name="line.separator" value="&#10;"/>
    <property name="java.specification.name" value="Java Platform API Specification"/>
    <property name="java.vm.specification.vendor" value="Oracle Corporation"/>
    <property name="java.awt.graphicsenv" value="sun.awt.Win32GraphicsEnvironment"/>
    <property name="surefire.real.class.path" value="C:\Users\chand\AppData\Local\Temp\surefire5258416783107818111\surefirebooter-20251005003134729_3.jar"/>
    <property name="user.script" value=""/>
    <property name="sun.management.compiler" value="HotSpot 64-Bit Tiered Compilers"/>
    <property name="java.runtime.version" value="11.0.27+8-LTS-232"/>
    <property name="user.name" value="chand"/>
    <property name="path.separator" value=";"/>
    <property name="os.version" value="10.0"/>
    <property name="java.runtime.name" value="Java(TM) SE Runtime Environment"/>
    <property name="file.encoding" value="Cp1252"/>
    <property name="java.vm.name" value="Java HotSpot(TM) 64-Bit Server VM"/>
    <property name="java.vendor.version" value="18.9"/>
    <property name="localRepository" value="C:\Users\chand\.m2\repository"/>
    <property name="java.vendor.url.bug" value="https://bugreport.java.com/bugreport/"/>
    <property name="java.io.tmpdir" value="C:\Users\chand\AppData\Local\Temp\"/>
    <property name="java.version" value="11.0.27"/>
    <property name="user.dir" value="C:\Users\chand\SDET\Scorecraze(Karate)"/>
    <property name="os.arch" value="amd64"/>
    <property name="java.vm.specification.name" value="Java Virtual Machine Specification"/>
    <property name="java.awt.printerjob" value="sun.awt.windows.WPrinterJob"/>
    <property name="sun.os.patch.level" value=""/>
    <property name="java.library.path" value="C:\Program Files\Java\jdk-11\bin;C:\WINDOWS\Sun\Java\bin;C:\WINDOWS\system32;C:\WINDOWS;C:\Program Files\Java\jdk-11\bin;C:\Program Files\Common Files\Oracle\Java\javapath;C:\Program Files (x86)\Common Files\Oracle\Java\javapath;P:\Oracle21\Product\21c\dbhomeXE\bin;C:\Windows\system32;C:\Windows;C:\Windows\System32\Wbem;C:\Windows\System32\WindowsPowerShell\v1.0\;C:\Windows\System32\OpenSSH\;C:\Program Files\dotnet\;C:\Program Files\NVIDIA Corporation\NVIDIA NvDLISR;C:\Program Files\Java\jdk-11\bin;C:\Program Files\Java\jdk-1.8\bin;C:\Program Files\Java\jdk-17\bin;C:\Users\chand\AppData\Local\Android\Sdk\platform-tools;C:\Users\chand\AppData\Local\Android\Sdk;C:\Users\chand\AppData\Local\Android\Sdk\platforms\android-33;C:\Program Files (x86)\NVIDIA Corporation\PhysX\Common;C:\Users\chand\AppData\Local\Android\Sdk\platforms\android-34;C:\Users\chand\AppData\Local\Android\Sdk\tools;C:\Program Files\nodejs\;C:\Users\chand\AppData\Local\Android\Sdk;C:\Users\chand\AppData\Local\Android\Sdk\tools;C:\Users\chand\AppData\Local\Android\Sdk\platform-tools;C:\Program Files\Java\jdk-21\bin;C:\Program Files\apache-maven-3.9.9-bin\apache-maven-3.9.9\bin;C:\WINDOWS\system32;C:\WINDOWS;C:\WINDOWS\System32\Wbem;C:\WINDOWS\System32\WindowsPowerShell\v1.0\;C:\WINDOWS\System32\OpenSSH\;C:\Program Files\Git\cmd;C:\Program Files\Git\bin;C:\Users\chand\AppData\Local\Microsoft\WindowsApps;C:\Users\chand\AppData\Local\GitHubDesktop\bin;C:\Users\chand\AppData\Local\Programs\Microsoft VS Code\bin;C:\Users\chand\.dotnet\tools;C:\Users\chand\AppData\Roaming\npm;;."/>
    <property name="java.vendor" value="Oracle Corporation"/>
    <property name="java.vm.info" value="mixed mode"/>
    <property name="java.vm.version" value="11.0.27+8-LTS-232"/>
    <property name="java.specification.maintenance.version" value="3"/>
    <property name="sun.io.unicode.encoding" value="UnicodeLittle"/>
    <property name="java.class.version" value="55.0"/>
  </properties>
  <testcase name="runAllRegressionTests" classname="Runners.TestRunner" time="3.839">
    <system-out><![CDATA[Running features in parallel. Reports will be generated in target/karate-reports
00:31:35.657 [main] DEBUG com.intuit.karate.Suite -- waiting for 4 features to complete
00:31:36.458 [pool-2-thread-3] DEBUG com.jayway.jsonpath.internal.path.CompiledPath -- Evaluating path: $
00:31:36.458 [pool-2-thread-5] DEBUG com.jayway.jsonpath.internal.path.CompiledPath -- Evaluating path: $
00:31:36.458 [pool-2-thread-4] DEBUG com.jayway.jsonpath.internal.path.CompiledPath -- Evaluating path: $
00:31:36.501 [pool-2-thread-4] DEBUG com.jayway.jsonpath.internal.path.CompiledPath -- Evaluating path: $['filter']['fixtureStatus']
00:31:36.501 [pool-2-thread-3] DEBUG com.jayway.jsonpath.internal.path.CompiledPath -- Evaluating path: $['filter']['fixtureStatus']
00:31:36.502 [pool-2-thread-4] DEBUG com.jayway.jsonpath.internal.path.CompiledPath -- Evaluating path: $['filter']
00:31:36.502 [pool-2-thread-3] DEBUG com.jayway.jsonpath.internal.path.CompiledPath -- Evaluating path: $['filter']
00:31:36.502 [pool-2-thread-3] DEBUG com.jayway.jsonpath.internal.JsonContext -- Put path $['filter'] key fixtureStatus value Upcoming
00:31:36.502 [pool-2-thread-4] DEBUG com.jayway.jsonpath.internal.JsonContext -- Put path $['filter'] key fixtureStatus value Completed
00:31:36.525 [pool-2-thread-5] DEBUG io.netty.util.internal.logging.InternalLoggerFactory -- Using SLF4J as the default logging framework
00:31:36.527 [pool-2-thread-5] DEBUG io.netty.util.internal.PlatformDependent0 -- -Dio.netty.noUnsafe: false
00:31:36.527 [pool-2-thread-5] DEBUG io.netty.util.internal.PlatformDependent0 -- Java version: 11
00:31:36.528 [pool-2-thread-5] DEBUG io.netty.util.internal.PlatformDependent0 -- sun.misc.Unsafe.theUnsafe: available
00:31:36.528 [pool-2-thread-5] DEBUG io.netty.util.internal.PlatformDependent0 -- sun.misc.Unsafe.copyMemory: available
00:31:36.528 [pool-2-thread-5] DEBUG io.netty.util.internal.PlatformDependent0 -- sun.misc.Unsafe.storeFence: available
00:31:36.529 [pool-2-thread-5] DEBUG io.netty.util.internal.PlatformDependent0 -- java.nio.Buffer.address: available
00:31:36.529 [pool-2-thread-5] DEBUG io.netty.util.internal.PlatformDependent0 -- direct buffer constructor: unavailable: Reflective setAccessible(true) disabled
00:31:36.530 [pool-2-thread-5] DEBUG io.netty.util.internal.PlatformDependent0 -- java.nio.Bits.unaligned: available, true
00:31:36.530 [pool-2-thread-5] DEBUG io.netty.util.internal.PlatformDependent0 -- jdk.internal.misc.Unsafe.allocateUninitializedArray(int): unavailable: class io.netty.util.internal.PlatformDependent0$7 cannot access class jdk.internal.misc.Unsafe (in module java.base) because module java.base does not export jdk.internal.misc to unnamed module @6b53bcc2
00:31:36.531 [pool-2-thread-5] DEBUG io.netty.util.internal.PlatformDependent0 -- java.nio.DirectByteBuffer.<init>(long, {int,long}): unavailable
00:31:36.531 [pool-2-thread-5] DEBUG io.netty.util.internal.PlatformDependent -- sun.misc.Unsafe: available
00:31:36.533 [pool-2-thread-5] DEBUG io.netty.util.internal.PlatformDependent -- maxDirectMemory: 4213178368 bytes (maybe)
00:31:36.533 [pool-2-thread-5] DEBUG io.netty.util.internal.PlatformDependent -- -Dio.netty.tmpdir: C:\Users\chand\AppData\Local\Temp (java.io.tmpdir)
00:31:36.533 [pool-2-thread-5] DEBUG io.netty.util.internal.PlatformDependent -- -Dio.netty.bitMode: 64 (sun.arch.data.model)
00:31:36.533 [pool-2-thread-5] DEBUG io.netty.util.internal.PlatformDependent -- Platform: Windows
00:31:36.534 [pool-2-thread-5] DEBUG io.netty.util.internal.PlatformDependent -- -Dio.netty.maxDirectMemory: -1 bytes
00:31:36.534 [pool-2-thread-5] DEBUG io.netty.util.internal.PlatformDependent -- -Dio.netty.uninitializedArrayAllocationThreshold: -1
00:31:36.535 [pool-2-thread-5] DEBUG io.netty.util.internal.CleanerJava9 -- java.nio.ByteBuffer.cleaner(): available
00:31:36.535 [pool-2-thread-5] DEBUG io.netty.util.internal.PlatformDependent -- -Dio.netty.noPreferDirect: false
00:31:36.724 [pool-2-thread-4] DEBUG org.apache.http.client.protocol.RequestAddCookies -- CookieSpec selected: karate
00:31:36.724 [pool-2-thread-3] DEBUG org.apache.http.client.protocol.RequestAddCookies -- CookieSpec selected: karate
00:31:36.724 [pool-2-thread-5] DEBUG org.apache.http.client.protocol.RequestAddCookies -- CookieSpec selected: karate
00:31:36.724 [pool-2-thread-1] DEBUG org.apache.http.client.protocol.RequestAddCookies -- CookieSpec selected: karate
00:31:36.724 [pool-2-thread-2] DEBUG org.apache.http.client.protocol.RequestAddCookies -- CookieSpec selected: karate
00:31:36.729 [pool-2-thread-4] DEBUG org.apache.http.client.protocol.RequestAuthCache -- Auth cache not set in the context
00:31:36.729 [pool-2-thread-1] DEBUG org.apache.http.client.protocol.RequestAuthCache -- Auth cache not set in the context
00:31:36.729 [pool-2-thread-5] DEBUG org.apache.http.client.protocol.RequestAuthCache -- Auth cache not set in the context
00:31:36.729 [pool-2-thread-3] DEBUG org.apache.http.client.protocol.RequestAuthCache -- Auth cache not set in the context
00:31:36.729 [pool-2-thread-2] DEBUG org.apache.http.client.protocol.RequestAuthCache -- Auth cache not set in the context
00:31:36.731 [pool-2-thread-2] DEBUG com.intuit.karate -- request:
1 > GET https://dev.scorecraze.app/api/team/cricket/players
1 > Authorization: Bearer eyJhbGciOiJIUzI1NiIsInR5cCI6IkpXVCJ9.eyJfaWQiOiI2ODkyZjQ2Y2IyNTBhNGY2YjFiZWRjZTciLCJ1c2VyTmFtZSI6IkNIQU5EUkFTRUtBUiBTQU5LQVIiLCJlbWFpbCI6ImNoYW5kcm9vczMwQGdtYWlsLmNvbSIsInBhc3N3b3JkIjoiJDJiJDEwJEc1VmEvUFRTckQ0dUZaVXMwWjluTS5VMmhERVZvcVFuaTFseU1jb3ZzMzZjWUpCaU1oODEyIiwicGhvbmVOdW1iZXIiOjAsInJvbGUiOiJBZG1pbiIsImF1dGhUb2tlbiI6ImV5SmhiR2NpT2lKSVV6STFOaUlzSW5SNWNDSTZJa3BYVkNKOS5leUpmYVdRaU9pSTJPRGt5WmpRMlkySXlOVEJoTkdZMllqRmlaV1JqWlRjaUxDSjFjMlZ5VG1GdFpTSTZJbU5vWVNJc0ltVnRZV2xzSWpvaVkyaGhibVJ5YjI5ek16QkFaMjFoYVd3dVkyOXRJaXdpY0dodmJtVk9kVzFpWlhJaU9qQXNJbkp2YkdVaU9pSkJaRzFwYmlJc0ltbHpWbVZ5YVdacFpXUWlPblJ5ZFdVc0lsOWZkaUk2TUN3aWRYQmtZWFJsWkVGMElqb2lNakF5TlMwd09TMHlNbFF3T1RvME1qb3lNaTQ0TURoYUlpd2lhWE5CWTNScGRtVWlPblJ5ZFdVc0lteGhjM1JNYjJkcGJrRjBJam9pTWpBeU5TMHdPUzB3TkZReE16b3dNVG94T1M0NE16UmFJaXdpYVdGMElqb3hOelU0TlRVd09UZzJMQ0psZUhBaU9qRTNOakV5TWprek9EWjkubmtWOG5JOGU3YlROZkZSS0ZRYjFrZFJVdmpLLUw1cVFhYkp5UHEwT3JpYyIsImlzVmVyaWZpZWQiOnRydWUsIl9fdiI6MCwidXBkYXRlZEF0IjoiMjAyNS0xMC0wMVQxODozNDozMC45OTRaIiwiaXNBY3RpdmUiOnRydWUsImxhc3RMb2dpbkF0IjoiMjAyNS0xMC0wMVQxODozNDozMC45OTRaIiwiaXNTb2NpYWxMb2dpbiI6dHJ1ZSwiaWF0IjoxNzU5NjAwNTU2LCJleHAiOjE3NjIyNzg5NTZ9.pGybB6efZuTFj_jWDfEhnRu_Sd7CB2-qD5-kys-J1u8
1 > Content-Type: application/json
1 > Host: dev.scorecraze.app
1 > Connection: Keep-Alive
1 > User-Agent: Apache-HttpClient/4.5.14 (Java/11.0.27)
1 > Accept-Encoding: gzip,deflate


00:31:36.731 [pool-2-thread-3] DEBUG com.intuit.karate -- request:
1 > POST https://dev.scorecraze.app/api/fixture/cricket
1 > Authorization: Bearer eyJhbGciOiJIUzI1NiIsInR5cCI6IkpXVCJ9.eyJfaWQiOiI2ODkyZjQ2Y2IyNTBhNGY2YjFiZWRjZTciLCJ1c2VyTmFtZSI6IkNIQU5EUkFTRUtBUiBTQU5LQVIiLCJlbWFpbCI6ImNoYW5kcm9vczMwQGdtYWlsLmNvbSIsInBhc3N3b3JkIjoiJDJiJDEwJEc1VmEvUFRTckQ0dUZaVXMwWjluTS5VMmhERVZvcVFuaTFseU1jb3ZzMzZjWUpCaU1oODEyIiwicGhvbmVOdW1iZXIiOjAsInJvbGUiOiJBZG1pbiIsImF1dGhUb2tlbiI6ImV5SmhiR2NpT2lKSVV6STFOaUlzSW5SNWNDSTZJa3BYVkNKOS5leUpmYVdRaU9pSTJPRGt5WmpRMlkySXlOVEJoTkdZMllqRmlaV1JqWlRjaUxDSjFjMlZ5VG1GdFpTSTZJbU5vWVNJc0ltVnRZV2xzSWpvaVkyaGhibVJ5YjI5ek16QkFaMjFoYVd3dVkyOXRJaXdpY0dodmJtVk9kVzFpWlhJaU9qQXNJbkp2YkdVaU9pSkJaRzFwYmlJc0ltbHpWbVZ5YVdacFpXUWlPblJ5ZFdVc0lsOWZkaUk2TUN3aWRYQmtZWFJsWkVGMElqb2lNakF5TlMwd09TMHlNbFF3T1RvME1qb3lNaTQ0TURoYUlpd2lhWE5CWTNScGRtVWlPblJ5ZFdVc0lteGhjM1JNYjJkcGJrRjBJam9pTWpBeU5TMHdPUzB3TkZReE16b3dNVG94T1M0NE16UmFJaXdpYVdGMElqb3hOelU0TlRVd09UZzJMQ0psZUhBaU9qRTNOakV5TWprek9EWjkubmtWOG5JOGU3YlROZkZSS0ZRYjFrZFJVdmpLLUw1cVFhYkp5UHEwT3JpYyIsImlzVmVyaWZpZWQiOnRydWUsIl9fdiI6MCwidXBkYXRlZEF0IjoiMjAyNS0xMC0wMVQxODozNDozMC45OTRaIiwiaXNBY3RpdmUiOnRydWUsImxhc3RMb2dpbkF0IjoiMjAyNS0xMC0wMVQxODozNDozMC45OTRaIiwiaXNTb2NpYWxMb2dpbiI6dHJ1ZSwiaWF0IjoxNzU5NjAwNTU2LCJleHAiOjE3NjIyNzg5NTZ9.pGybB6efZuTFj_jWDfEhnRu_Sd7CB2-qD5-kys-J1u8
1 > Content-Type: application/json; charset=UTF-8
1 > Content-Length: 55
1 > Host: dev.scorecraze.app
1 > Connection: Keep-Alive
1 > User-Agent: Apache-HttpClient/4.5.14 (Java/11.0.27)
1 > Accept-Encoding: gzip,deflate
{"filter":{"seriesAPIId":0,"fixtureStatus":"Upcoming"}}

00:31:36.731 [pool-2-thread-5] DEBUG com.intuit.karate -- request:
1 > POST https://dev.scorecraze.app/api/fixture/cricket
1 > Authorization: Bearer eyJhbGciOiJIUzI1NiIsInR5cCI6IkpXVCJ9.eyJfaWQiOiI2ODkyZjQ2Y2IyNTBhNGY2YjFiZWRjZTciLCJ1c2VyTmFtZSI6IkNIQU5EUkFTRUtBUiBTQU5LQVIiLCJlbWFpbCI6ImNoYW5kcm9vczMwQGdtYWlsLmNvbSIsInBhc3N3b3JkIjoiJDJiJDEwJEc1VmEvUFRTckQ0dUZaVXMwWjluTS5VMmhERVZvcVFuaTFseU1jb3ZzMzZjWUpCaU1oODEyIiwicGhvbmVOdW1iZXIiOjAsInJvbGUiOiJBZG1pbiIsImF1dGhUb2tlbiI6ImV5SmhiR2NpT2lKSVV6STFOaUlzSW5SNWNDSTZJa3BYVkNKOS5leUpmYVdRaU9pSTJPRGt5WmpRMlkySXlOVEJoTkdZMllqRmlaV1JqWlRjaUxDSjFjMlZ5VG1GdFpTSTZJbU5vWVNJc0ltVnRZV2xzSWpvaVkyaGhibVJ5YjI5ek16QkFaMjFoYVd3dVkyOXRJaXdpY0dodmJtVk9kVzFpWlhJaU9qQXNJbkp2YkdVaU9pSkJaRzFwYmlJc0ltbHpWbVZ5YVdacFpXUWlPblJ5ZFdVc0lsOWZkaUk2TUN3aWRYQmtZWFJsWkVGMElqb2lNakF5TlMwd09TMHlNbFF3T1RvME1qb3lNaTQ0TURoYUlpd2lhWE5CWTNScGRtVWlPblJ5ZFdVc0lteGhjM1JNYjJkcGJrRjBJam9pTWpBeU5TMHdPUzB3TkZReE16b3dNVG94T1M0NE16UmFJaXdpYVdGMElqb3hOelU0TlRVd09UZzJMQ0psZUhBaU9qRTNOakV5TWprek9EWjkubmtWOG5JOGU3YlROZkZSS0ZRYjFrZFJVdmpLLUw1cVFhYkp5UHEwT3JpYyIsImlzVmVyaWZpZWQiOnRydWUsIl9fdiI6MCwidXBkYXRlZEF0IjoiMjAyNS0xMC0wMVQxODozNDozMC45OTRaIiwiaXNBY3RpdmUiOnRydWUsImxhc3RMb2dpbkF0IjoiMjAyNS0xMC0wMVQxODozNDozMC45OTRaIiwiaXNTb2NpYWxMb2dpbiI6dHJ1ZSwiaWF0IjoxNzU5NjAwNTU2LCJleHAiOjE3NjIyNzg5NTZ9.pGybB6efZuTFj_jWDfEhnRu_Sd7CB2-qD5-kys-J1u8
1 > Content-Type: application/json; charset=UTF-8
1 > Content-Length: 51
1 > Host: dev.scorecraze.app
1 > Connection: Keep-Alive
1 > User-Agent: Apache-HttpClient/4.5.14 (Java/11.0.27)
1 > Accept-Encoding: gzip,deflate
{"filter":{"seriesAPIId":0,"fixtureStatus":"Live"}}

00:31:36.731 [pool-2-thread-1] DEBUG com.intuit.karate -- request:
1 > GET https://dev.scorecraze.app/api/team/cricket
1 > Authorization: Bearer eyJhbGciOiJIUzI1NiIsInR5cCI6IkpXVCJ9.eyJfaWQiOiI2ODkyZjQ2Y2IyNTBhNGY2YjFiZWRjZTciLCJ1c2VyTmFtZSI6IkNIQU5EUkFTRUtBUiBTQU5LQVIiLCJlbWFpbCI6ImNoYW5kcm9vczMwQGdtYWlsLmNvbSIsInBhc3N3b3JkIjoiJDJiJDEwJEc1VmEvUFRTckQ0dUZaVXMwWjluTS5VMmhERVZvcVFuaTFseU1jb3ZzMzZjWUpCaU1oODEyIiwicGhvbmVOdW1iZXIiOjAsInJvbGUiOiJBZG1pbiIsImF1dGhUb2tlbiI6ImV5SmhiR2NpT2lKSVV6STFOaUlzSW5SNWNDSTZJa3BYVkNKOS5leUpmYVdRaU9pSTJPRGt5WmpRMlkySXlOVEJoTkdZMllqRmlaV1JqWlRjaUxDSjFjMlZ5VG1GdFpTSTZJbU5vWVNJc0ltVnRZV2xzSWpvaVkyaGhibVJ5YjI5ek16QkFaMjFoYVd3dVkyOXRJaXdpY0dodmJtVk9kVzFpWlhJaU9qQXNJbkp2YkdVaU9pSkJaRzFwYmlJc0ltbHpWbVZ5YVdacFpXUWlPblJ5ZFdVc0lsOWZkaUk2TUN3aWRYQmtZWFJsWkVGMElqb2lNakF5TlMwd09TMHlNbFF3T1RvME1qb3lNaTQ0TURoYUlpd2lhWE5CWTNScGRtVWlPblJ5ZFdVc0lteGhjM1JNYjJkcGJrRjBJam9pTWpBeU5TMHdPUzB3TkZReE16b3dNVG94T1M0NE16UmFJaXdpYVdGMElqb3hOelU0TlRVd09UZzJMQ0psZUhBaU9qRTNOakV5TWprek9EWjkubmtWOG5JOGU3YlROZkZSS0ZRYjFrZFJVdmpLLUw1cVFhYkp5UHEwT3JpYyIsImlzVmVyaWZpZWQiOnRydWUsIl9fdiI6MCwidXBkYXRlZEF0IjoiMjAyNS0xMC0wMVQxODozNDozMC45OTRaIiwiaXNBY3RpdmUiOnRydWUsImxhc3RMb2dpbkF0IjoiMjAyNS0xMC0wMVQxODozNDozMC45OTRaIiwiaXNTb2NpYWxMb2dpbiI6dHJ1ZSwiaWF0IjoxNzU5NjAwNTU2LCJleHAiOjE3NjIyNzg5NTZ9.pGybB6efZuTFj_jWDfEhnRu_Sd7CB2-qD5-kys-J1u8
1 > Content-Type: application/json
1 > Host: dev.scorecraze.app
1 > Connection: Keep-Alive
1 > User-Agent: Apache-HttpClient/4.5.14 (Java/11.0.27)
1 > Accept-Encoding: gzip,deflate


00:31:36.731 [pool-2-thread-4] DEBUG com.intuit.karate -- request:
1 > POST https://dev.scorecraze.app/api/fixture/cricket
1 > Authorization: Bearer eyJhbGciOiJIUzI1NiIsInR5cCI6IkpXVCJ9.eyJfaWQiOiI2ODkyZjQ2Y2IyNTBhNGY2YjFiZWRjZTciLCJ1c2VyTmFtZSI6IkNIQU5EUkFTRUtBUiBTQU5LQVIiLCJlbWFpbCI6ImNoYW5kcm9vczMwQGdtYWlsLmNvbSIsInBhc3N3b3JkIjoiJDJiJDEwJEc1VmEvUFRTckQ0dUZaVXMwWjluTS5VMmhERVZvcVFuaTFseU1jb3ZzMzZjWUpCaU1oODEyIiwicGhvbmVOdW1iZXIiOjAsInJvbGUiOiJBZG1pbiIsImF1dGhUb2tlbiI6ImV5SmhiR2NpT2lKSVV6STFOaUlzSW5SNWNDSTZJa3BYVkNKOS5leUpmYVdRaU9pSTJPRGt5WmpRMlkySXlOVEJoTkdZMllqRmlaV1JqWlRjaUxDSjFjMlZ5VG1GdFpTSTZJbU5vWVNJc0ltVnRZV2xzSWpvaVkyaGhibVJ5YjI5ek16QkFaMjFoYVd3dVkyOXRJaXdpY0dodmJtVk9kVzFpWlhJaU9qQXNJbkp2YkdVaU9pSkJaRzFwYmlJc0ltbHpWbVZ5YVdacFpXUWlPblJ5ZFdVc0lsOWZkaUk2TUN3aWRYQmtZWFJsWkVGMElqb2lNakF5TlMwd09TMHlNbFF3T1RvME1qb3lNaTQ0TURoYUlpd2lhWE5CWTNScGRtVWlPblJ5ZFdVc0lteGhjM1JNYjJkcGJrRjBJam9pTWpBeU5TMHdPUzB3TkZReE16b3dNVG94T1M0NE16UmFJaXdpYVdGMElqb3hOelU0TlRVd09UZzJMQ0psZUhBaU9qRTNOakV5TWprek9EWjkubmtWOG5JOGU3YlROZkZSS0ZRYjFrZFJVdmpLLUw1cVFhYkp5UHEwT3JpYyIsImlzVmVyaWZpZWQiOnRydWUsIl9fdiI6MCwidXBkYXRlZEF0IjoiMjAyNS0xMC0wMVQxODozNDozMC45OTRaIiwiaXNBY3RpdmUiOnRydWUsImxhc3RMb2dpbkF0IjoiMjAyNS0xMC0wMVQxODozNDozMC45OTRaIiwiaXNTb2NpYWxMb2dpbiI6dHJ1ZSwiaWF0IjoxNzU5NjAwNTU2LCJleHAiOjE3NjIyNzg5NTZ9.pGybB6efZuTFj_jWDfEhnRu_Sd7CB2-qD5-kys-J1u8
1 > Content-Type: application/json; charset=UTF-8
1 > Content-Length: 56
1 > Host: dev.scorecraze.app
1 > Connection: Keep-Alive
1 > User-Agent: Apache-HttpClient/4.5.14 (Java/11.0.27)
1 > Accept-Encoding: gzip,deflate
{"filter":{"seriesAPIId":0,"fixtureStatus":"Completed"}}

00:31:36.732 [pool-2-thread-2] DEBUG org.apache.http.impl.conn.PoolingHttpClientConnectionManager -- Connection request: [route: {s}->https://dev.scorecraze.app:443][total available: 0; route allocated: 0 of 5; total allocated: 0 of 10]
00:31:36.732 [pool-2-thread-5] DEBUG org.apache.http.impl.conn.PoolingHttpClientConnectionManager -- Connection request: [route: {s}->https://dev.scorecraze.app:443][total available: 0; route allocated: 0 of 5; total allocated: 0 of 10]
00:31:36.732 [pool-2-thread-3] DEBUG org.apache.http.impl.conn.PoolingHttpClientConnectionManager -- Connection request: [route: {s}->https://dev.scorecraze.app:443][total available: 0; route allocated: 0 of 5; total allocated: 0 of 10]
00:31:36.732 [pool-2-thread-1] DEBUG org.apache.http.impl.conn.PoolingHttpClientConnectionManager -- Connection request: [route: {s}->https://dev.scorecraze.app:443][total available: 0; route allocated: 0 of 5; total allocated: 0 of 10]
00:31:36.733 [pool-2-thread-4] DEBUG org.apache.http.impl.conn.PoolingHttpClientConnectionManager -- Connection request: [route: {s}->https://dev.scorecraze.app:443][total available: 0; route allocated: 0 of 5; total allocated: 0 of 10]
00:31:36.740 [pool-2-thread-4] DEBUG org.apache.http.impl.conn.PoolingHttpClientConnectionManager -- Connection leased: [id: 0][route: {s}->https://dev.scorecraze.app:443][total available: 0; route allocated: 1 of 5; total allocated: 1 of 10]
00:31:36.740 [pool-2-thread-2] DEBUG org.apache.http.impl.conn.PoolingHttpClientConnectionManager -- Connection leased: [id: 3][route: {s}->https://dev.scorecraze.app:443][total available: 0; route allocated: 1 of 5; total allocated: 1 of 10]
00:31:36.740 [pool-2-thread-3] DEBUG org.apache.http.impl.conn.PoolingHttpClientConnectionManager -- Connection leased: [id: 1][route: {s}->https://dev.scorecraze.app:443][total available: 0; route allocated: 1 of 5; total allocated: 1 of 10]
00:31:36.740 [pool-2-thread-5] DEBUG org.apache.http.impl.conn.PoolingHttpClientConnectionManager -- Connection leased: [id: 4][route: {s}->https://dev.scorecraze.app:443][total available: 0; route allocated: 1 of 5; total allocated: 1 of 10]
00:31:36.740 [pool-2-thread-1] DEBUG org.apache.http.impl.conn.PoolingHttpClientConnectionManager -- Connection leased: [id: 2][route: {s}->https://dev.scorecraze.app:443][total available: 0; route allocated: 1 of 5; total allocated: 1 of 10]
00:31:36.741 [pool-2-thread-5] DEBUG org.apache.http.impl.execchain.MainClientExec -- Opening connection {s}->https://dev.scorecraze.app:443
00:31:36.741 [pool-2-thread-1] DEBUG org.apache.http.impl.execchain.MainClientExec -- Opening connection {s}->https://dev.scorecraze.app:443
00:31:36.741 [pool-2-thread-3] DEBUG org.apache.http.impl.execchain.MainClientExec -- Opening connection {s}->https://dev.scorecraze.app:443
00:31:36.741 [pool-2-thread-2] DEBUG org.apache.http.impl.execchain.MainClientExec -- Opening connection {s}->https://dev.scorecraze.app:443
00:31:36.741 [pool-2-thread-4] DEBUG org.apache.http.impl.execchain.MainClientExec -- Opening connection {s}->https://dev.scorecraze.app:443
00:31:36.747 [pool-2-thread-4] DEBUG org.apache.http.impl.conn.DefaultHttpClientConnectionOperator -- Connecting to dev.scorecraze.app/13.233.24.118:443
00:31:36.747 [pool-2-thread-1] DEBUG org.apache.http.impl.conn.DefaultHttpClientConnectionOperator -- Connecting to dev.scorecraze.app/13.233.24.118:443
00:31:36.747 [pool-2-thread-5] DEBUG org.apache.http.impl.conn.DefaultHttpClientConnectionOperator -- Connecting to dev.scorecraze.app/13.233.24.118:443
00:31:36.747 [pool-2-thread-2] DEBUG org.apache.http.impl.conn.DefaultHttpClientConnectionOperator -- Connecting to dev.scorecraze.app/13.233.24.118:443
00:31:36.747 [pool-2-thread-3] DEBUG org.apache.http.impl.conn.DefaultHttpClientConnectionOperator -- Connecting to dev.scorecraze.app/13.233.24.118:443
00:31:36.747 [pool-2-thread-4] DEBUG org.apache.http.conn.ssl.SSLConnectionSocketFactory -- Connecting socket to dev.scorecraze.app/13.233.24.118:443 with timeout 30000
00:31:36.747 [pool-2-thread-1] DEBUG org.apache.http.conn.ssl.SSLConnectionSocketFactory -- Connecting socket to dev.scorecraze.app/13.233.24.118:443 with timeout 30000
00:31:36.747 [pool-2-thread-5] DEBUG org.apache.http.conn.ssl.SSLConnectionSocketFactory -- Connecting socket to dev.scorecraze.app/13.233.24.118:443 with timeout 30000
00:31:36.747 [pool-2-thread-2] DEBUG org.apache.http.conn.ssl.SSLConnectionSocketFactory -- Connecting socket to dev.scorecraze.app/13.233.24.118:443 with timeout 30000
00:31:36.747 [pool-2-thread-3] DEBUG org.apache.http.conn.ssl.SSLConnectionSocketFactory -- Connecting socket to dev.scorecraze.app/13.233.24.118:443 with timeout 30000
00:31:36.862 [pool-2-thread-4] DEBUG org.apache.http.conn.ssl.SSLConnectionSocketFactory -- Enabled protocols: [TLSv1.3, TLSv1.2]
00:31:36.863 [pool-2-thread-4] DEBUG org.apache.http.conn.ssl.SSLConnectionSocketFactory -- Enabled cipher suites:[TLS_AES_256_GCM_SHA384, TLS_AES_128_GCM_SHA256, TLS_CHACHA20_POLY1305_SHA256, TLS_ECDHE_ECDSA_WITH_AES_256_GCM_SHA384, TLS_ECDHE_ECDSA_WITH_AES_128_GCM_SHA256, TLS_ECDHE_ECDSA_WITH_CHACHA20_POLY1305_SHA256, TLS_ECDHE_RSA_WITH_AES_256_GCM_SHA384, TLS_ECDHE_RSA_WITH_CHACHA20_POLY1305_SHA256, TLS_ECDHE_RSA_WITH_AES_128_GCM_SHA256, TLS_DHE_RSA_WITH_AES_256_GCM_SHA384, TLS_DHE_RSA_WITH_CHACHA20_POLY1305_SHA256, TLS_DHE_DSS_WITH_AES_256_GCM_SHA384, TLS_DHE_RSA_WITH_AES_128_GCM_SHA256, TLS_DHE_DSS_WITH_AES_128_GCM_SHA256, TLS_ECDHE_ECDSA_WITH_AES_256_CBC_SHA384, TLS_ECDHE_RSA_WITH_AES_256_CBC_SHA384, TLS_ECDHE_ECDSA_WITH_AES_128_CBC_SHA256, TLS_ECDHE_RSA_WITH_AES_128_CBC_SHA256, TLS_DHE_RSA_WITH_AES_256_CBC_SHA256, TLS_DHE_DSS_WITH_AES_256_CBC_SHA256, TLS_DHE_RSA_WITH_AES_128_CBC_SHA256, TLS_DHE_DSS_WITH_AES_128_CBC_SHA256, TLS_ECDHE_ECDSA_WITH_AES_256_CBC_SHA, TLS_ECDHE_RSA_WITH_AES_256_CBC_SHA, TLS_ECDHE_ECDSA_WITH_AES_128_CBC_SHA, TLS_ECDHE_RSA_WITH_AES_128_CBC_SHA, TLS_DHE_RSA_WITH_AES_256_CBC_SHA, TLS_DHE_DSS_WITH_AES_256_CBC_SHA, TLS_DHE_RSA_WITH_AES_128_CBC_SHA, TLS_DHE_DSS_WITH_AES_128_CBC_SHA, TLS_RSA_WITH_AES_256_GCM_SHA384, TLS_RSA_WITH_AES_128_GCM_SHA256, TLS_RSA_WITH_AES_256_CBC_SHA256, TLS_RSA_WITH_AES_128_CBC_SHA256, TLS_RSA_WITH_AES_256_CBC_SHA, TLS_RSA_WITH_AES_128_CBC_SHA, TLS_EMPTY_RENEGOTIATION_INFO_SCSV]
00:31:36.863 [pool-2-thread-3] DEBUG org.apache.http.conn.ssl.SSLConnectionSocketFactory -- Enabled protocols: [TLSv1.3, TLSv1.2]
00:31:36.863 [pool-2-thread-5] DEBUG org.apache.http.conn.ssl.SSLConnectionSocketFactory -- Enabled protocols: [TLSv1.3, TLSv1.2]
00:31:36.863 [pool-2-thread-1] DEBUG org.apache.http.conn.ssl.SSLConnectionSocketFactory -- Enabled protocols: [TLSv1.3, TLSv1.2]
00:31:36.863 [pool-2-thread-4] DEBUG org.apache.http.conn.ssl.SSLConnectionSocketFactory -- Starting handshake
00:31:36.863 [pool-2-thread-2] DEBUG org.apache.http.conn.ssl.SSLConnectionSocketFactory -- Enabled protocols: [TLSv1.3, TLSv1.2]
00:31:36.863 [pool-2-thread-3] DEBUG org.apache.http.conn.ssl.SSLConnectionSocketFactory -- Enabled cipher suites:[TLS_AES_256_GCM_SHA384, TLS_AES_128_GCM_SHA256, TLS_CHACHA20_POLY1305_SHA256, TLS_ECDHE_ECDSA_WITH_AES_256_GCM_SHA384, TLS_ECDHE_ECDSA_WITH_AES_128_GCM_SHA256, TLS_ECDHE_ECDSA_WITH_CHACHA20_POLY1305_SHA256, TLS_ECDHE_RSA_WITH_AES_256_GCM_SHA384, TLS_ECDHE_RSA_WITH_CHACHA20_POLY1305_SHA256, TLS_ECDHE_RSA_WITH_AES_128_GCM_SHA256, TLS_DHE_RSA_WITH_AES_256_GCM_SHA384, TLS_DHE_RSA_WITH_CHACHA20_POLY1305_SHA256, TLS_DHE_DSS_WITH_AES_256_GCM_SHA384, TLS_DHE_RSA_WITH_AES_128_GCM_SHA256, TLS_DHE_DSS_WITH_AES_128_GCM_SHA256, TLS_ECDHE_ECDSA_WITH_AES_256_CBC_SHA384, TLS_ECDHE_RSA_WITH_AES_256_CBC_SHA384, TLS_ECDHE_ECDSA_WITH_AES_128_CBC_SHA256, TLS_ECDHE_RSA_WITH_AES_128_CBC_SHA256, TLS_DHE_RSA_WITH_AES_256_CBC_SHA256, TLS_DHE_DSS_WITH_AES_256_CBC_SHA256, TLS_DHE_RSA_WITH_AES_128_CBC_SHA256, TLS_DHE_DSS_WITH_AES_128_CBC_SHA256, TLS_ECDHE_ECDSA_WITH_AES_256_CBC_SHA, TLS_ECDHE_RSA_WITH_AES_256_CBC_SHA, TLS_ECDHE_ECDSA_WITH_AES_128_CBC_SHA, TLS_ECDHE_RSA_WITH_AES_128_CBC_SHA, TLS_DHE_RSA_WITH_AES_256_CBC_SHA, TLS_DHE_DSS_WITH_AES_256_CBC_SHA, TLS_DHE_RSA_WITH_AES_128_CBC_SHA, TLS_DHE_DSS_WITH_AES_128_CBC_SHA, TLS_RSA_WITH_AES_256_GCM_SHA384, TLS_RSA_WITH_AES_128_GCM_SHA256, TLS_RSA_WITH_AES_256_CBC_SHA256, TLS_RSA_WITH_AES_128_CBC_SHA256, TLS_RSA_WITH_AES_256_CBC_SHA, TLS_RSA_WITH_AES_128_CBC_SHA, TLS_EMPTY_RENEGOTIATION_INFO_SCSV]
00:31:36.863 [pool-2-thread-5] DEBUG org.apache.http.conn.ssl.SSLConnectionSocketFactory -- Enabled cipher suites:[TLS_AES_256_GCM_SHA384, TLS_AES_128_GCM_SHA256, TLS_CHACHA20_POLY1305_SHA256, TLS_ECDHE_ECDSA_WITH_AES_256_GCM_SHA384, TLS_ECDHE_ECDSA_WITH_AES_128_GCM_SHA256, TLS_ECDHE_ECDSA_WITH_CHACHA20_POLY1305_SHA256, TLS_ECDHE_RSA_WITH_AES_256_GCM_SHA384, TLS_ECDHE_RSA_WITH_CHACHA20_POLY1305_SHA256, TLS_ECDHE_RSA_WITH_AES_128_GCM_SHA256, TLS_DHE_RSA_WITH_AES_256_GCM_SHA384, TLS_DHE_RSA_WITH_CHACHA20_POLY1305_SHA256, TLS_DHE_DSS_WITH_AES_256_GCM_SHA384, TLS_DHE_RSA_WITH_AES_128_GCM_SHA256, TLS_DHE_DSS_WITH_AES_128_GCM_SHA256, TLS_ECDHE_ECDSA_WITH_AES_256_CBC_SHA384, TLS_ECDHE_RSA_WITH_AES_256_CBC_SHA384, TLS_ECDHE_ECDSA_WITH_AES_128_CBC_SHA256, TLS_ECDHE_RSA_WITH_AES_128_CBC_SHA256, TLS_DHE_RSA_WITH_AES_256_CBC_SHA256, TLS_DHE_DSS_WITH_AES_256_CBC_SHA256, TLS_DHE_RSA_WITH_AES_128_CBC_SHA256, TLS_DHE_DSS_WITH_AES_128_CBC_SHA256, TLS_ECDHE_ECDSA_WITH_AES_256_CBC_SHA, TLS_ECDHE_RSA_WITH_AES_256_CBC_SHA, TLS_ECDHE_ECDSA_WITH_AES_128_CBC_SHA, TLS_ECDHE_RSA_WITH_AES_128_CBC_SHA, TLS_DHE_RSA_WITH_AES_256_CBC_SHA, TLS_DHE_DSS_WITH_AES_256_CBC_SHA, TLS_DHE_RSA_WITH_AES_128_CBC_SHA, TLS_DHE_DSS_WITH_AES_128_CBC_SHA, TLS_RSA_WITH_AES_256_GCM_SHA384, TLS_RSA_WITH_AES_128_GCM_SHA256, TLS_RSA_WITH_AES_256_CBC_SHA256, TLS_RSA_WITH_AES_128_CBC_SHA256, TLS_RSA_WITH_AES_256_CBC_SHA, TLS_RSA_WITH_AES_128_CBC_SHA, TLS_EMPTY_RENEGOTIATION_INFO_SCSV]
00:31:36.863 [pool-2-thread-5] DEBUG org.apache.http.conn.ssl.SSLConnectionSocketFactory -- Starting handshake
00:31:36.863 [pool-2-thread-1] DEBUG org.apache.http.conn.ssl.SSLConnectionSocketFactory -- Enabled cipher suites:[TLS_AES_256_GCM_SHA384, TLS_AES_128_GCM_SHA256, TLS_CHACHA20_POLY1305_SHA256, TLS_ECDHE_ECDSA_WITH_AES_256_GCM_SHA384, TLS_ECDHE_ECDSA_WITH_AES_128_GCM_SHA256, TLS_ECDHE_ECDSA_WITH_CHACHA20_POLY1305_SHA256, TLS_ECDHE_RSA_WITH_AES_256_GCM_SHA384, TLS_ECDHE_RSA_WITH_CHACHA20_POLY1305_SHA256, TLS_ECDHE_RSA_WITH_AES_128_GCM_SHA256, TLS_DHE_RSA_WITH_AES_256_GCM_SHA384, TLS_DHE_RSA_WITH_CHACHA20_POLY1305_SHA256, TLS_DHE_DSS_WITH_AES_256_GCM_SHA384, TLS_DHE_RSA_WITH_AES_128_GCM_SHA256, TLS_DHE_DSS_WITH_AES_128_GCM_SHA256, TLS_ECDHE_ECDSA_WITH_AES_256_CBC_SHA384, TLS_ECDHE_RSA_WITH_AES_256_CBC_SHA384, TLS_ECDHE_ECDSA_WITH_AES_128_CBC_SHA256, TLS_ECDHE_RSA_WITH_AES_128_CBC_SHA256, TLS_DHE_RSA_WITH_AES_256_CBC_SHA256, TLS_DHE_DSS_WITH_AES_256_CBC_SHA256, TLS_DHE_RSA_WITH_AES_128_CBC_SHA256, TLS_DHE_DSS_WITH_AES_128_CBC_SHA256, TLS_ECDHE_ECDSA_WITH_AES_256_CBC_SHA, TLS_ECDHE_RSA_WITH_AES_256_CBC_SHA, TLS_ECDHE_ECDSA_WITH_AES_128_CBC_SHA, TLS_ECDHE_RSA_WITH_AES_128_CBC_SHA, TLS_DHE_RSA_WITH_AES_256_CBC_SHA, TLS_DHE_DSS_WITH_AES_256_CBC_SHA, TLS_DHE_RSA_WITH_AES_128_CBC_SHA, TLS_DHE_DSS_WITH_AES_128_CBC_SHA, TLS_RSA_WITH_AES_256_GCM_SHA384, TLS_RSA_WITH_AES_128_GCM_SHA256, TLS_RSA_WITH_AES_256_CBC_SHA256, TLS_RSA_WITH_AES_128_CBC_SHA256, TLS_RSA_WITH_AES_256_CBC_SHA, TLS_RSA_WITH_AES_128_CBC_SHA, TLS_EMPTY_RENEGOTIATION_INFO_SCSV]
00:31:36.863 [pool-2-thread-2] DEBUG org.apache.http.conn.ssl.SSLConnectionSocketFactory -- Enabled cipher suites:[TLS_AES_256_GCM_SHA384, TLS_AES_128_GCM_SHA256, TLS_CHACHA20_POLY1305_SHA256, TLS_ECDHE_ECDSA_WITH_AES_256_GCM_SHA384, TLS_ECDHE_ECDSA_WITH_AES_128_GCM_SHA256, TLS_ECDHE_ECDSA_WITH_CHACHA20_POLY1305_SHA256, TLS_ECDHE_RSA_WITH_AES_256_GCM_SHA384, TLS_ECDHE_RSA_WITH_CHACHA20_POLY1305_SHA256, TLS_ECDHE_RSA_WITH_AES_128_GCM_SHA256, TLS_DHE_RSA_WITH_AES_256_GCM_SHA384, TLS_DHE_RSA_WITH_CHACHA20_POLY1305_SHA256, TLS_DHE_DSS_WITH_AES_256_GCM_SHA384, TLS_DHE_RSA_WITH_AES_128_GCM_SHA256, TLS_DHE_DSS_WITH_AES_128_GCM_SHA256, TLS_ECDHE_ECDSA_WITH_AES_256_CBC_SHA384, TLS_ECDHE_RSA_WITH_AES_256_CBC_SHA384, TLS_ECDHE_ECDSA_WITH_AES_128_CBC_SHA256, TLS_ECDHE_RSA_WITH_AES_128_CBC_SHA256, TLS_DHE_RSA_WITH_AES_256_CBC_SHA256, TLS_DHE_DSS_WITH_AES_256_CBC_SHA256, TLS_DHE_RSA_WITH_AES_128_CBC_SHA256, TLS_DHE_DSS_WITH_AES_128_CBC_SHA256, TLS_ECDHE_ECDSA_WITH_AES_256_CBC_SHA, TLS_ECDHE_RSA_WITH_AES_256_CBC_SHA, TLS_ECDHE_ECDSA_WITH_AES_128_CBC_SHA, TLS_ECDHE_RSA_WITH_AES_128_CBC_SHA, TLS_DHE_RSA_WITH_AES_256_CBC_SHA, TLS_DHE_DSS_WITH_AES_256_CBC_SHA, TLS_DHE_RSA_WITH_AES_128_CBC_SHA, TLS_DHE_DSS_WITH_AES_128_CBC_SHA, TLS_RSA_WITH_AES_256_GCM_SHA384, TLS_RSA_WITH_AES_128_GCM_SHA256, TLS_RSA_WITH_AES_256_CBC_SHA256, TLS_RSA_WITH_AES_128_CBC_SHA256, TLS_RSA_WITH_AES_256_CBC_SHA, TLS_RSA_WITH_AES_128_CBC_SHA, TLS_EMPTY_RENEGOTIATION_INFO_SCSV]
00:31:36.863 [pool-2-thread-3] DEBUG org.apache.http.conn.ssl.SSLConnectionSocketFactory -- Starting handshake
00:31:36.863 [pool-2-thread-1] DEBUG org.apache.http.conn.ssl.SSLConnectionSocketFactory -- Starting handshake
00:31:36.863 [pool-2-thread-2] DEBUG org.apache.http.conn.ssl.SSLConnectionSocketFactory -- Starting handshake
00:31:37.092 [pool-2-thread-1] DEBUG org.apache.http.conn.ssl.SSLConnectionSocketFactory -- Secure session established
00:31:37.092 [pool-2-thread-1] DEBUG org.apache.http.conn.ssl.SSLConnectionSocketFactory --  negotiated protocol: TLSv1.3
00:31:37.093 [pool-2-thread-3] DEBUG org.apache.http.conn.ssl.SSLConnectionSocketFactory -- Secure session established
00:31:37.093 [pool-2-thread-2] DEBUG org.apache.http.conn.ssl.SSLConnectionSocketFactory -- Secure session established
00:31:37.093 [pool-2-thread-3] DEBUG org.apache.http.conn.ssl.SSLConnectionSocketFactory --  negotiated protocol: TLSv1.3
00:31:37.093 [pool-2-thread-1] DEBUG org.apache.http.conn.ssl.SSLConnectionSocketFactory --  negotiated cipher suite: TLS_AES_256_GCM_SHA384
00:31:37.093 [pool-2-thread-2] DEBUG org.apache.http.conn.ssl.SSLConnectionSocketFactory --  negotiated protocol: TLSv1.3
00:31:37.093 [pool-2-thread-4] DEBUG org.apache.http.conn.ssl.SSLConnectionSocketFactory -- Secure session established
00:31:37.093 [pool-2-thread-3] DEBUG org.apache.http.conn.ssl.SSLConnectionSocketFactory --  negotiated cipher suite: TLS_AES_256_GCM_SHA384
00:31:37.093 [pool-2-thread-5] DEBUG org.apache.http.conn.ssl.SSLConnectionSocketFactory -- Secure session established
00:31:37.093 [pool-2-thread-2] DEBUG org.apache.http.conn.ssl.SSLConnectionSocketFactory --  negotiated cipher suite: TLS_AES_256_GCM_SHA384
00:31:37.093 [pool-2-thread-1] DEBUG org.apache.http.conn.ssl.SSLConnectionSocketFactory --  peer principal: CN=dev.scorecraze.app
00:31:37.093 [pool-2-thread-4] DEBUG org.apache.http.conn.ssl.SSLConnectionSocketFactory --  negotiated protocol: TLSv1.3
00:31:37.093 [pool-2-thread-4] DEBUG org.apache.http.conn.ssl.SSLConnectionSocketFactory --  negotiated cipher suite: TLS_AES_256_GCM_SHA384
00:31:37.093 [pool-2-thread-1] DEBUG org.apache.http.conn.ssl.SSLConnectionSocketFactory --  peer alternative names: [dev.scorecraze.app]
00:31:37.093 [pool-2-thread-3] DEBUG org.apache.http.conn.ssl.SSLConnectionSocketFactory --  peer principal: CN=dev.scorecraze.app
00:31:37.093 [pool-2-thread-3] DEBUG org.apache.http.conn.ssl.SSLConnectionSocketFactory --  peer alternative names: [dev.scorecraze.app]
00:31:37.093 [pool-2-thread-2] DEBUG org.apache.http.conn.ssl.SSLConnectionSocketFactory --  peer principal: CN=dev.scorecraze.app
00:31:37.093 [pool-2-thread-3] DEBUG org.apache.http.conn.ssl.SSLConnectionSocketFactory --  issuer principal: CN=E8, O=Let's Encrypt, C=US
00:31:37.093 [pool-2-thread-2] DEBUG org.apache.http.conn.ssl.SSLConnectionSocketFactory --  peer alternative names: [dev.scorecraze.app]
00:31:37.093 [pool-2-thread-5] DEBUG org.apache.http.conn.ssl.SSLConnectionSocketFactory --  negotiated protocol: TLSv1.3
00:31:37.093 [pool-2-thread-2] DEBUG org.apache.http.conn.ssl.SSLConnectionSocketFactory --  issuer principal: CN=E8, O=Let's Encrypt, C=US
00:31:37.093 [pool-2-thread-4] DEBUG org.apache.http.conn.ssl.SSLConnectionSocketFactory --  peer principal: CN=dev.scorecraze.app
00:31:37.094 [pool-2-thread-4] DEBUG org.apache.http.conn.ssl.SSLConnectionSocketFactory --  peer alternative names: [dev.scorecraze.app]
00:31:37.093 [pool-2-thread-1] DEBUG org.apache.http.conn.ssl.SSLConnectionSocketFactory --  issuer principal: CN=E8, O=Let's Encrypt, C=US
00:31:37.094 [pool-2-thread-5] DEBUG org.apache.http.conn.ssl.SSLConnectionSocketFactory --  negotiated cipher suite: TLS_AES_256_GCM_SHA384
00:31:37.094 [pool-2-thread-5] DEBUG org.apache.http.conn.ssl.SSLConnectionSocketFactory --  peer principal: CN=dev.scorecraze.app
00:31:37.094 [pool-2-thread-5] DEBUG org.apache.http.conn.ssl.SSLConnectionSocketFactory --  peer alternative names: [dev.scorecraze.app]
00:31:37.094 [pool-2-thread-5] DEBUG org.apache.http.conn.ssl.SSLConnectionSocketFactory --  issuer principal: CN=E8, O=Let's Encrypt, C=US
00:31:37.094 [pool-2-thread-4] DEBUG org.apache.http.conn.ssl.SSLConnectionSocketFactory --  issuer principal: CN=E8, O=Let's Encrypt, C=US
00:31:37.096 [pool-2-thread-4] DEBUG org.apache.http.impl.conn.DefaultHttpClientConnectionOperator -- Connection established 172.20.10.11:51001<->13.233.24.118:443
00:31:37.096 [pool-2-thread-2] DEBUG org.apache.http.impl.conn.DefaultHttpClientConnectionOperator -- Connection established 172.20.10.11:51005<->13.233.24.118:443
00:31:37.096 [pool-2-thread-1] DEBUG org.apache.http.impl.conn.DefaultHttpClientConnectionOperator -- Connection established 172.20.10.11:51004<->13.233.24.118:443
00:31:37.096 [pool-2-thread-4] DEBUG org.apache.http.impl.conn.DefaultManagedHttpClientConnection -- http-outgoing-2: set socket timeout to 30000
00:31:37.096 [pool-2-thread-3] DEBUG org.apache.http.impl.conn.DefaultHttpClientConnectionOperator -- Connection established 172.20.10.11:51002<->13.233.24.118:443
00:31:37.096 [pool-2-thread-3] DEBUG org.apache.http.impl.conn.DefaultManagedHttpClientConnection -- http-outgoing-1: set socket timeout to 30000
00:31:37.096 [pool-2-thread-3] DEBUG org.apache.http.impl.execchain.MainClientExec -- Executing request POST /api/fixture/cricket HTTP/1.1
00:31:37.096 [pool-2-thread-3] DEBUG org.apache.http.impl.execchain.MainClientExec -- Proxy auth state: UNCHALLENGED
00:31:37.096 [pool-2-thread-2] DEBUG org.apache.http.impl.conn.DefaultManagedHttpClientConnection -- http-outgoing-4: set socket timeout to 30000
00:31:37.096 [pool-2-thread-1] DEBUG org.apache.http.impl.conn.DefaultManagedHttpClientConnection -- http-outgoing-0: set socket timeout to 30000
00:31:37.096 [pool-2-thread-5] DEBUG org.apache.http.impl.conn.DefaultHttpClientConnectionOperator -- Connection established 172.20.10.11:51003<->13.233.24.118:443
00:31:37.096 [pool-2-thread-5] DEBUG org.apache.http.impl.conn.DefaultManagedHttpClientConnection -- http-outgoing-3: set socket timeout to 30000
00:31:37.096 [pool-2-thread-4] DEBUG org.apache.http.impl.execchain.MainClientExec -- Executing request POST /api/fixture/cricket HTTP/1.1
00:31:37.096 [pool-2-thread-5] DEBUG org.apache.http.impl.execchain.MainClientExec -- Executing request POST /api/fixture/cricket HTTP/1.1
00:31:37.096 [pool-2-thread-5] DEBUG org.apache.http.impl.execchain.MainClientExec -- Proxy auth state: UNCHALLENGED
00:31:37.096 [pool-2-thread-2] DEBUG org.apache.http.impl.execchain.MainClientExec -- Executing request GET /api/team/cricket/players HTTP/1.1
00:31:37.096 [pool-2-thread-1] DEBUG org.apache.http.impl.execchain.MainClientExec -- Executing request GET /api/team/cricket HTTP/1.1
00:31:37.097 [pool-2-thread-1] DEBUG org.apache.http.impl.execchain.MainClientExec -- Proxy auth state: UNCHALLENGED
00:31:37.096 [pool-2-thread-4] DEBUG org.apache.http.impl.execchain.MainClientExec -- Proxy auth state: UNCHALLENGED
00:31:37.097 [pool-2-thread-2] DEBUG org.apache.http.impl.execchain.MainClientExec -- Proxy auth state: UNCHALLENGED
00:31:37.097 [pool-2-thread-3] DEBUG org.apache.http.headers -- http-outgoing-1 >> POST /api/fixture/cricket HTTP/1.1
00:31:37.097 [pool-2-thread-2] DEBUG org.apache.http.headers -- http-outgoing-4 >> GET /api/team/cricket/players HTTP/1.1
00:31:37.098 [pool-2-thread-5] DEBUG org.apache.http.headers -- http-outgoing-3 >> POST /api/fixture/cricket HTTP/1.1
00:31:37.098 [pool-2-thread-3] DEBUG org.apache.http.headers -- http-outgoing-1 >> Authorization: Bearer eyJhbGciOiJIUzI1NiIsInR5cCI6IkpXVCJ9.eyJfaWQiOiI2ODkyZjQ2Y2IyNTBhNGY2YjFiZWRjZTciLCJ1c2VyTmFtZSI6IkNIQU5EUkFTRUtBUiBTQU5LQVIiLCJlbWFpbCI6ImNoYW5kcm9vczMwQGdtYWlsLmNvbSIsInBhc3N3b3JkIjoiJDJiJDEwJEc1VmEvUFRTckQ0dUZaVXMwWjluTS5VMmhERVZvcVFuaTFseU1jb3ZzMzZjWUpCaU1oODEyIiwicGhvbmVOdW1iZXIiOjAsInJvbGUiOiJBZG1pbiIsImF1dGhUb2tlbiI6ImV5SmhiR2NpT2lKSVV6STFOaUlzSW5SNWNDSTZJa3BYVkNKOS5leUpmYVdRaU9pSTJPRGt5WmpRMlkySXlOVEJoTkdZMllqRmlaV1JqWlRjaUxDSjFjMlZ5VG1GdFpTSTZJbU5vWVNJc0ltVnRZV2xzSWpvaVkyaGhibVJ5YjI5ek16QkFaMjFoYVd3dVkyOXRJaXdpY0dodmJtVk9kVzFpWlhJaU9qQXNJbkp2YkdVaU9pSkJaRzFwYmlJc0ltbHpWbVZ5YVdacFpXUWlPblJ5ZFdVc0lsOWZkaUk2TUN3aWRYQmtZWFJsWkVGMElqb2lNakF5TlMwd09TMHlNbFF3T1RvME1qb3lNaTQ0TURoYUlpd2lhWE5CWTNScGRtVWlPblJ5ZFdVc0lteGhjM1JNYjJkcGJrRjBJam9pTWpBeU5TMHdPUzB3TkZReE16b3dNVG94T1M0NE16UmFJaXdpYVdGMElqb3hOelU0TlRVd09UZzJMQ0psZUhBaU9qRTNOakV5TWprek9EWjkubmtWOG5JOGU3YlROZkZSS0ZRYjFrZFJVdmpLLUw1cVFhYkp5UHEwT3JpYyIsImlzVmVyaWZpZWQiOnRydWUsIl9fdiI6MCwidXBkYXRlZEF0IjoiMjAyNS0xMC0wMVQxODozNDozMC45OTRaIiwiaXNBY3RpdmUiOnRydWUsImxhc3RMb2dpbkF0IjoiMjAyNS0xMC0wMVQxODozNDozMC45OTRaIiwiaXNTb2NpYWxMb2dpbiI6dHJ1ZSwiaWF0IjoxNzU5NjAwNTU2LCJleHAiOjE3NjIyNzg5NTZ9.pGybB6efZuTFj_jWDfEhnRu_Sd7CB2-qD5-kys-J1u8
00:31:37.098 [pool-2-thread-1] DEBUG org.apache.http.headers -- http-outgoing-0 >> GET /api/team/cricket HTTP/1.1
00:31:37.098 [pool-2-thread-4] DEBUG org.apache.http.headers -- http-outgoing-2 >> POST /api/fixture/cricket HTTP/1.1
00:31:37.098 [pool-2-thread-3] DEBUG org.apache.http.headers -- http-outgoing-1 >> Content-Type: application/json; charset=UTF-8
00:31:37.098 [pool-2-thread-2] DEBUG org.apache.http.headers -- http-outgoing-4 >> Authorization: Bearer eyJhbGciOiJIUzI1NiIsInR5cCI6IkpXVCJ9.eyJfaWQiOiI2ODkyZjQ2Y2IyNTBhNGY2YjFiZWRjZTciLCJ1c2VyTmFtZSI6IkNIQU5EUkFTRUtBUiBTQU5LQVIiLCJlbWFpbCI6ImNoYW5kcm9vczMwQGdtYWlsLmNvbSIsInBhc3N3b3JkIjoiJDJiJDEwJEc1VmEvUFRTckQ0dUZaVXMwWjluTS5VMmhERVZvcVFuaTFseU1jb3ZzMzZjWUpCaU1oODEyIiwicGhvbmVOdW1iZXIiOjAsInJvbGUiOiJBZG1pbiIsImF1dGhUb2tlbiI6ImV5SmhiR2NpT2lKSVV6STFOaUlzSW5SNWNDSTZJa3BYVkNKOS5leUpmYVdRaU9pSTJPRGt5WmpRMlkySXlOVEJoTkdZMllqRmlaV1JqWlRjaUxDSjFjMlZ5VG1GdFpTSTZJbU5vWVNJc0ltVnRZV2xzSWpvaVkyaGhibVJ5YjI5ek16QkFaMjFoYVd3dVkyOXRJaXdpY0dodmJtVk9kVzFpWlhJaU9qQXNJbkp2YkdVaU9pSkJaRzFwYmlJc0ltbHpWbVZ5YVdacFpXUWlPblJ5ZFdVc0lsOWZkaUk2TUN3aWRYQmtZWFJsWkVGMElqb2lNakF5TlMwd09TMHlNbFF3T1RvME1qb3lNaTQ0TURoYUlpd2lhWE5CWTNScGRtVWlPblJ5ZFdVc0lteGhjM1JNYjJkcGJrRjBJam9pTWpBeU5TMHdPUzB3TkZReE16b3dNVG94T1M0NE16UmFJaXdpYVdGMElqb3hOelU0TlRVd09UZzJMQ0psZUhBaU9qRTNOakV5TWprek9EWjkubmtWOG5JOGU3YlROZkZSS0ZRYjFrZFJVdmpLLUw1cVFhYkp5UHEwT3JpYyIsImlzVmVyaWZpZWQiOnRydWUsIl9fdiI6MCwidXBkYXRlZEF0IjoiMjAyNS0xMC0wMVQxODozNDozMC45OTRaIiwiaXNBY3RpdmUiOnRydWUsImxhc3RMb2dpbkF0IjoiMjAyNS0xMC0wMVQxODozNDozMC45OTRaIiwiaXNTb2NpYWxMb2dpbiI6dHJ1ZSwiaWF0IjoxNzU5NjAwNTU2LCJleHAiOjE3NjIyNzg5NTZ9.pGybB6efZuTFj_jWDfEhnRu_Sd7CB2-qD5-kys-J1u8
00:31:37.098 [pool-2-thread-3] DEBUG org.apache.http.headers -- http-outgoing-1 >> Content-Length: 55
00:31:37.098 [pool-2-thread-5] DEBUG org.apache.http.headers -- http-outgoing-3 >> Authorization: Bearer eyJhbGciOiJIUzI1NiIsInR5cCI6IkpXVCJ9.eyJfaWQiOiI2ODkyZjQ2Y2IyNTBhNGY2YjFiZWRjZTciLCJ1c2VyTmFtZSI6IkNIQU5EUkFTRUtBUiBTQU5LQVIiLCJlbWFpbCI6ImNoYW5kcm9vczMwQGdtYWlsLmNvbSIsInBhc3N3b3JkIjoiJDJiJDEwJEc1VmEvUFRTckQ0dUZaVXMwWjluTS5VMmhERVZvcVFuaTFseU1jb3ZzMzZjWUpCaU1oODEyIiwicGhvbmVOdW1iZXIiOjAsInJvbGUiOiJBZG1pbiIsImF1dGhUb2tlbiI6ImV5SmhiR2NpT2lKSVV6STFOaUlzSW5SNWNDSTZJa3BYVkNKOS5leUpmYVdRaU9pSTJPRGt5WmpRMlkySXlOVEJoTkdZMllqRmlaV1JqWlRjaUxDSjFjMlZ5VG1GdFpTSTZJbU5vWVNJc0ltVnRZV2xzSWpvaVkyaGhibVJ5YjI5ek16QkFaMjFoYVd3dVkyOXRJaXdpY0dodmJtVk9kVzFpWlhJaU9qQXNJbkp2YkdVaU9pSkJaRzFwYmlJc0ltbHpWbVZ5YVdacFpXUWlPblJ5ZFdVc0lsOWZkaUk2TUN3aWRYQmtZWFJsWkVGMElqb2lNakF5TlMwd09TMHlNbFF3T1RvME1qb3lNaTQ0TURoYUlpd2lhWE5CWTNScGRtVWlPblJ5ZFdVc0lteGhjM1JNYjJkcGJrRjBJam9pTWpBeU5TMHdPUzB3TkZReE16b3dNVG94T1M0NE16UmFJaXdpYVdGMElqb3hOelU0TlRVd09UZzJMQ0psZUhBaU9qRTNOakV5TWprek9EWjkubmtWOG5JOGU3YlROZkZSS0ZRYjFrZFJVdmpLLUw1cVFhYkp5UHEwT3JpYyIsImlzVmVyaWZpZWQiOnRydWUsIl9fdiI6MCwidXBkYXRlZEF0IjoiMjAyNS0xMC0wMVQxODozNDozMC45OTRaIiwiaXNBY3RpdmUiOnRydWUsImxhc3RMb2dpbkF0IjoiMjAyNS0xMC0wMVQxODozNDozMC45OTRaIiwiaXNTb2NpYWxMb2dpbiI6dHJ1ZSwiaWF0IjoxNzU5NjAwNTU2LCJleHAiOjE3NjIyNzg5NTZ9.pGybB6efZuTFj_jWDfEhnRu_Sd7CB2-qD5-kys-J1u8
00:31:37.098 [pool-2-thread-2] DEBUG org.apache.http.headers -- http-outgoing-4 >> Content-Type: application/json
00:31:37.098 [pool-2-thread-1] DEBUG org.apache.http.headers -- http-outgoing-0 >> Authorization: Bearer eyJhbGciOiJIUzI1NiIsInR5cCI6IkpXVCJ9.eyJfaWQiOiI2ODkyZjQ2Y2IyNTBhNGY2YjFiZWRjZTciLCJ1c2VyTmFtZSI6IkNIQU5EUkFTRUtBUiBTQU5LQVIiLCJlbWFpbCI6ImNoYW5kcm9vczMwQGdtYWlsLmNvbSIsInBhc3N3b3JkIjoiJDJiJDEwJEc1VmEvUFRTckQ0dUZaVXMwWjluTS5VMmhERVZvcVFuaTFseU1jb3ZzMzZjWUpCaU1oODEyIiwicGhvbmVOdW1iZXIiOjAsInJvbGUiOiJBZG1pbiIsImF1dGhUb2tlbiI6ImV5SmhiR2NpT2lKSVV6STFOaUlzSW5SNWNDSTZJa3BYVkNKOS5leUpmYVdRaU9pSTJPRGt5WmpRMlkySXlOVEJoTkdZMllqRmlaV1JqWlRjaUxDSjFjMlZ5VG1GdFpTSTZJbU5vWVNJc0ltVnRZV2xzSWpvaVkyaGhibVJ5YjI5ek16QkFaMjFoYVd3dVkyOXRJaXdpY0dodmJtVk9kVzFpWlhJaU9qQXNJbkp2YkdVaU9pSkJaRzFwYmlJc0ltbHpWbVZ5YVdacFpXUWlPblJ5ZFdVc0lsOWZkaUk2TUN3aWRYQmtZWFJsWkVGMElqb2lNakF5TlMwd09TMHlNbFF3T1RvME1qb3lNaTQ0TURoYUlpd2lhWE5CWTNScGRtVWlPblJ5ZFdVc0lteGhjM1JNYjJkcGJrRjBJam9pTWpBeU5TMHdPUzB3TkZReE16b3dNVG94T1M0NE16UmFJaXdpYVdGMElqb3hOelU0TlRVd09UZzJMQ0psZUhBaU9qRTNOakV5TWprek9EWjkubmtWOG5JOGU3YlROZkZSS0ZRYjFrZFJVdmpLLUw1cVFhYkp5UHEwT3JpYyIsImlzVmVyaWZpZWQiOnRydWUsIl9fdiI6MCwidXBkYXRlZEF0IjoiMjAyNS0xMC0wMVQxODozNDozMC45OTRaIiwiaXNBY3RpdmUiOnRydWUsImxhc3RMb2dpbkF0IjoiMjAyNS0xMC0wMVQxODozNDozMC45OTRaIiwiaXNTb2NpYWxMb2dpbiI6dHJ1ZSwiaWF0IjoxNzU5NjAwNTU2LCJleHAiOjE3NjIyNzg5NTZ9.pGybB6efZuTFj_jWDfEhnRu_Sd7CB2-qD5-kys-J1u8
00:31:37.098 [pool-2-thread-3] DEBUG org.apache.http.headers -- http-outgoing-1 >> Host: dev.scorecraze.app
00:31:37.098 [pool-2-thread-5] DEBUG org.apache.http.headers -- http-outgoing-3 >> Content-Type: application/json; charset=UTF-8
00:31:37.098 [pool-2-thread-4] DEBUG org.apache.http.headers -- http-outgoing-2 >> Authorization: Bearer eyJhbGciOiJIUzI1NiIsInR5cCI6IkpXVCJ9.eyJfaWQiOiI2ODkyZjQ2Y2IyNTBhNGY2YjFiZWRjZTciLCJ1c2VyTmFtZSI6IkNIQU5EUkFTRUtBUiBTQU5LQVIiLCJlbWFpbCI6ImNoYW5kcm9vczMwQGdtYWlsLmNvbSIsInBhc3N3b3JkIjoiJDJiJDEwJEc1VmEvUFRTckQ0dUZaVXMwWjluTS5VMmhERVZvcVFuaTFseU1jb3ZzMzZjWUpCaU1oODEyIiwicGhvbmVOdW1iZXIiOjAsInJvbGUiOiJBZG1pbiIsImF1dGhUb2tlbiI6ImV5SmhiR2NpT2lKSVV6STFOaUlzSW5SNWNDSTZJa3BYVkNKOS5leUpmYVdRaU9pSTJPRGt5WmpRMlkySXlOVEJoTkdZMllqRmlaV1JqWlRjaUxDSjFjMlZ5VG1GdFpTSTZJbU5vWVNJc0ltVnRZV2xzSWpvaVkyaGhibVJ5YjI5ek16QkFaMjFoYVd3dVkyOXRJaXdpY0dodmJtVk9kVzFpWlhJaU9qQXNJbkp2YkdVaU9pSkJaRzFwYmlJc0ltbHpWbVZ5YVdacFpXUWlPblJ5ZFdVc0lsOWZkaUk2TUN3aWRYQmtZWFJsWkVGMElqb2lNakF5TlMwd09TMHlNbFF3T1RvME1qb3lNaTQ0TURoYUlpd2lhWE5CWTNScGRtVWlPblJ5ZFdVc0lteGhjM1JNYjJkcGJrRjBJam9pTWpBeU5TMHdPUzB3TkZReE16b3dNVG94T1M0NE16UmFJaXdpYVdGMElqb3hOelU0TlRVd09UZzJMQ0psZUhBaU9qRTNOakV5TWprek9EWjkubmtWOG5JOGU3YlROZkZSS0ZRYjFrZFJVdmpLLUw1cVFhYkp5UHEwT3JpYyIsImlzVmVyaWZpZWQiOnRydWUsIl9fdiI6MCwidXBkYXRlZEF0IjoiMjAyNS0xMC0wMVQxODozNDozMC45OTRaIiwiaXNBY3RpdmUiOnRydWUsImxhc3RMb2dpbkF0IjoiMjAyNS0xMC0wMVQxODozNDozMC45OTRaIiwiaXNTb2NpYWxMb2dpbiI6dHJ1ZSwiaWF0IjoxNzU5NjAwNTU2LCJleHAiOjE3NjIyNzg5NTZ9.pGybB6efZuTFj_jWDfEhnRu_Sd7CB2-qD5-kys-J1u8
00:31:37.098 [pool-2-thread-2] DEBUG org.apache.http.headers -- http-outgoing-4 >> Host: dev.scorecraze.app
00:31:37.098 [pool-2-thread-1] DEBUG org.apache.http.headers -- http-outgoing-0 >> Content-Type: application/json
00:31:37.098 [pool-2-thread-3] DEBUG org.apache.http.headers -- http-outgoing-1 >> Connection: Keep-Alive
00:31:37.098 [pool-2-thread-5] DEBUG org.apache.http.headers -- http-outgoing-3 >> Content-Length: 51
00:31:37.098 [pool-2-thread-4] DEBUG org.apache.http.headers -- http-outgoing-2 >> Content-Type: application/json; charset=UTF-8
00:31:37.098 [pool-2-thread-4] DEBUG org.apache.http.headers -- http-outgoing-2 >> Content-Length: 56
00:31:37.098 [pool-2-thread-2] DEBUG org.apache.http.headers -- http-outgoing-4 >> Connection: Keep-Alive
00:31:37.098 [pool-2-thread-1] DEBUG org.apache.http.headers -- http-outgoing-0 >> Host: dev.scorecraze.app
00:31:37.098 [pool-2-thread-2] DEBUG org.apache.http.headers -- http-outgoing-4 >> User-Agent: Apache-HttpClient/4.5.14 (Java/11.0.27)
00:31:37.098 [pool-2-thread-3] DEBUG org.apache.http.headers -- http-outgoing-1 >> User-Agent: Apache-HttpClient/4.5.14 (Java/11.0.27)
00:31:37.098 [pool-2-thread-5] DEBUG org.apache.http.headers -- http-outgoing-3 >> Host: dev.scorecraze.app
00:31:37.098 [pool-2-thread-4] DEBUG org.apache.http.headers -- http-outgoing-2 >> Host: dev.scorecraze.app
00:31:37.098 [pool-2-thread-1] DEBUG org.apache.http.headers -- http-outgoing-0 >> Connection: Keep-Alive
00:31:37.098 [pool-2-thread-2] DEBUG org.apache.http.headers -- http-outgoing-4 >> Accept-Encoding: gzip,deflate
00:31:37.098 [pool-2-thread-3] DEBUG org.apache.http.headers -- http-outgoing-1 >> Accept-Encoding: gzip,deflate
00:31:37.098 [pool-2-thread-5] DEBUG org.apache.http.headers -- http-outgoing-3 >> Connection: Keep-Alive
00:31:37.098 [pool-2-thread-4] DEBUG org.apache.http.headers -- http-outgoing-2 >> Connection: Keep-Alive
00:31:37.098 [pool-2-thread-1] DEBUG org.apache.http.headers -- http-outgoing-0 >> User-Agent: Apache-HttpClient/4.5.14 (Java/11.0.27)
00:31:37.098 [pool-2-thread-2] DEBUG org.apache.http.wire -- http-outgoing-4 >> "GET /api/team/cricket/players HTTP/1.1[\r][\n]"
00:31:37.098 [pool-2-thread-5] DEBUG org.apache.http.headers -- http-outgoing-3 >> User-Agent: Apache-HttpClient/4.5.14 (Java/11.0.27)
00:31:37.098 [pool-2-thread-4] DEBUG org.apache.http.headers -- http-outgoing-2 >> User-Agent: Apache-HttpClient/4.5.14 (Java/11.0.27)
00:31:37.098 [pool-2-thread-3] DEBUG org.apache.http.wire -- http-outgoing-1 >> "POST /api/fixture/cricket HTTP/1.1[\r][\n]"
00:31:37.099 [pool-2-thread-2] DEBUG org.apache.http.wire -- http-outgoing-4 >> "Authorization: Bearer eyJhbGciOiJIUzI1NiIsInR5cCI6IkpXVCJ9.eyJfaWQiOiI2ODkyZjQ2Y2IyNTBhNGY2YjFiZWRjZTciLCJ1c2VyTmFtZSI6IkNIQU5EUkFTRUtBUiBTQU5LQVIiLCJlbWFpbCI6ImNoYW5kcm9vczMwQGdtYWlsLmNvbSIsInBhc3N3b3JkIjoiJDJiJDEwJEc1VmEvUFRTckQ0dUZaVXMwWjluTS5VMmhERVZvcVFuaTFseU1jb3ZzMzZjWUpCaU1oODEyIiwicGhvbmVOdW1iZXIiOjAsInJvbGUiOiJBZG1pbiIsImF1dGhUb2tlbiI6ImV5SmhiR2NpT2lKSVV6STFOaUlzSW5SNWNDSTZJa3BYVkNKOS5leUpmYVdRaU9pSTJPRGt5WmpRMlkySXlOVEJoTkdZMllqRmlaV1JqWlRjaUxDSjFjMlZ5VG1GdFpTSTZJbU5vWVNJc0ltVnRZV2xzSWpvaVkyaGhibVJ5YjI5ek16QkFaMjFoYVd3dVkyOXRJaXdpY0dodmJtVk9kVzFpWlhJaU9qQXNJbkp2YkdVaU9pSkJaRzFwYmlJc0ltbHpWbVZ5YVdacFpXUWlPblJ5ZFdVc0lsOWZkaUk2TUN3aWRYQmtZWFJsWkVGMElqb2lNakF5TlMwd09TMHlNbFF3T1RvME1qb3lNaTQ0TURoYUlpd2lhWE5CWTNScGRtVWlPblJ5ZFdVc0lteGhjM1JNYjJkcGJrRjBJam9pTWpBeU5TMHdPUzB3TkZReE16b3dNVG94T1M0NE16UmFJaXdpYVdGMElqb3hOelU0TlRVd09UZzJMQ0psZUhBaU9qRTNOakV5TWprek9EWjkubmtWOG5JOGU3YlROZkZSS0ZRYjFrZFJVdmpLLUw1cVFhYkp5UHEwT3JpYyIsImlzVmVyaWZpZWQiOnRydWUsIl9fdiI6MCwidXBkYXRlZEF0IjoiMjAyNS0xMC0wMVQxODozNDozMC45OTRaIiwiaXNBY3RpdmUiOnRydWUsImxhc3RMb2dpbkF0IjoiMjAyNS0xMC0wMVQxODozNDozMC45OTRaIiwiaXNTb2NpYWxMb2dpbiI6dHJ1ZSwiaWF0IjoxNzU5NjAwNTU2LCJleHAiOjE3NjIyNzg5NTZ9.pGybB6efZuTFj_jWDfEhnRu_Sd7CB2-qD5-kys-J1u8[\r][\n]"
00:31:37.098 [pool-2-thread-1] DEBUG org.apache.http.headers -- http-outgoing-0 >> Accept-Encoding: gzip,deflate
00:31:37.099 [pool-2-thread-3] DEBUG org.apache.http.wire -- http-outgoing-1 >> "Authorization: Bearer eyJhbGciOiJIUzI1NiIsInR5cCI6IkpXVCJ9.eyJfaWQiOiI2ODkyZjQ2Y2IyNTBhNGY2YjFiZWRjZTciLCJ1c2VyTmFtZSI6IkNIQU5EUkFTRUtBUiBTQU5LQVIiLCJlbWFpbCI6ImNoYW5kcm9vczMwQGdtYWlsLmNvbSIsInBhc3N3b3JkIjoiJDJiJDEwJEc1VmEvUFRTckQ0dUZaVXMwWjluTS5VMmhERVZvcVFuaTFseU1jb3ZzMzZjWUpCaU1oODEyIiwicGhvbmVOdW1iZXIiOjAsInJvbGUiOiJBZG1pbiIsImF1dGhUb2tlbiI6ImV5SmhiR2NpT2lKSVV6STFOaUlzSW5SNWNDSTZJa3BYVkNKOS5leUpmYVdRaU9pSTJPRGt5WmpRMlkySXlOVEJoTkdZMllqRmlaV1JqWlRjaUxDSjFjMlZ5VG1GdFpTSTZJbU5vWVNJc0ltVnRZV2xzSWpvaVkyaGhibVJ5YjI5ek16QkFaMjFoYVd3dVkyOXRJaXdpY0dodmJtVk9kVzFpWlhJaU9qQXNJbkp2YkdVaU9pSkJaRzFwYmlJc0ltbHpWbVZ5YVdacFpXUWlPblJ5ZFdVc0lsOWZkaUk2TUN3aWRYQmtZWFJsWkVGMElqb2lNakF5TlMwd09TMHlNbFF3T1RvME1qb3lNaTQ0TURoYUlpd2lhWE5CWTNScGRtVWlPblJ5ZFdVc0lteGhjM1JNYjJkcGJrRjBJam9pTWpBeU5TMHdPUzB3TkZReE16b3dNVG94T1M0NE16UmFJaXdpYVdGMElqb3hOelU0TlRVd09UZzJMQ0psZUhBaU9qRTNOakV5TWprek9EWjkubmtWOG5JOGU3YlROZkZSS0ZRYjFrZFJVdmpLLUw1cVFhYkp5UHEwT3JpYyIsImlzVmVyaWZpZWQiOnRydWUsIl9fdiI6MCwidXBkYXRlZEF0IjoiMjAyNS0xMC0wMVQxODozNDozMC45OTRaIiwiaXNBY3RpdmUiOnRydWUsImxhc3RMb2dpbkF0IjoiMjAyNS0xMC0wMVQxODozNDozMC45OTRaIiwiaXNTb2NpYWxMb2dpbiI6dHJ1ZSwiaWF0IjoxNzU5NjAwNTU2LCJleHAiOjE3NjIyNzg5NTZ9.pGybB6efZuTFj_jWDfEhnRu_Sd7CB2-qD5-kys-J1u8[\r][\n]"
00:31:37.099 [pool-2-thread-5] DEBUG org.apache.http.headers -- http-outgoing-3 >> Accept-Encoding: gzip,deflate
00:31:37.099 [pool-2-thread-4] DEBUG org.apache.http.headers -- http-outgoing-2 >> Accept-Encoding: gzip,deflate
00:31:37.099 [pool-2-thread-2] DEBUG org.apache.http.wire -- http-outgoing-4 >> "Content-Type: application/json[\r][\n]"
00:31:37.099 [pool-2-thread-4] DEBUG org.apache.http.wire -- http-outgoing-2 >> "POST /api/fixture/cricket HTTP/1.1[\r][\n]"
00:31:37.099 [pool-2-thread-1] DEBUG org.apache.http.wire -- http-outgoing-0 >> "GET /api/team/cricket HTTP/1.1[\r][\n]"
00:31:37.099 [pool-2-thread-3] DEBUG org.apache.http.wire -- http-outgoing-1 >> "Content-Type: application/json; charset=UTF-8[\r][\n]"
00:31:37.099 [pool-2-thread-5] DEBUG org.apache.http.wire -- http-outgoing-3 >> "POST /api/fixture/cricket HTTP/1.1[\r][\n]"
00:31:37.099 [pool-2-thread-2] DEBUG org.apache.http.wire -- http-outgoing-4 >> "Host: dev.scorecraze.app[\r][\n]"
00:31:37.099 [pool-2-thread-4] DEBUG org.apache.http.wire -- http-outgoing-2 >> "Authorization: Bearer eyJhbGciOiJIUzI1NiIsInR5cCI6IkpXVCJ9.eyJfaWQiOiI2ODkyZjQ2Y2IyNTBhNGY2YjFiZWRjZTciLCJ1c2VyTmFtZSI6IkNIQU5EUkFTRUtBUiBTQU5LQVIiLCJlbWFpbCI6ImNoYW5kcm9vczMwQGdtYWlsLmNvbSIsInBhc3N3b3JkIjoiJDJiJDEwJEc1VmEvUFRTckQ0dUZaVXMwWjluTS5VMmhERVZvcVFuaTFseU1jb3ZzMzZjWUpCaU1oODEyIiwicGhvbmVOdW1iZXIiOjAsInJvbGUiOiJBZG1pbiIsImF1dGhUb2tlbiI6ImV5SmhiR2NpT2lKSVV6STFOaUlzSW5SNWNDSTZJa3BYVkNKOS5leUpmYVdRaU9pSTJPRGt5WmpRMlkySXlOVEJoTkdZMllqRmlaV1JqWlRjaUxDSjFjMlZ5VG1GdFpTSTZJbU5vWVNJc0ltVnRZV2xzSWpvaVkyaGhibVJ5YjI5ek16QkFaMjFoYVd3dVkyOXRJaXdpY0dodmJtVk9kVzFpWlhJaU9qQXNJbkp2YkdVaU9pSkJaRzFwYmlJc0ltbHpWbVZ5YVdacFpXUWlPblJ5ZFdVc0lsOWZkaUk2TUN3aWRYQmtZWFJsWkVGMElqb2lNakF5TlMwd09TMHlNbFF3T1RvME1qb3lNaTQ0TURoYUlpd2lhWE5CWTNScGRtVWlPblJ5ZFdVc0lteGhjM1JNYjJkcGJrRjBJam9pTWpBeU5TMHdPUzB3TkZReE16b3dNVG94T1M0NE16UmFJaXdpYVdGMElqb3hOelU0TlRVd09UZzJMQ0psZUhBaU9qRTNOakV5TWprek9EWjkubmtWOG5JOGU3YlROZkZSS0ZRYjFrZFJVdmpLLUw1cVFhYkp5UHEwT3JpYyIsImlzVmVyaWZpZWQiOnRydWUsIl9fdiI6MCwidXBkYXRlZEF0IjoiMjAyNS0xMC0wMVQxODozNDozMC45OTRaIiwiaXNBY3RpdmUiOnRydWUsImxhc3RMb2dpbkF0IjoiMjAyNS0xMC0wMVQxODozNDozMC45OTRaIiwiaXNTb2NpYWxMb2dpbiI6dHJ1ZSwiaWF0IjoxNzU5NjAwNTU2LCJleHAiOjE3NjIyNzg5NTZ9.pGybB6efZuTFj_jWDfEhnRu_Sd7CB2-qD5-kys-J1u8[\r][\n]"
00:31:37.099 [pool-2-thread-3] DEBUG org.apache.http.wire -- http-outgoing-1 >> "Content-Length: 55[\r][\n]"
00:31:37.099 [pool-2-thread-1] DEBUG org.apache.http.wire -- http-outgoing-0 >> "Authorization: Bearer eyJhbGciOiJIUzI1NiIsInR5cCI6IkpXVCJ9.eyJfaWQiOiI2ODkyZjQ2Y2IyNTBhNGY2YjFiZWRjZTciLCJ1c2VyTmFtZSI6IkNIQU5EUkFTRUtBUiBTQU5LQVIiLCJlbWFpbCI6ImNoYW5kcm9vczMwQGdtYWlsLmNvbSIsInBhc3N3b3JkIjoiJDJiJDEwJEc1VmEvUFRTckQ0dUZaVXMwWjluTS5VMmhERVZvcVFuaTFseU1jb3ZzMzZjWUpCaU1oODEyIiwicGhvbmVOdW1iZXIiOjAsInJvbGUiOiJBZG1pbiIsImF1dGhUb2tlbiI6ImV5SmhiR2NpT2lKSVV6STFOaUlzSW5SNWNDSTZJa3BYVkNKOS5leUpmYVdRaU9pSTJPRGt5WmpRMlkySXlOVEJoTkdZMllqRmlaV1JqWlRjaUxDSjFjMlZ5VG1GdFpTSTZJbU5vWVNJc0ltVnRZV2xzSWpvaVkyaGhibVJ5YjI5ek16QkFaMjFoYVd3dVkyOXRJaXdpY0dodmJtVk9kVzFpWlhJaU9qQXNJbkp2YkdVaU9pSkJaRzFwYmlJc0ltbHpWbVZ5YVdacFpXUWlPblJ5ZFdVc0lsOWZkaUk2TUN3aWRYQmtZWFJsWkVGMElqb2lNakF5TlMwd09TMHlNbFF3T1RvME1qb3lNaTQ0TURoYUlpd2lhWE5CWTNScGRtVWlPblJ5ZFdVc0lteGhjM1JNYjJkcGJrRjBJam9pTWpBeU5TMHdPUzB3TkZReE16b3dNVG94T1M0NE16UmFJaXdpYVdGMElqb3hOelU0TlRVd09UZzJMQ0psZUhBaU9qRTNOakV5TWprek9EWjkubmtWOG5JOGU3YlROZkZSS0ZRYjFrZFJVdmpLLUw1cVFhYkp5UHEwT3JpYyIsImlzVmVyaWZpZWQiOnRydWUsIl9fdiI6MCwidXBkYXRlZEF0IjoiMjAyNS0xMC0wMVQxODozNDozMC45OTRaIiwiaXNBY3RpdmUiOnRydWUsImxhc3RMb2dpbkF0IjoiMjAyNS0xMC0wMVQxODozNDozMC45OTRaIiwiaXNTb2NpYWxMb2dpbiI6dHJ1ZSwiaWF0IjoxNzU5NjAwNTU2LCJleHAiOjE3NjIyNzg5NTZ9.pGybB6efZuTFj_jWDfEhnRu_Sd7CB2-qD5-kys-J1u8[\r][\n]"
00:31:37.099 [pool-2-thread-2] DEBUG org.apache.http.wire -- http-outgoing-4 >> "Connection: Keep-Alive[\r][\n]"
00:31:37.099 [pool-2-thread-5] DEBUG org.apache.http.wire -- http-outgoing-3 >> "Authorization: Bearer eyJhbGciOiJIUzI1NiIsInR5cCI6IkpXVCJ9.eyJfaWQiOiI2ODkyZjQ2Y2IyNTBhNGY2YjFiZWRjZTciLCJ1c2VyTmFtZSI6IkNIQU5EUkFTRUtBUiBTQU5LQVIiLCJlbWFpbCI6ImNoYW5kcm9vczMwQGdtYWlsLmNvbSIsInBhc3N3b3JkIjoiJDJiJDEwJEc1VmEvUFRTckQ0dUZaVXMwWjluTS5VMmhERVZvcVFuaTFseU1jb3ZzMzZjWUpCaU1oODEyIiwicGhvbmVOdW1iZXIiOjAsInJvbGUiOiJBZG1pbiIsImF1dGhUb2tlbiI6ImV5SmhiR2NpT2lKSVV6STFOaUlzSW5SNWNDSTZJa3BYVkNKOS5leUpmYVdRaU9pSTJPRGt5WmpRMlkySXlOVEJoTkdZMllqRmlaV1JqWlRjaUxDSjFjMlZ5VG1GdFpTSTZJbU5vWVNJc0ltVnRZV2xzSWpvaVkyaGhibVJ5YjI5ek16QkFaMjFoYVd3dVkyOXRJaXdpY0dodmJtVk9kVzFpWlhJaU9qQXNJbkp2YkdVaU9pSkJaRzFwYmlJc0ltbHpWbVZ5YVdacFpXUWlPblJ5ZFdVc0lsOWZkaUk2TUN3aWRYQmtZWFJsWkVGMElqb2lNakF5TlMwd09TMHlNbFF3T1RvME1qb3lNaTQ0TURoYUlpd2lhWE5CWTNScGRtVWlPblJ5ZFdVc0lteGhjM1JNYjJkcGJrRjBJam9pTWpBeU5TMHdPUzB3TkZReE16b3dNVG94T1M0NE16UmFJaXdpYVdGMElqb3hOelU0TlRVd09UZzJMQ0psZUhBaU9qRTNOakV5TWprek9EWjkubmtWOG5JOGU3YlROZkZSS0ZRYjFrZFJVdmpLLUw1cVFhYkp5UHEwT3JpYyIsImlzVmVyaWZpZWQiOnRydWUsIl9fdiI6MCwidXBkYXRlZEF0IjoiMjAyNS0xMC0wMVQxODozNDozMC45OTRaIiwiaXNBY3RpdmUiOnRydWUsImxhc3RMb2dpbkF0IjoiMjAyNS0xMC0wMVQxODozNDozMC45OTRaIiwiaXNTb2NpYWxMb2dpbiI6dHJ1ZSwiaWF0IjoxNzU5NjAwNTU2LCJleHAiOjE3NjIyNzg5NTZ9.pGybB6efZuTFj_jWDfEhnRu_Sd7CB2-qD5-kys-J1u8[\r][\n]"
00:31:37.099 [pool-2-thread-2] DEBUG org.apache.http.wire -- http-outgoing-4 >> "User-Agent: Apache-HttpClient/4.5.14 (Java/11.0.27)[\r][\n]"
00:31:37.099 [pool-2-thread-2] DEBUG org.apache.http.wire -- http-outgoing-4 >> "Accept-Encoding: gzip,deflate[\r][\n]"
00:31:37.099 [pool-2-thread-4] DEBUG org.apache.http.wire -- http-outgoing-2 >> "Content-Type: application/json; charset=UTF-8[\r][\n]"
00:31:37.099 [pool-2-thread-3] DEBUG org.apache.http.wire -- http-outgoing-1 >> "Host: dev.scorecraze.app[\r][\n]"
00:31:37.099 [pool-2-thread-1] DEBUG org.apache.http.wire -- http-outgoing-0 >> "Content-Type: application/json[\r][\n]"
00:31:37.099 [pool-2-thread-3] DEBUG org.apache.http.wire -- http-outgoing-1 >> "Connection: Keep-Alive[\r][\n]"
00:31:37.099 [pool-2-thread-5] DEBUG org.apache.http.wire -- http-outgoing-3 >> "Content-Type: application/json; charset=UTF-8[\r][\n]"
00:31:37.099 [pool-2-thread-2] DEBUG org.apache.http.wire -- http-outgoing-4 >> "[\r][\n]"
00:31:37.099 [pool-2-thread-4] DEBUG org.apache.http.wire -- http-outgoing-2 >> "Content-Length: 56[\r][\n]"
00:31:37.099 [pool-2-thread-4] DEBUG org.apache.http.wire -- http-outgoing-2 >> "Host: dev.scorecraze.app[\r][\n]"
00:31:37.099 [pool-2-thread-1] DEBUG org.apache.http.wire -- http-outgoing-0 >> "Host: dev.scorecraze.app[\r][\n]"
00:31:37.099 [pool-2-thread-3] DEBUG org.apache.http.wire -- http-outgoing-1 >> "User-Agent: Apache-HttpClient/4.5.14 (Java/11.0.27)[\r][\n]"
00:31:37.100 [pool-2-thread-1] DEBUG org.apache.http.wire -- http-outgoing-0 >> "Connection: Keep-Alive[\r][\n]"
00:31:37.099 [pool-2-thread-5] DEBUG org.apache.http.wire -- http-outgoing-3 >> "Content-Length: 51[\r][\n]"
00:31:37.099 [pool-2-thread-4] DEBUG org.apache.http.wire -- http-outgoing-2 >> "Connection: Keep-Alive[\r][\n]"
00:31:37.100 [pool-2-thread-3] DEBUG org.apache.http.wire -- http-outgoing-1 >> "Accept-Encoding: gzip,deflate[\r][\n]"
00:31:37.100 [pool-2-thread-3] DEBUG org.apache.http.wire -- http-outgoing-1 >> "[\r][\n]"
00:31:37.100 [pool-2-thread-1] DEBUG org.apache.http.wire -- http-outgoing-0 >> "User-Agent: Apache-HttpClient/4.5.14 (Java/11.0.27)[\r][\n]"
00:31:37.100 [pool-2-thread-5] DEBUG org.apache.http.wire -- http-outgoing-3 >> "Host: dev.scorecraze.app[\r][\n]"
00:31:37.100 [pool-2-thread-4] DEBUG org.apache.http.wire -- http-outgoing-2 >> "User-Agent: Apache-HttpClient/4.5.14 (Java/11.0.27)[\r][\n]"
00:31:37.100 [pool-2-thread-3] DEBUG org.apache.http.wire -- http-outgoing-1 >> "{"filter":{"seriesAPIId":0,"fixtureStatus":"Upcoming"}}"
00:31:37.100 [pool-2-thread-1] DEBUG org.apache.http.wire -- http-outgoing-0 >> "Accept-Encoding: gzip,deflate[\r][\n]"
00:31:37.100 [pool-2-thread-5] DEBUG org.apache.http.wire -- http-outgoing-3 >> "Connection: Keep-Alive[\r][\n]"
00:31:37.100 [pool-2-thread-5] DEBUG org.apache.http.wire -- http-outgoing-3 >> "User-Agent: Apache-HttpClient/4.5.14 (Java/11.0.27)[\r][\n]"
00:31:37.100 [pool-2-thread-4] DEBUG org.apache.http.wire -- http-outgoing-2 >> "Accept-Encoding: gzip,deflate[\r][\n]"
00:31:37.100 [pool-2-thread-1] DEBUG org.apache.http.wire -- http-outgoing-0 >> "[\r][\n]"
00:31:37.100 [pool-2-thread-5] DEBUG org.apache.http.wire -- http-outgoing-3 >> "Accept-Encoding: gzip,deflate[\r][\n]"
00:31:37.100 [pool-2-thread-5] DEBUG org.apache.http.wire -- http-outgoing-3 >> "[\r][\n]"
00:31:37.100 [pool-2-thread-4] DEBUG org.apache.http.wire -- http-outgoing-2 >> "[\r][\n]"
00:31:37.100 [pool-2-thread-5] DEBUG org.apache.http.wire -- http-outgoing-3 >> "{"filter":{"seriesAPIId":0,"fixtureStatus":"Live"}}"
00:31:37.100 [pool-2-thread-4] DEBUG org.apache.http.wire -- http-outgoing-2 >> "{"filter":{"seriesAPIId":0,"fixtureStatus":"Completed"}}"
00:31:37.308 [pool-2-thread-1] DEBUG org.apache.http.wire -- http-outgoing-0 << "HTTP/1.1 200 OK[\r][\n]"
00:31:37.308 [pool-2-thread-1] DEBUG org.apache.http.wire -- http-outgoing-0 << "Server: nginx/1.22.1[\r][\n]"
00:31:37.308 [pool-2-thread-3] DEBUG org.apache.http.wire -- http-outgoing-1 << "HTTP/1.1 200 OK[\r][\n]"
00:31:37.308 [pool-2-thread-1] DEBUG org.apache.http.wire -- http-outgoing-0 << "Date: Sat, 04 Oct 2025 19:01:36 GMT[\r][\n]"
00:31:37.308 [pool-2-thread-3] DEBUG org.apache.http.wire -- http-outgoing-1 << "Server: nginx/1.22.1[\r][\n]"
00:31:37.308 [pool-2-thread-1] DEBUG org.apache.http.wire -- http-outgoing-0 << "Content-Type: application/json; charset=utf-8[\r][\n]"
00:31:37.308 [pool-2-thread-1] DEBUG org.apache.http.wire -- http-outgoing-0 << "Content-Length: 2272[\r][\n]"
00:31:37.308 [pool-2-thread-3] DEBUG org.apache.http.wire -- http-outgoing-1 << "Date: Sat, 04 Oct 2025 19:01:36 GMT[\r][\n]"
00:31:37.308 [pool-2-thread-3] DEBUG org.apache.http.wire -- http-outgoing-1 << "Content-Type: application/json; charset=utf-8[\r][\n]"
00:31:37.308 [pool-2-thread-3] DEBUG org.apache.http.wire -- http-outgoing-1 << "Content-Length: 1005[\r][\n]"
00:31:37.308 [pool-2-thread-1] DEBUG org.apache.http.wire -- http-outgoing-0 << "Connection: keep-alive[\r][\n]"
00:31:37.308 [pool-2-thread-1] DEBUG org.apache.http.wire -- http-outgoing-0 << "X-Powered-By: Express[\r][\n]"
00:31:37.308 [pool-2-thread-1] DEBUG org.apache.http.wire -- http-outgoing-0 << "Access-Control-Allow-Origin: *[\r][\n]"
00:31:37.308 [pool-2-thread-1] DEBUG org.apache.http.wire -- http-outgoing-0 << "ETag: W/"8e0-1XAez4mPD0WZEW9Oodhwt/H2fzw"[\r][\n]"
00:31:37.308 [pool-2-thread-1] DEBUG org.apache.http.wire -- http-outgoing-0 << "[\r][\n]"
00:31:37.308 [pool-2-thread-3] DEBUG org.apache.http.wire -- http-outgoing-1 << "Connection: keep-alive[\r][\n]"
00:31:37.308 [pool-2-thread-3] DEBUG org.apache.http.wire -- http-outgoing-1 << "X-Powered-By: Express[\r][\n]"
00:31:37.308 [pool-2-thread-3] DEBUG org.apache.http.wire -- http-outgoing-1 << "Access-Control-Allow-Origin: *[\r][\n]"
00:31:37.309 [pool-2-thread-3] DEBUG org.apache.http.wire -- http-outgoing-1 << "ETag: W/"3ed-or42J1iOwCRgI2XBO1zjFXPR4Ds"[\r][\n]"
00:31:37.309 [pool-2-thread-3] DEBUG org.apache.http.wire -- http-outgoing-1 << "[\r][\n]"
00:31:37.309 [pool-2-thread-3] DEBUG org.apache.http.wire -- http-outgoing-1 << "{"message":"Fixtures Listed successfully","data":[{"_id":"68c140dd7e0ef53ac006521e","fixtureName":"Team Anbu vs Team Gethu","fixtureAPIId":1757495517508,"fixtureDisplayName":"TA vs TG","fixtureStartDate":"2025-09-10T12:00:00.000Z","fixtureStatus":"Upcoming","fixtureStatusType":1,"fixtureVenue":"Karappakkam","fixtureType":"T20","seriesName":"","seriesShortName":"","seriesAPIId":0,"fixtureTeams":{"teamA":{"name":"Team Anbu","shortName":"TA","teamAPIId":1755607036402,"logo":"https://scorecraze-production.s3.ap-south-1.amazonaws.com/1755607286750-1755607036402"},"teamB":{"name":"Team Gethu","shortName":"TG","teamAPIId":1755607051158,"logo":"https://scorecraze-production.s3.ap-south-1.amazonaws.com/1755607294078-1755607051158"}},"lineupsOut":false,"enabledStatus":true,"isactive":true,"joinedUsers":[],"toss":false,"isLocal":true,"createdBy":"6892f46cb250a4f6b1bedce7","createdAt":"2025-09-10T09:11:57.513Z","updatedAt":"2025-09-10T09:11:57.513Z","__v":0,"summary":""}],"totalPage":1,"currentPage":1}"
00:31:37.309 [pool-2-thread-1] DEBUG org.apache.http.wire -- http-outgoing-0 << "{"message":"Cricket Teams retrieved successfully","data":[{"_id":"689e013f4186572fdcb75bb7","teamName":"MS Dhoni","teamDisplayName":"MSD","teamAPIId":1755185471222,"teamLogo":"","teamJersey":"","teamPlayers":[],"seriesAPIId":0,"seriesName":"","createdBy":"6892f46cb250a4f6b1bedce7","__v":0,"updatedAt":"2025-10-04T19:00:37.387Z"},{"_id":"68a2e6089f04af09b16428bf","teamName":"Chennai Sharks","teamDisplayName":"CS","teamAPIId":1755506184214,"teamLogo":"https://scorecraze-production.s3.ap-south-1.amazonaws.com/1755506184214-1755506184214","teamJersey":"","teamPlayers":[1755506303520,1755506339248,1755506400602,1755607009505],"seriesAPIId":0,"seriesName":"","createdBy":"6892f46cb250a4f6b1bedce7","__v":0,"updatedAt":"2025-09-21T19:13:46.392Z"},{"_id":"68a2e6139f04af09b16428c3","teamName":"MI Legends","teamDisplayName":"ML","teamAPIId":1755506194965,"teamLogo":"https://scorecraze-production.s3.ap-south-1.amazonaws.com/1755506194965-1755506194965","teamJersey":"","teamPlayers":[1755506321960,1755506373062,1755506282024,1755506356475],"seriesAPIId":0,"seriesName":"","createdBy":"6892f46cb250a4f6b1bedce7","__v":0},{"_id":"68a46ffcdf63f97065478322","teamName":"Team Anbu","teamDisplayName":"TA","teamAPIId":1755607036402,"teamLogo":"https://scorecraze-production.s3.ap-south-1.amazonaws.com/1755607286750-1755607036402","teamJersey":"","teamPlayers":[1755185495238,1755506400602,1755606930551,1755606962052,1755506303520,1755506356475,1755506373062],"seriesAPIId":0,"seriesName":"","createdBy":"6892f46cb250a4f6b1bedce7","__v":0},{"_id":"68a4700bdf63f97065478326","teamName":"Team Gethu","teamDisplayName":"TG","teamAPIId":1755607051158,"teamLogo":"https://scorecraze-production.s3.ap-south-1.amazonaws.com/1755607294078-1755607051158","teamJersey":"","teamPlayers":[1755506339248,1755606894500,1755607009505,1755607010505,1755607184602,1755607171756,1755607158883],"seriesAPIId":0,"seriesName":"","createdBy":"6892f46cb250a4f6b1bedce7","__v":0},{"_id":"68a8268764f279a0f106fc8f","teamName":"Anish Dream","teamDisplayName":"AD","teamAPIId":1755850375926,"teamLogo":"","teamJersey":"","teamPlayers":[],"seriesAPIId":0,"seriesName":"","createdBy":"6892f46cb250a4f6b1bedce7","__v":0,"updatedAt":"2025-09-01T05:38:57.067Z"}],"totalPage":0,"currentPage":1,"totalCount":0}"
00:31:37.311 [pool-2-thread-3] DEBUG org.apache.http.headers -- http-outgoing-1 << HTTP/1.1 200 OK
00:31:37.311 [pool-2-thread-1] DEBUG org.apache.http.headers -- http-outgoing-0 << HTTP/1.1 200 OK
00:31:37.311 [pool-2-thread-3] DEBUG org.apache.http.headers -- http-outgoing-1 << Server: nginx/1.22.1
00:31:37.311 [pool-2-thread-3] DEBUG org.apache.http.headers -- http-outgoing-1 << Date: Sat, 04 Oct 2025 19:01:36 GMT
00:31:37.311 [pool-2-thread-3] DEBUG org.apache.http.headers -- http-outgoing-1 << Content-Type: application/json; charset=utf-8
00:31:37.311 [pool-2-thread-3] DEBUG org.apache.http.headers -- http-outgoing-1 << Content-Length: 1005
00:31:37.311 [pool-2-thread-3] DEBUG org.apache.http.headers -- http-outgoing-1 << Connection: keep-alive
00:31:37.311 [pool-2-thread-3] DEBUG org.apache.http.headers -- http-outgoing-1 << X-Powered-By: Express
00:31:37.311 [pool-2-thread-3] DEBUG org.apache.http.headers -- http-outgoing-1 << Access-Control-Allow-Origin: *
00:31:37.311 [pool-2-thread-3] DEBUG org.apache.http.headers -- http-outgoing-1 << ETag: W/"3ed-or42J1iOwCRgI2XBO1zjFXPR4Ds"
00:31:37.311 [pool-2-thread-1] DEBUG org.apache.http.headers -- http-outgoing-0 << Server: nginx/1.22.1
00:31:37.312 [pool-2-thread-1] DEBUG org.apache.http.headers -- http-outgoing-0 << Date: Sat, 04 Oct 2025 19:01:36 GMT
00:31:37.312 [pool-2-thread-1] DEBUG org.apache.http.headers -- http-outgoing-0 << Content-Type: application/json; charset=utf-8
00:31:37.312 [pool-2-thread-1] DEBUG org.apache.http.headers -- http-outgoing-0 << Content-Length: 2272
00:31:37.312 [pool-2-thread-1] DEBUG org.apache.http.headers -- http-outgoing-0 << Connection: keep-alive
00:31:37.313 [pool-2-thread-1] DEBUG org.apache.http.headers -- http-outgoing-0 << X-Powered-By: Express
00:31:37.313 [pool-2-thread-1] DEBUG org.apache.http.headers -- http-outgoing-0 << Access-Control-Allow-Origin: *
00:31:37.313 [pool-2-thread-1] DEBUG org.apache.http.headers -- http-outgoing-0 << ETag: W/"8e0-1XAez4mPD0WZEW9Oodhwt/H2fzw"
00:31:37.314 [pool-2-thread-3] DEBUG org.apache.http.impl.execchain.MainClientExec -- Connection can be kept alive indefinitely
00:31:37.314 [pool-2-thread-1] DEBUG org.apache.http.impl.execchain.MainClientExec -- Connection can be kept alive indefinitely
00:31:37.315 [pool-2-thread-3] DEBUG org.apache.http.impl.conn.PoolingHttpClientConnectionManager -- Connection [id: 1][route: {s}->https://dev.scorecraze.app:443] can be kept alive indefinitely
00:31:37.315 [pool-2-thread-1] DEBUG org.apache.http.impl.conn.PoolingHttpClientConnectionManager -- Connection [id: 2][route: {s}->https://dev.scorecraze.app:443] can be kept alive indefinitely
00:31:37.316 [pool-2-thread-3] DEBUG org.apache.http.impl.conn.DefaultManagedHttpClientConnection -- http-outgoing-1: set socket timeout to 0
00:31:37.316 [pool-2-thread-1] DEBUG org.apache.http.impl.conn.DefaultManagedHttpClientConnection -- http-outgoing-0: set socket timeout to 0
00:31:37.316 [pool-2-thread-1] DEBUG org.apache.http.impl.conn.PoolingHttpClientConnectionManager -- Connection released: [id: 2][route: {s}->https://dev.scorecraze.app:443][total available: 1; route allocated: 1 of 5; total allocated: 1 of 10]
00:31:37.316 [pool-2-thread-3] DEBUG org.apache.http.impl.conn.PoolingHttpClientConnectionManager -- Connection released: [id: 1][route: {s}->https://dev.scorecraze.app:443][total available: 1; route allocated: 1 of 5; total allocated: 1 of 10]
00:31:37.316 [pool-2-thread-1] DEBUG org.apache.http.impl.conn.PoolingHttpClientConnectionManager -- Connection manager is shutting down
00:31:37.317 [pool-2-thread-3] DEBUG org.apache.http.impl.conn.PoolingHttpClientConnectionManager -- Connection manager is shutting down
00:31:37.317 [pool-2-thread-3] DEBUG org.apache.http.impl.conn.DefaultManagedHttpClientConnection -- http-outgoing-1: Close connection
00:31:37.317 [pool-2-thread-1] DEBUG org.apache.http.impl.conn.DefaultManagedHttpClientConnection -- http-outgoing-0: Close connection
00:31:37.318 [pool-2-thread-1] DEBUG org.apache.http.impl.conn.PoolingHttpClientConnectionManager -- Connection manager shut down
00:31:37.318 [pool-2-thread-3] DEBUG org.apache.http.impl.conn.PoolingHttpClientConnectionManager -- Connection manager shut down
00:31:37.320 [pool-2-thread-1] DEBUG com.intuit.karate -- response time in milliseconds: 584
1 < 200
1 < Server: nginx/1.22.1
1 < Date: Sat, 04 Oct 2025 19:01:36 GMT
1 < Content-Type: application/json; charset=utf-8
1 < Content-Length: 2272
1 < Connection: keep-alive
1 < X-Powered-By: Express
1 < Access-Control-Allow-Origin: *
1 < ETag: W/"8e0-1XAez4mPD0WZEW9Oodhwt/H2fzw"
{"message":"Cricket Teams retrieved successfully","data":[{"_id":"689e013f4186572fdcb75bb7","teamName":"MS Dhoni","teamDisplayName":"MSD","teamAPIId":1755185471222,"teamLogo":"","teamJersey":"","teamPlayers":[],"seriesAPIId":0,"seriesName":"","createdBy":"6892f46cb250a4f6b1bedce7","__v":0,"updatedAt":"2025-10-04T19:00:37.387Z"},{"_id":"68a2e6089f04af09b16428bf","teamName":"Chennai Sharks","teamDisplayName":"CS","teamAPIId":1755506184214,"teamLogo":"https://scorecraze-production.s3.ap-south-1.amazonaws.com/1755506184214-1755506184214","teamJersey":"","teamPlayers":[1755506303520,1755506339248,1755506400602,1755607009505],"seriesAPIId":0,"seriesName":"","createdBy":"6892f46cb250a4f6b1bedce7","__v":0,"updatedAt":"2025-09-21T19:13:46.392Z"},{"_id":"68a2e6139f04af09b16428c3","teamName":"MI Legends","teamDisplayName":"ML","teamAPIId":1755506194965,"teamLogo":"https://scorecraze-production.s3.ap-south-1.amazonaws.com/1755506194965-1755506194965","teamJersey":"","teamPlayers":[1755506321960,1755506373062,1755506282024,1755506356475],"seriesAPIId":0,"seriesName":"","createdBy":"6892f46cb250a4f6b1bedce7","__v":0},{"_id":"68a46ffcdf63f97065478322","teamName":"Team Anbu","teamDisplayName":"TA","teamAPIId":1755607036402,"teamLogo":"https://scorecraze-production.s3.ap-south-1.amazonaws.com/1755607286750-1755607036402","teamJersey":"","teamPlayers":[1755185495238,1755506400602,1755606930551,1755606962052,1755506303520,1755506356475,1755506373062],"seriesAPIId":0,"seriesName":"","createdBy":"6892f46cb250a4f6b1bedce7","__v":0},{"_id":"68a4700bdf63f97065478326","teamName":"Team Gethu","teamDisplayName":"TG","teamAPIId":1755607051158,"teamLogo":"https://scorecraze-production.s3.ap-south-1.amazonaws.com/1755607294078-1755607051158","teamJersey":"","teamPlayers":[1755506339248,1755606894500,1755607009505,1755607010505,1755607184602,1755607171756,1755607158883],"seriesAPIId":0,"seriesName":"","createdBy":"6892f46cb250a4f6b1bedce7","__v":0},{"_id":"68a8268764f279a0f106fc8f","teamName":"Anish Dream","teamDisplayName":"AD","teamAPIId":1755850375926,"teamLogo":"","teamJersey":"","teamPlayers":[],"seriesAPIId":0,"seriesName":"","createdBy":"6892f46cb250a4f6b1bedce7","__v":0,"updatedAt":"2025-09-01T05:38:57.067Z"}],"totalPage":0,"currentPage":1,"totalCount":0}

00:31:37.320 [pool-2-thread-3] DEBUG com.intuit.karate -- response time in milliseconds: 584
1 < 200
1 < Server: nginx/1.22.1
1 < Date: Sat, 04 Oct 2025 19:01:36 GMT
1 < Content-Type: application/json; charset=utf-8
1 < Content-Length: 1005
1 < Connection: keep-alive
1 < X-Powered-By: Express
1 < Access-Control-Allow-Origin: *
1 < ETag: W/"3ed-or42J1iOwCRgI2XBO1zjFXPR4Ds"
{"message":"Fixtures Listed successfully","data":[{"_id":"68c140dd7e0ef53ac006521e","fixtureName":"Team Anbu vs Team Gethu","fixtureAPIId":1757495517508,"fixtureDisplayName":"TA vs TG","fixtureStartDate":"2025-09-10T12:00:00.000Z","fixtureStatus":"Upcoming","fixtureStatusType":1,"fixtureVenue":"Karappakkam","fixtureType":"T20","seriesName":"","seriesShortName":"","seriesAPIId":0,"fixtureTeams":{"teamA":{"name":"Team Anbu","shortName":"TA","teamAPIId":1755607036402,"logo":"https://scorecraze-production.s3.ap-south-1.amazonaws.com/1755607286750-1755607036402"},"teamB":{"name":"Team Gethu","shortName":"TG","teamAPIId":1755607051158,"logo":"https://scorecraze-production.s3.ap-south-1.amazonaws.com/1755607294078-1755607051158"}},"lineupsOut":false,"enabledStatus":true,"isactive":true,"joinedUsers":[],"toss":false,"isLocal":true,"createdBy":"6892f46cb250a4f6b1bedce7","createdAt":"2025-09-10T09:11:57.513Z","updatedAt":"2025-09-10T09:11:57.513Z","__v":0,"summary":""}],"totalPage":1,"currentPage":1}

00:31:37.332 [pool-2-thread-3] INFO com.intuit.karate -- [print] {
  "message": "Fixtures Listed successfully",
  "data": [
    {
      "_id": "68c140dd7e0ef53ac006521e",
      "fixtureName": "Team Anbu vs Team Gethu",
      "fixtureAPIId": 1757495517508,
      "fixtureDisplayName": "TA vs TG",
      "fixtureStartDate": "2025-09-10T12:00:00.000Z",
      "fixtureStatus": "Upcoming",
      "fixtureStatusType": 1,
      "fixtureVenue": "Karappakkam",
      "fixtureType": "T20",
      "seriesName": "",
      "seriesShortName": "",
      "seriesAPIId": 0,
      "fixtureTeams": {
        "teamA": {
          "name": "Team Anbu",
          "shortName": "TA",
          "teamAPIId": 1755607036402,
          "logo": "https://scorecraze-production.s3.ap-south-1.amazonaws.com/1755607286750-1755607036402"
        },
        "teamB": {
          "name": "Team Gethu",
          "shortName": "TG",
          "teamAPIId": 1755607051158,
          "logo": "https://scorecraze-production.s3.ap-south-1.amazonaws.com/1755607294078-1755607051158"
        }
      },
      "lineupsOut": false,
      "enabledStatus": true,
      "isactive": true,
      "joinedUsers": [
      ],
      "toss": false,
      "isLocal": true,
      "createdBy": "6892f46cb250a4f6b1bedce7",
      "createdAt": "2025-09-10T09:11:57.513Z",
      "updatedAt": "2025-09-10T09:11:57.513Z",
      "__v": 0,
      "summary": ""
    }
  ],
  "totalPage": 1,
  "currentPage": 1
}
 
00:31:37.333 [pool-2-thread-1] INFO com.intuit.karate -- [print] {
  "message": "Cricket Teams retrieved successfully",
  "data": [
    {
      "_id": "689e013f4186572fdcb75bb7",
      "teamName": "MS Dhoni",
      "teamDisplayName": "MSD",
      "teamAPIId": 1755185471222,
      "teamLogo": "",
      "teamJersey": "",
      "teamPlayers": [
      ],
      "seriesAPIId": 0,
      "seriesName": "",
      "createdBy": "6892f46cb250a4f6b1bedce7",
      "__v": 0,
      "updatedAt": "2025-10-04T19:00:37.387Z"
    },
    {
      "_id": "68a2e6089f04af09b16428bf",
      "teamName": "Chennai Sharks",
      "teamDisplayName": "CS",
      "teamAPIId": 1755506184214,
      "teamLogo": "https://scorecraze-production.s3.ap-south-1.amazonaws.com/1755506184214-1755506184214",
      "teamJersey": "",
      "teamPlayers": [
        1755506303520,
        1755506339248,
        1755506400602,
        1755607009505
      ],
      "seriesAPIId": 0,
      "seriesName": "",
      "createdBy": "6892f46cb250a4f6b1bedce7",
      "__v": 0,
      "updatedAt": "2025-09-21T19:13:46.392Z"
    },
    {
      "_id": "68a2e6139f04af09b16428c3",
      "teamName": "MI Legends",
      "teamDisplayName": "ML",
      "teamAPIId": 1755506194965,
      "teamLogo": "https://scorecraze-production.s3.ap-south-1.amazonaws.com/1755506194965-1755506194965",
      "teamJersey": "",
      "teamPlayers": [
        1755506321960,
        1755506373062,
        1755506282024,
        1755506356475
      ],
      "seriesAPIId": 0,
      "seriesName": "",
      "createdBy": "6892f46cb250a4f6b1bedce7",
      "__v": 0
    },
    {
      "_id": "68a46ffcdf63f97065478322",
      "teamName": "Team Anbu",
      "teamDisplayName": "TA",
      "teamAPIId": 1755607036402,
      "teamLogo": "https://scorecraze-production.s3.ap-south-1.amazonaws.com/1755607286750-1755607036402",
      "teamJersey": "",
      "teamPlayers": [
        1755185495238,
        1755506400602,
        1755606930551,
        1755606962052,
        1755506303520,
        1755506356475,
        1755506373062
      ],
      "seriesAPIId": 0,
      "seriesName": "",
      "createdBy": "6892f46cb250a4f6b1bedce7",
      "__v": 0
    },
    {
      "_id": "68a4700bdf63f97065478326",
      "teamName": "Team Gethu",
      "teamDisplayName": "TG",
      "teamAPIId": 1755607051158,
      "teamLogo": "https://scorecraze-production.s3.ap-south-1.amazonaws.com/1755607294078-1755607051158",
      "teamJersey": "",
      "teamPlayers": [
        1755506339248,
        1755606894500,
        1755607009505,
        1755607010505,
        1755607184602,
        1755607171756,
        1755607158883
      ],
      "seriesAPIId": 0,
      "seriesName": "",
      "createdBy": "6892f46cb250a4f6b1bedce7",
      "__v": 0
    },
    {
      "_id": "68a8268764f279a0f106fc8f",
      "teamName": "Anish Dream",
      "teamDisplayName": "AD",
      "teamAPIId": 1755850375926,
      "teamLogo": "",
      "teamJersey": "",
      "teamPlayers": [
      ],
      "seriesAPIId": 0,
      "seriesName": "",
      "createdBy": "6892f46cb250a4f6b1bedce7",
      "__v": 0,
      "updatedAt": "2025-09-01T05:38:57.067Z"
    }
  ],
  "totalPage": 0,
  "currentPage": 1,
  "totalCount": 0
}
 
00:31:37.336 [pool-2-thread-1] INFO com.intuit.karate -- [print] 200 
00:31:37.339 [pool-2-thread-3] DEBUG com.jayway.jsonpath.internal.path.CompiledPath -- Evaluating path: $
00:31:37.345 [pool-2-thread-1] DEBUG com.jayway.jsonpath.internal.path.CompiledPath -- Evaluating path: $
00:31:37.345 [pool-2-thread-3] DEBUG org.apache.http.client.protocol.RequestAddCookies -- CookieSpec selected: karate
00:31:37.345 [pool-2-thread-3] DEBUG org.apache.http.client.protocol.RequestAuthCache -- Auth cache not set in the context
00:31:37.345 [pool-2-thread-3] DEBUG com.intuit.karate -- request:
1 > POST https://dev.scorecraze.app/cricket/fixtures?page=1
1 > Content-Type: application/json; charset=UTF-8
1 > Content-Length: 51
1 > Host: dev.scorecraze.app
1 > Connection: Keep-Alive
1 > User-Agent: Apache-HttpClient/4.5.14 (Java/11.0.27)
1 > Accept-Encoding: gzip,deflate
{"filter":{"seriesAPIId":0,"fixtureStatus":"Live"}}

00:31:37.345 [pool-2-thread-3] DEBUG org.apache.http.impl.conn.PoolingHttpClientConnectionManager -- Connection request: [route: {s}->https://dev.scorecraze.app:443][total available: 0; route allocated: 0 of 5; total allocated: 0 of 10]
00:31:37.346 [pool-2-thread-3] DEBUG org.apache.http.impl.conn.PoolingHttpClientConnectionManager -- Connection leased: [id: 5][route: {s}->https://dev.scorecraze.app:443][total available: 0; route allocated: 1 of 5; total allocated: 1 of 10]
00:31:37.346 [pool-2-thread-3] DEBUG org.apache.http.impl.execchain.MainClientExec -- Opening connection {s}->https://dev.scorecraze.app:443
00:31:37.346 [pool-2-thread-3] DEBUG org.apache.http.impl.conn.DefaultHttpClientConnectionOperator -- Connecting to dev.scorecraze.app/13.233.24.118:443
00:31:37.346 [pool-2-thread-3] DEBUG org.apache.http.conn.ssl.SSLConnectionSocketFactory -- Connecting socket to dev.scorecraze.app/13.233.24.118:443 with timeout 30000
00:31:37.349 [pool-2-thread-1] DEBUG org.apache.http.client.protocol.RequestAddCookies -- CookieSpec selected: karate
00:31:37.349 [pool-2-thread-1] DEBUG org.apache.http.client.protocol.RequestAuthCache -- Auth cache not set in the context
00:31:37.349 [pool-2-thread-1] DEBUG com.intuit.karate -- request:
1 > POST https://dev.scorecraze.app/api/team/cricket/addTeamPlayers?teamAPIId=1.755185471222E12
1 > Authorization: Bearer eyJhbGciOiJIUzI1NiIsInR5cCI6IkpXVCJ9.eyJfaWQiOiI2ODkyZjQ2Y2IyNTBhNGY2YjFiZWRjZTciLCJ1c2VyTmFtZSI6IkNIQU5EUkFTRUtBUiBTQU5LQVIiLCJlbWFpbCI6ImNoYW5kcm9vczMwQGdtYWlsLmNvbSIsInBhc3N3b3JkIjoiJDJiJDEwJEc1VmEvUFRTckQ0dUZaVXMwWjluTS5VMmhERVZvcVFuaTFseU1jb3ZzMzZjWUpCaU1oODEyIiwicGhvbmVOdW1iZXIiOjAsInJvbGUiOiJBZG1pbiIsImF1dGhUb2tlbiI6ImV5SmhiR2NpT2lKSVV6STFOaUlzSW5SNWNDSTZJa3BYVkNKOS5leUpmYVdRaU9pSTJPRGt5WmpRMlkySXlOVEJoTkdZMllqRmlaV1JqWlRjaUxDSjFjMlZ5VG1GdFpTSTZJbU5vWVNJc0ltVnRZV2xzSWpvaVkyaGhibVJ5YjI5ek16QkFaMjFoYVd3dVkyOXRJaXdpY0dodmJtVk9kVzFpWlhJaU9qQXNJbkp2YkdVaU9pSkJaRzFwYmlJc0ltbHpWbVZ5YVdacFpXUWlPblJ5ZFdVc0lsOWZkaUk2TUN3aWRYQmtZWFJsWkVGMElqb2lNakF5TlMwd09TMHlNbFF3T1RvME1qb3lNaTQ0TURoYUlpd2lhWE5CWTNScGRtVWlPblJ5ZFdVc0lteGhjM1JNYjJkcGJrRjBJam9pTWpBeU5TMHdPUzB3TkZReE16b3dNVG94T1M0NE16UmFJaXdpYVdGMElqb3hOelU0TlRVd09UZzJMQ0psZUhBaU9qRTNOakV5TWprek9EWjkubmtWOG5JOGU3YlROZkZSS0ZRYjFrZFJVdmpLLUw1cVFhYkp5UHEwT3JpYyIsImlzVmVyaWZpZWQiOnRydWUsIl9fdiI6MCwidXBkYXRlZEF0IjoiMjAyNS0xMC0wMVQxODozNDozMC45OTRaIiwiaXNBY3RpdmUiOnRydWUsImxhc3RMb2dpbkF0IjoiMjAyNS0xMC0wMVQxODozNDozMC45OTRaIiwiaXNTb2NpYWxMb2dpbiI6dHJ1ZSwiaWF0IjoxNzU5NjAwNTU2LCJleHAiOjE3NjIyNzg5NTZ9.pGybB6efZuTFj_jWDfEhnRu_Sd7CB2-qD5-kys-J1u8
1 > Content-Type: application/json; charset=UTF-8
1 > Content-Length: 30
1 > Host: dev.scorecraze.app
1 > Connection: Keep-Alive
1 > User-Agent: Apache-HttpClient/4.5.14 (Java/11.0.27)
1 > Accept-Encoding: gzip,deflate
{"playerList":[1759475650286]}

00:31:37.349 [pool-2-thread-1] DEBUG org.apache.http.impl.conn.PoolingHttpClientConnectionManager -- Connection request: [route: {s}->https://dev.scorecraze.app:443][total available: 0; route allocated: 0 of 5; total allocated: 0 of 10]
00:31:37.349 [pool-2-thread-1] DEBUG org.apache.http.impl.conn.PoolingHttpClientConnectionManager -- Connection leased: [id: 6][route: {s}->https://dev.scorecraze.app:443][total available: 0; route allocated: 1 of 5; total allocated: 1 of 10]
00:31:37.349 [pool-2-thread-1] DEBUG org.apache.http.impl.execchain.MainClientExec -- Opening connection {s}->https://dev.scorecraze.app:443
00:31:37.350 [pool-2-thread-1] DEBUG org.apache.http.impl.conn.DefaultHttpClientConnectionOperator -- Connecting to dev.scorecraze.app/13.233.24.118:443
00:31:37.350 [pool-2-thread-1] DEBUG org.apache.http.conn.ssl.SSLConnectionSocketFactory -- Connecting socket to dev.scorecraze.app/13.233.24.118:443 with timeout 30000
00:31:37.361 [pool-2-thread-5] DEBUG org.apache.http.wire -- http-outgoing-3 << "HTTP/1.1 200 OK[\r][\n]"
00:31:37.361 [pool-2-thread-5] DEBUG org.apache.http.wire -- http-outgoing-3 << "Server: nginx/1.22.1[\r][\n]"
00:31:37.361 [pool-2-thread-5] DEBUG org.apache.http.wire -- http-outgoing-3 << "Date: Sat, 04 Oct 2025 19:01:36 GMT[\r][\n]"
00:31:37.361 [pool-2-thread-5] DEBUG org.apache.http.wire -- http-outgoing-3 << "Content-Type: application/json; charset=utf-8[\r][\n]"
00:31:37.361 [pool-2-thread-5] DEBUG org.apache.http.wire -- http-outgoing-3 << "Content-Length: 1031[\r][\n]"
00:31:37.361 [pool-2-thread-5] DEBUG org.apache.http.wire -- http-outgoing-3 << "Connection: keep-alive[\r][\n]"
00:31:37.361 [pool-2-thread-5] DEBUG org.apache.http.wire -- http-outgoing-3 << "X-Powered-By: Express[\r][\n]"
00:31:37.361 [pool-2-thread-5] DEBUG org.apache.http.wire -- http-outgoing-3 << "Access-Control-Allow-Origin: *[\r][\n]"
00:31:37.361 [pool-2-thread-5] DEBUG org.apache.http.wire -- http-outgoing-3 << "ETag: W/"407-0HoLVDmaIn35sPiXO5Nii5Njjng"[\r][\n]"
00:31:37.361 [pool-2-thread-5] DEBUG org.apache.http.wire -- http-outgoing-3 << "[\r][\n]"
00:31:37.361 [pool-2-thread-5] DEBUG org.apache.http.wire -- http-outgoing-3 << "{"message":"Fixtures Listed successfully","data":[{"_id":"68ba986903172702146f0ed1","fixtureName":"Team Anbu vs Team Gethu","fixtureAPIId":1757059177908,"fixtureDisplayName":"TA vs TG","fixtureStartDate":"2025-09-05T08:00:00.000Z","fixtureStatus":"Live","fixtureStatusType":2,"fixtureVenue":"Chennai","fixtureType":"OTHERS","seriesName":"","seriesShortName":"","seriesAPIId":0,"fixtureTeams":{"teamA":{"name":"Team Anbu","shortName":"TA","teamAPIId":1755607036402,"logo":"https://scorecraze-production.s3.ap-south-1.amazonaws.com/1755607286750-1755607036402"},"teamB":{"name":"Team Gethu","shortName":"TG","teamAPIId":1755607051158,"logo":"https://scorecraze-production.s3.ap-south-1.amazonaws.com/1755607294078-1755607051158"}},"lineupsOut":true,"enabledStatus":true,"isactive":true,"joinedUsers":[],"toss":true,"isLocal":true,"createdBy":"6892f46cb250a4f6b1bedce7","createdAt":"2025-09-05T07:59:37.941Z","updatedAt":"2025-09-05T08:52:56.353Z","__v":0,"summary":"TA won the toss and choose to bat"}],"totalPage":1,"currentPage":1}"
00:31:37.361 [pool-2-thread-5] DEBUG org.apache.http.headers -- http-outgoing-3 << HTTP/1.1 200 OK
00:31:37.361 [pool-2-thread-5] DEBUG org.apache.http.headers -- http-outgoing-3 << Server: nginx/1.22.1
00:31:37.361 [pool-2-thread-5] DEBUG org.apache.http.headers -- http-outgoing-3 << Date: Sat, 04 Oct 2025 19:01:36 GMT
00:31:37.361 [pool-2-thread-5] DEBUG org.apache.http.headers -- http-outgoing-3 << Content-Type: application/json; charset=utf-8
00:31:37.361 [pool-2-thread-5] DEBUG org.apache.http.headers -- http-outgoing-3 << Content-Length: 1031
00:31:37.361 [pool-2-thread-5] DEBUG org.apache.http.headers -- http-outgoing-3 << Connection: keep-alive
00:31:37.361 [pool-2-thread-5] DEBUG org.apache.http.headers -- http-outgoing-3 << X-Powered-By: Express
00:31:37.361 [pool-2-thread-5] DEBUG org.apache.http.headers -- http-outgoing-3 << Access-Control-Allow-Origin: *
00:31:37.361 [pool-2-thread-5] DEBUG org.apache.http.headers -- http-outgoing-3 << ETag: W/"407-0HoLVDmaIn35sPiXO5Nii5Njjng"
00:31:37.361 [pool-2-thread-5] DEBUG org.apache.http.impl.execchain.MainClientExec -- Connection can be kept alive indefinitely
00:31:37.361 [pool-2-thread-5] DEBUG org.apache.http.impl.conn.PoolingHttpClientConnectionManager -- Connection [id: 4][route: {s}->https://dev.scorecraze.app:443] can be kept alive indefinitely
00:31:37.361 [pool-2-thread-5] DEBUG org.apache.http.impl.conn.DefaultManagedHttpClientConnection -- http-outgoing-3: set socket timeout to 0
00:31:37.361 [pool-2-thread-5] DEBUG org.apache.http.impl.conn.PoolingHttpClientConnectionManager -- Connection released: [id: 4][route: {s}->https://dev.scorecraze.app:443][total available: 1; route allocated: 1 of 5; total allocated: 1 of 10]
00:31:37.361 [pool-2-thread-5] DEBUG org.apache.http.impl.conn.PoolingHttpClientConnectionManager -- Connection manager is shutting down
00:31:37.361 [pool-2-thread-5] DEBUG org.apache.http.impl.conn.DefaultManagedHttpClientConnection -- http-outgoing-3: Close connection
00:31:37.362 [pool-2-thread-5] DEBUG org.apache.http.impl.conn.PoolingHttpClientConnectionManager -- Connection manager shut down
00:31:37.362 [pool-2-thread-5] DEBUG com.intuit.karate -- response time in milliseconds: 629
1 < 200
1 < Server: nginx/1.22.1
1 < Date: Sat, 04 Oct 2025 19:01:36 GMT
1 < Content-Type: application/json; charset=utf-8
1 < Content-Length: 1031
1 < Connection: keep-alive
1 < X-Powered-By: Express
1 < Access-Control-Allow-Origin: *
1 < ETag: W/"407-0HoLVDmaIn35sPiXO5Nii5Njjng"
{"message":"Fixtures Listed successfully","data":[{"_id":"68ba986903172702146f0ed1","fixtureName":"Team Anbu vs Team Gethu","fixtureAPIId":1757059177908,"fixtureDisplayName":"TA vs TG","fixtureStartDate":"2025-09-05T08:00:00.000Z","fixtureStatus":"Live","fixtureStatusType":2,"fixtureVenue":"Chennai","fixtureType":"OTHERS","seriesName":"","seriesShortName":"","seriesAPIId":0,"fixtureTeams":{"teamA":{"name":"Team Anbu","shortName":"TA","teamAPIId":1755607036402,"logo":"https://scorecraze-production.s3.ap-south-1.amazonaws.com/1755607286750-1755607036402"},"teamB":{"name":"Team Gethu","shortName":"TG","teamAPIId":1755607051158,"logo":"https://scorecraze-production.s3.ap-south-1.amazonaws.com/1755607294078-1755607051158"}},"lineupsOut":true,"enabledStatus":true,"isactive":true,"joinedUsers":[],"toss":true,"isLocal":true,"createdBy":"6892f46cb250a4f6b1bedce7","createdAt":"2025-09-05T07:59:37.941Z","updatedAt":"2025-09-05T08:52:56.353Z","__v":0,"summary":"TA won the toss and choose to bat"}],"totalPage":1,"currentPage":1}

00:31:37.364 [pool-2-thread-5] INFO com.intuit.karate -- [print] {
  "message": "Fixtures Listed successfully",
  "data": [
    {
      "_id": "68ba986903172702146f0ed1",
      "fixtureName": "Team Anbu vs Team Gethu",
      "fixtureAPIId": 1757059177908,
      "fixtureDisplayName": "TA vs TG",
      "fixtureStartDate": "2025-09-05T08:00:00.000Z",
      "fixtureStatus": "Live",
      "fixtureStatusType": 2,
      "fixtureVenue": "Chennai",
      "fixtureType": "OTHERS",
      "seriesName": "",
      "seriesShortName": "",
      "seriesAPIId": 0,
      "fixtureTeams": {
        "teamA": {
          "name": "Team Anbu",
          "shortName": "TA",
          "teamAPIId": 1755607036402,
          "logo": "https://scorecraze-production.s3.ap-south-1.amazonaws.com/1755607286750-1755607036402"
        },
        "teamB": {
          "name": "Team Gethu",
          "shortName": "TG",
          "teamAPIId": 1755607051158,
          "logo": "https://scorecraze-production.s3.ap-south-1.amazonaws.com/1755607294078-1755607051158"
        }
      },
      "lineupsOut": true,
      "enabledStatus": true,
      "isactive": true,
      "joinedUsers": [
      ],
      "toss": true,
      "isLocal": true,
      "createdBy": "6892f46cb250a4f6b1bedce7",
      "createdAt": "2025-09-05T07:59:37.941Z",
      "updatedAt": "2025-09-05T08:52:56.353Z",
      "__v": 0,
      "summary": "TA won the toss and choose to bat"
    }
  ],
  "totalPage": 1,
  "currentPage": 1
}
 
00:31:37.369 [pool-2-thread-5] DEBUG com.jayway.jsonpath.internal.path.CompiledPath -- Evaluating path: $
00:31:37.370 [pool-2-thread-5] DEBUG org.apache.http.client.protocol.RequestAddCookies -- CookieSpec selected: karate
00:31:37.370 [pool-2-thread-5] DEBUG org.apache.http.client.protocol.RequestAuthCache -- Auth cache not set in the context
00:31:37.371 [pool-2-thread-5] DEBUG com.intuit.karate -- request:
1 > DELETE https://dev.scorecraze.app/api/team/cricket/deleteTeamPlayers
1 > Authorization: Bearer eyJhbGciOiJIUzI1NiIsInR5cCI6IkpXVCJ9.eyJfaWQiOiI2ODkyZjQ2Y2IyNTBhNGY2YjFiZWRjZTciLCJ1c2VyTmFtZSI6IkNIQU5EUkFTRUtBUiBTQU5LQVIiLCJlbWFpbCI6ImNoYW5kcm9vczMwQGdtYWlsLmNvbSIsInBhc3N3b3JkIjoiJDJiJDEwJEc1VmEvUFRTckQ0dUZaVXMwWjluTS5VMmhERVZvcVFuaTFseU1jb3ZzMzZjWUpCaU1oODEyIiwicGhvbmVOdW1iZXIiOjAsInJvbGUiOiJBZG1pbiIsImF1dGhUb2tlbiI6ImV5SmhiR2NpT2lKSVV6STFOaUlzSW5SNWNDSTZJa3BYVkNKOS5leUpmYVdRaU9pSTJPRGt5WmpRMlkySXlOVEJoTkdZMllqRmlaV1JqWlRjaUxDSjFjMlZ5VG1GdFpTSTZJbU5vWVNJc0ltVnRZV2xzSWpvaVkyaGhibVJ5YjI5ek16QkFaMjFoYVd3dVkyOXRJaXdpY0dodmJtVk9kVzFpWlhJaU9qQXNJbkp2YkdVaU9pSkJaRzFwYmlJc0ltbHpWbVZ5YVdacFpXUWlPblJ5ZFdVc0lsOWZkaUk2TUN3aWRYQmtZWFJsWkVGMElqb2lNakF5TlMwd09TMHlNbFF3T1RvME1qb3lNaTQ0TURoYUlpd2lhWE5CWTNScGRtVWlPblJ5ZFdVc0lteGhjM1JNYjJkcGJrRjBJam9pTWpBeU5TMHdPUzB3TkZReE16b3dNVG94T1M0NE16UmFJaXdpYVdGMElqb3hOelU0TlRVd09UZzJMQ0psZUhBaU9qRTNOakV5TWprek9EWjkubmtWOG5JOGU3YlROZkZSS0ZRYjFrZFJVdmpLLUw1cVFhYkp5UHEwT3JpYyIsImlzVmVyaWZpZWQiOnRydWUsIl9fdiI6MCwidXBkYXRlZEF0IjoiMjAyNS0xMC0wMVQxODozNDozMC45OTRaIiwiaXNBY3RpdmUiOnRydWUsImxhc3RMb2dpbkF0IjoiMjAyNS0xMC0wMVQxODozNDozMC45OTRaIiwiaXNTb2NpYWxMb2dpbiI6dHJ1ZSwiaWF0IjoxNzU5NjAwNTU2LCJleHAiOjE3NjIyNzg5NTZ9.pGybB6efZuTFj_jWDfEhnRu_Sd7CB2-qD5-kys-J1u8
1 > Content-Type: application/json; charset=UTF-8
1 > Content-Length: 55
1 > Host: dev.scorecraze.app
1 > Connection: Keep-Alive
1 > User-Agent: Apache-HttpClient/4.5.14 (Java/11.0.27)
1 > Accept-Encoding: gzip,deflate
{"playerAPIID":1759475650286,"teamAPIId":1755185471222}

00:31:37.371 [pool-2-thread-5] DEBUG org.apache.http.impl.conn.PoolingHttpClientConnectionManager -- Connection request: [route: {s}->https://dev.scorecraze.app:443][total available: 0; route allocated: 0 of 5; total allocated: 0 of 10]
00:31:37.371 [pool-2-thread-5] DEBUG org.apache.http.impl.conn.PoolingHttpClientConnectionManager -- Connection leased: [id: 7][route: {s}->https://dev.scorecraze.app:443][total available: 0; route allocated: 1 of 5; total allocated: 1 of 10]
00:31:37.371 [pool-2-thread-5] DEBUG org.apache.http.impl.execchain.MainClientExec -- Opening connection {s}->https://dev.scorecraze.app:443
00:31:37.371 [pool-2-thread-5] DEBUG org.apache.http.impl.conn.DefaultHttpClientConnectionOperator -- Connecting to dev.scorecraze.app/13.233.24.118:443
00:31:37.371 [pool-2-thread-5] DEBUG org.apache.http.conn.ssl.SSLConnectionSocketFactory -- Connecting socket to dev.scorecraze.app/13.233.24.118:443 with timeout 30000
00:31:37.383 [pool-2-thread-4] DEBUG org.apache.http.wire -- http-outgoing-2 << "HTTP/1.1 200 OK[\r][\n]"
00:31:37.383 [pool-2-thread-4] DEBUG org.apache.http.wire -- http-outgoing-2 << "Server: nginx/1.22.1[\r][\n]"
00:31:37.383 [pool-2-thread-4] DEBUG org.apache.http.wire -- http-outgoing-2 << "Date: Sat, 04 Oct 2025 19:01:36 GMT[\r][\n]"
00:31:37.383 [pool-2-thread-4] DEBUG org.apache.http.wire -- http-outgoing-2 << "Content-Type: application/json; charset=utf-8[\r][\n]"
00:31:37.383 [pool-2-thread-4] DEBUG org.apache.http.wire -- http-outgoing-2 << "Content-Length: 9174[\r][\n]"
00:31:37.383 [pool-2-thread-4] DEBUG org.apache.http.wire -- http-outgoing-2 << "Connection: keep-alive[\r][\n]"
00:31:37.383 [pool-2-thread-4] DEBUG org.apache.http.wire -- http-outgoing-2 << "X-Powered-By: Express[\r][\n]"
00:31:37.383 [pool-2-thread-4] DEBUG org.apache.http.wire -- http-outgoing-2 << "Access-Control-Allow-Origin: *[\r][\n]"
00:31:37.383 [pool-2-thread-4] DEBUG org.apache.http.wire -- http-outgoing-2 << "ETag: W/"23d6-dLi5ooi7FUiJvghIaNw/aNXB8H8"[\r][\n]"
00:31:37.383 [pool-2-thread-4] DEBUG org.apache.http.wire -- http-outgoing-2 << "[\r][\n]"
00:31:37.383 [pool-2-thread-4] DEBUG org.apache.http.wire -- http-outgoing-2 << "{"message":"Fixtures Listed successfully","data":[{"_id":"68b15391593666342dd101c8","fixtureName":"Chennai Sharks vs MI Legends","fixtureAPIId":1756451729991,"fixtureDisplayName":"CS vs ML","fixtureStartDate":"2025-09-30T09:15:00.000Z","fixtureStatus":"Completed","fixtureStatusType":3,"fixtureVenue":"Chennai ","fixtureType":"OTHERS","seriesName":"","seriesShortName":"","seriesAPIId":0,"fixtureTeams":{"teamA":{"name":"Chennai Sharks","shortName":"CS","teamAPIId":1755506184214,"logo":"https://scorecraze-production.s3.ap-south-1.amazonaws.com/1755506184214-1755506184214"},"teamB":{"name":"MI Legends","shortName":"ML","teamAPIId":1755506194965,"logo":"https://scorecraze-production.s3.ap-south-1.amazonaws.com/1755506194965-1755506194965"}},"lineupsOut":true,"enabledStatus":true,"isactive":true,"joinedUsers":[],"toss":true,"isLocal":true,"createdBy":"6892f46cb250a4f6b1bedce7","__v":0,"updatedAt":"2025-08-29T09:27:29.653Z","summary":""},{"_id":"68b15391593666342dd101b5","fixtureName":"Chennai Sharks vs MI Legends","fixtureAPIId":1756451729400,"fixtureDisplayName":"CS vs ML","fixtureStartDate":"2025-09-13T07:25:00.000Z","fixtureStatus":"Completed","fixtureStatusType":3,"fixtureVenue":"Arena","fixtureType":"T10","seriesName":"","seriesShortName":"","seriesAPIId":0,"fixtureTeams":{"teamA":{"name":"Chennai Sharks","shortName":"CS","teamAPIId":1755506184214,"logo":"https://scorecraze-production.s3.ap-south-1.amazonaws.com/1755506184214-1755506184214"},"teamB":{"name":"MI Legends","shortName":"ML","teamAPIId":1755506194965,"logo":"https://scorecraze-production.s3.ap-south-1.amazonaws.com/1755506194965-1755506194965"}},"lineupsOut":true,"enabledStatus":true,"isactive":true,"joinedUsers":[],"toss":true,"isLocal":true,"createdBy":"6892f46cb250a4f6b1bedce7","__v":0,"updatedAt":"2025-09-02T13:31:34.538Z","summary":"CS won by 11 runs"},{"_id":"68b93afefe9b55740eedff5e","fixtureName":"Team Anbu vs Team Gethu","fixtureAPIId":1756969726043,"fixtureDisplayName":"TA vs TG","fixtureStartDate":"2025-09-04T07:11:33.000Z","fixtureStatus":"Completed","fixtureStatusType":3,"fixtureVenue":"Jodhpur","fixtureType":"OTHERS","seriesName":"","seriesShortName":"","seriesAPIId":0,"fixtureTeams":{"teamA":{"name":"Team Anbu","shortName":"TA","teamAPIId":1755607036402,"logo":"https://scorecraze-production.s3.ap-south-1.amazonaws.com/1755607286750-1755607036402"},"teamB":{"name":"Team Gethu","shortName":"TG","teamAPIId":1755607051158,"logo":"https://scorecraze-production.s3.ap-south-1.amazonaws.com/1755607294078-1755607051158"}},"lineupsOut":true,"enabledStatus":true,"isactive":true,"joinedUsers":[],"toss":true,"isLocal":true,"createdBy":"6892f46cb250a4f6b1bedce7","createdAt":"2025-09-04T07:08:46.053Z","updatedAt":"2025-09-04T11:44:58.067Z","__v":0,"summary":"TG won by 3 wickets"},{"_id":"68b7dbca322dac15a0989f57","fixtureName":"Team Anbu vs Team Gethu","fixtureAPIId":1756879818214,"fixtureDisplayName":"TA vs TG","fixtureStartDate":"2025-09-03T06:15:00.000Z","fixtureStatus":"Completed","fixtureStatusType":3,"fixtureVenue":"Dubai","fixtureType":"OTHERS","seriesName":"","seriesShortName":"","seriesAPIId":0,"fixtureTeams":{"teamA":{"name":"Team Anbu","shortName":"TA","teamAPIId":1755607036402,"logo":"https://scorecraze-production.s3.ap-south-1.amazonaws.com/1755607286750-1755607036402"},"teamB":{"name":"Team Gethu","shortName":"TG","teamAPIId":1755607051158,"logo":"https://scorecraze-production.s3.ap-south-1.amazonaws.com/1755607294078-1755607051158"}},"lineupsOut":true,"enabledStatus":true,"isactive":true,"joinedUsers":[],"toss":true,"isLocal":true,"createdBy":"6892f46cb250a4f6b1bedce7","createdAt":"2025-09-03T06:10:18.218Z","updatedAt":"2025-09-03T10:37:22.614Z","__v":0,"summary":"TG won by 3 wickets"},{"_id":"68b680c9322dac15a0986022","fixtureName":"Chennai Sharks vs MI Legends","fixtureAPIId":1756790985168,"fixtureDisplayName":"CS vs ML","fixtureStartDate":"2025-09-02T05:30:00.000Z","fixtureStatus":"Completed","fixtureStatusType":3,"fixtureVenue":"Karapakkam","fixtureType":"OTHERS","seriesName":"","seriesShortName":"","seriesAPIId":0,"fixtureTeams":{"teamA":{"name":"Chennai Sharks","shortName":"CS","teamAPIId":1755506184214,"logo":"https://scorecraze-production.s3.ap-south-1.amazonaws.com/1755506184214-1755506184214"},"teamB":{"name":"MI Legends","shortName":"ML","teamAPIId":1755506194965,"logo":"https://scorecraze-production.s3.ap-south-1.amazonaws.com/1755506194965-1755506194965"}},"lineupsOut":true,"enabledStatus":true,"isactive":true,"joinedUsers":[],"toss":true,"isLocal":true,"createdBy":"6892f46cb250a4f6b1bedce7","createdAt":"2025-09-02T05:29:45.172Z","updatedAt":"2025-09-02T05:46:38.803Z","__v":0,"summary":"ML won by 3 wickets"},{"_id":"68b59db4322dac15a0984be7","fixtureName":"Team Anbu vs Team Gethu","fixtureAPIId":1756732852339,"fixtureDisplayName":"TA vs TG","fixtureStartDate":"2025-09-01T13:25:00.000Z","fixtureStatus":"Completed","fixtureStatusType":3,"fixtureVenue":"Chennai","fixtureType":"OTHERS","seriesName":"","seriesShortName":"","seriesAPIId":0,"fixtureTeams":{"teamA":{"name":"Team Anbu","shortName":"TA","teamAPIId":1755607036402,"logo":"https://scorecraze-production.s3.ap-south-1.amazonaws.com/1755607286750-1755607036402"},"teamB":{"name":"Team Gethu","shortName":"TG","teamAPIId":1755607051158,"logo":"https://scorecraze-production.s3.ap-south-1.amazonaws.com/1755607294078-1755607051158"}},"lineupsOut":true,"enabledStatus":true,"isactive":true,"joinedUsers":[],"toss":true,"isLocal":true,"createdBy":"6892f46cb250a4f6b1bedce7","createdAt":"2025-09-01T13:20:52.350Z","updatedAt":"2025-09-01T13:31:48.127Z","__v":0,"summary":"TG won by 3 wickets"},{"_id":"68b1470c1f1848b1e1c39fb9","fixtureName":"Chennai Sharks vs MI Legends","fixtureAPIId":1756448524072,"fixtureDisplayName":"CS vs ML","fixtureStartDate":"2025-08-29T18:30:00.000Z","fixtureStatus":"Completed","fixtureStatusType":3,"fixtureVenue":"gunidy","fixtureType":"OTHERS","seriesName":"","seriesShortName":"","seriesAPIId":0,"fixtureTeams":{"teamA":{"name":"Chennai Sharks","shortName":"CS","teamAPIId":1755506184214,"logo":"https://scorecraze-production.s3.ap-south-1.amazonaws.com/1755506184214-1755506184214"},"teamB":{"name":"MI Legends","shortName":"ML","teamAPIId":1755506194965,"logo":"https://scorecraze-production.s3.ap-south-1.amazonaws.com/1755506194965-1755506194965"}},"lineupsOut":true,"enabledStatus":true,"isactive":true,"joinedUsers":[],"toss":true,"isLocal":true,"createdBy":"6892f46cb250a4f6b1bedce7","__v":0,"summary":"CS won by 3 wickets"},{"_id":"68b16a8e62a5a290f8b8a29f","fixtureName":"Chennai Sharks vs MI Legends","fixtureAPIId":1756457614371,"fixtureDisplayName":"CS vs ML","fixtureStartDate":"2025-08-29T18:30:00.000Z","fixtureStatus":"Completed","fixtureStatusType":3,"fixtureVenue":"fgfg","fixtureType":"OTHERS","seriesName":"","seriesShortName":"","seriesAPIId":0,"fixtureTeams":{"teamA":{"name":"Chennai Sharks","shortName":"CS","teamAPIId":1755506184214,"logo":"https://scorecraze-production.s3.ap-south-1.amazonaws.com/1755506184214-1755506184214"},"teamB":{"name":"MI Legends","shortName":"ML","teamAPIId":1755506194965,"logo":"https://scorecraze-production.s3.ap-south-1.amazonaws.com/1755506194965-1755506194965"}},"lineupsOut":true,"enabledStatus":true,"isactive":true,"joinedUsers":[],"toss":true,"isLocal":true,"createdBy":"6892f46cb250a4f6b1bedce7","createdAt":"2025-08-29T08:53:34.384Z","updatedAt":"2025-09-05T07:20:17.122Z","__v":0,"summary":"ML won by 0 wickets"},{"_id":"68b132e2593666342dd0f44c","fixtureName":"Chennai Sharks vs MI Legends","fixtureAPIId":1756443362502,"fixtureDisplayName":"CS vs ML","fixtureStartDate":"2025-08-29T18:30:00.000Z","fixtureStatus":"Completed","fixtureStatusType":3,"fixtureVenue":"pl","fixtureType":"OTHERS","seriesName":"","seriesShortName":"","seriesAPIId":0,"fixtureTeams":{"teamA":{"name":"Chennai Sharks","shortName":"CS","teamAPIId":1755506184214,"logo":"https://scorecraze-production.s3.ap-south-1.am"
00:31:37.383 [pool-2-thread-4] DEBUG org.apache.http.headers -- http-outgoing-2 << HTTP/1.1 200 OK
00:31:37.383 [pool-2-thread-4] DEBUG org.apache.http.headers -- http-outgoing-2 << Server: nginx/1.22.1
00:31:37.383 [pool-2-thread-4] DEBUG org.apache.http.headers -- http-outgoing-2 << Date: Sat, 04 Oct 2025 19:01:36 GMT
00:31:37.383 [pool-2-thread-4] DEBUG org.apache.http.headers -- http-outgoing-2 << Content-Type: application/json; charset=utf-8
00:31:37.383 [pool-2-thread-4] DEBUG org.apache.http.headers -- http-outgoing-2 << Content-Length: 9174
00:31:37.383 [pool-2-thread-4] DEBUG org.apache.http.headers -- http-outgoing-2 << Connection: keep-alive
00:31:37.383 [pool-2-thread-4] DEBUG org.apache.http.headers -- http-outgoing-2 << X-Powered-By: Express
00:31:37.383 [pool-2-thread-4] DEBUG org.apache.http.headers -- http-outgoing-2 << Access-Control-Allow-Origin: *
00:31:37.383 [pool-2-thread-4] DEBUG org.apache.http.headers -- http-outgoing-2 << ETag: W/"23d6-dLi5ooi7FUiJvghIaNw/aNXB8H8"
00:31:37.383 [pool-2-thread-4] DEBUG org.apache.http.impl.execchain.MainClientExec -- Connection can be kept alive indefinitely
00:31:37.384 [pool-2-thread-4] DEBUG org.apache.http.wire -- http-outgoing-2 << "azonaws.com/1755506184214-1755506184214"},"teamB":{"name":"MI Legends","shortName":"ML","teamAPIId":1755506194965,"logo":"https://scorecraze-production.s3.ap-south-1.amazonaws.com/1755506194965-1755506194965"}},"lineupsOut":true,"enabledStatus":true,"isactive":true,"joinedUsers":[],"toss":true,"isLocal":true,"createdBy":"6892f46cb250a4f6b1bedce7","__v":0,"summary":""},{"_id":"68b141d1593666342dd0f978","fixtureName":"Chennai Sharks vs MI Legends","fixtureAPIId":1756447185095,"fixtureDisplayName":"CS vs ML","fixtureStartDate":"2025-08-29T17:59:00.000Z","fixtureStatus":"Completed","fixtureStatusType":3,"fixtureVenue":"guk","fixtureType":"OTHERS","seriesName":"","seriesShortName":"","seriesAPIId":0,"fixtureTeams":{"teamA":{"name":"Chennai Sharks","shortName":"CS","teamAPIId":1755506184214,"logo":"https://scorecraze-production.s3.ap-south-1.amazonaws.com/1755506184214-1755506184214"},"teamB":{"name":"MI Legends","shortName":"ML","teamAPIId":1755506194965,"logo":"https://scorecraze-production.s3.ap-south-1.amazonaw"
00:31:37.384 [pool-2-thread-4] DEBUG org.apache.http.wire -- http-outgoing-2 << "s.com/1755506194965-1755506194965"}},"lineupsOut":true,"enabledStatus":true,"isactive":true,"joinedUsers":[],"toss":true,"isLocal":true,"createdBy":"6892f46cb250a4f6b1bedce7","__v":0,"summary":""}],"totalPage":3,"currentPage":1}"
00:31:37.384 [pool-2-thread-4] DEBUG org.apache.http.impl.conn.PoolingHttpClientConnectionManager -- Connection [id: 0][route: {s}->https://dev.scorecraze.app:443] can be kept alive indefinitely
00:31:37.384 [pool-2-thread-4] DEBUG org.apache.http.impl.conn.DefaultManagedHttpClientConnection -- http-outgoing-2: set socket timeout to 0
00:31:37.384 [pool-2-thread-4] DEBUG org.apache.http.impl.conn.PoolingHttpClientConnectionManager -- Connection released: [id: 0][route: {s}->https://dev.scorecraze.app:443][total available: 1; route allocated: 1 of 5; total allocated: 1 of 10]
00:31:37.384 [pool-2-thread-4] DEBUG org.apache.http.impl.conn.PoolingHttpClientConnectionManager -- Connection manager is shutting down
00:31:37.384 [pool-2-thread-4] DEBUG org.apache.http.impl.conn.DefaultManagedHttpClientConnection -- http-outgoing-2: Close connection
00:31:37.384 [pool-2-thread-4] DEBUG org.apache.http.impl.conn.PoolingHttpClientConnectionManager -- Connection manager shut down
00:31:37.384 [pool-2-thread-4] DEBUG com.intuit.karate -- response time in milliseconds: 652
1 < 200
1 < Server: nginx/1.22.1
1 < Date: Sat, 04 Oct 2025 19:01:36 GMT
1 < Content-Type: application/json; charset=utf-8
1 < Content-Length: 9174
1 < Connection: keep-alive
1 < X-Powered-By: Express
1 < Access-Control-Allow-Origin: *
1 < ETag: W/"23d6-dLi5ooi7FUiJvghIaNw/aNXB8H8"
{"message":"Fixtures Listed successfully","data":[{"_id":"68b15391593666342dd101c8","fixtureName":"Chennai Sharks vs MI Legends","fixtureAPIId":1756451729991,"fixtureDisplayName":"CS vs ML","fixtureStartDate":"2025-09-30T09:15:00.000Z","fixtureStatus":"Completed","fixtureStatusType":3,"fixtureVenue":"Chennai ","fixtureType":"OTHERS","seriesName":"","seriesShortName":"","seriesAPIId":0,"fixtureTeams":{"teamA":{"name":"Chennai Sharks","shortName":"CS","teamAPIId":1755506184214,"logo":"https://scorecraze-production.s3.ap-south-1.amazonaws.com/1755506184214-1755506184214"},"teamB":{"name":"MI Legends","shortName":"ML","teamAPIId":1755506194965,"logo":"https://scorecraze-production.s3.ap-south-1.amazonaws.com/1755506194965-1755506194965"}},"lineupsOut":true,"enabledStatus":true,"isactive":true,"joinedUsers":[],"toss":true,"isLocal":true,"createdBy":"6892f46cb250a4f6b1bedce7","__v":0,"updatedAt":"2025-08-29T09:27:29.653Z","summary":""},{"_id":"68b15391593666342dd101b5","fixtureName":"Chennai Sharks vs MI Legends","fixtureAPIId":1756451729400,"fixtureDisplayName":"CS vs ML","fixtureStartDate":"2025-09-13T07:25:00.000Z","fixtureStatus":"Completed","fixtureStatusType":3,"fixtureVenue":"Arena","fixtureType":"T10","seriesName":"","seriesShortName":"","seriesAPIId":0,"fixtureTeams":{"teamA":{"name":"Chennai Sharks","shortName":"CS","teamAPIId":1755506184214,"logo":"https://scorecraze-production.s3.ap-south-1.amazonaws.com/1755506184214-1755506184214"},"teamB":{"name":"MI Legends","shortName":"ML","teamAPIId":1755506194965,"logo":"https://scorecraze-production.s3.ap-south-1.amazonaws.com/1755506194965-1755506194965"}},"lineupsOut":true,"enabledStatus":true,"isactive":true,"joinedUsers":[],"toss":true,"isLocal":true,"createdBy":"6892f46cb250a4f6b1bedce7","__v":0,"updatedAt":"2025-09-02T13:31:34.538Z","summary":"CS won by 11 runs"},{"_id":"68b93afefe9b55740eedff5e","fixtureName":"Team Anbu vs Team Gethu","fixtureAPIId":1756969726043,"fixtureDisplayName":"TA vs TG","fixtureStartDate":"2025-09-04T07:11:33.000Z","fixtureStatus":"Completed","fixtureStatusType":3,"fixtureVenue":"Jodhpur","fixtureType":"OTHERS","seriesName":"","seriesShortName":"","seriesAPIId":0,"fixtureTeams":{"teamA":{"name":"Team Anbu","shortName":"TA","teamAPIId":1755607036402,"logo":"https://scorecraze-production.s3.ap-south-1.amazonaws.com/1755607286750-1755607036402"},"teamB":{"name":"Team Gethu","shortName":"TG","teamAPIId":1755607051158,"logo":"https://scorecraze-production.s3.ap-south-1.amazonaws.com/1755607294078-1755607051158"}},"lineupsOut":true,"enabledStatus":true,"isactive":true,"joinedUsers":[],"toss":true,"isLocal":true,"createdBy":"6892f46cb250a4f6b1bedce7","createdAt":"2025-09-04T07:08:46.053Z","updatedAt":"2025-09-04T11:44:58.067Z","__v":0,"summary":"TG won by 3 wickets"},{"_id":"68b7dbca322dac15a0989f57","fixtureName":"Team Anbu vs Team Gethu","fixtureAPIId":1756879818214,"fixtureDisplayName":"TA vs TG","fixtureStartDate":"2025-09-03T06:15:00.000Z","fixtureStatus":"Completed","fixtureStatusType":3,"fixtureVenue":"Dubai","fixtureType":"OTHERS","seriesName":"","seriesShortName":"","seriesAPIId":0,"fixtureTeams":{"teamA":{"name":"Team Anbu","shortName":"TA","teamAPIId":1755607036402,"logo":"https://scorecraze-production.s3.ap-south-1.amazonaws.com/1755607286750-1755607036402"},"teamB":{"name":"Team Gethu","shortName":"TG","teamAPIId":1755607051158,"logo":"https://scorecraze-production.s3.ap-south-1.amazonaws.com/1755607294078-1755607051158"}},"lineupsOut":true,"enabledStatus":true,"isactive":true,"joinedUsers":[],"toss":true,"isLocal":true,"createdBy":"6892f46cb250a4f6b1bedce7","createdAt":"2025-09-03T06:10:18.218Z","updatedAt":"2025-09-03T10:37:22.614Z","__v":0,"summary":"TG won by 3 wickets"},{"_id":"68b680c9322dac15a0986022","fixtureName":"Chennai Sharks vs MI Legends","fixtureAPIId":1756790985168,"fixtureDisplayName":"CS vs ML","fixtureStartDate":"2025-09-02T05:30:00.000Z","fixtureStatus":"Completed","fixtureStatusType":3,"fixtureVenue":"Karapakkam","fixtureType":"OTHERS","seriesName":"","seriesShortName":"","seriesAPIId":0,"fixtureTeams":{"teamA":{"name":"Chennai Sharks","shortName":"CS","teamAPIId":1755506184214,"logo":"https://scorecraze-production.s3.ap-south-1.amazonaws.com/1755506184214-1755506184214"},"teamB":{"name":"MI Legends","shortName":"ML","teamAPIId":1755506194965,"logo":"https://scorecraze-production.s3.ap-south-1.amazonaws.com/1755506194965-1755506194965"}},"lineupsOut":true,"enabledStatus":true,"isactive":true,"joinedUsers":[],"toss":true,"isLocal":true,"createdBy":"6892f46cb250a4f6b1bedce7","createdAt":"2025-09-02T05:29:45.172Z","updatedAt":"2025-09-02T05:46:38.803Z","__v":0,"summary":"ML won by 3 wickets"},{"_id":"68b59db4322dac15a0984be7","fixtureName":"Team Anbu vs Team Gethu","fixtureAPIId":1756732852339,"fixtureDisplayName":"TA vs TG","fixtureStartDate":"2025-09-01T13:25:00.000Z","fixtureStatus":"Completed","fixtureStatusType":3,"fixtureVenue":"Chennai","fixtureType":"OTHERS","seriesName":"","seriesShortName":"","seriesAPIId":0,"fixtureTeams":{"teamA":{"name":"Team Anbu","shortName":"TA","teamAPIId":1755607036402,"logo":"https://scorecraze-production.s3.ap-south-1.amazonaws.com/1755607286750-1755607036402"},"teamB":{"name":"Team Gethu","shortName":"TG","teamAPIId":1755607051158,"logo":"https://scorecraze-production.s3.ap-south-1.amazonaws.com/1755607294078-1755607051158"}},"lineupsOut":true,"enabledStatus":true,"isactive":true,"joinedUsers":[],"toss":true,"isLocal":true,"createdBy":"6892f46cb250a4f6b1bedce7","createdAt":"2025-09-01T13:20:52.350Z","updatedAt":"2025-09-01T13:31:48.127Z","__v":0,"summary":"TG won by 3 wickets"},{"_id":"68b1470c1f1848b1e1c39fb9","fixtureName":"Chennai Sharks vs MI Legends","fixtureAPIId":1756448524072,"fixtureDisplayName":"CS vs ML","fixtureStartDate":"2025-08-29T18:30:00.000Z","fixtureStatus":"Completed","fixtureStatusType":3,"fixtureVenue":"gunidy","fixtureType":"OTHERS","seriesName":"","seriesShortName":"","seriesAPIId":0,"fixtureTeams":{"teamA":{"name":"Chennai Sharks","shortName":"CS","teamAPIId":1755506184214,"logo":"https://scorecraze-production.s3.ap-south-1.amazonaws.com/1755506184214-1755506184214"},"teamB":{"name":"MI Legends","shortName":"ML","teamAPIId":1755506194965,"logo":"https://scorecraze-production.s3.ap-south-1.amazonaws.com/1755506194965-1755506194965"}},"lineupsOut":true,"enabledStatus":true,"isactive":true,"joinedUsers":[],"toss":true,"isLocal":true,"createdBy":"6892f46cb250a4f6b1bedce7","__v":0,"summary":"CS won by 3 wickets"},{"_id":"68b16a8e62a5a290f8b8a29f","fixtureName":"Chennai Sharks vs MI Legends","fixtureAPIId":1756457614371,"fixtureDisplayName":"CS vs ML","fixtureStartDate":"2025-08-29T18:30:00.000Z","fixtureStatus":"Completed","fixtureStatusType":3,"fixtureVenue":"fgfg","fixtureType":"OTHERS","seriesName":"","seriesShortName":"","seriesAPIId":0,"fixtureTeams":{"teamA":{"name":"Chennai Sharks","shortName":"CS","teamAPIId":1755506184214,"logo":"https://scorecraze-production.s3.ap-south-1.amazonaws.com/1755506184214-1755506184214"},"teamB":{"name":"MI Legends","shortName":"ML","teamAPIId":1755506194965,"logo":"https://scorecraze-production.s3.ap-south-1.amazonaws.com/1755506194965-1755506194965"}},"lineupsOut":true,"enabledStatus":true,"isactive":true,"joinedUsers":[],"toss":true,"isLocal":true,"createdBy":"6892f46cb250a4f6b1bedce7","createdAt":"2025-08-29T08:53:34.384Z","updatedAt":"2025-09-05T07:20:17.122Z","__v":0,"summary":"ML won by 0 wickets"},{"_id":"68b132e2593666342dd0f44c","fixtureName":"Chennai Sharks vs MI Legends","fixtureAPIId":1756443362502,"fixtureDisplayName":"CS vs ML","fixtureStartDate":"2025-08-29T18:30:00.000Z","fixtureStatus":"Completed","fixtureStatusType":3,"fixtureVenue":"pl","fixtureType":"OTHERS","seriesName":"","seriesShortName":"","seriesAPIId":0,"fixtureTeams":{"teamA":{"name":"Chennai Sharks","shortName":"CS","teamAPIId":1755506184214,"logo":"https://scorecraze-production.s3.ap-south-1.amazonaws.com/1755506184214-1755506184214"},"teamB":{"name":"MI Legends","shortName":"ML","teamAPIId":1755506194965,"logo":"https://scorecraze-production.s3.ap-south-1.amazonaws.com/1755506194965-1755506194965"}},"lineupsOut":true,"enabledStatus":true,"isactive":true,"joinedUsers":[],"toss":true,"isLocal":true,"createdBy":"6892f46cb250a4f6b1bedce7","__v":0,"summary":""},{"_id":"68b141d1593666342dd0f978","fixtureName":"Chennai Sharks vs MI Legends","fixtureAPIId":1756447185095,"fixtureDisplayName":"CS vs ML","fixtureStartDate":"2025-08-29T17:59:00.000Z","fixtureStatus":"Completed","fixtureStatusType":3,"fixtureVenue":"guk","fixtureType":"OTHERS","seriesName":"","seriesShortName":"","seriesAPIId":0,"fixtureTeams":{"teamA":{"name":"Chennai Sharks","shortName":"CS","teamAPIId":1755506184214,"logo":"https://scorecraze-production.s3.ap-south-1.amazonaws.com/1755506184214-1755506184214"},"teamB":{"name":"MI Legends","shortName":"ML","teamAPIId":1755506194965,"logo":"https://scorecraze-production.s3.ap-south-1.amazonaws.com/1755506194965-1755506194965"}},"lineupsOut":true,"enabledStatus":true,"isactive":true,"joinedUsers":[],"toss":true,"isLocal":true,"createdBy":"6892f46cb250a4f6b1bedce7","__v":0,"summary":""}],"totalPage":3,"currentPage":1}

00:31:37.387 [pool-2-thread-4] INFO com.intuit.karate -- [print] {
  "message": "Fixtures Listed successfully",
  "data": [
    {
      "_id": "68b15391593666342dd101c8",
      "fixtureName": "Chennai Sharks vs MI Legends",
      "fixtureAPIId": 1756451729991,
      "fixtureDisplayName": "CS vs ML",
      "fixtureStartDate": "2025-09-30T09:15:00.000Z",
      "fixtureStatus": "Completed",
      "fixtureStatusType": 3,
      "fixtureVenue": "Chennai ",
      "fixtureType": "OTHERS",
      "seriesName": "",
      "seriesShortName": "",
      "seriesAPIId": 0,
      "fixtureTeams": {
        "teamA": {
          "name": "Chennai Sharks",
          "shortName": "CS",
          "teamAPIId": 1755506184214,
          "logo": "https://scorecraze-production.s3.ap-south-1.amazonaws.com/1755506184214-1755506184214"
        },
        "teamB": {
          "name": "MI Legends",
          "shortName": "ML",
          "teamAPIId": 1755506194965,
          "logo": "https://scorecraze-production.s3.ap-south-1.amazonaws.com/1755506194965-1755506194965"
        }
      },
      "lineupsOut": true,
      "enabledStatus": true,
      "isactive": true,
      "joinedUsers": [
      ],
      "toss": true,
      "isLocal": true,
      "createdBy": "6892f46cb250a4f6b1bedce7",
      "__v": 0,
      "updatedAt": "2025-08-29T09:27:29.653Z",
      "summary": ""
    },
    {
      "_id": "68b15391593666342dd101b5",
      "fixtureName": "Chennai Sharks vs MI Legends",
      "fixtureAPIId": 1756451729400,
      "fixtureDisplayName": "CS vs ML",
      "fixtureStartDate": "2025-09-13T07:25:00.000Z",
      "fixtureStatus": "Completed",
      "fixtureStatusType": 3,
      "fixtureVenue": "Arena",
      "fixtureType": "T10",
      "seriesName": "",
      "seriesShortName": "",
      "seriesAPIId": 0,
      "fixtureTeams": {
        "teamA": {
          "name": "Chennai Sharks",
          "shortName": "CS",
          "teamAPIId": 1755506184214,
          "logo": "https://scorecraze-production.s3.ap-south-1.amazonaws.com/1755506184214-1755506184214"
        },
        "teamB": {
          "name": "MI Legends",
          "shortName": "ML",
          "teamAPIId": 1755506194965,
          "logo": "https://scorecraze-production.s3.ap-south-1.amazonaws.com/1755506194965-1755506194965"
        }
      },
      "lineupsOut": true,
      "enabledStatus": true,
      "isactive": true,
      "joinedUsers": [
      ],
      "toss": true,
      "isLocal": true,
      "createdBy": "6892f46cb250a4f6b1bedce7",
      "__v": 0,
      "updatedAt": "2025-09-02T13:31:34.538Z",
      "summary": "CS won by 11 runs"
    },
    {
      "_id": "68b93afefe9b55740eedff5e",
      "fixtureName": "Team Anbu vs Team Gethu",
      "fixtureAPIId": 1756969726043,
      "fixtureDisplayName": "TA vs TG",
      "fixtureStartDate": "2025-09-04T07:11:33.000Z",
      "fixtureStatus": "Completed",
      "fixtureStatusType": 3,
      "fixtureVenue": "Jodhpur",
      "fixtureType": "OTHERS",
      "seriesName": "",
      "seriesShortName": "",
      "seriesAPIId": 0,
      "fixtureTeams": {
        "teamA": {
          "name": "Team Anbu",
          "shortName": "TA",
          "teamAPIId": 1755607036402,
          "logo": "https://scorecraze-production.s3.ap-south-1.amazonaws.com/1755607286750-1755607036402"
        },
        "teamB": {
          "name": "Team Gethu",
          "shortName": "TG",
          "teamAPIId": 1755607051158,
          "logo": "https://scorecraze-production.s3.ap-south-1.amazonaws.com/1755607294078-1755607051158"
        }
      },
      "lineupsOut": true,
      "enabledStatus": true,
      "isactive": true,
      "joinedUsers": [
      ],
      "toss": true,
      "isLocal": true,
      "createdBy": "6892f46cb250a4f6b1bedce7",
      "createdAt": "2025-09-04T07:08:46.053Z",
      "updatedAt": "2025-09-04T11:44:58.067Z",
      "__v": 0,
      "summary": "TG won by 3 wickets"
    },
    {
      "_id": "68b7dbca322dac15a0989f57",
      "fixtureName": "Team Anbu vs Team Gethu",
      "fixtureAPIId": 1756879818214,
      "fixtureDisplayName": "TA vs TG",
      "fixtureStartDate": "2025-09-03T06:15:00.000Z",
      "fixtureStatus": "Completed",
      "fixtureStatusType": 3,
      "fixtureVenue": "Dubai",
      "fixtureType": "OTHERS",
      "seriesName": "",
      "seriesShortName": "",
      "seriesAPIId": 0,
      "fixtureTeams": {
        "teamA": {
          "name": "Team Anbu",
          "shortName": "TA",
          "teamAPIId": 1755607036402,
          "logo": "https://scorecraze-production.s3.ap-south-1.amazonaws.com/1755607286750-1755607036402"
        },
        "teamB": {
          "name": "Team Gethu",
          "shortName": "TG",
          "teamAPIId": 1755607051158,
          "logo": "https://scorecraze-production.s3.ap-south-1.amazonaws.com/1755607294078-1755607051158"
        }
      },
      "lineupsOut": true,
      "enabledStatus": true,
      "isactive": true,
      "joinedUsers": [
      ],
      "toss": true,
      "isLocal": true,
      "createdBy": "6892f46cb250a4f6b1bedce7",
      "createdAt": "2025-09-03T06:10:18.218Z",
      "updatedAt": "2025-09-03T10:37:22.614Z",
      "__v": 0,
      "summary": "TG won by 3 wickets"
    },
    {
      "_id": "68b680c9322dac15a0986022",
      "fixtureName": "Chennai Sharks vs MI Legends",
      "fixtureAPIId": 1756790985168,
      "fixtureDisplayName": "CS vs ML",
      "fixtureStartDate": "2025-09-02T05:30:00.000Z",
      "fixtureStatus": "Completed",
      "fixtureStatusType": 3,
      "fixtureVenue": "Karapakkam",
      "fixtureType": "OTHERS",
      "seriesName": "",
      "seriesShortName": "",
      "seriesAPIId": 0,
      "fixtureTeams": {
        "teamA": {
          "name": "Chennai Sharks",
          "shortName": "CS",
          "teamAPIId": 1755506184214,
          "logo": "https://scorecraze-production.s3.ap-south-1.amazonaws.com/1755506184214-1755506184214"
        },
        "teamB": {
          "name": "MI Legends",
          "shortName": "ML",
          "teamAPIId": 1755506194965,
          "logo": "https://scorecraze-production.s3.ap-south-1.amazonaws.com/1755506194965-1755506194965"
        }
      },
      "lineupsOut": true,
      "enabledStatus": true,
      "isactive": true,
      "joinedUsers": [
      ],
      "toss": true,
      "isLocal": true,
      "createdBy": "6892f46cb250a4f6b1bedce7",
      "createdAt": "2025-09-02T05:29:45.172Z",
      "updatedAt": "2025-09-02T05:46:38.803Z",
      "__v": 0,
      "summary": "ML won by 3 wickets"
    },
    {
      "_id": "68b59db4322dac15a0984be7",
      "fixtureName": "Team Anbu vs Team Gethu",
      "fixtureAPIId": 1756732852339,
      "fixtureDisplayName": "TA vs TG",
      "fixtureStartDate": "2025-09-01T13:25:00.000Z",
      "fixtureStatus": "Completed",
      "fixtureStatusType": 3,
      "fixtureVenue": "Chennai",
      "fixtureType": "OTHERS",
      "seriesName": "",
      "seriesShortName": "",
      "seriesAPIId": 0,
      "fixtureTeams": {
        "teamA": {
          "name": "Team Anbu",
          "shortName": "TA",
          "teamAPIId": 1755607036402,
          "logo": "https://scorecraze-production.s3.ap-south-1.amazonaws.com/1755607286750-1755607036402"
        },
        "teamB": {
          "name": "Team Gethu",
          "shortName": "TG",
          "teamAPIId": 1755607051158,
          "logo": "https://scorecraze-production.s3.ap-south-1.amazonaws.com/1755607294078-1755607051158"
        }
      },
      "lineupsOut": true,
      "enabledStatus": true,
      "isactive": true,
      "joinedUsers": [
      ],
      "toss": true,
      "isLocal": true,
      "createdBy": "6892f46cb250a4f6b1bedce7",
      "createdAt": "2025-09-01T13:20:52.350Z",
      "updatedAt": "2025-09-01T13:31:48.127Z",
      "__v": 0,
      "summary": "TG won by 3 wickets"
    },
    {
      "_id": "68b1470c1f1848b1e1c39fb9",
      "fixtureName": "Chennai Sharks vs MI Legends",
      "fixtureAPIId": 1756448524072,
      "fixtureDisplayName": "CS vs ML",
      "fixtureStartDate": "2025-08-29T18:30:00.000Z",
      "fixtureStatus": "Completed",
      "fixtureStatusType": 3,
      "fixtureVenue": "gunidy",
      "fixtureType": "OTHERS",
      "seriesName": "",
      "seriesShortName": "",
      "seriesAPIId": 0,
      "fixtureTeams": {
        "teamA": {
          "name": "Chennai Sharks",
          "shortName": "CS",
          "teamAPIId": 1755506184214,
          "logo": "https://scorecraze-production.s3.ap-south-1.amazonaws.com/1755506184214-1755506184214"
        },
        "teamB": {
          "name": "MI Legends",
          "shortName": "ML",
          "teamAPIId": 1755506194965,
          "logo": "https://scorecraze-production.s3.ap-south-1.amazonaws.com/1755506194965-1755506194965"
        }
      },
      "lineupsOut": true,
      "enabledStatus": true,
      "isactive": true,
      "joinedUsers": [
      ],
      "toss": true,
      "isLocal": true,
      "createdBy": "6892f46cb250a4f6b1bedce7",
      "__v": 0,
      "summary": "CS won by 3 wickets"
    },
    {
      "_id": "68b16a8e62a5a290f8b8a29f",
      "fixtureName": "Chennai Sharks vs MI Legends",
      "fixtureAPIId": 1756457614371,
      "fixtureDisplayName": "CS vs ML",
      "fixtureStartDate": "2025-08-29T18:30:00.000Z",
      "fixtureStatus": "Completed",
      "fixtureStatusType": 3,
      "fixtureVenue": "fgfg",
      "fixtureType": "OTHERS",
      "seriesName": "",
      "seriesShortName": "",
      "seriesAPIId": 0,
      "fixtureTeams": {
        "teamA": {
          "name": "Chennai Sharks",
          "shortName": "CS",
          "teamAPIId": 1755506184214,
          "logo": "https://scorecraze-production.s3.ap-south-1.amazonaws.com/1755506184214-1755506184214"
        },
        "teamB": {
          "name": "MI Legends",
          "shortName": "ML",
          "teamAPIId": 1755506194965,
          "logo": "https://scorecraze-production.s3.ap-south-1.amazonaws.com/1755506194965-1755506194965"
        }
      },
      "lineupsOut": true,
      "enabledStatus": true,
      "isactive": true,
      "joinedUsers": [
      ],
      "toss": true,
      "isLocal": true,
      "createdBy": "6892f46cb250a4f6b1bedce7",
      "createdAt": "2025-08-29T08:53:34.384Z",
      "updatedAt": "2025-09-05T07:20:17.122Z",
      "__v": 0,
      "summary": "ML won by 0 wickets"
    },
    {
      "_id": "68b132e2593666342dd0f44c",
      "fixtureName": "Chennai Sharks vs MI Legends",
      "fixtureAPIId": 1756443362502,
      "fixtureDisplayName": "CS vs ML",
      "fixtureStartDate": "2025-08-29T18:30:00.000Z",
      "fixtureStatus": "Completed",
      "fixtureStatusType": 3,
      "fixtureVenue": "pl",
      "fixtureType": "OTHERS",
      "seriesName": "",
      "seriesShortName": "",
      "seriesAPIId": 0,
      "fixtureTeams": {
        "teamA": {
          "name": "Chennai Sharks",
          "shortName": "CS",
          "teamAPIId": 1755506184214,
          "logo": "https://scorecraze-production.s3.ap-south-1.amazonaws.com/1755506184214-1755506184214"
        },
        "teamB": {
          "name": "MI Legends",
          "shortName": "ML",
          "teamAPIId": 1755506194965,
          "logo": "https://scorecraze-production.s3.ap-south-1.amazonaws.com/1755506194965-1755506194965"
        }
      },
      "lineupsOut": true,
      "enabledStatus": true,
      "isactive": true,
      "joinedUsers": [
      ],
      "toss": true,
      "isLocal": true,
      "createdBy": "6892f46cb250a4f6b1bedce7",
      "__v": 0,
      "summary": ""
    },
    {
      "_id": "68b141d1593666342dd0f978",
      "fixtureName": "Chennai Sharks vs MI Legends",
      "fixtureAPIId": 1756447185095,
      "fixtureDisplayName": "CS vs ML",
      "fixtureStartDate": "2025-08-29T17:59:00.000Z",
      "fixtureStatus": "Completed",
      "fixtureStatusType": 3,
      "fixtureVenue": "guk",
      "fixtureType": "OTHERS",
      "seriesName": "",
      "seriesShortName": "",
      "seriesAPIId": 0,
      "fixtureTeams": {
        "teamA": {
          "name": "Chennai Sharks",
          "shortName": "CS",
          "teamAPIId": 1755506184214,
          "logo": "https://scorecraze-production.s3.ap-south-1.amazonaws.com/1755506184214-1755506184214"
        },
        "teamB": {
          "name": "MI Legends",
          "shortName": "ML",
          "teamAPIId": 1755506194965,
          "logo": "https://scorecraze-production.s3.ap-south-1.amazonaws.com/1755506194965-1755506194965"
        }
      },
      "lineupsOut": true,
      "enabledStatus": true,
      "isactive": true,
      "joinedUsers": [
      ],
      "toss": true,
      "isLocal": true,
      "createdBy": "6892f46cb250a4f6b1bedce7",
      "__v": 0,
      "summary": ""
    }
  ],
  "totalPage": 3,
  "currentPage": 1
}
 
00:31:37.392 [pool-2-thread-4] DEBUG com.jayway.jsonpath.internal.path.CompiledPath -- Evaluating path: $
00:31:37.394 [pool-2-thread-4] DEBUG org.apache.http.client.protocol.RequestAddCookies -- CookieSpec selected: karate
00:31:37.394 [pool-2-thread-4] DEBUG org.apache.http.client.protocol.RequestAuthCache -- Auth cache not set in the context
00:31:37.394 [pool-2-thread-4] DEBUG com.intuit.karate -- request:
1 > PUT https://dev.scorecraze.app/api/team/cricket/update/1755185471222
1 > Authorization: Bearer eyJhbGciOiJIUzI1NiIsInR5cCI6IkpXVCJ9.eyJfaWQiOiI2ODkyZjQ2Y2IyNTBhNGY2YjFiZWRjZTciLCJ1c2VyTmFtZSI6IkNIQU5EUkFTRUtBUiBTQU5LQVIiLCJlbWFpbCI6ImNoYW5kcm9vczMwQGdtYWlsLmNvbSIsInBhc3N3b3JkIjoiJDJiJDEwJEc1VmEvUFRTckQ0dUZaVXMwWjluTS5VMmhERVZvcVFuaTFseU1jb3ZzMzZjWUpCaU1oODEyIiwicGhvbmVOdW1iZXIiOjAsInJvbGUiOiJBZG1pbiIsImF1dGhUb2tlbiI6ImV5SmhiR2NpT2lKSVV6STFOaUlzSW5SNWNDSTZJa3BYVkNKOS5leUpmYVdRaU9pSTJPRGt5WmpRMlkySXlOVEJoTkdZMllqRmlaV1JqWlRjaUxDSjFjMlZ5VG1GdFpTSTZJbU5vWVNJc0ltVnRZV2xzSWpvaVkyaGhibVJ5YjI5ek16QkFaMjFoYVd3dVkyOXRJaXdpY0dodmJtVk9kVzFpWlhJaU9qQXNJbkp2YkdVaU9pSkJaRzFwYmlJc0ltbHpWbVZ5YVdacFpXUWlPblJ5ZFdVc0lsOWZkaUk2TUN3aWRYQmtZWFJsWkVGMElqb2lNakF5TlMwd09TMHlNbFF3T1RvME1qb3lNaTQ0TURoYUlpd2lhWE5CWTNScGRtVWlPblJ5ZFdVc0lteGhjM1JNYjJkcGJrRjBJam9pTWpBeU5TMHdPUzB3TkZReE16b3dNVG94T1M0NE16UmFJaXdpYVdGMElqb3hOelU0TlRVd09UZzJMQ0psZUhBaU9qRTNOakV5TWprek9EWjkubmtWOG5JOGU3YlROZkZSS0ZRYjFrZFJVdmpLLUw1cVFhYkp5UHEwT3JpYyIsImlzVmVyaWZpZWQiOnRydWUsIl9fdiI6MCwidXBkYXRlZEF0IjoiMjAyNS0xMC0wMVQxODozNDozMC45OTRaIiwiaXNBY3RpdmUiOnRydWUsImxhc3RMb2dpbkF0IjoiMjAyNS0xMC0wMVQxODozNDozMC45OTRaIiwiaXNTb2NpYWxMb2dpbiI6dHJ1ZSwiaWF0IjoxNzU5NjAwNTU2LCJleHAiOjE3NjIyNzg5NTZ9.pGybB6efZuTFj_jWDfEhnRu_Sd7CB2-qD5-kys-J1u8
1 > Content-Type: application/json; charset=UTF-8
1 > Content-Length: 52
1 > Host: dev.scorecraze.app
1 > Connection: Keep-Alive
1 > User-Agent: Apache-HttpClient/4.5.14 (Java/11.0.27)
1 > Accept-Encoding: gzip,deflate
{"teamName":"Multan Sultans","teamDisplayName":"MS"}

00:31:37.394 [pool-2-thread-4] DEBUG org.apache.http.impl.conn.PoolingHttpClientConnectionManager -- Connection request: [route: {s}->https://dev.scorecraze.app:443][total available: 0; route allocated: 0 of 5; total allocated: 0 of 10]
00:31:37.394 [pool-2-thread-4] DEBUG org.apache.http.impl.conn.PoolingHttpClientConnectionManager -- Connection leased: [id: 8][route: {s}->https://dev.scorecraze.app:443][total available: 0; route allocated: 1 of 5; total allocated: 1 of 10]
00:31:37.394 [pool-2-thread-4] DEBUG org.apache.http.impl.execchain.MainClientExec -- Opening connection {s}->https://dev.scorecraze.app:443
00:31:37.394 [pool-2-thread-4] DEBUG org.apache.http.impl.conn.DefaultHttpClientConnectionOperator -- Connecting to dev.scorecraze.app/13.233.24.118:443
00:31:37.394 [pool-2-thread-4] DEBUG org.apache.http.conn.ssl.SSLConnectionSocketFactory -- Connecting socket to dev.scorecraze.app/13.233.24.118:443 with timeout 30000
00:31:37.413 [pool-2-thread-1] DEBUG org.apache.http.conn.ssl.SSLConnectionSocketFactory -- Enabled protocols: [TLSv1.3, TLSv1.2]
00:31:37.413 [pool-2-thread-3] DEBUG org.apache.http.conn.ssl.SSLConnectionSocketFactory -- Enabled protocols: [TLSv1.3, TLSv1.2]
00:31:37.413 [pool-2-thread-1] DEBUG org.apache.http.conn.ssl.SSLConnectionSocketFactory -- Enabled cipher suites:[TLS_AES_256_GCM_SHA384, TLS_AES_128_GCM_SHA256, TLS_CHACHA20_POLY1305_SHA256, TLS_ECDHE_ECDSA_WITH_AES_256_GCM_SHA384, TLS_ECDHE_ECDSA_WITH_AES_128_GCM_SHA256, TLS_ECDHE_ECDSA_WITH_CHACHA20_POLY1305_SHA256, TLS_ECDHE_RSA_WITH_AES_256_GCM_SHA384, TLS_ECDHE_RSA_WITH_CHACHA20_POLY1305_SHA256, TLS_ECDHE_RSA_WITH_AES_128_GCM_SHA256, TLS_DHE_RSA_WITH_AES_256_GCM_SHA384, TLS_DHE_RSA_WITH_CHACHA20_POLY1305_SHA256, TLS_DHE_DSS_WITH_AES_256_GCM_SHA384, TLS_DHE_RSA_WITH_AES_128_GCM_SHA256, TLS_DHE_DSS_WITH_AES_128_GCM_SHA256, TLS_ECDHE_ECDSA_WITH_AES_256_CBC_SHA384, TLS_ECDHE_RSA_WITH_AES_256_CBC_SHA384, TLS_ECDHE_ECDSA_WITH_AES_128_CBC_SHA256, TLS_ECDHE_RSA_WITH_AES_128_CBC_SHA256, TLS_DHE_RSA_WITH_AES_256_CBC_SHA256, TLS_DHE_DSS_WITH_AES_256_CBC_SHA256, TLS_DHE_RSA_WITH_AES_128_CBC_SHA256, TLS_DHE_DSS_WITH_AES_128_CBC_SHA256, TLS_ECDHE_ECDSA_WITH_AES_256_CBC_SHA, TLS_ECDHE_RSA_WITH_AES_256_CBC_SHA, TLS_ECDHE_ECDSA_WITH_AES_128_CBC_SHA, TLS_ECDHE_RSA_WITH_AES_128_CBC_SHA, TLS_DHE_RSA_WITH_AES_256_CBC_SHA, TLS_DHE_DSS_WITH_AES_256_CBC_SHA, TLS_DHE_RSA_WITH_AES_128_CBC_SHA, TLS_DHE_DSS_WITH_AES_128_CBC_SHA, TLS_RSA_WITH_AES_256_GCM_SHA384, TLS_RSA_WITH_AES_128_GCM_SHA256, TLS_RSA_WITH_AES_256_CBC_SHA256, TLS_RSA_WITH_AES_128_CBC_SHA256, TLS_RSA_WITH_AES_256_CBC_SHA, TLS_RSA_WITH_AES_128_CBC_SHA, TLS_EMPTY_RENEGOTIATION_INFO_SCSV]
00:31:37.414 [pool-2-thread-3] DEBUG org.apache.http.conn.ssl.SSLConnectionSocketFactory -- Enabled cipher suites:[TLS_AES_256_GCM_SHA384, TLS_AES_128_GCM_SHA256, TLS_CHACHA20_POLY1305_SHA256, TLS_ECDHE_ECDSA_WITH_AES_256_GCM_SHA384, TLS_ECDHE_ECDSA_WITH_AES_128_GCM_SHA256, TLS_ECDHE_ECDSA_WITH_CHACHA20_POLY1305_SHA256, TLS_ECDHE_RSA_WITH_AES_256_GCM_SHA384, TLS_ECDHE_RSA_WITH_CHACHA20_POLY1305_SHA256, TLS_ECDHE_RSA_WITH_AES_128_GCM_SHA256, TLS_DHE_RSA_WITH_AES_256_GCM_SHA384, TLS_DHE_RSA_WITH_CHACHA20_POLY1305_SHA256, TLS_DHE_DSS_WITH_AES_256_GCM_SHA384, TLS_DHE_RSA_WITH_AES_128_GCM_SHA256, TLS_DHE_DSS_WITH_AES_128_GCM_SHA256, TLS_ECDHE_ECDSA_WITH_AES_256_CBC_SHA384, TLS_ECDHE_RSA_WITH_AES_256_CBC_SHA384, TLS_ECDHE_ECDSA_WITH_AES_128_CBC_SHA256, TLS_ECDHE_RSA_WITH_AES_128_CBC_SHA256, TLS_DHE_RSA_WITH_AES_256_CBC_SHA256, TLS_DHE_DSS_WITH_AES_256_CBC_SHA256, TLS_DHE_RSA_WITH_AES_128_CBC_SHA256, TLS_DHE_DSS_WITH_AES_128_CBC_SHA256, TLS_ECDHE_ECDSA_WITH_AES_256_CBC_SHA, TLS_ECDHE_RSA_WITH_AES_256_CBC_SHA, TLS_ECDHE_ECDSA_WITH_AES_128_CBC_SHA, TLS_ECDHE_RSA_WITH_AES_128_CBC_SHA, TLS_DHE_RSA_WITH_AES_256_CBC_SHA, TLS_DHE_DSS_WITH_AES_256_CBC_SHA, TLS_DHE_RSA_WITH_AES_128_CBC_SHA, TLS_DHE_DSS_WITH_AES_128_CBC_SHA, TLS_RSA_WITH_AES_256_GCM_SHA384, TLS_RSA_WITH_AES_128_GCM_SHA256, TLS_RSA_WITH_AES_256_CBC_SHA256, TLS_RSA_WITH_AES_128_CBC_SHA256, TLS_RSA_WITH_AES_256_CBC_SHA, TLS_RSA_WITH_AES_128_CBC_SHA, TLS_EMPTY_RENEGOTIATION_INFO_SCSV]
00:31:37.414 [pool-2-thread-1] DEBUG org.apache.http.conn.ssl.SSLConnectionSocketFactory -- Starting handshake
00:31:37.414 [pool-2-thread-3] DEBUG org.apache.http.conn.ssl.SSLConnectionSocketFactory -- Starting handshake
00:31:37.428 [pool-2-thread-2] DEBUG org.apache.http.wire -- http-outgoing-4 << "HTTP/1.1 200 OK[\r][\n]"
00:31:37.428 [pool-2-thread-2] DEBUG org.apache.http.wire -- http-outgoing-4 << "Server: nginx/1.22.1[\r][\n]"
00:31:37.428 [pool-2-thread-2] DEBUG org.apache.http.wire -- http-outgoing-4 << "Date: Sat, 04 Oct 2025 19:01:36 GMT[\r][\n]"
00:31:37.428 [pool-2-thread-2] DEBUG org.apache.http.wire -- http-outgoing-4 << "Content-Type: application/json; charset=utf-8[\r][\n]"
00:31:37.428 [pool-2-thread-2] DEBUG org.apache.http.wire -- http-outgoing-4 << "Content-Length: 3573[\r][\n]"
00:31:37.428 [pool-2-thread-2] DEBUG org.apache.http.wire -- http-outgoing-4 << "Connection: keep-alive[\r][\n]"
00:31:37.428 [pool-2-thread-2] DEBUG org.apache.http.wire -- http-outgoing-4 << "X-Powered-By: Express[\r][\n]"
00:31:37.428 [pool-2-thread-2] DEBUG org.apache.http.wire -- http-outgoing-4 << "Access-Control-Allow-Origin: *[\r][\n]"
00:31:37.428 [pool-2-thread-2] DEBUG org.apache.http.wire -- http-outgoing-4 << "ETag: W/"df5-RYBwTt13zt7/D+SMzfAVXon03Zw"[\r][\n]"
00:31:37.428 [pool-2-thread-2] DEBUG org.apache.http.wire -- http-outgoing-4 << "[\r][\n]"
00:31:37.429 [pool-2-thread-2] DEBUG org.apache.http.wire -- http-outgoing-4 << "{"data":[{"_id":"68df77c27e0ef53ac0067c7f","playerName":"Dummy","playerDisplayName":"Dum","player_value":{"Test":0,"ODI":0,"T20":0},"player_type":"wk","playerImg":"","playerAPIId":1759475650286,"mobileNumber":"9174963102","isVerified":false,"createdBy":"6892f46cb250a4f6b1bedce7","createdAt":"2025-10-03T07:14:10.290Z","updatedAt":"2025-10-03T07:14:10.290Z","__v":0},{"_id":"68a47090df63f97065478346","playerName":"Tamilarasan","playerDisplayName":"Tamil","player_value":"0","player_type":"bowl","playerAPIId":1755607184602,"mobileNumber":"9404640485","isVerified":false,"createdBy":"6892f46cb250a4f6b1bedce7","__v":0,"playerImg":"https://scorecraze-production.s3.ap-south-1.amazonaws.com/1755607709392-1755607184602"},{"_id":"68a47083df63f97065478342","playerName":"Karthik Dhoni","playerDisplayName":"KD","player_value":"0","player_type":"wk","playerAPIId":1755607171756,"mobileNumber":"9404438105","isVerified":false,"createdBy":"6892f46cb250a4f6b1bedce7","__v":0,"playerImg":"https://scorecraze-production.s3.ap-south-1.amazonaws.com/1755608066364-1755607171756"},{"_id":"68a47076df63f9706547833e","playerName":"Vignesh Gethu","playerDisplayName":"Vicky","player_value":"0","player_type":"bat","playerAPIId":1755607158883,"mobileNumber":"9543138205","isVerified":false,"createdBy":"6892f46cb250a4f6b1bedce7","__v":0,"playerImg":"https://scorecraze-production.s3.ap-south-1.amazonaws.com/1755607749324-1755607158883"},{"_id":"68a46fe1df63f9706547831c","playerName":"Sudharsanan","playerDisplayName":"Sn","player_value":"0","player_type":"bowl","playerImg":"https://scorecraze-production.s3.ap-south-1.amazonaws.com/1755607766883-1755607010505","playerAPIId":1755607010505,"mobileNumber":"9054355088","isVerified":false,"createdBy":"6892f46cb250a4f6b1bedce7","__v":0},{"_id":"68a46fe1df63f9706547831b","playerName":"Harish","playerDisplayName":"Hh","player_value":"0","player_type":"ar","playerImg":"https://scorecraze-production.s3.ap-south-1.amazonaws.com/1755607789469-1755607009505","playerAPIId":1755607009505,"mobileNumber":"9055880085","isVerified":false,"createdBy":"6892f46cb250a4f6b1bedce7","__v":0},{"_id":"68a46fb2df63f97065478316","playerName":"Seran Baskaran","playerDisplayName":"Seran","player_value":"0","player_type":"bowl","playerAPIId":1755606962052,"mobileNumber":"9351040454","isVerified":false,"createdBy":"6892f46cb250a4f6b1bedce7","__v":0,"playerImg":"https://scorecraze-production.s3.ap-south-1.amazonaws.com/1755607890039-1755606962052"},{"_id":"68a46f92df63f97065478311","playerName":"Vinoth Kanna","playerDisplayName":"VK","player_value":"0","player_type":"ar","playerAPIId":1755606930551,"mobileNumber":"9015124040","isVerified":false,"createdBy":"6892f46cb250a4f6b1bedce7","__v":0,"playerImg":"https://scorecraze-production.s3.ap-south-1.amazonaws.com/1755607801627-1755606930551"},{"_id":"68a46f6edf63f9706547830d","playerName":"Anwin Paulji","playerDisplayName":"Anwin","player_value":"0","player_type":"ar","playerAPIId":1755606894500,"mobileNumber":"9075453148","isVerified":false,"createdBy":"6892f46cb250a4f6b1bedce7","__v":0,"playerImg":"https://scorecraze-production.s3.ap-south-1.amazonaws.com/1755607827941-1755606894500"},{"_id":"68a2e6e09f04af09b16428e0","playerName":"Bharathi","playerDisplayName":"Bharathi","player_value":"0","player_type":"bowl","playerImg":"https://scorecraze-production.s3.ap-south-1.amazonaws.com/1755607843778-1755506400602","playerAPIId":1755506400602,"mobileNumber":"8697548123","isVerified":false,"createdBy":"6892f46cb250a4f6b1bedce7","__v":0}],"status":200,"message":"Players fetched successfully"}"
00:31:37.429 [pool-2-thread-2] DEBUG org.apache.http.headers -- http-outgoing-4 << HTTP/1.1 200 OK
00:31:37.429 [pool-2-thread-2] DEBUG org.apache.http.headers -- http-outgoing-4 << Server: nginx/1.22.1
00:31:37.429 [pool-2-thread-2] DEBUG org.apache.http.headers -- http-outgoing-4 << Date: Sat, 04 Oct 2025 19:01:36 GMT
00:31:37.429 [pool-2-thread-2] DEBUG org.apache.http.headers -- http-outgoing-4 << Content-Type: application/json; charset=utf-8
00:31:37.429 [pool-2-thread-2] DEBUG org.apache.http.headers -- http-outgoing-4 << Content-Length: 3573
00:31:37.429 [pool-2-thread-2] DEBUG org.apache.http.headers -- http-outgoing-4 << Connection: keep-alive
00:31:37.429 [pool-2-thread-2] DEBUG org.apache.http.headers -- http-outgoing-4 << X-Powered-By: Express
00:31:37.429 [pool-2-thread-2] DEBUG org.apache.http.headers -- http-outgoing-4 << Access-Control-Allow-Origin: *
00:31:37.429 [pool-2-thread-2] DEBUG org.apache.http.headers -- http-outgoing-4 << ETag: W/"df5-RYBwTt13zt7/D+SMzfAVXon03Zw"
00:31:37.429 [pool-2-thread-2] DEBUG org.apache.http.impl.execchain.MainClientExec -- Connection can be kept alive indefinitely
00:31:37.429 [pool-2-thread-2] DEBUG org.apache.http.impl.conn.PoolingHttpClientConnectionManager -- Connection [id: 3][route: {s}->https://dev.scorecraze.app:443] can be kept alive indefinitely
00:31:37.429 [pool-2-thread-2] DEBUG org.apache.http.impl.conn.DefaultManagedHttpClientConnection -- http-outgoing-4: set socket timeout to 0
00:31:37.429 [pool-2-thread-2] DEBUG org.apache.http.impl.conn.PoolingHttpClientConnectionManager -- Connection released: [id: 3][route: {s}->https://dev.scorecraze.app:443][total available: 1; route allocated: 1 of 5; total allocated: 1 of 10]
00:31:37.429 [pool-2-thread-2] DEBUG org.apache.http.impl.conn.PoolingHttpClientConnectionManager -- Connection manager is shutting down
00:31:37.429 [pool-2-thread-2] DEBUG org.apache.http.impl.conn.DefaultManagedHttpClientConnection -- http-outgoing-4: Close connection
00:31:37.429 [pool-2-thread-2] DEBUG org.apache.http.impl.conn.PoolingHttpClientConnectionManager -- Connection manager shut down
00:31:37.429 [pool-2-thread-2] DEBUG com.intuit.karate -- response time in milliseconds: 697
1 < 200
1 < Server: nginx/1.22.1
1 < Date: Sat, 04 Oct 2025 19:01:36 GMT
1 < Content-Type: application/json; charset=utf-8
1 < Content-Length: 3573
1 < Connection: keep-alive
1 < X-Powered-By: Express
1 < Access-Control-Allow-Origin: *
1 < ETag: W/"df5-RYBwTt13zt7/D+SMzfAVXon03Zw"
{"data":[{"_id":"68df77c27e0ef53ac0067c7f","playerName":"Dummy","playerDisplayName":"Dum","player_value":{"Test":0,"ODI":0,"T20":0},"player_type":"wk","playerImg":"","playerAPIId":1759475650286,"mobileNumber":"9174963102","isVerified":false,"createdBy":"6892f46cb250a4f6b1bedce7","createdAt":"2025-10-03T07:14:10.290Z","updatedAt":"2025-10-03T07:14:10.290Z","__v":0},{"_id":"68a47090df63f97065478346","playerName":"Tamilarasan","playerDisplayName":"Tamil","player_value":"0","player_type":"bowl","playerAPIId":1755607184602,"mobileNumber":"9404640485","isVerified":false,"createdBy":"6892f46cb250a4f6b1bedce7","__v":0,"playerImg":"https://scorecraze-production.s3.ap-south-1.amazonaws.com/1755607709392-1755607184602"},{"_id":"68a47083df63f97065478342","playerName":"Karthik Dhoni","playerDisplayName":"KD","player_value":"0","player_type":"wk","playerAPIId":1755607171756,"mobileNumber":"9404438105","isVerified":false,"createdBy":"6892f46cb250a4f6b1bedce7","__v":0,"playerImg":"https://scorecraze-production.s3.ap-south-1.amazonaws.com/1755608066364-1755607171756"},{"_id":"68a47076df63f9706547833e","playerName":"Vignesh Gethu","playerDisplayName":"Vicky","player_value":"0","player_type":"bat","playerAPIId":1755607158883,"mobileNumber":"9543138205","isVerified":false,"createdBy":"6892f46cb250a4f6b1bedce7","__v":0,"playerImg":"https://scorecraze-production.s3.ap-south-1.amazonaws.com/1755607749324-1755607158883"},{"_id":"68a46fe1df63f9706547831c","playerName":"Sudharsanan","playerDisplayName":"Sn","player_value":"0","player_type":"bowl","playerImg":"https://scorecraze-production.s3.ap-south-1.amazonaws.com/1755607766883-1755607010505","playerAPIId":1755607010505,"mobileNumber":"9054355088","isVerified":false,"createdBy":"6892f46cb250a4f6b1bedce7","__v":0},{"_id":"68a46fe1df63f9706547831b","playerName":"Harish","playerDisplayName":"Hh","player_value":"0","player_type":"ar","playerImg":"https://scorecraze-production.s3.ap-south-1.amazonaws.com/1755607789469-1755607009505","playerAPIId":1755607009505,"mobileNumber":"9055880085","isVerified":false,"createdBy":"6892f46cb250a4f6b1bedce7","__v":0},{"_id":"68a46fb2df63f97065478316","playerName":"Seran Baskaran","playerDisplayName":"Seran","player_value":"0","player_type":"bowl","playerAPIId":1755606962052,"mobileNumber":"9351040454","isVerified":false,"createdBy":"6892f46cb250a4f6b1bedce7","__v":0,"playerImg":"https://scorecraze-production.s3.ap-south-1.amazonaws.com/1755607890039-1755606962052"},{"_id":"68a46f92df63f97065478311","playerName":"Vinoth Kanna","playerDisplayName":"VK","player_value":"0","player_type":"ar","playerAPIId":1755606930551,"mobileNumber":"9015124040","isVerified":false,"createdBy":"6892f46cb250a4f6b1bedce7","__v":0,"playerImg":"https://scorecraze-production.s3.ap-south-1.amazonaws.com/1755607801627-1755606930551"},{"_id":"68a46f6edf63f9706547830d","playerName":"Anwin Paulji","playerDisplayName":"Anwin","player_value":"0","player_type":"ar","playerAPIId":1755606894500,"mobileNumber":"9075453148","isVerified":false,"createdBy":"6892f46cb250a4f6b1bedce7","__v":0,"playerImg":"https://scorecraze-production.s3.ap-south-1.amazonaws.com/1755607827941-1755606894500"},{"_id":"68a2e6e09f04af09b16428e0","playerName":"Bharathi","playerDisplayName":"Bharathi","player_value":"0","player_type":"bowl","playerImg":"https://scorecraze-production.s3.ap-south-1.amazonaws.com/1755607843778-1755506400602","playerAPIId":1755506400602,"mobileNumber":"8697548123","isVerified":false,"createdBy":"6892f46cb250a4f6b1bedce7","__v":0}],"status":200,"message":"Players fetched successfully"}

00:31:37.431 [pool-2-thread-2] INFO com.intuit.karate -- [print] {
  "data": [
    {
      "_id": "68df77c27e0ef53ac0067c7f",
      "playerName": "Dummy",
      "playerDisplayName": "Dum",
      "player_value": {
        "Test": 0,
        "ODI": 0,
        "T20": 0
      },
      "player_type": "wk",
      "playerImg": "",
      "playerAPIId": 1759475650286,
      "mobileNumber": "9174963102",
      "isVerified": false,
      "createdBy": "6892f46cb250a4f6b1bedce7",
      "createdAt": "2025-10-03T07:14:10.290Z",
      "updatedAt": "2025-10-03T07:14:10.290Z",
      "__v": 0
    },
    {
      "_id": "68a47090df63f97065478346",
      "playerName": "Tamilarasan",
      "playerDisplayName": "Tamil",
      "player_value": "0",
      "player_type": "bowl",
      "playerAPIId": 1755607184602,
      "mobileNumber": "9404640485",
      "isVerified": false,
      "createdBy": "6892f46cb250a4f6b1bedce7",
      "__v": 0,
      "playerImg": "https://scorecraze-production.s3.ap-south-1.amazonaws.com/1755607709392-1755607184602"
    },
    {
      "_id": "68a47083df63f97065478342",
      "playerName": "Karthik Dhoni",
      "playerDisplayName": "KD",
      "player_value": "0",
      "player_type": "wk",
      "playerAPIId": 1755607171756,
      "mobileNumber": "9404438105",
      "isVerified": false,
      "createdBy": "6892f46cb250a4f6b1bedce7",
      "__v": 0,
      "playerImg": "https://scorecraze-production.s3.ap-south-1.amazonaws.com/1755608066364-1755607171756"
    },
    {
      "_id": "68a47076df63f9706547833e",
      "playerName": "Vignesh Gethu",
      "playerDisplayName": "Vicky",
      "player_value": "0",
      "player_type": "bat",
      "playerAPIId": 1755607158883,
      "mobileNumber": "9543138205",
      "isVerified": false,
      "createdBy": "6892f46cb250a4f6b1bedce7",
      "__v": 0,
      "playerImg": "https://scorecraze-production.s3.ap-south-1.amazonaws.com/1755607749324-1755607158883"
    },
    {
      "_id": "68a46fe1df63f9706547831c",
      "playerName": "Sudharsanan",
      "playerDisplayName": "Sn",
      "player_value": "0",
      "player_type": "bowl",
      "playerImg": "https://scorecraze-production.s3.ap-south-1.amazonaws.com/1755607766883-1755607010505",
      "playerAPIId": 1755607010505,
      "mobileNumber": "9054355088",
      "isVerified": false,
      "createdBy": "6892f46cb250a4f6b1bedce7",
      "__v": 0
    },
    {
      "_id": "68a46fe1df63f9706547831b",
      "playerName": "Harish",
      "playerDisplayName": "Hh",
      "player_value": "0",
      "player_type": "ar",
      "playerImg": "https://scorecraze-production.s3.ap-south-1.amazonaws.com/1755607789469-1755607009505",
      "playerAPIId": 1755607009505,
      "mobileNumber": "9055880085",
      "isVerified": false,
      "createdBy": "6892f46cb250a4f6b1bedce7",
      "__v": 0
    },
    {
      "_id": "68a46fb2df63f97065478316",
      "playerName": "Seran Baskaran",
      "playerDisplayName": "Seran",
      "player_value": "0",
      "player_type": "bowl",
      "playerAPIId": 1755606962052,
      "mobileNumber": "9351040454",
      "isVerified": false,
      "createdBy": "6892f46cb250a4f6b1bedce7",
      "__v": 0,
      "playerImg": "https://scorecraze-production.s3.ap-south-1.amazonaws.com/1755607890039-1755606962052"
    },
    {
      "_id": "68a46f92df63f97065478311",
      "playerName": "Vinoth Kanna",
      "playerDisplayName": "VK",
      "player_value": "0",
      "player_type": "ar",
      "playerAPIId": 1755606930551,
      "mobileNumber": "9015124040",
      "isVerified": false,
      "createdBy": "6892f46cb250a4f6b1bedce7",
      "__v": 0,
      "playerImg": "https://scorecraze-production.s3.ap-south-1.amazonaws.com/1755607801627-1755606930551"
    },
    {
      "_id": "68a46f6edf63f9706547830d",
      "playerName": "Anwin Paulji",
      "playerDisplayName": "Anwin",
      "player_value": "0",
      "player_type": "ar",
      "playerAPIId": 1755606894500,
      "mobileNumber": "9075453148",
      "isVerified": false,
      "createdBy": "6892f46cb250a4f6b1bedce7",
      "__v": 0,
      "playerImg": "https://scorecraze-production.s3.ap-south-1.amazonaws.com/1755607827941-1755606894500"
    },
    {
      "_id": "68a2e6e09f04af09b16428e0",
      "playerName": "Bharathi",
      "playerDisplayName": "Bharathi",
      "player_value": "0",
      "player_type": "bowl",
      "playerImg": "https://scorecraze-production.s3.ap-south-1.amazonaws.com/1755607843778-1755506400602",
      "playerAPIId": 1755506400602,
      "mobileNumber": "8697548123",
      "isVerified": false,
      "createdBy": "6892f46cb250a4f6b1bedce7",
      "__v": 0
    }
  ],
  "status": 200,
  "message": "Players fetched successfully"
}
 
00:31:37.432 [pool-2-thread-2] INFO com.intuit.karate -- [print] 200 
00:31:37.459 [pool-3-thread-1] DEBUG org.thymeleaf.TemplateEngine -- [THYMELEAF] INITIALIZING TEMPLATE ENGINE
00:31:37.472 [pool-2-thread-4] DEBUG org.apache.http.conn.ssl.SSLConnectionSocketFactory -- Enabled protocols: [TLSv1.3, TLSv1.2]
00:31:37.472 [pool-2-thread-5] DEBUG org.apache.http.conn.ssl.SSLConnectionSocketFactory -- Enabled protocols: [TLSv1.3, TLSv1.2]
00:31:37.472 [pool-2-thread-4] DEBUG org.apache.http.conn.ssl.SSLConnectionSocketFactory -- Enabled cipher suites:[TLS_AES_256_GCM_SHA384, TLS_AES_128_GCM_SHA256, TLS_CHACHA20_POLY1305_SHA256, TLS_ECDHE_ECDSA_WITH_AES_256_GCM_SHA384, TLS_ECDHE_ECDSA_WITH_AES_128_GCM_SHA256, TLS_ECDHE_ECDSA_WITH_CHACHA20_POLY1305_SHA256, TLS_ECDHE_RSA_WITH_AES_256_GCM_SHA384, TLS_ECDHE_RSA_WITH_CHACHA20_POLY1305_SHA256, TLS_ECDHE_RSA_WITH_AES_128_GCM_SHA256, TLS_DHE_RSA_WITH_AES_256_GCM_SHA384, TLS_DHE_RSA_WITH_CHACHA20_POLY1305_SHA256, TLS_DHE_DSS_WITH_AES_256_GCM_SHA384, TLS_DHE_RSA_WITH_AES_128_GCM_SHA256, TLS_DHE_DSS_WITH_AES_128_GCM_SHA256, TLS_ECDHE_ECDSA_WITH_AES_256_CBC_SHA384, TLS_ECDHE_RSA_WITH_AES_256_CBC_SHA384, TLS_ECDHE_ECDSA_WITH_AES_128_CBC_SHA256, TLS_ECDHE_RSA_WITH_AES_128_CBC_SHA256, TLS_DHE_RSA_WITH_AES_256_CBC_SHA256, TLS_DHE_DSS_WITH_AES_256_CBC_SHA256, TLS_DHE_RSA_WITH_AES_128_CBC_SHA256, TLS_DHE_DSS_WITH_AES_128_CBC_SHA256, TLS_ECDHE_ECDSA_WITH_AES_256_CBC_SHA, TLS_ECDHE_RSA_WITH_AES_256_CBC_SHA, TLS_ECDHE_ECDSA_WITH_AES_128_CBC_SHA, TLS_ECDHE_RSA_WITH_AES_128_CBC_SHA, TLS_DHE_RSA_WITH_AES_256_CBC_SHA, TLS_DHE_DSS_WITH_AES_256_CBC_SHA, TLS_DHE_RSA_WITH_AES_128_CBC_SHA, TLS_DHE_DSS_WITH_AES_128_CBC_SHA, TLS_RSA_WITH_AES_256_GCM_SHA384, TLS_RSA_WITH_AES_128_GCM_SHA256, TLS_RSA_WITH_AES_256_CBC_SHA256, TLS_RSA_WITH_AES_128_CBC_SHA256, TLS_RSA_WITH_AES_256_CBC_SHA, TLS_RSA_WITH_AES_128_CBC_SHA, TLS_EMPTY_RENEGOTIATION_INFO_SCSV]
00:31:37.472 [pool-2-thread-5] DEBUG org.apache.http.conn.ssl.SSLConnectionSocketFactory -- Enabled cipher suites:[TLS_AES_256_GCM_SHA384, TLS_AES_128_GCM_SHA256, TLS_CHACHA20_POLY1305_SHA256, TLS_ECDHE_ECDSA_WITH_AES_256_GCM_SHA384, TLS_ECDHE_ECDSA_WITH_AES_128_GCM_SHA256, TLS_ECDHE_ECDSA_WITH_CHACHA20_POLY1305_SHA256, TLS_ECDHE_RSA_WITH_AES_256_GCM_SHA384, TLS_ECDHE_RSA_WITH_CHACHA20_POLY1305_SHA256, TLS_ECDHE_RSA_WITH_AES_128_GCM_SHA256, TLS_DHE_RSA_WITH_AES_256_GCM_SHA384, TLS_DHE_RSA_WITH_CHACHA20_POLY1305_SHA256, TLS_DHE_DSS_WITH_AES_256_GCM_SHA384, TLS_DHE_RSA_WITH_AES_128_GCM_SHA256, TLS_DHE_DSS_WITH_AES_128_GCM_SHA256, TLS_ECDHE_ECDSA_WITH_AES_256_CBC_SHA384, TLS_ECDHE_RSA_WITH_AES_256_CBC_SHA384, TLS_ECDHE_ECDSA_WITH_AES_128_CBC_SHA256, TLS_ECDHE_RSA_WITH_AES_128_CBC_SHA256, TLS_DHE_RSA_WITH_AES_256_CBC_SHA256, TLS_DHE_DSS_WITH_AES_256_CBC_SHA256, TLS_DHE_RSA_WITH_AES_128_CBC_SHA256, TLS_DHE_DSS_WITH_AES_128_CBC_SHA256, TLS_ECDHE_ECDSA_WITH_AES_256_CBC_SHA, TLS_ECDHE_RSA_WITH_AES_256_CBC_SHA, TLS_ECDHE_ECDSA_WITH_AES_128_CBC_SHA, TLS_ECDHE_RSA_WITH_AES_128_CBC_SHA, TLS_DHE_RSA_WITH_AES_256_CBC_SHA, TLS_DHE_DSS_WITH_AES_256_CBC_SHA, TLS_DHE_RSA_WITH_AES_128_CBC_SHA, TLS_DHE_DSS_WITH_AES_128_CBC_SHA, TLS_RSA_WITH_AES_256_GCM_SHA384, TLS_RSA_WITH_AES_128_GCM_SHA256, TLS_RSA_WITH_AES_256_CBC_SHA256, TLS_RSA_WITH_AES_128_CBC_SHA256, TLS_RSA_WITH_AES_256_CBC_SHA, TLS_RSA_WITH_AES_128_CBC_SHA, TLS_EMPTY_RENEGOTIATION_INFO_SCSV]
00:31:37.472 [pool-2-thread-5] DEBUG org.apache.http.conn.ssl.SSLConnectionSocketFactory -- Starting handshake
00:31:37.472 [pool-2-thread-4] DEBUG org.apache.http.conn.ssl.SSLConnectionSocketFactory -- Starting handshake
00:31:37.542 [pool-3-thread-1] DEBUG org.thymeleaf.TemplateEngine.CONFIG -- Initializing Thymeleaf Template engine configuration...
[THYMELEAF] TEMPLATE ENGINE CONFIGURATION:
[THYMELEAF] * Thymeleaf version: 3.1.2.RELEASE (built 2023-07-30T19:25:50+0000)
[THYMELEAF] * Cache Manager implementation: org.thymeleaf.cache.StandardCacheManager
[THYMELEAF] * Template resolvers:
[THYMELEAF]     * [1] com.intuit.karate.template.ResourceHtmlTemplateResolver
[THYMELEAF] * Message resolvers:
[THYMELEAF]     * org.thymeleaf.messageresolver.StandardMessageResolver
[THYMELEAF] * Link builders:
[THYMELEAF]     * org.thymeleaf.linkbuilder.StandardLinkBuilder
[THYMELEAF] * Dialect [1 of 2]: Standard (com.intuit.karate.template.KarateStandardDialect)
[THYMELEAF]     * Prefix: "th"
[THYMELEAF]     * Processors for Template Mode: HTML
[THYMELEAF]         * Element Tag Processors by [matching element and attribute name] [precedence]:
[THYMELEAF]             * [* {th:include,data-th-include}] [100]: org.thymeleaf.standard.processor.StandardIncludeTagProcessor
[THYMELEAF]             * [* {th:insert,data-th-insert}] [100]: org.thymeleaf.standard.processor.StandardInsertTagProcessor
[THYMELEAF]             * [* {th:replace,data-th-replace}] [100]: org.thymeleaf.standard.processor.StandardReplaceTagProcessor
[THYMELEAF]             * [* {th:each,data-th-each}] [200]: com.intuit.karate.template.KarateEachTagProcessor
[THYMELEAF]             * [* {th:switch,data-th-switch}] [250]: org.thymeleaf.standard.processor.StandardSwitchTagProcessor
[THYMELEAF]             * [* {th:case,data-th-case}] [275]: org.thymeleaf.standard.processor.StandardCaseTagProcessor
[THYMELEAF]             * [* {th:if,data-th-if}] [300]: org.thymeleaf.standard.processor.StandardIfTagProcessor
[THYMELEAF]             * [* {th:unless,data-th-unless}] [400]: org.thymeleaf.standard.processor.StandardUnlessTagProcessor
[THYMELEAF]             * [* {th:object,data-th-object}] [500]: org.thymeleaf.standard.processor.StandardObjectTagProcessor
[THYMELEAF]             * [* {th:with,data-th-with}] [600]: com.intuit.karate.template.KarateWithTagProcessor
[THYMELEAF]             * [* {th:attr,data-th-attr}] [700]: com.intuit.karate.template.KarateAttributeTagProcessor.KarateAttrTagProcessor
[THYMELEAF]             * [* {th:attrappend,data-th-attrappend}] [900]: com.intuit.karate.template.KarateAttributeTagProcessor.KarateAttrappendTagProcessor
[THYMELEAF]             * [* {th:attrprepend,data-th-attrprepend}] [900]: com.intuit.karate.template.KarateAttributeTagProcessor.KarateAttrprependTagProcessor
[THYMELEAF]             * [* {th:alt-title,data-th-alt-title}] [990]: org.thymeleaf.standard.processor.StandardAltTitleTagProcessor
[THYMELEAF]             * [* {th:lang-xmllang,data-th-lang-xmllang}] [990]: org.thymeleaf.standard.processor.StandardLangXmlLangTagProcessor
[THYMELEAF]             * [* {th:action,data-th-action}] [1000]: org.thymeleaf.standard.processor.StandardActionTagProcessor
[THYMELEAF]             * [* {th:novalidate,data-th-novalidate}] [1000]: org.thymeleaf.standard.processor.StandardConditionalFixedValueTagProcessor
[THYMELEAF]             * [* {th:controls,data-th-controls}] [1000]: org.thymeleaf.standard.processor.StandardConditionalFixedValueTagProcessor
[THYMELEAF]             * [* {th:nowrap,data-th-nowrap}] [1000]: org.thymeleaf.standard.processor.StandardConditionalFixedValueTagProcessor
[THYMELEAF]             * [* {th:selected,data-th-selected}] [1000]: org.thymeleaf.standard.processor.StandardConditionalFixedValueTagProcessor
[THYMELEAF]             * [* {th:autoplay,data-th-autoplay}] [1000]: org.thymeleaf.standard.processor.StandardConditionalFixedValueTagProcessor
[THYMELEAF]             * [* {th:async,data-th-async}] [1000]: org.thymeleaf.standard.processor.StandardConditionalFixedValueTagProcessor
[THYMELEAF]             * [* {th:loop,data-th-loop}] [1000]: org.thymeleaf.standard.processor.StandardConditionalFixedValueTagProcessor
[THYMELEAF]             * [* {th:formnovalidate,data-th-formnovalidate}] [1000]: org.thymeleaf.standard.processor.StandardConditionalFixedValueTagProcessor
[THYMELEAF]             * [* {th:declare,data-th-declare}] [1000]: org.thymeleaf.standard.processor.StandardConditionalFixedValueTagProcessor
[THYMELEAF]             * [* {th:pubdate,data-th-pubdate}] [1000]: org.thymeleaf.standard.processor.StandardConditionalFixedValueTagProcessor
[THYMELEAF]             * [* {th:readonly,data-th-readonly}] [1000]: org.thymeleaf.standard.processor.StandardConditionalFixedValueTagProcessor
[THYMELEAF]             * [* {th:scoped,data-th-scoped}] [1000]: org.thymeleaf.standard.processor.StandardConditionalFixedValueTagProcessor
[THYMELEAF]             * [* {th:reversed,data-th-reversed}] [1000]: org.thymeleaf.standard.processor.StandardConditionalFixedValueTagProcessor
[THYMELEAF]             * [* {th:default,data-th-default}] [1000]: org.thymeleaf.standard.processor.StandardConditionalFixedValueTagProcessor
[THYMELEAF]             * [* {th:checked,data-th-checked}] [1000]: org.thymeleaf.standard.processor.StandardConditionalFixedValueTagProcessor
[THYMELEAF]             * [* {th:hidden,data-th-hidden}] [1000]: org.thymeleaf.standard.processor.StandardConditionalFixedValueTagProcessor
[THYMELEAF]             * [* {th:defer,data-th-defer}] [1000]: org.thymeleaf.standard.processor.StandardConditionalFixedValueTagProcessor
[THYMELEAF]             * [* {th:disabled,data-th-disabled}] [1000]: org.thymeleaf.standard.processor.StandardConditionalFixedValueTagProcessor
[THYMELEAF]             * [* {th:ismap,data-th-ismap}] [1000]: org.thymeleaf.standard.processor.StandardConditionalFixedValueTagProcessor
[THYMELEAF]             * [* {th:multiple,data-th-multiple}] [1000]: org.thymeleaf.standard.processor.StandardConditionalFixedValueTagProcessor
[THYMELEAF]             * [* {th:required,data-th-required}] [1000]: org.thymeleaf.standard.processor.StandardConditionalFixedValueTagProcessor
[THYMELEAF]             * [* {th:open,data-th-open}] [1000]: org.thymeleaf.standard.processor.StandardConditionalFixedValueTagProcessor
[THYMELEAF]             * [* {th:autofocus,data-th-autofocus}] [1000]: org.thymeleaf.standard.processor.StandardConditionalFixedValueTagProcessor
[THYMELEAF]             * [* {th:seamless,data-th-seamless}] [1000]: org.thymeleaf.standard.processor.StandardConditionalFixedValueTagProcessor
[THYMELEAF]             * [* {th:ondrop,data-th-ondrop}] [1000]: org.thymeleaf.standard.processor.StandardDOMEventAttributeTagProcessor
[THYMELEAF]             * [* {th:onseeked,data-th-onseeked}] [1000]: org.thymeleaf.standard.processor.StandardDOMEventAttributeTagProcessor
[THYMELEAF]             * [* {th:onclick,data-th-onclick}] [1000]: org.thymeleaf.standard.processor.StandardDOMEventAttributeTagProcessor
[THYMELEAF]             * [* {th:onsuspend,data-th-onsuspend}] [1000]: org.thymeleaf.standard.processor.StandardDOMEventAttributeTagProcessor
[THYMELEAF]             * [* {th:onabort,data-th-onabort}] [1000]: org.thymeleaf.standard.processor.StandardDOMEventAttributeTagProcessor
[THYMELEAF]             * [* {th:onsubmit,data-th-onsubmit}] [1000]: org.thymeleaf.standard.processor.StandardDOMEventAttributeTagProcessor
[THYMELEAF]             * [* {th:onblur,data-th-onblur}] [1000]: org.thymeleaf.standard.processor.StandardDOMEventAttributeTagProcessor
[THYMELEAF]             * [* {th:onhashchange,data-th-onhashchange}] [1000]: org.thymeleaf.standard.processor.StandardDOMEventAttributeTagProcessor
[THYMELEAF]             * [* {th:onmousedown,data-th-onmousedown}] [1000]: org.thymeleaf.standard.processor.StandardDOMEventAttributeTagProcessor
[THYMELEAF]             * [* {th:onkeydown,data-th-onkeydown}] [1000]: org.thymeleaf.standard.processor.StandardDOMEventAttributeTagProcessor
[THYMELEAF]             * [* {th:onmouseout,data-th-onmouseout}] [1000]: org.thymeleaf.standard.processor.StandardDOMEventAttributeTagProcessor
[THYMELEAF]             * [* {th:onratechange,data-th-onratechange}] [1000]: org.thymeleaf.standard.processor.StandardDOMEventAttributeTagProcessor
[THYMELEAF]             * [* {th:ondblclick,data-th-ondblclick}] [1000]: org.thymeleaf.standard.processor.StandardDOMEventAttributeTagProcessor
[THYMELEAF]             * [* {th:onunload,data-th-onunload}] [1000]: org.thymeleaf.standard.processor.StandardDOMEventAttributeTagProcessor
[THYMELEAF]             * [* {th:onfocus,data-th-onfocus}] [1000]: org.thymeleaf.standard.processor.StandardDOMEventAttributeTagProcessor
[THYMELEAF]             * [* {th:onreadystatechange,data-th-onreadystatechange}] [1000]: org.thymeleaf.standard.processor.StandardDOMEventAttributeTagProcessor
[THYMELEAF]             * [* {th:onbeforeunload,data-th-onbeforeunload}] [1000]: org.thymeleaf.standard.processor.StandardDOMEventAttributeTagProcessor
[THYMELEAF]             * [* {th:onselect,data-th-onselect}] [1000]: org.thymeleaf.standard.processor.StandardDOMEventAttributeTagProcessor
[THYMELEAF]             * [* {th:onkeypress,data-th-onkeypress}] [1000]: org.thymeleaf.standard.processor.StandardDOMEventAttributeTagProcessor
[THYMELEAF]             * [* {th:onoffline,data-th-onoffline}] [1000]: org.thymeleaf.standard.processor.StandardDOMEventAttributeTagProcessor
[THYMELEAF]             * [* {th:onmouseover,data-th-onmouseover}] [1000]: org.thymeleaf.standard.processor.StandardDOMEventAttributeTagProcessor
[THYMELEAF]             * [* {th:ononline,data-th-ononline}] [1000]: org.thymeleaf.standard.processor.StandardDOMEventAttributeTagProcessor
[THYMELEAF]             * [* {th:onbeforeprint,data-th-onbeforeprint}] [1000]: org.thymeleaf.standard.processor.StandardDOMEventAttributeTagProcessor
[THYMELEAF]             * [* {th:onseeking,data-th-onseeking}] [1000]: org.thymeleaf.standard.processor.StandardDOMEventAttributeTagProcessor
[THYMELEAF]             * [* {th:onemptied,data-th-onemptied}] [1000]: org.thymeleaf.standard.processor.StandardDOMEventAttributeTagProcessor
[THYMELEAF]             * [* {th:onmousemove,data-th-onmousemove}] [1000]: org.thymeleaf.standard.processor.StandardDOMEventAttributeTagProcessor
[THYMELEAF]             * [* {th:ondragenter,data-th-ondragenter}] [1000]: org.thymeleaf.standard.processor.StandardDOMEventAttributeTagProcessor
[THYMELEAF]             * [* {th:onredo,data-th-onredo}] [1000]: org.thymeleaf.standard.processor.StandardDOMEventAttributeTagProcessor
[THYMELEAF]             * [* {th:ondragstart,data-th-ondragstart}] [1000]: org.thymeleaf.standard.processor.StandardDOMEventAttributeTagProcessor
[THYMELEAF]             * [* {th:oninvalid,data-th-oninvalid}] [1000]: org.thymeleaf.standard.processor.StandardDOMEventAttributeTagProcessor
[THYMELEAF]             * [* {th:ondrag,data-th-ondrag}] [1000]: org.thymeleaf.standard.processor.StandardDOMEventAttributeTagProcessor
[THYMELEAF]             * [* {th:onloadedmetadata,data-th-onloadedmetadata}] [1000]: org.thymeleaf.standard.processor.StandardDOMEventAttributeTagProcessor
[THYMELEAF]             * [* {th:onresize,data-th-onresize}] [1000]: org.thymeleaf.standard.processor.StandardDOMEventAttributeTagProcessor
[THYMELEAF]             * [* {th:onloadstart,data-th-onloadstart}] [1000]: org.thymeleaf.standard.processor.StandardDOMEventAttributeTagProcessor
[THYMELEAF]             * [* {th:onmousewheel,data-th-onmousewheel}] [1000]: org.thymeleaf.standard.processor.StandardDOMEventAttributeTagProcessor
[THYMELEAF]             * [* {th:ondragover,data-th-ondragover}] [1000]: org.thymeleaf.standard.processor.StandardDOMEventAttributeTagProcessor
[THYMELEAF]             * [* {th:onshow,data-th-onshow}] [1000]: org.thymeleaf.standard.processor.StandardDOMEventAttributeTagProcessor
[THYMELEAF]             * [* {th:ondragend,data-th-ondragend}] [1000]: org.thymeleaf.standard.processor.StandardDOMEventAttributeTagProcessor
[THYMELEAF]             * [* {th:onvolumechange,data-th-onvolumechange}] [1000]: org.thymeleaf.standard.processor.StandardDOMEventAttributeTagProcessor
[THYMELEAF]             * [* {th:onstorage,data-th-onstorage}] [1000]: org.thymeleaf.standard.processor.StandardDOMEventAttributeTagProcessor
[THYMELEAF]             * [* {th:onstalled,data-th-onstalled}] [1000]: org.thymeleaf.standard.processor.StandardDOMEventAttributeTagProcessor
[THYMELEAF]             * [* {th:onplaying,data-th-onplaying}] [1000]: org.thymeleaf.standard.processor.StandardDOMEventAttributeTagProcessor
[THYMELEAF]             * [* {th:onerror,data-th-onerror}] [1000]: org.thymeleaf.standard.processor.StandardDOMEventAttributeTagProcessor
[THYMELEAF]             * [* {th:onscroll,data-th-onscroll}] [1000]: org.thymeleaf.standard.processor.StandardDOMEventAttributeTagProcessor
[THYMELEAF]             * [* {th:onended,data-th-onended}] [1000]: org.thymeleaf.standard.processor.StandardDOMEventAttributeTagProcessor
[THYMELEAF]             * [* {th:onchange,data-th-onchange}] [1000]: org.thymeleaf.standard.processor.StandardDOMEventAttributeTagProcessor
[THYMELEAF]             * [* {th:oncanplay,data-th-oncanplay}] [1000]: org.thymeleaf.standard.processor.StandardDOMEventAttributeTagProcessor
[THYMELEAF]             * [* {th:ondurationchange,data-th-ondurationchange}] [1000]: org.thymeleaf.standard.processor.StandardDOMEventAttributeTagProcessor
[THYMELEAF]             * [* {th:onreset,data-th-onreset}] [1000]: org.thymeleaf.standard.processor.StandardDOMEventAttributeTagProcessor
[THYMELEAF]             * [* {th:onmessage,data-th-onmessage}] [1000]: org.thymeleaf.standard.processor.StandardDOMEventAttributeTagProcessor
[THYMELEAF]             * [* {th:ontimeupdate,data-th-ontimeupdate}] [1000]: org.thymeleaf.standard.processor.StandardDOMEventAttributeTagProcessor
[THYMELEAF]             * [* {th:onmouseup,data-th-onmouseup}] [1000]: org.thymeleaf.standard.processor.StandardDOMEventAttributeTagProcessor
[THYMELEAF]             * [* {th:onundo,data-th-onundo}] [1000]: org.thymeleaf.standard.processor.StandardDOMEventAttributeTagProcessor
[THYMELEAF]             * [* {th:ondragleave,data-th-ondragleave}] [1000]: org.thymeleaf.standard.processor.StandardDOMEventAttributeTagProcessor
[THYMELEAF]             * [* {th:onpopstate,data-th-onpopstate}] [1000]: org.thymeleaf.standard.processor.StandardDOMEventAttributeTagProcessor
[THYMELEAF]             * [* {th:onprogress,data-th-onprogress}] [1000]: org.thymeleaf.standard.processor.StandardDOMEventAttributeTagProcessor
[THYMELEAF]             * [* {th:oncanplaythrough,data-th-oncanplaythrough}] [1000]: org.thymeleaf.standard.processor.StandardDOMEventAttributeTagProcessor
[THYMELEAF]             * [* {th:oninput,data-th-oninput}] [1000]: org.thymeleaf.standard.processor.StandardDOMEventAttributeTagProcessor
[THYMELEAF]             * [* {th:onkeyup,data-th-onkeyup}] [1000]: org.thymeleaf.standard.processor.StandardDOMEventAttributeTagProcessor
[THYMELEAF]             * [* {th:onwaiting,data-th-onwaiting}] [1000]: org.thymeleaf.standard.processor.StandardDOMEventAttributeTagProcessor
[THYMELEAF]             * [* {th:onformchange,data-th-onformchange}] [1000]: org.thymeleaf.standard.processor.StandardDOMEventAttributeTagProcessor
[THYMELEAF]             * [* {th:onloadeddata,data-th-onloadeddata}] [1000]: org.thymeleaf.standard.processor.StandardDOMEventAttributeTagProcessor
[THYMELEAF]             * [* {th:onafterprint,data-th-onafterprint}] [1000]: org.thymeleaf.standard.processor.StandardDOMEventAttributeTagProcessor
[THYMELEAF]             * [* {th:onload,data-th-onload}] [1000]: org.thymeleaf.standard.processor.StandardDOMEventAttributeTagProcessor
[THYMELEAF]             * [* {th:oncontextmenu,data-th-oncontextmenu}] [1000]: org.thymeleaf.standard.processor.StandardDOMEventAttributeTagProcessor
[THYMELEAF]             * [* {th:onplay,data-th-onplay}] [1000]: org.thymeleaf.standard.processor.StandardDOMEventAttributeTagProcessor
[THYMELEAF]             * [* {th:onforminput,data-th-onforminput}] [1000]: org.thymeleaf.standard.processor.StandardDOMEventAttributeTagProcessor
[THYMELEAF]             * [* {th:onpause,data-th-onpause}] [1000]: org.thymeleaf.standard.processor.StandardDOMEventAttributeTagProcessor
[THYMELEAF]             * [* {th:href,data-th-href}] [1000]: org.thymeleaf.standard.processor.StandardHrefTagProcessor
[THYMELEAF]             * [* {th:inline,data-th-inline}] [1000]: org.thymeleaf.standard.processor.StandardInlineHTMLTagProcessor
[THYMELEAF]             * [* {th:method,data-th-method}] [1000]: org.thymeleaf.standard.processor.StandardMethodTagProcessor
[THYMELEAF]             * [* {th:name,data-th-name}] [1000]: org.thymeleaf.standard.processor.StandardNonRemovableAttributeTagProcessor
[THYMELEAF]             * [* {th:type,data-th-type}] [1000]: org.thymeleaf.standard.processor.StandardNonRemovableAttributeTagProcessor
[THYMELEAF]             * [* {th:low,data-th-low}] [1000]: org.thymeleaf.standard.processor.StandardRemovableAttributeTagProcessor
[THYMELEAF]             * [* {th:sizes,data-th-sizes}] [1000]: org.thymeleaf.standard.processor.StandardRemovableAttributeTagProcessor
[THYMELEAF]             * [* {th:accept,data-th-accept}] [1000]: org.thymeleaf.standard.processor.StandardRemovableAttributeTagProcessor
[THYMELEAF]             * [* {th:target,data-th-target}] [1000]: org.thymeleaf.standard.processor.StandardRemovableAttributeTagProcessor
[THYMELEAF]             * [* {th:rowspan,data-th-rowspan}] [1000]: org.thymeleaf.standard.processor.StandardRemovableAttributeTagProcessor
[THYMELEAF]             * [* {th:frame,data-th-frame}] [1000]: org.thymeleaf.standard.processor.StandardRemovableAttributeTagProcessor
[THYMELEAF]             * [* {th:dropzone,data-th-dropzone}] [1000]: org.thymeleaf.standard.processor.StandardRemovableAttributeTagProcessor
[THYMELEAF]             * [* {th:rows,data-th-rows}] [1000]: org.thymeleaf.standard.processor.StandardRemovableAttributeTagProcessor
[THYMELEAF]             * [* {th:step,data-th-step}] [1000]: org.thymeleaf.standard.processor.StandardRemovableAttributeTagProcessor
[THYMELEAF]             * [* {th:min,data-th-min}] [1000]: org.thymeleaf.standard.processor.StandardRemovableAttributeTagProcessor
[THYMELEAF]             * [* {th:wrap,data-th-wrap}] [1000]: org.thymeleaf.standard.processor.StandardRemovableAttributeTagProcessor
[THYMELEAF]             * [* {th:span,data-th-span}] [1000]: org.thymeleaf.standard.processor.StandardRemovableAttributeTagProcessor
[THYMELEAF]             * [* {th:axis,data-th-axis}] [1000]: org.thymeleaf.standard.processor.StandardRemovableAttributeTagProcessor
[THYMELEAF]             * [* {th:codebase,data-th-codebase}] [1000]: org.thymeleaf.standard.processor.StandardRemovableAttributeTagProcessor
[THYMELEAF]             * [* {th:spellcheck,data-th-spellcheck}] [1000]: org.thymeleaf.standard.processor.StandardRemovableAttributeTagProcessor
[THYMELEAF]             * [* {th:usemap,data-th-usemap}] [1000]: org.thymeleaf.standard.processor.StandardRemovableAttributeTagProcessor
[THYMELEAF]             * [* {th:frameborder,data-th-frameborder}] [1000]: org.thymeleaf.standard.processor.StandardRemovableAttributeTagProcessor
[THYMELEAF]             * [* {th:bgcolor,data-th-bgcolor}] [1000]: org.thymeleaf.standard.processor.StandardRemovableAttributeTagProcessor
[THYMELEAF]             * [* {th:list,data-th-list}] [1000]: org.thymeleaf.standard.processor.StandardRemovableAttributeTagProcessor
[THYMELEAF]             * [* {th:preload,data-th-preload}] [1000]: org.thymeleaf.standard.processor.StandardRemovableAttributeTagProcessor
[THYMELEAF]             * [* {th:lang,data-th-lang}] [1000]: org.thymeleaf.standard.processor.StandardRemovableAttributeTagProcessor
[THYMELEAF]             * [* {th:challenge,data-th-challenge}] [1000]: org.thymeleaf.standard.processor.StandardRemovableAttributeTagProcessor
[THYMELEAF]             * [* {th:keytype,data-th-keytype}] [1000]: org.thymeleaf.standard.processor.StandardRemovableAttributeTagProcessor
[THYMELEAF]             * [* {th:rules,data-th-rules}] [1000]: org.thymeleaf.standard.processor.StandardRemovableAttributeTagProcessor
[THYMELEAF]             * [* {th:title,data-th-title}] [1000]: org.thymeleaf.standard.processor.StandardRemovableAttributeTagProcessor
[THYMELEAF]             * [* {th:cols,data-th-cols}] [1000]: org.thymeleaf.standard.processor.StandardRemovableAttributeTagProcessor
[THYMELEAF]             * [* {th:scheme,data-th-scheme}] [1000]: org.thymeleaf.standard.processor.StandardRemovableAttributeTagProcessor
[THYMELEAF]             * [* {th:rev,data-th-rev}] [1000]: org.thymeleaf.standard.processor.StandardRemovableAttributeTagProcessor
[THYMELEAF]             * [* {th:classid,data-th-classid}] [1000]: org.thymeleaf.standard.processor.StandardRemovableAttributeTagProcessor
[THYMELEAF]             * [* {th:standby,data-th-standby}] [1000]: org.thymeleaf.standard.processor.StandardRemovableAttributeTagProcessor
[THYMELEAF]             * [* {th:hspace,data-th-hspace}] [1000]: org.thymeleaf.standard.processor.StandardRemovableAttributeTagProcessor
[THYMELEAF]             * [* {th:formmethod,data-th-formmethod}] [1000]: org.thymeleaf.standard.processor.StandardRemovableAttributeTagProcessor
[THYMELEAF]             * [* {th:alt,data-th-alt}] [1000]: org.thymeleaf.standard.processor.StandardRemovableAttributeTagProcessor
[THYMELEAF]             * [* {th:optimum,data-th-optimum}] [1000]: org.thymeleaf.standard.processor.StandardRemovableAttributeTagProcessor
[THYMELEAF]             * [* {th:data,data-th-data}] [1000]: org.thymeleaf.standard.processor.StandardRemovableAttributeTagProcessor
[THYMELEAF]             * [* {th:scrolling,data-th-scrolling}] [1000]: org.thymeleaf.standard.processor.StandardRemovableAttributeTagProcessor
[THYMELEAF]             * [* {th:compact,data-th-compact}] [1000]: org.thymeleaf.standard.processor.StandardRemovableAttributeTagProcessor
[THYMELEAF]             * [* {th:sandbox,data-th-sandbox}] [1000]: org.thymeleaf.standard.processor.StandardRemovableAttributeTagProcessor
[THYMELEAF]             * [* {th:maxlength,data-th-maxlength}] [1000]: org.thymeleaf.standard.processor.StandardRemovableAttributeTagProcessor
[THYMELEAF]             * [* {th:max,data-th-max}] [1000]: org.thymeleaf.standard.processor.StandardRemovableAttributeTagProcessor
[THYMELEAF]             * [* {th:hreflang,data-th-hreflang}] [1000]: org.thymeleaf.standard.processor.StandardRemovableAttributeTagProcessor
[THYMELEAF]             * [* {th:border,data-th-border}] [1000]: org.thymeleaf.standard.processor.StandardRemovableAttributeTagProcessor
[THYMELEAF]             * [* {th:accept-charset,data-th-accept-charset}] [1000]: org.thymeleaf.standard.processor.StandardRemovableAttributeTagProcessor
[THYMELEAF]             * [* {th:cite,data-th-cite}] [1000]: org.thymeleaf.standard.processor.StandardRemovableAttributeTagProcessor
[THYMELEAF]             * [* {th:pattern,data-th-pattern}] [1000]: org.thymeleaf.standard.processor.StandardRemovableAttributeTagProcessor
[THYMELEAF]             * [* {th:formtarget,data-th-formtarget}] [1000]: org.thymeleaf.standard.processor.StandardRemovableAttributeTagProcessor
[THYMELEAF]             * [* {th:media,data-th-media}] [1000]: org.thymeleaf.standard.processor.StandardRemovableAttributeTagProcessor
[THYMELEAF]             * [* {th:radiogroup,data-th-radiogroup}] [1000]: org.thymeleaf.standard.processor.StandardRemovableAttributeTagProcessor
[THYMELEAF]             * [* {th:longdesc,data-th-longdesc}] [1000]: org.thymeleaf.standard.processor.StandardRemovableAttributeTagProcessor
[THYMELEAF]             * [* {th:form,data-th-form}] [1000]: org.thymeleaf.standard.processor.StandardRemovableAttributeTagProcessor
[THYMELEAF]             * [* {th:contenteditable,data-th-contenteditable}] [1000]: org.thymeleaf.standard.processor.StandardRemovableAttributeTagProcessor
[THYMELEAF]             * [* {th:codetype,data-th-codetype}] [1000]: org.thymeleaf.standard.processor.StandardRemovableAttributeTagProcessor
[THYMELEAF]             * [* {th:icon,data-th-icon}] [1000]: org.thymeleaf.standard.processor.StandardRemovableAttributeTagProcessor
[THYMELEAF]             * [* {th:rel,data-th-rel}] [1000]: org.thymeleaf.standard.processor.StandardRemovableAttributeTagProcessor
[THYMELEAF]             * [* {th:charset,data-th-charset}] [1000]: org.thymeleaf.standard.processor.StandardRemovableAttributeTagProcessor
[THYMELEAF]             * [* {th:high,data-th-high}] [1000]: org.thymeleaf.standard.processor.StandardRemovableAttributeTagProcessor
[THYMELEAF]             * [* {th:enctype,data-th-enctype}] [1000]: org.thymeleaf.standard.processor.StandardRemovableAttributeTagProcessor
[THYMELEAF]             * [* {th:size,data-th-size}] [1000]: org.thymeleaf.standard.processor.StandardRemovableAttributeTagProcessor
[THYMELEAF]             * [* {th:start,data-th-start}] [1000]: org.thymeleaf.standard.processor.StandardRemovableAttributeTagProcessor
[THYMELEAF]             * [* {th:autocomplete,data-th-autocomplete}] [1000]: org.thymeleaf.standard.processor.StandardRemovableAttributeTagProcessor
[THYMELEAF]             * [* {th:vspace,data-th-vspace}] [1000]: org.thymeleaf.standard.processor.StandardRemovableAttributeTagProcessor
[THYMELEAF]             * [* {th:audio,data-th-audio}] [1000]: org.thymeleaf.standard.processor.StandardRemovableAttributeTagProcessor
[THYMELEAF]             * [* {th:width,data-th-width}] [1000]: org.thymeleaf.standard.processor.StandardRemovableAttributeTagProcessor
[THYMELEAF]             * [* {th:align,data-th-align}] [1000]: org.thymeleaf.standard.processor.StandardRemovableAttributeTagProcessor
[THYMELEAF]             * [* {th:dir,data-th-dir}] [1000]: org.thymeleaf.standard.processor.StandardRemovableAttributeTagProcessor
[THYMELEAF]             * [* {th:tabindex,data-th-tabindex}] [1000]: org.thymeleaf.standard.processor.StandardRemovableAttributeTagProcessor
[THYMELEAF]             * [* {th:for,data-th-for}] [1000]: org.thymeleaf.standard.processor.StandardRemovableAttributeTagProcessor
[THYMELEAF]             * [* {th:archive,data-th-archive}] [1000]: org.thymeleaf.standard.processor.StandardRemovableAttributeTagProcessor
[THYMELEAF]             * [* {th:height,data-th-height}] [1000]: org.thymeleaf.standard.processor.StandardRemovableAttributeTagProcessor
[THYMELEAF]             * [* {th:formaction,data-th-formaction}] [1000]: org.thymeleaf.standard.processor.StandardRemovableAttributeTagProcessor
[THYMELEAF]             * [* {th:placeholder,data-th-placeholder}] [1000]: org.thymeleaf.standard.processor.StandardRemovableAttributeTagProcessor
[THYMELEAF]             * [* {th:summary,data-th-summary}] [1000]: org.thymeleaf.standard.processor.StandardRemovableAttributeTagProcessor
[THYMELEAF]             * [* {th:background,data-th-background}] [1000]: org.thymeleaf.standard.processor.StandardRemovableAttributeTagProcessor
[THYMELEAF]             * [* {th:contextmenu,data-th-contextmenu}] [1000]: org.thymeleaf.standard.processor.StandardRemovableAttributeTagProcessor
[THYMELEAF]             * [* {th:formenctype,data-th-formenctype}] [1000]: org.thymeleaf.standard.processor.StandardRemovableAttributeTagProcessor
[THYMELEAF]             * [* {th:class,data-th-class}] [1000]: org.thymeleaf.standard.processor.StandardRemovableAttributeTagProcessor
[THYMELEAF]             * [* {th:datetime,data-th-datetime}] [1000]: org.thymeleaf.standard.processor.StandardRemovableAttributeTagProcessor
[THYMELEAF]             * [* {th:label,data-th-label}] [1000]: org.thymeleaf.standard.processor.StandardRemovableAttributeTagProcessor
[THYMELEAF]             * [* {th:scope,data-th-scope}] [1000]: org.thymeleaf.standard.processor.StandardRemovableAttributeTagProcessor
[THYMELEAF]             * [* {th:valuetype,data-th-valuetype}] [1000]: org.thymeleaf.standard.processor.StandardRemovableAttributeTagProcessor
[THYMELEAF]             * [* {th:style,data-th-style}] [1000]: org.thymeleaf.standard.processor.StandardRemovableAttributeTagProcessor
[THYMELEAF]             * [* {th:colspan,data-th-colspan}] [1000]: org.thymeleaf.standard.processor.StandardRemovableAttributeTagProcessor
[THYMELEAF]             * [* {th:http-equiv,data-th-http-equiv}] [1000]: org.thymeleaf.standard.processor.StandardRemovableAttributeTagProcessor
[THYMELEAF]             * [* {th:cellpadding,data-th-cellpadding}] [1000]: org.thymeleaf.standard.processor.StandardRemovableAttributeTagProcessor
[THYMELEAF]             * [* {th:kind,data-th-kind}] [1000]: org.thymeleaf.standard.processor.StandardRemovableAttributeTagProcessor
[THYMELEAF]             * [* {th:marginheight,data-th-marginheight}] [1000]: org.thymeleaf.standard.processor.StandardRemovableAttributeTagProcessor
[THYMELEAF]             * [* {th:srclang,data-th-srclang}] [1000]: org.thymeleaf.standard.processor.StandardRemovableAttributeTagProcessor
[THYMELEAF]             * [* {th:cellspacing,data-th-cellspacing}] [1000]: org.thymeleaf.standard.processor.StandardRemovableAttributeTagProcessor
[THYMELEAF]             * [* {th:accesskey,data-th-accesskey}] [1000]: org.thymeleaf.standard.processor.StandardRemovableAttributeTagProcessor
[THYMELEAF]             * [* {th:poster,data-th-poster}] [1000]: org.thymeleaf.standard.processor.StandardRemovableAttributeTagProcessor
[THYMELEAF]             * [* {th:manifest,data-th-manifest}] [1000]: org.thymeleaf.standard.processor.StandardRemovableAttributeTagProcessor
[THYMELEAF]             * [* {th:abbr,data-th-abbr}] [1000]: org.thymeleaf.standard.processor.StandardRemovableAttributeTagProcessor
[THYMELEAF]             * [* {th:marginwidth,data-th-marginwidth}] [1000]: org.thymeleaf.standard.processor.StandardRemovableAttributeTagProcessor
[THYMELEAF]             * [* {th:id,data-th-id}] [1000]: org.thymeleaf.standard.processor.StandardRemovableAttributeTagProcessor
[THYMELEAF]             * [* {th:draggable,data-th-draggable}] [1000]: org.thymeleaf.standard.processor.StandardRemovableAttributeTagProcessor
[THYMELEAF]             * [* {th:content,data-th-content}] [1000]: org.thymeleaf.standard.processor.StandardRemovableAttributeTagProcessor
[THYMELEAF]             * [* {th:headers,data-th-headers}] [1000]: org.thymeleaf.standard.processor.StandardRemovableAttributeTagProcessor
[THYMELEAF]             * [* {th:src,data-th-src}] [1000]: org.thymeleaf.standard.processor.StandardSrcTagProcessor
[THYMELEAF]             * [* {th:value,data-th-value}] [1000]: org.thymeleaf.standard.processor.StandardValueTagProcessor
[THYMELEAF]             * [* {th:xmlbase,data-th-xmlbase}] [1000]: org.thymeleaf.standard.processor.StandardXmlBaseTagProcessor
[THYMELEAF]             * [* {th:xmllang,data-th-xmllang}] [1000]: org.thymeleaf.standard.processor.StandardXmlLangTagProcessor
[THYMELEAF]             * [* {xmlns:th}] [1000]: org.thymeleaf.standard.processor.StandardXmlNsTagProcessor
[THYMELEAF]             * [* {th:xmlspace,data-th-xmlspace}] [1000]: org.thymeleaf.standard.processor.StandardXmlSpaceTagProcessor
[THYMELEAF]             * [* {th:classappend,data-th-classappend}] [1100]: org.thymeleaf.standard.processor.StandardClassappendTagProcessor
[THYMELEAF]             * [* {th:styleappend,data-th-styleappend}] [1100]: org.thymeleaf.standard.processor.StandardStyleappendTagProcessor
[THYMELEAF]             * [* {th:text,data-th-text}] [1300]: org.thymeleaf.standard.processor.StandardTextTagProcessor
[THYMELEAF]             * [* {th:utext,data-th-utext}] [1400]: org.thymeleaf.standard.processor.StandardUtextTagProcessor
[THYMELEAF]             * [* {th:fragment,data-th-fragment}] [1500]: org.thymeleaf.standard.processor.StandardFragmentTagProcessor
[THYMELEAF]             * [* {th:assert,data-th-assert}] [1550]: org.thymeleaf.standard.processor.StandardAssertTagProcessor
[THYMELEAF]             * [* {th:remove,data-th-remove}] [1600]: org.thymeleaf.standard.processor.StandardRemoveTagProcessor
[THYMELEAF]             * [* {th:ref,data-th-ref}] [10000]: org.thymeleaf.standard.processor.StandardRefAttributeTagProcessor
[THYMELEAF]             * [{th:block,th-block} *] [100000]: org.thymeleaf.standard.processor.StandardBlockTagProcessor
[THYMELEAF]             * [* th:*] [2147483647]: org.thymeleaf.standard.processor.StandardDefaultAttributesTagProcessor
[THYMELEAF]         * Text Processors by [precedence]:
[THYMELEAF]             * [1000]: org.thymeleaf.standard.processor.StandardInliningTextProcessor
[THYMELEAF]         * DOCTYPE Processors by [precedence]:
[THYMELEAF]             * [1000]: org.thymeleaf.standard.processor.StandardTranslationDocTypeProcessor
[THYMELEAF]         * CDATA Section Processors by [precedence]:
[THYMELEAF]             * [1000]: org.thymeleaf.standard.processor.StandardInliningCDATASectionProcessor
[THYMELEAF]         * Comment Processors by [precedence]:
[THYMELEAF]             * [1000]: org.thymeleaf.standard.processor.StandardInliningCommentProcessor
[THYMELEAF]             * [1100]: org.thymeleaf.standard.processor.StandardConditionalCommentProcessor
[THYMELEAF]     * Processors for Template Mode: XML
[THYMELEAF]         * Element Tag Processors by [matching element and attribute name] [precedence]:
[THYMELEAF]             * [* {th:include}] [100]: org.thymeleaf.standard.processor.StandardIncludeTagProcessor
[THYMELEAF]             * [* {th:insert}] [100]: org.thymeleaf.standard.processor.StandardInsertTagProcessor
[THYMELEAF]             * [* {th:replace}] [100]: org.thymeleaf.standard.processor.StandardReplaceTagProcessor
[THYMELEAF]             * [* {th:each}] [200]: com.intuit.karate.template.KarateEachTagProcessor
[THYMELEAF]             * [* {th:switch}] [250]: org.thymeleaf.standard.processor.StandardSwitchTagProcessor
[THYMELEAF]             * [* {th:case}] [275]: org.thymeleaf.standard.processor.StandardCaseTagProcessor
[THYMELEAF]             * [* {th:if}] [300]: org.thymeleaf.standard.processor.StandardIfTagProcessor
[THYMELEAF]             * [* {th:unless}] [400]: org.thymeleaf.standard.processor.StandardUnlessTagProcessor
[THYMELEAF]             * [* {th:object}] [500]: org.thymeleaf.standard.processor.StandardObjectTagProcessor
[THYMELEAF]             * [* {th:with}] [600]: com.intuit.karate.template.KarateWithTagProcessor
[THYMELEAF]             * [* {th:attr}] [700]: com.intuit.karate.template.KarateAttributeTagProcessor.KarateAttrTagProcessor
[THYMELEAF]             * [* {th:attrappend}] [900]: com.intuit.karate.template.KarateAttributeTagProcessor.KarateAttrappendTagProcessor
[THYMELEAF]             * [* {th:attrprepend}] [900]: com.intuit.karate.template.KarateAttributeTagProcessor.KarateAttrprependTagProcessor
[THYMELEAF]             * [* {th:inline}] [1000]: org.thymeleaf.standard.processor.StandardInlineXMLTagProcessor
[THYMELEAF]             * [* {xmlns:th}] [1000]: org.thymeleaf.standard.processor.StandardXmlNsTagProcessor
[THYMELEAF]             * [* {th:text}] [1300]: org.thymeleaf.standard.processor.StandardTextTagProcessor
[THYMELEAF]             * [* {th:utext}] [1400]: org.thymeleaf.standard.processor.StandardUtextTagProcessor
[THYMELEAF]             * [* {th:fragment}] [1500]: org.thymeleaf.standard.processor.StandardFragmentTagProcessor
[THYMELEAF]             * [* {th:assert}] [1550]: org.thymeleaf.standard.processor.StandardAssertTagProcessor
[THYMELEAF]             * [* {th:remove}] [1600]: org.thymeleaf.standard.processor.StandardRemoveTagProcessor
[THYMELEAF]             * [* {th:ref}] [10000]: org.thymeleaf.standard.processor.StandardRefAttributeTagProcessor
[THYMELEAF]             * [{th:block} *] [100000]: org.thymeleaf.standard.processor.StandardBlockTagProcessor
[THYMELEAF]             * [* th:*] [2147483647]: org.thymeleaf.standard.processor.StandardDefaultAttributesTagProcessor
[THYMELEAF]         * Text Processors by [precedence]:
[THYMELEAF]             * [1000]: org.thymeleaf.standard.processor.StandardInliningTextProcessor
[THYMELEAF]         * CDATA Section Processors by [precedence]:
[THYMELEAF]             * [1000]: org.thymeleaf.standard.processor.StandardInliningCDATASectionProcessor
[THYMELEAF]         * Comment Processors by [precedence]:
[THYMELEAF]             * [1000]: org.thymeleaf.standard.processor.StandardInliningCommentProcessor
[THYMELEAF]     * Processors for Template Mode: TEXT
[THYMELEAF]         * Element Tag Processors by [matching element and attribute name] [precedence]:
[THYMELEAF]             * [* {th:insert}] [100]: org.thymeleaf.standard.processor.StandardInsertTagProcessor
[THYMELEAF]             * [* {th:replace}] [100]: org.thymeleaf.standard.processor.StandardReplaceTagProcessor
[THYMELEAF]             * [* {th:each}] [200]: com.intuit.karate.template.KarateEachTagProcessor
[THYMELEAF]             * [* {th:switch}] [250]: org.thymeleaf.standard.processor.StandardSwitchTagProcessor
[THYMELEAF]             * [* {th:case}] [275]: org.thymeleaf.standard.processor.StandardCaseTagProcessor
[THYMELEAF]             * [* {th:if}] [300]: org.thymeleaf.standard.processor.StandardIfTagProcessor
[THYMELEAF]             * [* {th:unless}] [400]: org.thymeleaf.standard.processor.StandardUnlessTagProcessor
[THYMELEAF]             * [* {th:object}] [500]: org.thymeleaf.standard.processor.StandardObjectTagProcessor
[THYMELEAF]             * [* {th:with}] [600]: com.intuit.karate.template.KarateWithTagProcessor
[THYMELEAF]             * [* {th:inline}] [1000]: org.thymeleaf.standard.processor.StandardInlineTextualTagProcessor
[THYMELEAF]             * [* {th:text}] [1300]: org.thymeleaf.standard.processor.StandardTextTagProcessor
[THYMELEAF]             * [* {th:utext}] [1400]: org.thymeleaf.standard.processor.StandardUtextTagProcessor
[THYMELEAF]             * [* {th:assert}] [1550]: org.thymeleaf.standard.processor.StandardAssertTagProcessor
[THYMELEAF]             * [* {th:remove}] [1600]: org.thymeleaf.standard.processor.StandardRemoveTagProcessor
[THYMELEAF]             * [{th:block} *] [100000]: org.thymeleaf.standard.processor.StandardBlockTagProcessor
[THYMELEAF]             * [* 100000] [org.thymeleaf.standard.processor.StandardBlockTagProcessor]: {}
[THYMELEAF]         * Text Processors by [precedence]:
[THYMELEAF]             * [1000]: org.thymeleaf.standard.processor.StandardInliningTextProcessor
[THYMELEAF]     * Processors for Template Mode: JAVASCRIPT
[THYMELEAF]         * Element Tag Processors by [matching element and attribute name] [precedence]:
[THYMELEAF]             * [* {th:insert}] [100]: org.thymeleaf.standard.processor.StandardInsertTagProcessor
[THYMELEAF]             * [* {th:replace}] [100]: org.thymeleaf.standard.processor.StandardReplaceTagProcessor
[THYMELEAF]             * [* {th:each}] [200]: com.intuit.karate.template.KarateEachTagProcessor
[THYMELEAF]             * [* {th:switch}] [250]: org.thymeleaf.standard.processor.StandardSwitchTagProcessor
[THYMELEAF]             * [* {th:case}] [275]: org.thymeleaf.standard.processor.StandardCaseTagProcessor
[THYMELEAF]             * [* {th:if}] [300]: org.thymeleaf.standard.processor.StandardIfTagProcessor
[THYMELEAF]             * [* {th:unless}] [400]: org.thymeleaf.standard.processor.StandardUnlessTagProcessor
[THYMELEAF]             * [* {th:object}] [500]: org.thymeleaf.standard.processor.StandardObjectTagProcessor
[THYMELEAF]             * [* {th:with}] [600]: com.intuit.karate.template.KarateWithTagProcessor
[THYMELEAF]             * [* {th:inline}] [1000]: org.thymeleaf.standard.processor.StandardInlineTextualTagProcessor
[THYMELEAF]             * [* {th:text}] [1300]: org.thymeleaf.standard.processor.StandardTextTagProcessor
[THYMELEAF]             * [* {th:utext}] [1400]: org.thymeleaf.standard.processor.StandardUtextTagProcessor
[THYMELEAF]             * [* {th:assert}] [1550]: org.thymeleaf.standard.processor.StandardAssertTagProcessor
[THYMELEAF]             * [* {th:remove}] [1600]: org.thymeleaf.standard.processor.StandardRemoveTagProcessor
[THYMELEAF]             * [* 100000] [org.thymeleaf.standard.processor.StandardBlockTagProcessor]: {}
[THYMELEAF]             * [{th:block} *] [100000]: org.thymeleaf.standard.processor.StandardBlockTagProcessor
[THYMELEAF]         * Text Processors by [precedence]:
[THYMELEAF]             * [1000]: org.thymeleaf.standard.processor.StandardInliningTextProcessor
[THYMELEAF]     * Processors for Template Mode: CSS
[THYMELEAF]         * Element Tag Processors by [matching element and attribute name] [precedence]:
[THYMELEAF]             * [* {th:insert}] [100]: org.thymeleaf.standard.processor.StandardInsertTagProcessor
[THYMELEAF]             * [* {th:replace}] [100]: org.thymeleaf.standard.processor.StandardReplaceTagProcessor
[THYMELEAF]             * [* {th:each}] [200]: com.intuit.karate.template.KarateEachTagProcessor
[THYMELEAF]             * [* {th:switch}] [250]: org.thymeleaf.standard.processor.StandardSwitchTagProcessor
[THYMELEAF]             * [* {th:case}] [275]: org.thymeleaf.standard.processor.StandardCaseTagProcessor
[THYMELEAF]             * [* {th:if}] [300]: org.thymeleaf.standard.processor.StandardIfTagProcessor
[THYMELEAF]             * [* {th:unless}] [400]: org.thymeleaf.standard.processor.StandardUnlessTagProcessor
[THYMELEAF]             * [* {th:object}] [500]: org.thymeleaf.standard.processor.StandardObjectTagProcessor
[THYMELEAF]             * [* {th:with}] [600]: com.intuit.karate.template.KarateWithTagProcessor
[THYMELEAF]             * [* {th:inline}] [1000]: org.thymeleaf.standard.processor.StandardInlineTextualTagProcessor
[THYMELEAF]             * [* {th:text}] [1300]: org.thymeleaf.standard.processor.StandardTextTagProcessor
[THYMELEAF]             * [* {th:utext}] [1400]: org.thymeleaf.standard.processor.StandardUtextTagProcessor
[THYMELEAF]             * [* {th:assert}] [1550]: org.thymeleaf.standard.processor.StandardAssertTagProcessor
[THYMELEAF]             * [* {th:remove}] [1600]: org.thymeleaf.standard.processor.StandardRemoveTagProcessor
[THYMELEAF]             * [{th:block} *] [100000]: org.thymeleaf.standard.processor.StandardBlockTagProcessor
[THYMELEAF]             * [* 100000] [org.thymeleaf.standard.processor.StandardBlockTagProcessor]: {}
[THYMELEAF]         * Text Processors by [precedence]:
[THYMELEAF]             * [1000]: org.thymeleaf.standard.processor.StandardInliningTextProcessor
[THYMELEAF]     * Expression Objects:
[THYMELEAF]         * #ctx
[THYMELEAF]         * #root
[THYMELEAF]         * #vars
[THYMELEAF]         * #object
[THYMELEAF]         * #locale
[THYMELEAF]         * #conversions
[THYMELEAF]         * #uris
[THYMELEAF]         * #temporals
[THYMELEAF]         * #calendars
[THYMELEAF]         * #dates
[THYMELEAF]         * #bools
[THYMELEAF]         * #numbers
[THYMELEAF]         * #objects
[THYMELEAF]         * #strings
[THYMELEAF]         * #arrays
[THYMELEAF]         * #lists
[THYMELEAF]         * #sets
[THYMELEAF]         * #maps
[THYMELEAF]         * #aggregates
[THYMELEAF]         * #messages
[THYMELEAF]         * #ids
[THYMELEAF]         * #execInfo
[THYMELEAF]         * #request
[THYMELEAF]         * #response
[THYMELEAF]         * #session
[THYMELEAF]         * #servletContext
[THYMELEAF]     * Execution Attributes:
[THYMELEAF]         * "StandardExpressionParser": com.intuit.karate.template.KarateStandardDialect@61f4af7b
[THYMELEAF]         * "StandardJavaScriptSerializer": org.thymeleaf.standard.serializer.StandardJavaScriptSerializer@69b1af11
[THYMELEAF]         * "StandardCSSSerializer": org.thymeleaf.standard.serializer.StandardCSSSerializer@2cc67a6b
[THYMELEAF]         * "StandardVariableExpressionEvaluator": com.intuit.karate.template.KarateStandardDialect@61f4af7b
[THYMELEAF]         * "StandardConversionService": org.thymeleaf.standard.expression.StandardConversionService@73978aef
[THYMELEAF] * Dialect [2 of 2]: karate (com.intuit.karate.template.KarateScriptDialect)
[THYMELEAF]     * Prefix: "ka"
[THYMELEAF]     * Processors for Template Mode: HTML
[THYMELEAF]         * Element Tag Processors by [matching element and attribute name] [precedence]:
[THYMELEAF]             * [* {src}] [1000]: com.intuit.karate.template.KaScriptAttrProcessor
[THYMELEAF]         * Element Model Processors by [matching element and attribute name] [precedence]:
[THYMELEAF]             * [{script} {ka:scope,data-ka-scope}] [1000]: com.intuit.karate.template.KaScriptElemProcessor
[THYMELEAF]             * [* {ka:set,data-ka-set}] [1000]: com.intuit.karate.template.KaSetElemProcessor
[THYMELEAF] TEMPLATE ENGINE CONFIGURED OK
00:31:37.542 [pool-3-thread-1] DEBUG org.thymeleaf.TemplateEngine -- [THYMELEAF] TEMPLATE ENGINE INITIALIZED
00:31:37.552 [pool-2-thread-1] DEBUG org.apache.http.conn.ssl.SSLConnectionSocketFactory -- Secure session established
00:31:37.552 [pool-2-thread-1] DEBUG org.apache.http.conn.ssl.SSLConnectionSocketFactory --  negotiated protocol: TLSv1.3
00:31:37.552 [pool-2-thread-1] DEBUG org.apache.http.conn.ssl.SSLConnectionSocketFactory --  negotiated cipher suite: TLS_AES_256_GCM_SHA384
00:31:37.552 [pool-2-thread-1] DEBUG org.apache.http.conn.ssl.SSLConnectionSocketFactory --  peer principal: CN=dev.scorecraze.app
00:31:37.552 [pool-2-thread-1] DEBUG org.apache.http.conn.ssl.SSLConnectionSocketFactory --  peer alternative names: [dev.scorecraze.app]
00:31:37.552 [pool-2-thread-1] DEBUG org.apache.http.conn.ssl.SSLConnectionSocketFactory --  issuer principal: CN=E8, O=Let's Encrypt, C=US
00:31:37.552 [pool-2-thread-1] DEBUG org.apache.http.impl.conn.DefaultHttpClientConnectionOperator -- Connection established 172.20.10.11:51007<->13.233.24.118:443
00:31:37.552 [pool-2-thread-1] DEBUG org.apache.http.impl.conn.DefaultManagedHttpClientConnection -- http-outgoing-6: set socket timeout to 30000
00:31:37.553 [pool-2-thread-1] DEBUG org.apache.http.impl.execchain.MainClientExec -- Executing request POST /api/team/cricket/addTeamPlayers?teamAPIId=1.755185471222E12 HTTP/1.1
00:31:37.553 [pool-2-thread-1] DEBUG org.apache.http.impl.execchain.MainClientExec -- Proxy auth state: UNCHALLENGED
00:31:37.553 [pool-2-thread-1] DEBUG org.apache.http.headers -- http-outgoing-6 >> POST /api/team/cricket/addTeamPlayers?teamAPIId=1.755185471222E12 HTTP/1.1
00:31:37.553 [pool-2-thread-1] DEBUG org.apache.http.headers -- http-outgoing-6 >> Authorization: Bearer eyJhbGciOiJIUzI1NiIsInR5cCI6IkpXVCJ9.eyJfaWQiOiI2ODkyZjQ2Y2IyNTBhNGY2YjFiZWRjZTciLCJ1c2VyTmFtZSI6IkNIQU5EUkFTRUtBUiBTQU5LQVIiLCJlbWFpbCI6ImNoYW5kcm9vczMwQGdtYWlsLmNvbSIsInBhc3N3b3JkIjoiJDJiJDEwJEc1VmEvUFRTckQ0dUZaVXMwWjluTS5VMmhERVZvcVFuaTFseU1jb3ZzMzZjWUpCaU1oODEyIiwicGhvbmVOdW1iZXIiOjAsInJvbGUiOiJBZG1pbiIsImF1dGhUb2tlbiI6ImV5SmhiR2NpT2lKSVV6STFOaUlzSW5SNWNDSTZJa3BYVkNKOS5leUpmYVdRaU9pSTJPRGt5WmpRMlkySXlOVEJoTkdZMllqRmlaV1JqWlRjaUxDSjFjMlZ5VG1GdFpTSTZJbU5vWVNJc0ltVnRZV2xzSWpvaVkyaGhibVJ5YjI5ek16QkFaMjFoYVd3dVkyOXRJaXdpY0dodmJtVk9kVzFpWlhJaU9qQXNJbkp2YkdVaU9pSkJaRzFwYmlJc0ltbHpWbVZ5YVdacFpXUWlPblJ5ZFdVc0lsOWZkaUk2TUN3aWRYQmtZWFJsWkVGMElqb2lNakF5TlMwd09TMHlNbFF3T1RvME1qb3lNaTQ0TURoYUlpd2lhWE5CWTNScGRtVWlPblJ5ZFdVc0lteGhjM1JNYjJkcGJrRjBJam9pTWpBeU5TMHdPUzB3TkZReE16b3dNVG94T1M0NE16UmFJaXdpYVdGMElqb3hOelU0TlRVd09UZzJMQ0psZUhBaU9qRTNOakV5TWprek9EWjkubmtWOG5JOGU3YlROZkZSS0ZRYjFrZFJVdmpLLUw1cVFhYkp5UHEwT3JpYyIsImlzVmVyaWZpZWQiOnRydWUsIl9fdiI6MCwidXBkYXRlZEF0IjoiMjAyNS0xMC0wMVQxODozNDozMC45OTRaIiwiaXNBY3RpdmUiOnRydWUsImxhc3RMb2dpbkF0IjoiMjAyNS0xMC0wMVQxODozNDozMC45OTRaIiwiaXNTb2NpYWxMb2dpbiI6dHJ1ZSwiaWF0IjoxNzU5NjAwNTU2LCJleHAiOjE3NjIyNzg5NTZ9.pGybB6efZuTFj_jWDfEhnRu_Sd7CB2-qD5-kys-J1u8
00:31:37.553 [pool-2-thread-1] DEBUG org.apache.http.headers -- http-outgoing-6 >> Content-Type: application/json; charset=UTF-8
00:31:37.553 [pool-2-thread-1] DEBUG org.apache.http.headers -- http-outgoing-6 >> Content-Length: 30
00:31:37.553 [pool-2-thread-1] DEBUG org.apache.http.headers -- http-outgoing-6 >> Host: dev.scorecraze.app
00:31:37.553 [pool-2-thread-1] DEBUG org.apache.http.headers -- http-outgoing-6 >> Connection: Keep-Alive
00:31:37.553 [pool-2-thread-1] DEBUG org.apache.http.headers -- http-outgoing-6 >> User-Agent: Apache-HttpClient/4.5.14 (Java/11.0.27)
00:31:37.553 [pool-2-thread-1] DEBUG org.apache.http.headers -- http-outgoing-6 >> Accept-Encoding: gzip,deflate
00:31:37.553 [pool-2-thread-1] DEBUG org.apache.http.wire -- http-outgoing-6 >> "POST /api/team/cricket/addTeamPlayers?teamAPIId=1.755185471222E12 HTTP/1.1[\r][\n]"
00:31:37.553 [pool-2-thread-1] DEBUG org.apache.http.wire -- http-outgoing-6 >> "Authorization: Bearer eyJhbGciOiJIUzI1NiIsInR5cCI6IkpXVCJ9.eyJfaWQiOiI2ODkyZjQ2Y2IyNTBhNGY2YjFiZWRjZTciLCJ1c2VyTmFtZSI6IkNIQU5EUkFTRUtBUiBTQU5LQVIiLCJlbWFpbCI6ImNoYW5kcm9vczMwQGdtYWlsLmNvbSIsInBhc3N3b3JkIjoiJDJiJDEwJEc1VmEvUFRTckQ0dUZaVXMwWjluTS5VMmhERVZvcVFuaTFseU1jb3ZzMzZjWUpCaU1oODEyIiwicGhvbmVOdW1iZXIiOjAsInJvbGUiOiJBZG1pbiIsImF1dGhUb2tlbiI6ImV5SmhiR2NpT2lKSVV6STFOaUlzSW5SNWNDSTZJa3BYVkNKOS5leUpmYVdRaU9pSTJPRGt5WmpRMlkySXlOVEJoTkdZMllqRmlaV1JqWlRjaUxDSjFjMlZ5VG1GdFpTSTZJbU5vWVNJc0ltVnRZV2xzSWpvaVkyaGhibVJ5YjI5ek16QkFaMjFoYVd3dVkyOXRJaXdpY0dodmJtVk9kVzFpWlhJaU9qQXNJbkp2YkdVaU9pSkJaRzFwYmlJc0ltbHpWbVZ5YVdacFpXUWlPblJ5ZFdVc0lsOWZkaUk2TUN3aWRYQmtZWFJsWkVGMElqb2lNakF5TlMwd09TMHlNbFF3T1RvME1qb3lNaTQ0TURoYUlpd2lhWE5CWTNScGRtVWlPblJ5ZFdVc0lteGhjM1JNYjJkcGJrRjBJam9pTWpBeU5TMHdPUzB3TkZReE16b3dNVG94T1M0NE16UmFJaXdpYVdGMElqb3hOelU0TlRVd09UZzJMQ0psZUhBaU9qRTNOakV5TWprek9EWjkubmtWOG5JOGU3YlROZkZSS0ZRYjFrZFJVdmpLLUw1cVFhYkp5UHEwT3JpYyIsImlzVmVyaWZpZWQiOnRydWUsIl9fdiI6MCwidXBkYXRlZEF0IjoiMjAyNS0xMC0wMVQxODozNDozMC45OTRaIiwiaXNBY3RpdmUiOnRydWUsImxhc3RMb2dpbkF0IjoiMjAyNS0xMC0wMVQxODozNDozMC45OTRaIiwiaXNTb2NpYWxMb2dpbiI6dHJ1ZSwiaWF0IjoxNzU5NjAwNTU2LCJleHAiOjE3NjIyNzg5NTZ9.pGybB6efZuTFj_jWDfEhnRu_Sd7CB2-qD5-kys-J1u8[\r][\n]"
00:31:37.553 [pool-2-thread-1] DEBUG org.apache.http.wire -- http-outgoing-6 >> "Content-Type: application/json; charset=UTF-8[\r][\n]"
00:31:37.553 [pool-2-thread-1] DEBUG org.apache.http.wire -- http-outgoing-6 >> "Content-Length: 30[\r][\n]"
00:31:37.553 [pool-2-thread-1] DEBUG org.apache.http.wire -- http-outgoing-6 >> "Host: dev.scorecraze.app[\r][\n]"
00:31:37.553 [pool-2-thread-1] DEBUG org.apache.http.wire -- http-outgoing-6 >> "Connection: Keep-Alive[\r][\n]"
00:31:37.553 [pool-2-thread-1] DEBUG org.apache.http.wire -- http-outgoing-6 >> "User-Agent: Apache-HttpClient/4.5.14 (Java/11.0.27)[\r][\n]"
00:31:37.553 [pool-2-thread-1] DEBUG org.apache.http.wire -- http-outgoing-6 >> "Accept-Encoding: gzip,deflate[\r][\n]"
00:31:37.553 [pool-2-thread-1] DEBUG org.apache.http.wire -- http-outgoing-6 >> "[\r][\n]"
00:31:37.553 [pool-2-thread-1] DEBUG org.apache.http.wire -- http-outgoing-6 >> "{"playerList":[1759475650286]}"
00:31:37.555 [pool-2-thread-3] DEBUG org.apache.http.conn.ssl.SSLConnectionSocketFactory -- Secure session established
00:31:37.555 [pool-2-thread-3] DEBUG org.apache.http.conn.ssl.SSLConnectionSocketFactory --  negotiated protocol: TLSv1.3
00:31:37.555 [pool-2-thread-3] DEBUG org.apache.http.conn.ssl.SSLConnectionSocketFactory --  negotiated cipher suite: TLS_AES_256_GCM_SHA384
00:31:37.555 [pool-2-thread-3] DEBUG org.apache.http.conn.ssl.SSLConnectionSocketFactory --  peer principal: CN=dev.scorecraze.app
00:31:37.555 [pool-2-thread-3] DEBUG org.apache.http.conn.ssl.SSLConnectionSocketFactory --  peer alternative names: [dev.scorecraze.app]
00:31:37.555 [pool-2-thread-3] DEBUG org.apache.http.conn.ssl.SSLConnectionSocketFactory --  issuer principal: CN=E8, O=Let's Encrypt, C=US
00:31:37.555 [pool-2-thread-3] DEBUG org.apache.http.impl.conn.DefaultHttpClientConnectionOperator -- Connection established 172.20.10.11:51006<->13.233.24.118:443
00:31:37.555 [pool-2-thread-3] DEBUG org.apache.http.impl.conn.DefaultManagedHttpClientConnection -- http-outgoing-5: set socket timeout to 30000
00:31:37.555 [pool-2-thread-3] DEBUG org.apache.http.impl.execchain.MainClientExec -- Executing request POST /cricket/fixtures?page=1 HTTP/1.1
00:31:37.555 [pool-2-thread-3] DEBUG org.apache.http.impl.execchain.MainClientExec -- Target auth state: UNCHALLENGED
00:31:37.555 [pool-2-thread-3] DEBUG org.apache.http.impl.execchain.MainClientExec -- Proxy auth state: UNCHALLENGED
00:31:37.555 [pool-2-thread-3] DEBUG org.apache.http.headers -- http-outgoing-5 >> POST /cricket/fixtures?page=1 HTTP/1.1
00:31:37.555 [pool-2-thread-3] DEBUG org.apache.http.headers -- http-outgoing-5 >> Content-Type: application/json; charset=UTF-8
00:31:37.555 [pool-2-thread-3] DEBUG org.apache.http.headers -- http-outgoing-5 >> Content-Length: 51
00:31:37.555 [pool-2-thread-3] DEBUG org.apache.http.headers -- http-outgoing-5 >> Host: dev.scorecraze.app
00:31:37.555 [pool-2-thread-3] DEBUG org.apache.http.headers -- http-outgoing-5 >> Connection: Keep-Alive
00:31:37.555 [pool-2-thread-3] DEBUG org.apache.http.headers -- http-outgoing-5 >> User-Agent: Apache-HttpClient/4.5.14 (Java/11.0.27)
00:31:37.555 [pool-2-thread-3] DEBUG org.apache.http.headers -- http-outgoing-5 >> Accept-Encoding: gzip,deflate
00:31:37.555 [pool-2-thread-3] DEBUG org.apache.http.wire -- http-outgoing-5 >> "POST /cricket/fixtures?page=1 HTTP/1.1[\r][\n]"
00:31:37.555 [pool-2-thread-3] DEBUG org.apache.http.wire -- http-outgoing-5 >> "Content-Type: application/json; charset=UTF-8[\r][\n]"
00:31:37.555 [pool-2-thread-3] DEBUG org.apache.http.wire -- http-outgoing-5 >> "Content-Length: 51[\r][\n]"
00:31:37.555 [pool-2-thread-3] DEBUG org.apache.http.wire -- http-outgoing-5 >> "Host: dev.scorecraze.app[\r][\n]"
00:31:37.555 [pool-2-thread-3] DEBUG org.apache.http.wire -- http-outgoing-5 >> "Connection: Keep-Alive[\r][\n]"
00:31:37.555 [pool-2-thread-3] DEBUG org.apache.http.wire -- http-outgoing-5 >> "User-Agent: Apache-HttpClient/4.5.14 (Java/11.0.27)[\r][\n]"
00:31:37.555 [pool-2-thread-3] DEBUG org.apache.http.wire -- http-outgoing-5 >> "Accept-Encoding: gzip,deflate[\r][\n]"
00:31:37.555 [pool-2-thread-3] DEBUG org.apache.http.wire -- http-outgoing-5 >> "[\r][\n]"
00:31:37.555 [pool-2-thread-3] DEBUG org.apache.http.wire -- http-outgoing-5 >> "{"filter":{"seriesAPIId":0,"fixtureStatus":"Live"}}"
00:31:37.574 [pool-2-thread-4] DEBUG org.apache.http.conn.ssl.SSLConnectionSocketFactory -- Secure session established
00:31:37.574 [pool-2-thread-4] DEBUG org.apache.http.conn.ssl.SSLConnectionSocketFactory --  negotiated protocol: TLSv1.3
00:31:37.574 [pool-2-thread-4] DEBUG org.apache.http.conn.ssl.SSLConnectionSocketFactory --  negotiated cipher suite: TLS_AES_256_GCM_SHA384
00:31:37.575 [pool-2-thread-4] DEBUG org.apache.http.conn.ssl.SSLConnectionSocketFactory --  peer principal: CN=dev.scorecraze.app
00:31:37.575 [pool-2-thread-4] DEBUG org.apache.http.conn.ssl.SSLConnectionSocketFactory --  peer alternative names: [dev.scorecraze.app]
00:31:37.575 [pool-2-thread-4] DEBUG org.apache.http.conn.ssl.SSLConnectionSocketFactory --  issuer principal: CN=E8, O=Let's Encrypt, C=US
00:31:37.575 [pool-2-thread-4] DEBUG org.apache.http.impl.conn.DefaultHttpClientConnectionOperator -- Connection established 172.20.10.11:51009<->13.233.24.118:443
00:31:37.575 [pool-2-thread-4] DEBUG org.apache.http.impl.conn.DefaultManagedHttpClientConnection -- http-outgoing-8: set socket timeout to 30000
00:31:37.575 [pool-2-thread-4] DEBUG org.apache.http.impl.execchain.MainClientExec -- Executing request PUT /api/team/cricket/update/1755185471222 HTTP/1.1
00:31:37.575 [pool-2-thread-4] DEBUG org.apache.http.impl.execchain.MainClientExec -- Proxy auth state: UNCHALLENGED
00:31:37.575 [pool-2-thread-4] DEBUG org.apache.http.headers -- http-outgoing-8 >> PUT /api/team/cricket/update/1755185471222 HTTP/1.1
00:31:37.575 [pool-2-thread-4] DEBUG org.apache.http.headers -- http-outgoing-8 >> Authorization: Bearer eyJhbGciOiJIUzI1NiIsInR5cCI6IkpXVCJ9.eyJfaWQiOiI2ODkyZjQ2Y2IyNTBhNGY2YjFiZWRjZTciLCJ1c2VyTmFtZSI6IkNIQU5EUkFTRUtBUiBTQU5LQVIiLCJlbWFpbCI6ImNoYW5kcm9vczMwQGdtYWlsLmNvbSIsInBhc3N3b3JkIjoiJDJiJDEwJEc1VmEvUFRTckQ0dUZaVXMwWjluTS5VMmhERVZvcVFuaTFseU1jb3ZzMzZjWUpCaU1oODEyIiwicGhvbmVOdW1iZXIiOjAsInJvbGUiOiJBZG1pbiIsImF1dGhUb2tlbiI6ImV5SmhiR2NpT2lKSVV6STFOaUlzSW5SNWNDSTZJa3BYVkNKOS5leUpmYVdRaU9pSTJPRGt5WmpRMlkySXlOVEJoTkdZMllqRmlaV1JqWlRjaUxDSjFjMlZ5VG1GdFpTSTZJbU5vWVNJc0ltVnRZV2xzSWpvaVkyaGhibVJ5YjI5ek16QkFaMjFoYVd3dVkyOXRJaXdpY0dodmJtVk9kVzFpWlhJaU9qQXNJbkp2YkdVaU9pSkJaRzFwYmlJc0ltbHpWbVZ5YVdacFpXUWlPblJ5ZFdVc0lsOWZkaUk2TUN3aWRYQmtZWFJsWkVGMElqb2lNakF5TlMwd09TMHlNbFF3T1RvME1qb3lNaTQ0TURoYUlpd2lhWE5CWTNScGRtVWlPblJ5ZFdVc0lteGhjM1JNYjJkcGJrRjBJam9pTWpBeU5TMHdPUzB3TkZReE16b3dNVG94T1M0NE16UmFJaXdpYVdGMElqb3hOelU0TlRVd09UZzJMQ0psZUhBaU9qRTNOakV5TWprek9EWjkubmtWOG5JOGU3YlROZkZSS0ZRYjFrZFJVdmpLLUw1cVFhYkp5UHEwT3JpYyIsImlzVmVyaWZpZWQiOnRydWUsIl9fdiI6MCwidXBkYXRlZEF0IjoiMjAyNS0xMC0wMVQxODozNDozMC45OTRaIiwiaXNBY3RpdmUiOnRydWUsImxhc3RMb2dpbkF0IjoiMjAyNS0xMC0wMVQxODozNDozMC45OTRaIiwiaXNTb2NpYWxMb2dpbiI6dHJ1ZSwiaWF0IjoxNzU5NjAwNTU2LCJleHAiOjE3NjIyNzg5NTZ9.pGybB6efZuTFj_jWDfEhnRu_Sd7CB2-qD5-kys-J1u8
00:31:37.575 [pool-2-thread-4] DEBUG org.apache.http.headers -- http-outgoing-8 >> Content-Type: application/json; charset=UTF-8
00:31:37.575 [pool-2-thread-4] DEBUG org.apache.http.headers -- http-outgoing-8 >> Content-Length: 52
00:31:37.575 [pool-2-thread-4] DEBUG org.apache.http.headers -- http-outgoing-8 >> Host: dev.scorecraze.app
00:31:37.575 [pool-2-thread-4] DEBUG org.apache.http.headers -- http-outgoing-8 >> Connection: Keep-Alive
00:31:37.575 [pool-2-thread-4] DEBUG org.apache.http.headers -- http-outgoing-8 >> User-Agent: Apache-HttpClient/4.5.14 (Java/11.0.27)
00:31:37.575 [pool-2-thread-4] DEBUG org.apache.http.headers -- http-outgoing-8 >> Accept-Encoding: gzip,deflate
00:31:37.575 [pool-2-thread-4] DEBUG org.apache.http.wire -- http-outgoing-8 >> "PUT /api/team/cricket/update/1755185471222 HTTP/1.1[\r][\n]"
00:31:37.575 [pool-2-thread-4] DEBUG org.apache.http.wire -- http-outgoing-8 >> "Authorization: Bearer eyJhbGciOiJIUzI1NiIsInR5cCI6IkpXVCJ9.eyJfaWQiOiI2ODkyZjQ2Y2IyNTBhNGY2YjFiZWRjZTciLCJ1c2VyTmFtZSI6IkNIQU5EUkFTRUtBUiBTQU5LQVIiLCJlbWFpbCI6ImNoYW5kcm9vczMwQGdtYWlsLmNvbSIsInBhc3N3b3JkIjoiJDJiJDEwJEc1VmEvUFRTckQ0dUZaVXMwWjluTS5VMmhERVZvcVFuaTFseU1jb3ZzMzZjWUpCaU1oODEyIiwicGhvbmVOdW1iZXIiOjAsInJvbGUiOiJBZG1pbiIsImF1dGhUb2tlbiI6ImV5SmhiR2NpT2lKSVV6STFOaUlzSW5SNWNDSTZJa3BYVkNKOS5leUpmYVdRaU9pSTJPRGt5WmpRMlkySXlOVEJoTkdZMllqRmlaV1JqWlRjaUxDSjFjMlZ5VG1GdFpTSTZJbU5vWVNJc0ltVnRZV2xzSWpvaVkyaGhibVJ5YjI5ek16QkFaMjFoYVd3dVkyOXRJaXdpY0dodmJtVk9kVzFpWlhJaU9qQXNJbkp2YkdVaU9pSkJaRzFwYmlJc0ltbHpWbVZ5YVdacFpXUWlPblJ5ZFdVc0lsOWZkaUk2TUN3aWRYQmtZWFJsWkVGMElqb2lNakF5TlMwd09TMHlNbFF3T1RvME1qb3lNaTQ0TURoYUlpd2lhWE5CWTNScGRtVWlPblJ5ZFdVc0lteGhjM1JNYjJkcGJrRjBJam9pTWpBeU5TMHdPUzB3TkZReE16b3dNVG94T1M0NE16UmFJaXdpYVdGMElqb3hOelU0TlRVd09UZzJMQ0psZUhBaU9qRTNOakV5TWprek9EWjkubmtWOG5JOGU3YlROZkZSS0ZRYjFrZFJVdmpLLUw1cVFhYkp5UHEwT3JpYyIsImlzVmVyaWZpZWQiOnRydWUsIl9fdiI6MCwidXBkYXRlZEF0IjoiMjAyNS0xMC0wMVQxODozNDozMC45OTRaIiwiaXNBY3RpdmUiOnRydWUsImxhc3RMb2dpbkF0IjoiMjAyNS0xMC0wMVQxODozNDozMC45OTRaIiwiaXNTb2NpYWxMb2dpbiI6dHJ1ZSwiaWF0IjoxNzU5NjAwNTU2LCJleHAiOjE3NjIyNzg5NTZ9.pGybB6efZuTFj_jWDfEhnRu_Sd7CB2-qD5-kys-J1u8[\r][\n]"
00:31:37.575 [pool-2-thread-4] DEBUG org.apache.http.wire -- http-outgoing-8 >> "Content-Type: application/json; charset=UTF-8[\r][\n]"
00:31:37.575 [pool-2-thread-4] DEBUG org.apache.http.wire -- http-outgoing-8 >> "Content-Length: 52[\r][\n]"
00:31:37.575 [pool-2-thread-4] DEBUG org.apache.http.wire -- http-outgoing-8 >> "Host: dev.scorecraze.app[\r][\n]"
00:31:37.575 [pool-2-thread-4] DEBUG org.apache.http.wire -- http-outgoing-8 >> "Connection: Keep-Alive[\r][\n]"
00:31:37.575 [pool-2-thread-4] DEBUG org.apache.http.wire -- http-outgoing-8 >> "User-Agent: Apache-HttpClient/4.5.14 (Java/11.0.27)[\r][\n]"
00:31:37.575 [pool-2-thread-4] DEBUG org.apache.http.wire -- http-outgoing-8 >> "Accept-Encoding: gzip,deflate[\r][\n]"
00:31:37.575 [pool-2-thread-4] DEBUG org.apache.http.wire -- http-outgoing-8 >> "[\r][\n]"
00:31:37.575 [pool-2-thread-4] DEBUG org.apache.http.wire -- http-outgoing-8 >> "{"teamName":"Multan Sultans","teamDisplayName":"MS"}"
00:31:37.591 [pool-2-thread-5] DEBUG org.apache.http.conn.ssl.SSLConnectionSocketFactory -- Secure session established
00:31:37.591 [pool-2-thread-5] DEBUG org.apache.http.conn.ssl.SSLConnectionSocketFactory --  negotiated protocol: TLSv1.3
00:31:37.591 [pool-2-thread-5] DEBUG org.apache.http.conn.ssl.SSLConnectionSocketFactory --  negotiated cipher suite: TLS_AES_256_GCM_SHA384
00:31:37.591 [pool-2-thread-5] DEBUG org.apache.http.conn.ssl.SSLConnectionSocketFactory --  peer principal: CN=dev.scorecraze.app
00:31:37.591 [pool-2-thread-5] DEBUG org.apache.http.conn.ssl.SSLConnectionSocketFactory --  peer alternative names: [dev.scorecraze.app]
00:31:37.591 [pool-2-thread-5] DEBUG org.apache.http.conn.ssl.SSLConnectionSocketFactory --  issuer principal: CN=E8, O=Let's Encrypt, C=US
00:31:37.592 [pool-2-thread-5] DEBUG org.apache.http.impl.conn.DefaultHttpClientConnectionOperator -- Connection established 172.20.10.11:51008<->13.233.24.118:443
00:31:37.592 [pool-2-thread-5] DEBUG org.apache.http.impl.conn.DefaultManagedHttpClientConnection -- http-outgoing-7: set socket timeout to 30000
00:31:37.592 [pool-2-thread-5] DEBUG org.apache.http.impl.execchain.MainClientExec -- Executing request DELETE /api/team/cricket/deleteTeamPlayers HTTP/1.1
00:31:37.592 [pool-2-thread-5] DEBUG org.apache.http.impl.execchain.MainClientExec -- Proxy auth state: UNCHALLENGED
00:31:37.592 [pool-2-thread-5] DEBUG org.apache.http.headers -- http-outgoing-7 >> DELETE /api/team/cricket/deleteTeamPlayers HTTP/1.1
00:31:37.592 [pool-2-thread-5] DEBUG org.apache.http.headers -- http-outgoing-7 >> Authorization: Bearer eyJhbGciOiJIUzI1NiIsInR5cCI6IkpXVCJ9.eyJfaWQiOiI2ODkyZjQ2Y2IyNTBhNGY2YjFiZWRjZTciLCJ1c2VyTmFtZSI6IkNIQU5EUkFTRUtBUiBTQU5LQVIiLCJlbWFpbCI6ImNoYW5kcm9vczMwQGdtYWlsLmNvbSIsInBhc3N3b3JkIjoiJDJiJDEwJEc1VmEvUFRTckQ0dUZaVXMwWjluTS5VMmhERVZvcVFuaTFseU1jb3ZzMzZjWUpCaU1oODEyIiwicGhvbmVOdW1iZXIiOjAsInJvbGUiOiJBZG1pbiIsImF1dGhUb2tlbiI6ImV5SmhiR2NpT2lKSVV6STFOaUlzSW5SNWNDSTZJa3BYVkNKOS5leUpmYVdRaU9pSTJPRGt5WmpRMlkySXlOVEJoTkdZMllqRmlaV1JqWlRjaUxDSjFjMlZ5VG1GdFpTSTZJbU5vWVNJc0ltVnRZV2xzSWpvaVkyaGhibVJ5YjI5ek16QkFaMjFoYVd3dVkyOXRJaXdpY0dodmJtVk9kVzFpWlhJaU9qQXNJbkp2YkdVaU9pSkJaRzFwYmlJc0ltbHpWbVZ5YVdacFpXUWlPblJ5ZFdVc0lsOWZkaUk2TUN3aWRYQmtZWFJsWkVGMElqb2lNakF5TlMwd09TMHlNbFF3T1RvME1qb3lNaTQ0TURoYUlpd2lhWE5CWTNScGRtVWlPblJ5ZFdVc0lteGhjM1JNYjJkcGJrRjBJam9pTWpBeU5TMHdPUzB3TkZReE16b3dNVG94T1M0NE16UmFJaXdpYVdGMElqb3hOelU0TlRVd09UZzJMQ0psZUhBaU9qRTNOakV5TWprek9EWjkubmtWOG5JOGU3YlROZkZSS0ZRYjFrZFJVdmpLLUw1cVFhYkp5UHEwT3JpYyIsImlzVmVyaWZpZWQiOnRydWUsIl9fdiI6MCwidXBkYXRlZEF0IjoiMjAyNS0xMC0wMVQxODozNDozMC45OTRaIiwiaXNBY3RpdmUiOnRydWUsImxhc3RMb2dpbkF0IjoiMjAyNS0xMC0wMVQxODozNDozMC45OTRaIiwiaXNTb2NpYWxMb2dpbiI6dHJ1ZSwiaWF0IjoxNzU5NjAwNTU2LCJleHAiOjE3NjIyNzg5NTZ9.pGybB6efZuTFj_jWDfEhnRu_Sd7CB2-qD5-kys-J1u8
00:31:37.592 [pool-2-thread-5] DEBUG org.apache.http.headers -- http-outgoing-7 >> Content-Type: application/json; charset=UTF-8
00:31:37.592 [pool-2-thread-5] DEBUG org.apache.http.headers -- http-outgoing-7 >> Content-Length: 55
00:31:37.592 [pool-2-thread-5] DEBUG org.apache.http.headers -- http-outgoing-7 >> Host: dev.scorecraze.app
00:31:37.592 [pool-2-thread-5] DEBUG org.apache.http.headers -- http-outgoing-7 >> Connection: Keep-Alive
00:31:37.592 [pool-2-thread-5] DEBUG org.apache.http.headers -- http-outgoing-7 >> User-Agent: Apache-HttpClient/4.5.14 (Java/11.0.27)
00:31:37.592 [pool-2-thread-5] DEBUG org.apache.http.headers -- http-outgoing-7 >> Accept-Encoding: gzip,deflate
00:31:37.592 [pool-2-thread-5] DEBUG org.apache.http.wire -- http-outgoing-7 >> "DELETE /api/team/cricket/deleteTeamPlayers HTTP/1.1[\r][\n]"
00:31:37.592 [pool-2-thread-5] DEBUG org.apache.http.wire -- http-outgoing-7 >> "Authorization: Bearer eyJhbGciOiJIUzI1NiIsInR5cCI6IkpXVCJ9.eyJfaWQiOiI2ODkyZjQ2Y2IyNTBhNGY2YjFiZWRjZTciLCJ1c2VyTmFtZSI6IkNIQU5EUkFTRUtBUiBTQU5LQVIiLCJlbWFpbCI6ImNoYW5kcm9vczMwQGdtYWlsLmNvbSIsInBhc3N3b3JkIjoiJDJiJDEwJEc1VmEvUFRTckQ0dUZaVXMwWjluTS5VMmhERVZvcVFuaTFseU1jb3ZzMzZjWUpCaU1oODEyIiwicGhvbmVOdW1iZXIiOjAsInJvbGUiOiJBZG1pbiIsImF1dGhUb2tlbiI6ImV5SmhiR2NpT2lKSVV6STFOaUlzSW5SNWNDSTZJa3BYVkNKOS5leUpmYVdRaU9pSTJPRGt5WmpRMlkySXlOVEJoTkdZMllqRmlaV1JqWlRjaUxDSjFjMlZ5VG1GdFpTSTZJbU5vWVNJc0ltVnRZV2xzSWpvaVkyaGhibVJ5YjI5ek16QkFaMjFoYVd3dVkyOXRJaXdpY0dodmJtVk9kVzFpWlhJaU9qQXNJbkp2YkdVaU9pSkJaRzFwYmlJc0ltbHpWbVZ5YVdacFpXUWlPblJ5ZFdVc0lsOWZkaUk2TUN3aWRYQmtZWFJsWkVGMElqb2lNakF5TlMwd09TMHlNbFF3T1RvME1qb3lNaTQ0TURoYUlpd2lhWE5CWTNScGRtVWlPblJ5ZFdVc0lteGhjM1JNYjJkcGJrRjBJam9pTWpBeU5TMHdPUzB3TkZReE16b3dNVG94T1M0NE16UmFJaXdpYVdGMElqb3hOelU0TlRVd09UZzJMQ0psZUhBaU9qRTNOakV5TWprek9EWjkubmtWOG5JOGU3YlROZkZSS0ZRYjFrZFJVdmpLLUw1cVFhYkp5UHEwT3JpYyIsImlzVmVyaWZpZWQiOnRydWUsIl9fdiI6MCwidXBkYXRlZEF0IjoiMjAyNS0xMC0wMVQxODozNDozMC45OTRaIiwiaXNBY3RpdmUiOnRydWUsImxhc3RMb2dpbkF0IjoiMjAyNS0xMC0wMVQxODozNDozMC45OTRaIiwiaXNTb2NpYWxMb2dpbiI6dHJ1ZSwiaWF0IjoxNzU5NjAwNTU2LCJleHAiOjE3NjIyNzg5NTZ9.pGybB6efZuTFj_jWDfEhnRu_Sd7CB2-qD5-kys-J1u8[\r][\n]"
00:31:37.592 [pool-2-thread-5] DEBUG org.apache.http.wire -- http-outgoing-7 >> "Content-Type: application/json; charset=UTF-8[\r][\n]"
00:31:37.592 [pool-2-thread-5] DEBUG org.apache.http.wire -- http-outgoing-7 >> "Content-Length: 55[\r][\n]"
00:31:37.592 [pool-2-thread-5] DEBUG org.apache.http.wire -- http-outgoing-7 >> "Host: dev.scorecraze.app[\r][\n]"
00:31:37.592 [pool-2-thread-5] DEBUG org.apache.http.wire -- http-outgoing-7 >> "Connection: Keep-Alive[\r][\n]"
00:31:37.592 [pool-2-thread-5] DEBUG org.apache.http.wire -- http-outgoing-7 >> "User-Agent: Apache-HttpClient/4.5.14 (Java/11.0.27)[\r][\n]"
00:31:37.592 [pool-2-thread-5] DEBUG org.apache.http.wire -- http-outgoing-7 >> "Accept-Encoding: gzip,deflate[\r][\n]"
00:31:37.592 [pool-2-thread-5] DEBUG org.apache.http.wire -- http-outgoing-7 >> "[\r][\n]"
00:31:37.592 [pool-2-thread-5] DEBUG org.apache.http.wire -- http-outgoing-7 >> "{"playerAPIID":1759475650286,"teamAPIId":1755185471222}"
00:31:37.720 [pool-2-thread-1] DEBUG org.apache.http.wire -- http-outgoing-6 << "HTTP/1.1 200 OK[\r][\n]"
00:31:37.720 [pool-2-thread-1] DEBUG org.apache.http.wire -- http-outgoing-6 << "Server: nginx/1.22.1[\r][\n]"
00:31:37.720 [pool-2-thread-1] DEBUG org.apache.http.wire -- http-outgoing-6 << "Date: Sat, 04 Oct 2025 19:01:36 GMT[\r][\n]"
00:31:37.720 [pool-2-thread-1] DEBUG org.apache.http.wire -- http-outgoing-6 << "Content-Type: application/json; charset=utf-8[\r][\n]"
00:31:37.720 [pool-2-thread-1] DEBUG org.apache.http.wire -- http-outgoing-6 << "Content-Length: 60[\r][\n]"
00:31:37.720 [pool-2-thread-1] DEBUG org.apache.http.wire -- http-outgoing-6 << "Connection: keep-alive[\r][\n]"
00:31:37.720 [pool-2-thread-1] DEBUG org.apache.http.wire -- http-outgoing-6 << "X-Powered-By: Express[\r][\n]"
00:31:37.720 [pool-2-thread-1] DEBUG org.apache.http.wire -- http-outgoing-6 << "Access-Control-Allow-Origin: *[\r][\n]"
00:31:37.720 [pool-2-thread-1] DEBUG org.apache.http.wire -- http-outgoing-6 << "ETag: W/"3c-5ceYLomTmqPBWCBhENeDjwoPIhg"[\r][\n]"
00:31:37.720 [pool-2-thread-1] DEBUG org.apache.http.wire -- http-outgoing-6 << "[\r][\n]"
00:31:37.720 [pool-2-thread-1] DEBUG org.apache.http.wire -- http-outgoing-6 << "{"status":200,"message":"Team Player Uploaded Successfully"}"
00:31:37.720 [pool-2-thread-1] DEBUG org.apache.http.headers -- http-outgoing-6 << HTTP/1.1 200 OK
00:31:37.720 [pool-2-thread-1] DEBUG org.apache.http.headers -- http-outgoing-6 << Server: nginx/1.22.1
00:31:37.720 [pool-2-thread-1] DEBUG org.apache.http.headers -- http-outgoing-6 << Date: Sat, 04 Oct 2025 19:01:36 GMT
00:31:37.720 [pool-2-thread-1] DEBUG org.apache.http.headers -- http-outgoing-6 << Content-Type: application/json; charset=utf-8
00:31:37.720 [pool-2-thread-1] DEBUG org.apache.http.headers -- http-outgoing-6 << Content-Length: 60
00:31:37.720 [pool-2-thread-1] DEBUG org.apache.http.headers -- http-outgoing-6 << Connection: keep-alive
00:31:37.720 [pool-2-thread-1] DEBUG org.apache.http.headers -- http-outgoing-6 << X-Powered-By: Express
00:31:37.720 [pool-2-thread-1] DEBUG org.apache.http.headers -- http-outgoing-6 << Access-Control-Allow-Origin: *
00:31:37.720 [pool-2-thread-1] DEBUG org.apache.http.headers -- http-outgoing-6 << ETag: W/"3c-5ceYLomTmqPBWCBhENeDjwoPIhg"
00:31:37.720 [pool-2-thread-1] DEBUG org.apache.http.impl.execchain.MainClientExec -- Connection can be kept alive indefinitely
00:31:37.720 [pool-2-thread-1] DEBUG org.apache.http.impl.conn.PoolingHttpClientConnectionManager -- Connection [id: 6][route: {s}->https://dev.scorecraze.app:443] can be kept alive indefinitely
00:31:37.720 [pool-2-thread-1] DEBUG org.apache.http.impl.conn.DefaultManagedHttpClientConnection -- http-outgoing-6: set socket timeout to 0
00:31:37.720 [pool-2-thread-1] DEBUG org.apache.http.impl.conn.PoolingHttpClientConnectionManager -- Connection released: [id: 6][route: {s}->https://dev.scorecraze.app:443][total available: 1; route allocated: 1 of 5; total allocated: 1 of 10]
00:31:37.720 [pool-2-thread-1] DEBUG org.apache.http.impl.conn.PoolingHttpClientConnectionManager -- Connection manager is shutting down
00:31:37.720 [pool-2-thread-1] DEBUG org.apache.http.impl.conn.DefaultManagedHttpClientConnection -- http-outgoing-6: Close connection
00:31:37.720 [pool-2-thread-1] DEBUG org.apache.http.impl.conn.PoolingHttpClientConnectionManager -- Connection manager shut down
00:31:37.720 [pool-2-thread-1] DEBUG com.intuit.karate -- response time in milliseconds: 371
1 < 200
1 < Server: nginx/1.22.1
1 < Date: Sat, 04 Oct 2025 19:01:36 GMT
1 < Content-Type: application/json; charset=utf-8
1 < Content-Length: 60
1 < Connection: keep-alive
1 < X-Powered-By: Express
1 < Access-Control-Allow-Origin: *
1 < ETag: W/"3c-5ceYLomTmqPBWCBhENeDjwoPIhg"
{"status":200,"message":"Team Player Uploaded Successfully"}

00:31:37.722 [pool-2-thread-1] INFO com.intuit.karate -- [print] {
  "status": 200,
  "message": "Team Player Uploaded Successfully"
}
 
00:31:37.722 [pool-2-thread-3] DEBUG org.apache.http.wire -- http-outgoing-5 << "HTTP/1.1 200 OK[\r][\n]"
00:31:37.722 [pool-2-thread-3] DEBUG org.apache.http.wire -- http-outgoing-5 << "Server: nginx/1.22.1[\r][\n]"
00:31:37.722 [pool-2-thread-3] DEBUG org.apache.http.wire -- http-outgoing-5 << "Date: Sat, 04 Oct 2025 19:01:36 GMT[\r][\n]"
00:31:37.722 [pool-2-thread-3] DEBUG org.apache.http.wire -- http-outgoing-5 << "Content-Type: application/json; charset=utf-8[\r][\n]"
00:31:37.722 [pool-2-thread-3] DEBUG org.apache.http.wire -- http-outgoing-5 << "Content-Length: 8145[\r][\n]"
00:31:37.722 [pool-2-thread-3] DEBUG org.apache.http.wire -- http-outgoing-5 << "Connection: keep-alive[\r][\n]"
00:31:37.722 [pool-2-thread-3] DEBUG org.apache.http.wire -- http-outgoing-5 << "X-Powered-By: Express[\r][\n]"
00:31:37.722 [pool-2-thread-3] DEBUG org.apache.http.wire -- http-outgoing-5 << "Access-Control-Allow-Origin: *[\r][\n]"
00:31:37.722 [pool-2-thread-3] DEBUG org.apache.http.wire -- http-outgoing-5 << "ETag: W/"1fd1-xbZOmBApNnSgmHk0c948ae97HOU"[\r][\n]"
00:31:37.722 [pool-2-thread-3] DEBUG org.apache.http.wire -- http-outgoing-5 << "[\r][\n]"
00:31:37.722 [pool-2-thread-3] DEBUG org.apache.http.wire -- http-outgoing-5 << "{"message":"Fixtures Listed successfully","data":[{"_id":"68caaebd7e0ef53ac006643d","fixtureName":"Team A2 vs Team B2","fixtureAPIId":1758113469936,"fixtureDisplayName":"TA2 vs TB2","fixtureStartDate":"2025-09-17T13:51:00.000Z","fixtureStatus":"Live","fixtureStatusType":2,"fixtureVenue":"Tata","fixtureType":"T20","seriesName":"","seriesShortName":"","seriesAPIId":0,"fixtureTeams":{"teamA":{"name":"Team A2","shortName":"TA2","teamAPIId":1758113305933,"logo":""},"teamB":{"name":"Team B2","shortName":"TB2","teamAPIId":1758113318002,"logo":""}},"lineupsOut":true,"enabledStatus":true,"isactive":true,"joinedUsers":[],"toss":true,"isLocal":true,"createdBy":"68c3f9da7e0ef53ac0065c8e","createdAt":"2025-09-17T12:51:09.941Z","updatedAt":"2025-09-17T12:51:45.271Z","__v":0,"summary":"TA2 won the toss and choose to bowl"},{"_id":"68c40a4a7e0ef53ac0065dd4","fixtureName":"Team A1 vs Team B1","fixtureAPIId":1757678154483,"fixtureDisplayName":"TA1 vs TB1","fixtureStartDate":"2025-09-12T12:55:00.000Z","fixtureStatus":"Live","fixtureStatusType":2,"fixtureVenue":"Tui","fixtureType":"T20","seriesName":"","seriesShortName":"","seriesAPIId":0,"fixtureTeams":{"teamA":{"name":"Team A1","shortName":"TA1","teamAPIId":1757678012749,"logo":""},"teamB":{"name":"Team B1","shortName":"TB1","teamAPIId":1757678026209,"logo":""}},"lineupsOut":true,"enabledStatus":true,"isactive":true,"joinedUsers":[],"toss":true,"isLocal":true,"createdBy":"6892ecdfb250a4f6b1bedcd0","createdAt":"2025-09-12T11:55:54.489Z","updatedAt":"2025-09-12T11:56:35.138Z","__v":0,"summary":"TA1 won the toss and choose to bowl"},{"_id":"68c29a5e7e0ef53ac0065b63","fixtureName":"Team Ak vs Team Vija","fixtureAPIId":1757583966471,"fixtureDisplayName":"TAl vs TV","fixtureStartDate":"2025-09-11T10:51:00.000Z","fixtureStatus":"Live","fixtureStatusType":2,"fixtureVenue":"Fhik","fixtureType":"T20","seriesName":"","seriesShortName":"","seriesAPIId":0,"fixtureTeams":{"teamA":{"name":"Team Ak","shortName":"TAl","teamAPIId":1757497266603,"logo":""},"teamB":{"name":"Team Vija","shortName":"TV","teamAPIId":1757497274603,"logo":""}},"lineupsOut":true,"enabledStatus":true,"isactive":true,"joinedUsers":[],"toss":true,"isLocal":true,"createdBy":"68c146867e0ef53ac006523d","createdAt":"2025-09-11T09:46:06.476Z","updatedAt":"2025-09-11T09:47:14.525Z","__v":0,"summary":"TAl won the toss and choose to bowl"},{"_id":"68c2769a7e0ef53ac00659cb","fixtureName":"Team Ak vs Team Vija","fixtureAPIId":1757574810154,"fixtureDisplayName":"TAl vs TV","fixtureStartDate":"2025-09-11T07:15:00.000Z","fixtureStatus":"Live","fixtureStatusType":2,"fixtureVenue":"Ghjk","fixtureType":"T20","seriesName":"","seriesShortName":"","seriesAPIId":0,"fixtureTeams":{"teamA":{"name":"Team Ak","shortName":"TAl","teamAPIId":1757497266603,"logo":""},"teamB":{"name":"Team Vija","shortName":"TV","teamAPIId":1757497274603,"logo":""}},"lineupsOut":true,"enabledStatus":true,"isactive":true,"joinedUsers":[],"toss":true,"isLocal":true,"createdBy":"68c146867e0ef53ac006523d","createdAt":"2025-09-11T07:13:30.158Z","updatedAt":"2025-09-11T07:18:45.674Z","__v":0,"summary":"TAl need 35 runs in 6 balls"},{"_id":"68c26fbe7e0ef53ac00657c6","fixtureName":"Team Ak vs Team Vija","fixtureAPIId":1757573054431,"fixtureDisplayName":"TAl vs TV","fixtureStartDate":"2025-09-11T06:49:00.000Z","fixtureStatus":"Live","fixtureStatusType":2,"fixtureVenue":"Fhji","fixtureType":"T20","seriesName":"","seriesShortName":"","seriesAPIId":0,"fixtureTeams":{"teamA":{"name":"Team Ak","shortName":"TAl","teamAPIId":1757497266603,"logo":""},"teamB":{"name":"Team Vija","shortName":"TV","teamAPIId":1757497274603,"logo":""}},"lineupsOut":true,"enabledStatus":true,"isactive":true,"joinedUsers":[],"toss":true,"isLocal":true,"createdBy":"68c146867e0ef53ac006523d","createdAt":"2025-09-11T06:44:14.435Z","updatedAt":"2025-09-11T07:12:24.656Z","__v":0,"summary":"TAl need 26 runs in 6 balls"},{"_id":"68c26c227e0ef53ac00655bd","fixtureName":"Team Ak vs Team Vija","fixtureAPIId":1757572130786,"fixtureDisplayName":"TAl vs TV","fixtureStartDate":"2025-09-11T06:30:00.000Z","fixtureStatus":"Live","fixtureStatusType":2,"fixtureVenue":"Dhhjji","fixtureType":"OTHERS","seriesName":"","seriesShortName":"","seriesAPIId":0,"fixtureTeams":{"teamA":{"name":"Team Ak","shortName":"TAl","teamAPIId":1757497266603,"logo":""},"teamB":{"name":"Team Vija","shortName":"TV","teamAPIId":1757497274603,"logo":""}},"lineupsOut":true,"enabledStatus":true,"isactive":true,"joinedUsers":[],"toss":true,"isLocal":true,"createdBy":"68c146867e0ef53ac006523d","createdAt":"2025-09-11T06:28:50.791Z","updatedAt":"2025-09-11T06:38:22.190Z","__v":0,"summary":"TAl need 50 runs in 12 balls"},{"_id":"68babf1d3adb1810bfa8b720","fixtureName":"Selena gomez team vs core","fixtureAPIId":1757069085974,"fixtureDisplayName":"SGT vs COR","fixtureStartDate":"2025-09-05T18:30:00.000Z","fixtureStatus":"Live","fixtureStatusType":2,"fixtureVenue":"kij","fixtureType":"OTHERS","seriesName":"","seriesShortName":"","seriesAPIId":0,"fixtureTeams":{"teamA":{"name":"Selena gomez team","shortName":"SGT","teamAPIId":1755279402811,"logo":""},"teamB":{"name":"core","shortName":"COR","teamAPIId":1755761010782,"logo":""}},"lineupsOut":true,"enabledStatus":true,"isactive":true,"joinedUsers":[],"toss":true,"isLocal":true,"createdBy":"686f6d662c451a620737de7e","createdAt":"2025-09-05T10:44:45.978Z","updatedAt":"2025-09-05T12:58:44.527Z","__v":0,"summary":"COR won the toss and choose to bowl"},{"_id":"68ba986903172702146f0ed1","fixtureName":"Team Anbu vs Team Gethu","fixtureAPIId":1757059177908,"fixtureDisplayName":"TA vs TG","fixtureStartDate":"2025-09-05T08:00:00.000Z","fixtureStatus":"Live","fixtureStatusType":2,"fixtureVenue":"Chennai","fixtureType":"OTHERS","seriesName":"","seriesShortName":"","seriesAPIId":0,"fixtureTeams":{"teamA":{"name":"Team Anbu","shortName":"TA","teamAPIId":1755607036402,"logo":"https://scorecraze-production.s3.ap-south-1.amazonaws.com/1755607286750-1755607036402"},"teamB":{"name":"Team Gethu","shortName":"TG","teamAPIId":1755607051158,"logo":"https://scorecraze-production.s3.ap-south-1.amazonaws.com/1755607294078-1755607051158"}},"lineupsOut":true,"enabledStatus":true,"isactive":true,"joinedUsers":[],"toss":true,"isLocal":true,"createdBy":"6892f46cb250a4f6b1bedce7","createdAt":"2025-09-05T07:59:37.941Z","updatedAt":"2025-09-05T08:52:56.353Z","__v":0,"summary":"TA won the toss and choose to bat"},{"_id":"68b9a525fe9b55740eee26e0","fixtureName":"LCU vs Marvel","fixtureAPIId":1756996901225,"fixtureDisplayName":"LCD vs ML","fixtureStartDate":"2025-09-04T14:46:38.000Z","fixtureStatus":"Live","fixtureStatusType":2,"fixtureVenue":"Player","fixtureType":"OTHERS","seriesName":"","seriesShortName":"","seriesAPIId":0,"fixtureTeams":{"teamA":{"name":"LCU","shortName":"LCD","teamAPIId":1755180914595,"logo":"https://scorecraze-production.s3.ap-south-1.amazonaws.com/1755180914595-1755180914595"},"teamB":{"name":"Marvel","shortName":"ML","teamAPIId":1755180942974,"logo":"https://scorecraze-production.s3.ap-south-1.amazonaws.com/1755180942974-1755180942974"}},"lineupsOut":true,"enabledStatus":true,"isactive":true,"joinedUsers":[],"toss":true,"isLocal":true,"createdBy":"689319ded6349d73f8ae2e93","createdAt":"2025-09-04T14:41:41.230Z","updatedAt":"2025-09-04T14:42:12.340Z","__v":0,"summary":"ML won the toss and choose to bat"},{"_id":"68b93b8efe9b55740eee0085","fixtureName":"Selena gomez team vs core","fixtureAPIId":1756969870484,"fixtureDisplayName":"SGT vs COR","fixtureStartDate":"2025-09-04T13:00:00.000Z","fixtureStatus":"Live","fixtureStatusType":2,"fixtureVenue":"Hindi","fixtureType":"OTHERS","seriesName":"","seriesShortName":"","seriesAPIId":0,"fixtureTeams":{"teamA":{"name":"Selena gomez team","shortName":"SGT","teamAPIId":1755279402811,"logo":""},"teamB":{"name":"core","shortName":"COR","teamAPIId":1755761010782,"logo":""}},"lineupsOut":true,"enabledStatus":true,"isactive":true,"joinedUsers":[],"toss":tr"
00:31:37.723 [pool-2-thread-3] DEBUG org.apache.http.headers -- http-outgoing-5 << HTTP/1.1 200 OK
00:31:37.723 [pool-2-thread-3] DEBUG org.apache.http.headers -- http-outgoing-5 << Server: nginx/1.22.1
00:31:37.723 [pool-2-thread-3] DEBUG org.apache.http.headers -- http-outgoing-5 << Date: Sat, 04 Oct 2025 19:01:36 GMT
00:31:37.723 [pool-2-thread-3] DEBUG org.apache.http.headers -- http-outgoing-5 << Content-Type: application/json; charset=utf-8
00:31:37.723 [pool-2-thread-3] DEBUG org.apache.http.headers -- http-outgoing-5 << Content-Length: 8145
00:31:37.723 [pool-2-thread-3] DEBUG org.apache.http.headers -- http-outgoing-5 << Connection: keep-alive
00:31:37.723 [pool-2-thread-3] DEBUG org.apache.http.headers -- http-outgoing-5 << X-Powered-By: Express
00:31:37.723 [pool-2-thread-3] DEBUG org.apache.http.headers -- http-outgoing-5 << Access-Control-Allow-Origin: *
00:31:37.723 [pool-2-thread-3] DEBUG org.apache.http.headers -- http-outgoing-5 << ETag: W/"1fd1-xbZOmBApNnSgmHk0c948ae97HOU"
00:31:37.723 [pool-2-thread-3] DEBUG org.apache.http.impl.execchain.MainClientExec -- Connection can be kept alive indefinitely
00:31:37.723 [pool-2-thread-3] DEBUG org.apache.http.wire -- http-outgoing-5 << "ue,"isLocal":true,"createdBy":"686f6d662c451a620737de7e","createdAt":"2025-09-04T07:11:10.489Z","updatedAt":"2025-09-05T06:23:45.380Z","__v":0,"summary":"SGT won the toss and choose to bowl"}],"totalPage":6,"currentPage":1}"
00:31:37.723 [pool-2-thread-3] DEBUG org.apache.http.impl.conn.PoolingHttpClientConnectionManager -- Connection [id: 5][route: {s}->https://dev.scorecraze.app:443] can be kept alive indefinitely
00:31:37.723 [pool-2-thread-3] DEBUG org.apache.http.impl.conn.DefaultManagedHttpClientConnection -- http-outgoing-5: set socket timeout to 0
00:31:37.723 [pool-2-thread-3] DEBUG org.apache.http.impl.conn.PoolingHttpClientConnectionManager -- Connection released: [id: 5][route: {s}->https://dev.scorecraze.app:443][total available: 1; route allocated: 1 of 5; total allocated: 1 of 10]
00:31:37.723 [pool-2-thread-3] DEBUG org.apache.http.impl.conn.PoolingHttpClientConnectionManager -- Connection manager is shutting down
00:31:37.723 [pool-2-thread-3] DEBUG org.apache.http.impl.conn.DefaultManagedHttpClientConnection -- http-outgoing-5: Close connection
00:31:37.723 [pool-2-thread-3] DEBUG org.apache.http.impl.conn.PoolingHttpClientConnectionManager -- Connection manager shut down
00:31:37.723 [pool-2-thread-3] DEBUG com.intuit.karate -- response time in milliseconds: 378
1 < 200
1 < Server: nginx/1.22.1
1 < Date: Sat, 04 Oct 2025 19:01:36 GMT
1 < Content-Type: application/json; charset=utf-8
1 < Content-Length: 8145
1 < Connection: keep-alive
1 < X-Powered-By: Express
1 < Access-Control-Allow-Origin: *
1 < ETag: W/"1fd1-xbZOmBApNnSgmHk0c948ae97HOU"
{"message":"Fixtures Listed successfully","data":[{"_id":"68caaebd7e0ef53ac006643d","fixtureName":"Team A2 vs Team B2","fixtureAPIId":1758113469936,"fixtureDisplayName":"TA2 vs TB2","fixtureStartDate":"2025-09-17T13:51:00.000Z","fixtureStatus":"Live","fixtureStatusType":2,"fixtureVenue":"Tata","fixtureType":"T20","seriesName":"","seriesShortName":"","seriesAPIId":0,"fixtureTeams":{"teamA":{"name":"Team A2","shortName":"TA2","teamAPIId":1758113305933,"logo":""},"teamB":{"name":"Team B2","shortName":"TB2","teamAPIId":1758113318002,"logo":""}},"lineupsOut":true,"enabledStatus":true,"isactive":true,"joinedUsers":[],"toss":true,"isLocal":true,"createdBy":"68c3f9da7e0ef53ac0065c8e","createdAt":"2025-09-17T12:51:09.941Z","updatedAt":"2025-09-17T12:51:45.271Z","__v":0,"summary":"TA2 won the toss and choose to bowl"},{"_id":"68c40a4a7e0ef53ac0065dd4","fixtureName":"Team A1 vs Team B1","fixtureAPIId":1757678154483,"fixtureDisplayName":"TA1 vs TB1","fixtureStartDate":"2025-09-12T12:55:00.000Z","fixtureStatus":"Live","fixtureStatusType":2,"fixtureVenue":"Tui","fixtureType":"T20","seriesName":"","seriesShortName":"","seriesAPIId":0,"fixtureTeams":{"teamA":{"name":"Team A1","shortName":"TA1","teamAPIId":1757678012749,"logo":""},"teamB":{"name":"Team B1","shortName":"TB1","teamAPIId":1757678026209,"logo":""}},"lineupsOut":true,"enabledStatus":true,"isactive":true,"joinedUsers":[],"toss":true,"isLocal":true,"createdBy":"6892ecdfb250a4f6b1bedcd0","createdAt":"2025-09-12T11:55:54.489Z","updatedAt":"2025-09-12T11:56:35.138Z","__v":0,"summary":"TA1 won the toss and choose to bowl"},{"_id":"68c29a5e7e0ef53ac0065b63","fixtureName":"Team Ak vs Team Vija","fixtureAPIId":1757583966471,"fixtureDisplayName":"TAl vs TV","fixtureStartDate":"2025-09-11T10:51:00.000Z","fixtureStatus":"Live","fixtureStatusType":2,"fixtureVenue":"Fhik","fixtureType":"T20","seriesName":"","seriesShortName":"","seriesAPIId":0,"fixtureTeams":{"teamA":{"name":"Team Ak","shortName":"TAl","teamAPIId":1757497266603,"logo":""},"teamB":{"name":"Team Vija","shortName":"TV","teamAPIId":1757497274603,"logo":""}},"lineupsOut":true,"enabledStatus":true,"isactive":true,"joinedUsers":[],"toss":true,"isLocal":true,"createdBy":"68c146867e0ef53ac006523d","createdAt":"2025-09-11T09:46:06.476Z","updatedAt":"2025-09-11T09:47:14.525Z","__v":0,"summary":"TAl won the toss and choose to bowl"},{"_id":"68c2769a7e0ef53ac00659cb","fixtureName":"Team Ak vs Team Vija","fixtureAPIId":1757574810154,"fixtureDisplayName":"TAl vs TV","fixtureStartDate":"2025-09-11T07:15:00.000Z","fixtureStatus":"Live","fixtureStatusType":2,"fixtureVenue":"Ghjk","fixtureType":"T20","seriesName":"","seriesShortName":"","seriesAPIId":0,"fixtureTeams":{"teamA":{"name":"Team Ak","shortName":"TAl","teamAPIId":1757497266603,"logo":""},"teamB":{"name":"Team Vija","shortName":"TV","teamAPIId":1757497274603,"logo":""}},"lineupsOut":true,"enabledStatus":true,"isactive":true,"joinedUsers":[],"toss":true,"isLocal":true,"createdBy":"68c146867e0ef53ac006523d","createdAt":"2025-09-11T07:13:30.158Z","updatedAt":"2025-09-11T07:18:45.674Z","__v":0,"summary":"TAl need 35 runs in 6 balls"},{"_id":"68c26fbe7e0ef53ac00657c6","fixtureName":"Team Ak vs Team Vija","fixtureAPIId":1757573054431,"fixtureDisplayName":"TAl vs TV","fixtureStartDate":"2025-09-11T06:49:00.000Z","fixtureStatus":"Live","fixtureStatusType":2,"fixtureVenue":"Fhji","fixtureType":"T20","seriesName":"","seriesShortName":"","seriesAPIId":0,"fixtureTeams":{"teamA":{"name":"Team Ak","shortName":"TAl","teamAPIId":1757497266603,"logo":""},"teamB":{"name":"Team Vija","shortName":"TV","teamAPIId":1757497274603,"logo":""}},"lineupsOut":true,"enabledStatus":true,"isactive":true,"joinedUsers":[],"toss":true,"isLocal":true,"createdBy":"68c146867e0ef53ac006523d","createdAt":"2025-09-11T06:44:14.435Z","updatedAt":"2025-09-11T07:12:24.656Z","__v":0,"summary":"TAl need 26 runs in 6 balls"},{"_id":"68c26c227e0ef53ac00655bd","fixtureName":"Team Ak vs Team Vija","fixtureAPIId":1757572130786,"fixtureDisplayName":"TAl vs TV","fixtureStartDate":"2025-09-11T06:30:00.000Z","fixtureStatus":"Live","fixtureStatusType":2,"fixtureVenue":"Dhhjji","fixtureType":"OTHERS","seriesName":"","seriesShortName":"","seriesAPIId":0,"fixtureTeams":{"teamA":{"name":"Team Ak","shortName":"TAl","teamAPIId":1757497266603,"logo":""},"teamB":{"name":"Team Vija","shortName":"TV","teamAPIId":1757497274603,"logo":""}},"lineupsOut":true,"enabledStatus":true,"isactive":true,"joinedUsers":[],"toss":true,"isLocal":true,"createdBy":"68c146867e0ef53ac006523d","createdAt":"2025-09-11T06:28:50.791Z","updatedAt":"2025-09-11T06:38:22.190Z","__v":0,"summary":"TAl need 50 runs in 12 balls"},{"_id":"68babf1d3adb1810bfa8b720","fixtureName":"Selena gomez team vs core","fixtureAPIId":1757069085974,"fixtureDisplayName":"SGT vs COR","fixtureStartDate":"2025-09-05T18:30:00.000Z","fixtureStatus":"Live","fixtureStatusType":2,"fixtureVenue":"kij","fixtureType":"OTHERS","seriesName":"","seriesShortName":"","seriesAPIId":0,"fixtureTeams":{"teamA":{"name":"Selena gomez team","shortName":"SGT","teamAPIId":1755279402811,"logo":""},"teamB":{"name":"core","shortName":"COR","teamAPIId":1755761010782,"logo":""}},"lineupsOut":true,"enabledStatus":true,"isactive":true,"joinedUsers":[],"toss":true,"isLocal":true,"createdBy":"686f6d662c451a620737de7e","createdAt":"2025-09-05T10:44:45.978Z","updatedAt":"2025-09-05T12:58:44.527Z","__v":0,"summary":"COR won the toss and choose to bowl"},{"_id":"68ba986903172702146f0ed1","fixtureName":"Team Anbu vs Team Gethu","fixtureAPIId":1757059177908,"fixtureDisplayName":"TA vs TG","fixtureStartDate":"2025-09-05T08:00:00.000Z","fixtureStatus":"Live","fixtureStatusType":2,"fixtureVenue":"Chennai","fixtureType":"OTHERS","seriesName":"","seriesShortName":"","seriesAPIId":0,"fixtureTeams":{"teamA":{"name":"Team Anbu","shortName":"TA","teamAPIId":1755607036402,"logo":"https://scorecraze-production.s3.ap-south-1.amazonaws.com/1755607286750-1755607036402"},"teamB":{"name":"Team Gethu","shortName":"TG","teamAPIId":1755607051158,"logo":"https://scorecraze-production.s3.ap-south-1.amazonaws.com/1755607294078-1755607051158"}},"lineupsOut":true,"enabledStatus":true,"isactive":true,"joinedUsers":[],"toss":true,"isLocal":true,"createdBy":"6892f46cb250a4f6b1bedce7","createdAt":"2025-09-05T07:59:37.941Z","updatedAt":"2025-09-05T08:52:56.353Z","__v":0,"summary":"TA won the toss and choose to bat"},{"_id":"68b9a525fe9b55740eee26e0","fixtureName":"LCU vs Marvel","fixtureAPIId":1756996901225,"fixtureDisplayName":"LCD vs ML","fixtureStartDate":"2025-09-04T14:46:38.000Z","fixtureStatus":"Live","fixtureStatusType":2,"fixtureVenue":"Player","fixtureType":"OTHERS","seriesName":"","seriesShortName":"","seriesAPIId":0,"fixtureTeams":{"teamA":{"name":"LCU","shortName":"LCD","teamAPIId":1755180914595,"logo":"https://scorecraze-production.s3.ap-south-1.amazonaws.com/1755180914595-1755180914595"},"teamB":{"name":"Marvel","shortName":"ML","teamAPIId":1755180942974,"logo":"https://scorecraze-production.s3.ap-south-1.amazonaws.com/1755180942974-1755180942974"}},"lineupsOut":true,"enabledStatus":true,"isactive":true,"joinedUsers":[],"toss":true,"isLocal":true,"createdBy":"689319ded6349d73f8ae2e93","createdAt":"2025-09-04T14:41:41.230Z","updatedAt":"2025-09-04T14:42:12.340Z","__v":0,"summary":"ML won the toss and choose to bat"},{"_id":"68b93b8efe9b55740eee0085","fixtureName":"Selena gomez team vs core","fixtureAPIId":1756969870484,"fixtureDisplayName":"SGT vs COR","fixtureStartDate":"2025-09-04T13:00:00.000Z","fixtureStatus":"Live","fixtureStatusType":2,"fixtureVenue":"Hindi","fixtureType":"OTHERS","seriesName":"","seriesShortName":"","seriesAPIId":0,"fixtureTeams":{"teamA":{"name":"Selena gomez team","shortName":"SGT","teamAPIId":1755279402811,"logo":""},"teamB":{"name":"core","shortName":"COR","teamAPIId":1755761010782,"logo":""}},"lineupsOut":true,"enabledStatus":true,"isactive":true,"joinedUsers":[],"toss":true,"isLocal":true,"createdBy":"686f6d662c451a620737de7e","createdAt":"2025-09-04T07:11:10.489Z","updatedAt":"2025-09-05T06:23:45.380Z","__v":0,"summary":"SGT won the toss and choose to bowl"}],"totalPage":6,"currentPage":1}

00:31:37.725 [pool-2-thread-3] INFO com.intuit.karate -- [print] {
  "message": "Fixtures Listed successfully",
  "data": [
    {
      "_id": "68caaebd7e0ef53ac006643d",
      "fixtureName": "Team A2 vs Team B2",
      "fixtureAPIId": 1758113469936,
      "fixtureDisplayName": "TA2 vs TB2",
      "fixtureStartDate": "2025-09-17T13:51:00.000Z",
      "fixtureStatus": "Live",
      "fixtureStatusType": 2,
      "fixtureVenue": "Tata",
      "fixtureType": "T20",
      "seriesName": "",
      "seriesShortName": "",
      "seriesAPIId": 0,
      "fixtureTeams": {
        "teamA": {
          "name": "Team A2",
          "shortName": "TA2",
          "teamAPIId": 1758113305933,
          "logo": ""
        },
        "teamB": {
          "name": "Team B2",
          "shortName": "TB2",
          "teamAPIId": 1758113318002,
          "logo": ""
        }
      },
      "lineupsOut": true,
      "enabledStatus": true,
      "isactive": true,
      "joinedUsers": [
      ],
      "toss": true,
      "isLocal": true,
      "createdBy": "68c3f9da7e0ef53ac0065c8e",
      "createdAt": "2025-09-17T12:51:09.941Z",
      "updatedAt": "2025-09-17T12:51:45.271Z",
      "__v": 0,
      "summary": "TA2 won the toss and choose to bowl"
    },
    {
      "_id": "68c40a4a7e0ef53ac0065dd4",
      "fixtureName": "Team A1 vs Team B1",
      "fixtureAPIId": 1757678154483,
      "fixtureDisplayName": "TA1 vs TB1",
      "fixtureStartDate": "2025-09-12T12:55:00.000Z",
      "fixtureStatus": "Live",
      "fixtureStatusType": 2,
      "fixtureVenue": "Tui",
      "fixtureType": "T20",
      "seriesName": "",
      "seriesShortName": "",
      "seriesAPIId": 0,
      "fixtureTeams": {
        "teamA": {
          "name": "Team A1",
          "shortName": "TA1",
          "teamAPIId": 1757678012749,
          "logo": ""
        },
        "teamB": {
          "name": "Team B1",
          "shortName": "TB1",
          "teamAPIId": 1757678026209,
          "logo": ""
        }
      },
      "lineupsOut": true,
      "enabledStatus": true,
      "isactive": true,
      "joinedUsers": [
      ],
      "toss": true,
      "isLocal": true,
      "createdBy": "6892ecdfb250a4f6b1bedcd0",
      "createdAt": "2025-09-12T11:55:54.489Z",
      "updatedAt": "2025-09-12T11:56:35.138Z",
      "__v": 0,
      "summary": "TA1 won the toss and choose to bowl"
    },
    {
      "_id": "68c29a5e7e0ef53ac0065b63",
      "fixtureName": "Team Ak vs Team Vija",
      "fixtureAPIId": 1757583966471,
      "fixtureDisplayName": "TAl vs TV",
      "fixtureStartDate": "2025-09-11T10:51:00.000Z",
      "fixtureStatus": "Live",
      "fixtureStatusType": 2,
      "fixtureVenue": "Fhik",
      "fixtureType": "T20",
      "seriesName": "",
      "seriesShortName": "",
      "seriesAPIId": 0,
      "fixtureTeams": {
        "teamA": {
          "name": "Team Ak",
          "shortName": "TAl",
          "teamAPIId": 1757497266603,
          "logo": ""
        },
        "teamB": {
          "name": "Team Vija",
          "shortName": "TV",
          "teamAPIId": 1757497274603,
          "logo": ""
        }
      },
      "lineupsOut": true,
      "enabledStatus": true,
      "isactive": true,
      "joinedUsers": [
      ],
      "toss": true,
      "isLocal": true,
      "createdBy": "68c146867e0ef53ac006523d",
      "createdAt": "2025-09-11T09:46:06.476Z",
      "updatedAt": "2025-09-11T09:47:14.525Z",
      "__v": 0,
      "summary": "TAl won the toss and choose to bowl"
    },
    {
      "_id": "68c2769a7e0ef53ac00659cb",
      "fixtureName": "Team Ak vs Team Vija",
      "fixtureAPIId": 1757574810154,
      "fixtureDisplayName": "TAl vs TV",
      "fixtureStartDate": "2025-09-11T07:15:00.000Z",
      "fixtureStatus": "Live",
      "fixtureStatusType": 2,
      "fixtureVenue": "Ghjk",
      "fixtureType": "T20",
      "seriesName": "",
      "seriesShortName": "",
      "seriesAPIId": 0,
      "fixtureTeams": {
        "teamA": {
          "name": "Team Ak",
          "shortName": "TAl",
          "teamAPIId": 1757497266603,
          "logo": ""
        },
        "teamB": {
          "name": "Team Vija",
          "shortName": "TV",
          "teamAPIId": 1757497274603,
          "logo": ""
        }
      },
      "lineupsOut": true,
      "enabledStatus": true,
      "isactive": true,
      "joinedUsers": [
      ],
      "toss": true,
      "isLocal": true,
      "createdBy": "68c146867e0ef53ac006523d",
      "createdAt": "2025-09-11T07:13:30.158Z",
      "updatedAt": "2025-09-11T07:18:45.674Z",
      "__v": 0,
      "summary": "TAl need 35 runs in 6 balls"
    },
    {
      "_id": "68c26fbe7e0ef53ac00657c6",
      "fixtureName": "Team Ak vs Team Vija",
      "fixtureAPIId": 1757573054431,
      "fixtureDisplayName": "TAl vs TV",
      "fixtureStartDate": "2025-09-11T06:49:00.000Z",
      "fixtureStatus": "Live",
      "fixtureStatusType": 2,
      "fixtureVenue": "Fhji",
      "fixtureType": "T20",
      "seriesName": "",
      "seriesShortName": "",
      "seriesAPIId": 0,
      "fixtureTeams": {
        "teamA": {
          "name": "Team Ak",
          "shortName": "TAl",
          "teamAPIId": 1757497266603,
          "logo": ""
        },
        "teamB": {
          "name": "Team Vija",
          "shortName": "TV",
          "teamAPIId": 1757497274603,
          "logo": ""
        }
      },
      "lineupsOut": true,
      "enabledStatus": true,
      "isactive": true,
      "joinedUsers": [
      ],
      "toss": true,
      "isLocal": true,
      "createdBy": "68c146867e0ef53ac006523d",
      "createdAt": "2025-09-11T06:44:14.435Z",
      "updatedAt": "2025-09-11T07:12:24.656Z",
      "__v": 0,
      "summary": "TAl need 26 runs in 6 balls"
    },
    {
      "_id": "68c26c227e0ef53ac00655bd",
      "fixtureName": "Team Ak vs Team Vija",
      "fixtureAPIId": 1757572130786,
      "fixtureDisplayName": "TAl vs TV",
      "fixtureStartDate": "2025-09-11T06:30:00.000Z",
      "fixtureStatus": "Live",
      "fixtureStatusType": 2,
      "fixtureVenue": "Dhhjji",
      "fixtureType": "OTHERS",
      "seriesName": "",
      "seriesShortName": "",
      "seriesAPIId": 0,
      "fixtureTeams": {
        "teamA": {
          "name": "Team Ak",
          "shortName": "TAl",
          "teamAPIId": 1757497266603,
          "logo": ""
        },
        "teamB": {
          "name": "Team Vija",
          "shortName": "TV",
          "teamAPIId": 1757497274603,
          "logo": ""
        }
      },
      "lineupsOut": true,
      "enabledStatus": true,
      "isactive": true,
      "joinedUsers": [
      ],
      "toss": true,
      "isLocal": true,
      "createdBy": "68c146867e0ef53ac006523d",
      "createdAt": "2025-09-11T06:28:50.791Z",
      "updatedAt": "2025-09-11T06:38:22.190Z",
      "__v": 0,
      "summary": "TAl need 50 runs in 12 balls"
    },
    {
      "_id": "68babf1d3adb1810bfa8b720",
      "fixtureName": "Selena gomez team vs core",
      "fixtureAPIId": 1757069085974,
      "fixtureDisplayName": "SGT vs COR",
      "fixtureStartDate": "2025-09-05T18:30:00.000Z",
      "fixtureStatus": "Live",
      "fixtureStatusType": 2,
      "fixtureVenue": "kij",
      "fixtureType": "OTHERS",
      "seriesName": "",
      "seriesShortName": "",
      "seriesAPIId": 0,
      "fixtureTeams": {
        "teamA": {
          "name": "Selena gomez team",
          "shortName": "SGT",
          "teamAPIId": 1755279402811,
          "logo": ""
        },
        "teamB": {
          "name": "core",
          "shortName": "COR",
          "teamAPIId": 1755761010782,
          "logo": ""
        }
      },
      "lineupsOut": true,
      "enabledStatus": true,
      "isactive": true,
      "joinedUsers": [
      ],
      "toss": true,
      "isLocal": true,
      "createdBy": "686f6d662c451a620737de7e",
      "createdAt": "2025-09-05T10:44:45.978Z",
      "updatedAt": "2025-09-05T12:58:44.527Z",
      "__v": 0,
      "summary": "COR won the toss and choose to bowl"
    },
    {
      "_id": "68ba986903172702146f0ed1",
      "fixtureName": "Team Anbu vs Team Gethu",
      "fixtureAPIId": 1757059177908,
      "fixtureDisplayName": "TA vs TG",
      "fixtureStartDate": "2025-09-05T08:00:00.000Z",
      "fixtureStatus": "Live",
      "fixtureStatusType": 2,
      "fixtureVenue": "Chennai",
      "fixtureType": "OTHERS",
      "seriesName": "",
      "seriesShortName": "",
      "seriesAPIId": 0,
      "fixtureTeams": {
        "teamA": {
          "name": "Team Anbu",
          "shortName": "TA",
          "teamAPIId": 1755607036402,
          "logo": "https://scorecraze-production.s3.ap-south-1.amazonaws.com/1755607286750-1755607036402"
        },
        "teamB": {
          "name": "Team Gethu",
          "shortName": "TG",
          "teamAPIId": 1755607051158,
          "logo": "https://scorecraze-production.s3.ap-south-1.amazonaws.com/1755607294078-1755607051158"
        }
      },
      "lineupsOut": true,
      "enabledStatus": true,
      "isactive": true,
      "joinedUsers": [
      ],
      "toss": true,
      "isLocal": true,
      "createdBy": "6892f46cb250a4f6b1bedce7",
      "createdAt": "2025-09-05T07:59:37.941Z",
      "updatedAt": "2025-09-05T08:52:56.353Z",
      "__v": 0,
      "summary": "TA won the toss and choose to bat"
    },
    {
      "_id": "68b9a525fe9b55740eee26e0",
      "fixtureName": "LCU vs Marvel",
      "fixtureAPIId": 1756996901225,
      "fixtureDisplayName": "LCD vs ML",
      "fixtureStartDate": "2025-09-04T14:46:38.000Z",
      "fixtureStatus": "Live",
      "fixtureStatusType": 2,
      "fixtureVenue": "Player",
      "fixtureType": "OTHERS",
      "seriesName": "",
      "seriesShortName": "",
      "seriesAPIId": 0,
      "fixtureTeams": {
        "teamA": {
          "name": "LCU",
          "shortName": "LCD",
          "teamAPIId": 1755180914595,
          "logo": "https://scorecraze-production.s3.ap-south-1.amazonaws.com/1755180914595-1755180914595"
        },
        "teamB": {
          "name": "Marvel",
          "shortName": "ML",
          "teamAPIId": 1755180942974,
          "logo": "https://scorecraze-production.s3.ap-south-1.amazonaws.com/1755180942974-1755180942974"
        }
      },
      "lineupsOut": true,
      "enabledStatus": true,
      "isactive": true,
      "joinedUsers": [
      ],
      "toss": true,
      "isLocal": true,
      "createdBy": "689319ded6349d73f8ae2e93",
      "createdAt": "2025-09-04T14:41:41.230Z",
      "updatedAt": "2025-09-04T14:42:12.340Z",
      "__v": 0,
      "summary": "ML won the toss and choose to bat"
    },
    {
      "_id": "68b93b8efe9b55740eee0085",
      "fixtureName": "Selena gomez team vs core",
      "fixtureAPIId": 1756969870484,
      "fixtureDisplayName": "SGT vs COR",
      "fixtureStartDate": "2025-09-04T13:00:00.000Z",
      "fixtureStatus": "Live",
      "fixtureStatusType": 2,
      "fixtureVenue": "Hindi",
      "fixtureType": "OTHERS",
      "seriesName": "",
      "seriesShortName": "",
      "seriesAPIId": 0,
      "fixtureTeams": {
        "teamA": {
          "name": "Selena gomez team",
          "shortName": "SGT",
          "teamAPIId": 1755279402811,
          "logo": ""
        },
        "teamB": {
          "name": "core",
          "shortName": "COR",
          "teamAPIId": 1755761010782,
          "logo": ""
        }
      },
      "lineupsOut": true,
      "enabledStatus": true,
      "isactive": true,
      "joinedUsers": [
      ],
      "toss": true,
      "isLocal": true,
      "createdBy": "686f6d662c451a620737de7e",
      "createdAt": "2025-09-04T07:11:10.489Z",
      "updatedAt": "2025-09-05T06:23:45.380Z",
      "__v": 0,
      "summary": "SGT won the toss and choose to bowl"
    }
  ],
  "totalPage": 6,
  "currentPage": 1
}
 
00:31:37.823 [pool-2-thread-5] DEBUG org.apache.http.wire -- http-outgoing-7 << "HTTP/1.1 200 OK[\r][\n]"
00:31:37.823 [pool-2-thread-5] DEBUG org.apache.http.wire -- http-outgoing-7 << "Server: nginx/1.22.1[\r][\n]"
00:31:37.823 [pool-2-thread-5] DEBUG org.apache.http.wire -- http-outgoing-7 << "Date: Sat, 04 Oct 2025 19:01:36 GMT[\r][\n]"
00:31:37.823 [pool-2-thread-5] DEBUG org.apache.http.wire -- http-outgoing-7 << "Content-Type: application/json; charset=utf-8[\r][\n]"
00:31:37.823 [pool-2-thread-5] DEBUG org.apache.http.wire -- http-outgoing-7 << "Content-Length: 61[\r][\n]"
00:31:37.823 [pool-2-thread-5] DEBUG org.apache.http.wire -- http-outgoing-7 << "Connection: keep-alive[\r][\n]"
00:31:37.823 [pool-2-thread-5] DEBUG org.apache.http.wire -- http-outgoing-7 << "X-Powered-By: Express[\r][\n]"
00:31:37.823 [pool-2-thread-5] DEBUG org.apache.http.wire -- http-outgoing-7 << "Access-Control-Allow-Origin: *[\r][\n]"
00:31:37.823 [pool-2-thread-5] DEBUG org.apache.http.wire -- http-outgoing-7 << "ETag: W/"3d-dlbYPMbBNUZ+e62LI1ZRUn9sjnI"[\r][\n]"
00:31:37.823 [pool-2-thread-5] DEBUG org.apache.http.wire -- http-outgoing-7 << "[\r][\n]"
00:31:37.824 [pool-2-thread-5] DEBUG org.apache.http.wire -- http-outgoing-7 << "{"data":"updateTeam","message":"Player Deleted Successfully"}"
00:31:37.824 [pool-2-thread-5] DEBUG org.apache.http.headers -- http-outgoing-7 << HTTP/1.1 200 OK
00:31:37.824 [pool-2-thread-5] DEBUG org.apache.http.headers -- http-outgoing-7 << Server: nginx/1.22.1
00:31:37.824 [pool-2-thread-5] DEBUG org.apache.http.headers -- http-outgoing-7 << Date: Sat, 04 Oct 2025 19:01:36 GMT
00:31:37.824 [pool-2-thread-5] DEBUG org.apache.http.headers -- http-outgoing-7 << Content-Type: application/json; charset=utf-8
00:31:37.824 [pool-2-thread-5] DEBUG org.apache.http.headers -- http-outgoing-7 << Content-Length: 61
00:31:37.824 [pool-2-thread-5] DEBUG org.apache.http.headers -- http-outgoing-7 << Connection: keep-alive
00:31:37.824 [pool-2-thread-5] DEBUG org.apache.http.headers -- http-outgoing-7 << X-Powered-By: Express
00:31:37.824 [pool-2-thread-5] DEBUG org.apache.http.headers -- http-outgoing-7 << Access-Control-Allow-Origin: *
00:31:37.824 [pool-2-thread-5] DEBUG org.apache.http.headers -- http-outgoing-7 << ETag: W/"3d-dlbYPMbBNUZ+e62LI1ZRUn9sjnI"
00:31:37.824 [pool-2-thread-5] DEBUG org.apache.http.impl.execchain.MainClientExec -- Connection can be kept alive indefinitely
00:31:37.824 [pool-2-thread-5] DEBUG org.apache.http.impl.conn.PoolingHttpClientConnectionManager -- Connection [id: 7][route: {s}->https://dev.scorecraze.app:443] can be kept alive indefinitely
00:31:37.824 [pool-2-thread-5] DEBUG org.apache.http.impl.conn.DefaultManagedHttpClientConnection -- http-outgoing-7: set socket timeout to 0
00:31:37.824 [pool-2-thread-5] DEBUG org.apache.http.impl.conn.PoolingHttpClientConnectionManager -- Connection released: [id: 7][route: {s}->https://dev.scorecraze.app:443][total available: 1; route allocated: 1 of 5; total allocated: 1 of 10]
00:31:37.824 [pool-2-thread-5] DEBUG org.apache.http.impl.conn.PoolingHttpClientConnectionManager -- Connection manager is shutting down
00:31:37.824 [pool-2-thread-5] DEBUG org.apache.http.impl.conn.DefaultManagedHttpClientConnection -- http-outgoing-7: Close connection
00:31:37.824 [pool-2-thread-5] DEBUG org.apache.http.impl.conn.PoolingHttpClientConnectionManager -- Connection manager shut down
00:31:37.824 [pool-2-thread-5] DEBUG com.intuit.karate -- response time in milliseconds: 453
1 < 200
1 < Server: nginx/1.22.1
1 < Date: Sat, 04 Oct 2025 19:01:36 GMT
1 < Content-Type: application/json; charset=utf-8
1 < Content-Length: 61
1 < Connection: keep-alive
1 < X-Powered-By: Express
1 < Access-Control-Allow-Origin: *
1 < ETag: W/"3d-dlbYPMbBNUZ+e62LI1ZRUn9sjnI"
{"data":"updateTeam","message":"Player Deleted Successfully"}

00:31:37.825 [pool-2-thread-5] INFO com.intuit.karate -- [print] {
  "data": "updateTeam",
  "message": "Player Deleted Successfully"
}
 
00:31:37.904 [pool-2-thread-4] DEBUG org.apache.http.wire -- http-outgoing-8 << "HTTP/1.1 200 OK[\r][\n]"
00:31:37.904 [pool-2-thread-4] DEBUG org.apache.http.wire -- http-outgoing-8 << "Server: nginx/1.22.1[\r][\n]"
00:31:37.904 [pool-2-thread-4] DEBUG org.apache.http.wire -- http-outgoing-8 << "Date: Sat, 04 Oct 2025 19:01:36 GMT[\r][\n]"
00:31:37.904 [pool-2-thread-4] DEBUG org.apache.http.wire -- http-outgoing-8 << "Content-Type: application/json; charset=utf-8[\r][\n]"
00:31:37.904 [pool-2-thread-4] DEBUG org.apache.http.wire -- http-outgoing-8 << "Content-Length: 59[\r][\n]"
00:31:37.904 [pool-2-thread-4] DEBUG org.apache.http.wire -- http-outgoing-8 << "Connection: keep-alive[\r][\n]"
00:31:37.904 [pool-2-thread-4] DEBUG org.apache.http.wire -- http-outgoing-8 << "X-Powered-By: Express[\r][\n]"
00:31:37.904 [pool-2-thread-4] DEBUG org.apache.http.wire -- http-outgoing-8 << "Access-Control-Allow-Origin: *[\r][\n]"
00:31:37.904 [pool-2-thread-4] DEBUG org.apache.http.wire -- http-outgoing-8 << "ETag: W/"3b-Mz8OQTLPLBxuUwCTiuEvAwz8vN8"[\r][\n]"
00:31:37.904 [pool-2-thread-4] DEBUG org.apache.http.wire -- http-outgoing-8 << "[\r][\n]"
00:31:37.904 [pool-2-thread-4] DEBUG org.apache.http.wire -- http-outgoing-8 << "{"data":"updateTeam","message":"succesfully teams updated"}"
00:31:37.904 [pool-2-thread-4] DEBUG org.apache.http.headers -- http-outgoing-8 << HTTP/1.1 200 OK
00:31:37.904 [pool-2-thread-4] DEBUG org.apache.http.headers -- http-outgoing-8 << Server: nginx/1.22.1
00:31:37.904 [pool-2-thread-4] DEBUG org.apache.http.headers -- http-outgoing-8 << Date: Sat, 04 Oct 2025 19:01:36 GMT
00:31:37.904 [pool-2-thread-4] DEBUG org.apache.http.headers -- http-outgoing-8 << Content-Type: application/json; charset=utf-8
00:31:37.904 [pool-2-thread-4] DEBUG org.apache.http.headers -- http-outgoing-8 << Content-Length: 59
00:31:37.904 [pool-2-thread-4] DEBUG org.apache.http.headers -- http-outgoing-8 << Connection: keep-alive
00:31:37.904 [pool-2-thread-4] DEBUG org.apache.http.headers -- http-outgoing-8 << X-Powered-By: Express
00:31:37.904 [pool-2-thread-4] DEBUG org.apache.http.headers -- http-outgoing-8 << Access-Control-Allow-Origin: *
00:31:37.904 [pool-2-thread-4] DEBUG org.apache.http.headers -- http-outgoing-8 << ETag: W/"3b-Mz8OQTLPLBxuUwCTiuEvAwz8vN8"
00:31:37.904 [pool-2-thread-4] DEBUG org.apache.http.impl.execchain.MainClientExec -- Connection can be kept alive indefinitely
00:31:37.904 [pool-2-thread-4] DEBUG org.apache.http.impl.conn.PoolingHttpClientConnectionManager -- Connection [id: 8][route: {s}->https://dev.scorecraze.app:443] can be kept alive indefinitely
00:31:37.904 [pool-2-thread-4] DEBUG org.apache.http.impl.conn.DefaultManagedHttpClientConnection -- http-outgoing-8: set socket timeout to 0
00:31:37.904 [pool-2-thread-4] DEBUG org.apache.http.impl.conn.PoolingHttpClientConnectionManager -- Connection released: [id: 8][route: {s}->https://dev.scorecraze.app:443][total available: 1; route allocated: 1 of 5; total allocated: 1 of 10]
00:31:37.904 [pool-2-thread-4] DEBUG org.apache.http.impl.conn.PoolingHttpClientConnectionManager -- Connection manager is shutting down
00:31:37.904 [pool-2-thread-4] DEBUG org.apache.http.impl.conn.DefaultManagedHttpClientConnection -- http-outgoing-8: Close connection
00:31:37.905 [pool-2-thread-4] DEBUG org.apache.http.impl.conn.PoolingHttpClientConnectionManager -- Connection manager shut down
00:31:37.905 [pool-2-thread-4] DEBUG com.intuit.karate -- response time in milliseconds: 510
1 < 200
1 < Server: nginx/1.22.1
1 < Date: Sat, 04 Oct 2025 19:01:36 GMT
1 < Content-Type: application/json; charset=utf-8
1 < Content-Length: 59
1 < Connection: keep-alive
1 < X-Powered-By: Express
1 < Access-Control-Allow-Origin: *
1 < ETag: W/"3b-Mz8OQTLPLBxuUwCTiuEvAwz8vN8"
{"data":"updateTeam","message":"succesfully teams updated"}

00:31:37.906 [pool-2-thread-4] INFO com.intuit.karate -- [print] {
  "data": "updateTeam",
  "message": "succesfully teams updated"
}
 
---------------------------------------------------------
feature: classpath:features/withLogin/Login.feature
scenarios:  5 | passed:  5 | failed:  0 | time: 4.9320
---------------------------------------------------------

00:31:38.140 [pool-3-thread-1] INFO com.intuit.karate.Suite -- <<pass>> feature 1 of 4 (3 remaining) classpath:features/withLogin/Login.feature
00:31:38.157 [pool-3-thread-1] DEBUG org.thymeleaf.TemplateEngine -- [THYMELEAF] INITIALIZING TEMPLATE ENGINE
00:31:38.196 [pool-3-thread-1] DEBUG org.thymeleaf.TemplateEngine.CONFIG -- Initializing Thymeleaf Template engine configuration...
[THYMELEAF] TEMPLATE ENGINE CONFIGURATION:
[THYMELEAF] * Thymeleaf version: 3.1.2.RELEASE (built 2023-07-30T19:25:50+0000)
[THYMELEAF] * Cache Manager implementation: org.thymeleaf.cache.StandardCacheManager
[THYMELEAF] * Template resolvers:
[THYMELEAF]     * [1] com.intuit.karate.template.ResourceHtmlTemplateResolver
[THYMELEAF] * Message resolvers:
[THYMELEAF]     * org.thymeleaf.messageresolver.StandardMessageResolver
[THYMELEAF] * Link builders:
[THYMELEAF]     * org.thymeleaf.linkbuilder.StandardLinkBuilder
[THYMELEAF] * Dialect [1 of 2]: Standard (com.intuit.karate.template.KarateStandardDialect)
[THYMELEAF]     * Prefix: "th"
[THYMELEAF]     * Processors for Template Mode: HTML
[THYMELEAF]         * Element Tag Processors by [matching element and attribute name] [precedence]:
[THYMELEAF]             * [* {th:include,data-th-include}] [100]: org.thymeleaf.standard.processor.StandardIncludeTagProcessor
[THYMELEAF]             * [* {th:insert,data-th-insert}] [100]: org.thymeleaf.standard.processor.StandardInsertTagProcessor
[THYMELEAF]             * [* {th:replace,data-th-replace}] [100]: org.thymeleaf.standard.processor.StandardReplaceTagProcessor
[THYMELEAF]             * [* {th:each,data-th-each}] [200]: com.intuit.karate.template.KarateEachTagProcessor
[THYMELEAF]             * [* {th:switch,data-th-switch}] [250]: org.thymeleaf.standard.processor.StandardSwitchTagProcessor
[THYMELEAF]             * [* {th:case,data-th-case}] [275]: org.thymeleaf.standard.processor.StandardCaseTagProcessor
[THYMELEAF]             * [* {th:if,data-th-if}] [300]: org.thymeleaf.standard.processor.StandardIfTagProcessor
[THYMELEAF]             * [* {th:unless,data-th-unless}] [400]: org.thymeleaf.standard.processor.StandardUnlessTagProcessor
[THYMELEAF]             * [* {th:object,data-th-object}] [500]: org.thymeleaf.standard.processor.StandardObjectTagProcessor
[THYMELEAF]             * [* {th:with,data-th-with}] [600]: com.intuit.karate.template.KarateWithTagProcessor
[THYMELEAF]             * [* {th:attr,data-th-attr}] [700]: com.intuit.karate.template.KarateAttributeTagProcessor.KarateAttrTagProcessor
[THYMELEAF]             * [* {th:attrappend,data-th-attrappend}] [900]: com.intuit.karate.template.KarateAttributeTagProcessor.KarateAttrappendTagProcessor
[THYMELEAF]             * [* {th:attrprepend,data-th-attrprepend}] [900]: com.intuit.karate.template.KarateAttributeTagProcessor.KarateAttrprependTagProcessor
[THYMELEAF]             * [* {th:alt-title,data-th-alt-title}] [990]: org.thymeleaf.standard.processor.StandardAltTitleTagProcessor
[THYMELEAF]             * [* {th:lang-xmllang,data-th-lang-xmllang}] [990]: org.thymeleaf.standard.processor.StandardLangXmlLangTagProcessor
[THYMELEAF]             * [* {th:action,data-th-action}] [1000]: org.thymeleaf.standard.processor.StandardActionTagProcessor
[THYMELEAF]             * [* {th:readonly,data-th-readonly}] [1000]: org.thymeleaf.standard.processor.StandardConditionalFixedValueTagProcessor
[THYMELEAF]             * [* {th:required,data-th-required}] [1000]: org.thymeleaf.standard.processor.StandardConditionalFixedValueTagProcessor
[THYMELEAF]             * [* {th:nowrap,data-th-nowrap}] [1000]: org.thymeleaf.standard.processor.StandardConditionalFixedValueTagProcessor
[THYMELEAF]             * [* {th:reversed,data-th-reversed}] [1000]: org.thymeleaf.standard.processor.StandardConditionalFixedValueTagProcessor
[THYMELEAF]             * [* {th:autoplay,data-th-autoplay}] [1000]: org.thymeleaf.standard.processor.StandardConditionalFixedValueTagProcessor
[THYMELEAF]             * [* {th:novalidate,data-th-novalidate}] [1000]: org.thymeleaf.standard.processor.StandardConditionalFixedValueTagProcessor
[THYMELEAF]             * [* {th:disabled,data-th-disabled}] [1000]: org.thymeleaf.standard.processor.StandardConditionalFixedValueTagProcessor
[THYMELEAF]             * [* {th:defer,data-th-defer}] [1000]: org.thymeleaf.standard.processor.StandardConditionalFixedValueTagProcessor
[THYMELEAF]             * [* {th:multiple,data-th-multiple}] [1000]: org.thymeleaf.standard.processor.StandardConditionalFixedValueTagProcessor
[THYMELEAF]             * [* {th:ismap,data-th-ismap}] [1000]: org.thymeleaf.standard.processor.StandardConditionalFixedValueTagProcessor
[THYMELEAF]             * [* {th:default,data-th-default}] [1000]: org.thymeleaf.standard.processor.StandardConditionalFixedValueTagProcessor
[THYMELEAF]             * [* {th:controls,data-th-controls}] [1000]: org.thymeleaf.standard.processor.StandardConditionalFixedValueTagProcessor
[THYMELEAF]             * [* {th:formnovalidate,data-th-formnovalidate}] [1000]: org.thymeleaf.standard.processor.StandardConditionalFixedValueTagProcessor
[THYMELEAF]             * [* {th:async,data-th-async}] [1000]: org.thymeleaf.standard.processor.StandardConditionalFixedValueTagProcessor
[THYMELEAF]             * [* {th:autofocus,data-th-autofocus}] [1000]: org.thymeleaf.standard.processor.StandardConditionalFixedValueTagProcessor
[THYMELEAF]             * [* {th:hidden,data-th-hidden}] [1000]: org.thymeleaf.standard.processor.StandardConditionalFixedValueTagProcessor
[THYMELEAF]             * [* {th:selected,data-th-selected}] [1000]: org.thymeleaf.standard.processor.StandardConditionalFixedValueTagProcessor
[THYMELEAF]             * [* {th:open,data-th-open}] [1000]: org.thymeleaf.standard.processor.StandardConditionalFixedValueTagProcessor
[THYMELEAF]             * [* {th:pubdate,data-th-pubdate}] [1000]: org.thymeleaf.standard.processor.StandardConditionalFixedValueTagProcessor
[THYMELEAF]             * [* {th:scoped,data-th-scoped}] [1000]: org.thymeleaf.standard.processor.StandardConditionalFixedValueTagProcessor
[THYMELEAF]             * [* {th:loop,data-th-loop}] [1000]: org.thymeleaf.standard.processor.StandardConditionalFixedValueTagProcessor
[THYMELEAF]             * [* {th:declare,data-th-declare}] [1000]: org.thymeleaf.standard.processor.StandardConditionalFixedValueTagProcessor
[THYMELEAF]             * [* {th:seamless,data-th-seamless}] [1000]: org.thymeleaf.standard.processor.StandardConditionalFixedValueTagProcessor
[THYMELEAF]             * [* {th:checked,data-th-checked}] [1000]: org.thymeleaf.standard.processor.StandardConditionalFixedValueTagProcessor
[THYMELEAF]             * [* {th:oncontextmenu,data-th-oncontextmenu}] [1000]: org.thymeleaf.standard.processor.StandardDOMEventAttributeTagProcessor
[THYMELEAF]             * [* {th:onclick,data-th-onclick}] [1000]: org.thymeleaf.standard.processor.StandardDOMEventAttributeTagProcessor
[THYMELEAF]             * [* {th:onunload,data-th-onunload}] [1000]: org.thymeleaf.standard.processor.StandardDOMEventAttributeTagProcessor
[THYMELEAF]             * [* {th:onseeking,data-th-onseeking}] [1000]: org.thymeleaf.standard.processor.StandardDOMEventAttributeTagProcessor
[THYMELEAF]             * [* {th:onabort,data-th-onabort}] [1000]: org.thymeleaf.standard.processor.StandardDOMEventAttributeTagProcessor
[THYMELEAF]             * [* {th:onreset,data-th-onreset}] [1000]: org.thymeleaf.standard.processor.StandardDOMEventAttributeTagProcessor
[THYMELEAF]             * [* {th:onhashchange,data-th-onhashchange}] [1000]: org.thymeleaf.standard.processor.StandardDOMEventAttributeTagProcessor
[THYMELEAF]             * [* {th:onratechange,data-th-onratechange}] [1000]: org.thymeleaf.standard.processor.StandardDOMEventAttributeTagProcessor
[THYMELEAF]             * [* {th:onsuspend,data-th-onsuspend}] [1000]: org.thymeleaf.standard.processor.StandardDOMEventAttributeTagProcessor
[THYMELEAF]             * [* {th:onundo,data-th-onundo}] [1000]: org.thymeleaf.standard.processor.StandardDOMEventAttributeTagProcessor
[THYMELEAF]             * [* {th:onbeforeprint,data-th-onbeforeprint}] [1000]: org.thymeleaf.standard.processor.StandardDOMEventAttributeTagProcessor
[THYMELEAF]             * [* {th:onforminput,data-th-onforminput}] [1000]: org.thymeleaf.standard.processor.StandardDOMEventAttributeTagProcessor
[THYMELEAF]             * [* {th:onload,data-th-onload}] [1000]: org.thymeleaf.standard.processor.StandardDOMEventAttributeTagProcessor
[THYMELEAF]             * [* {th:onformchange,data-th-onformchange}] [1000]: org.thymeleaf.standard.processor.StandardDOMEventAttributeTagProcessor
[THYMELEAF]             * [* {th:onmouseup,data-th-onmouseup}] [1000]: org.thymeleaf.standard.processor.StandardDOMEventAttributeTagProcessor
[THYMELEAF]             * [* {th:ontimeupdate,data-th-ontimeupdate}] [1000]: org.thymeleaf.standard.processor.StandardDOMEventAttributeTagProcessor
[THYMELEAF]             * [* {th:onmessage,data-th-onmessage}] [1000]: org.thymeleaf.standard.processor.StandardDOMEventAttributeTagProcessor
[THYMELEAF]             * [* {th:onchange,data-th-onchange}] [1000]: org.thymeleaf.standard.processor.StandardDOMEventAttributeTagProcessor
[THYMELEAF]             * [* {th:onselect,data-th-onselect}] [1000]: org.thymeleaf.standard.processor.StandardDOMEventAttributeTagProcessor
[THYMELEAF]             * [* {th:onerror,data-th-onerror}] [1000]: org.thymeleaf.standard.processor.StandardDOMEventAttributeTagProcessor
[THYMELEAF]             * [* {th:onkeypress,data-th-onkeypress}] [1000]: org.thymeleaf.standard.processor.StandardDOMEventAttributeTagProcessor
[THYMELEAF]             * [* {th:onmousedown,data-th-onmousedown}] [1000]: org.thymeleaf.standard.processor.StandardDOMEventAttributeTagProcessor
[THYMELEAF]             * [* {th:onshow,data-th-onshow}] [1000]: org.thymeleaf.standard.processor.StandardDOMEventAttributeTagProcessor
[THYMELEAF]             * [* {th:onseeked,data-th-onseeked}] [1000]: org.thymeleaf.standard.processor.StandardDOMEventAttributeTagProcessor
[THYMELEAF]             * [* {th:onreadystatechange,data-th-onreadystatechange}] [1000]: org.thymeleaf.standard.processor.StandardDOMEventAttributeTagProcessor
[THYMELEAF]             * [* {th:ondrag,data-th-ondrag}] [1000]: org.thymeleaf.standard.processor.StandardDOMEventAttributeTagProcessor
[THYMELEAF]             * [* {th:ondragstart,data-th-ondragstart}] [1000]: org.thymeleaf.standard.processor.StandardDOMEventAttributeTagProcessor
[THYMELEAF]             * [* {th:oncanplay,data-th-oncanplay}] [1000]: org.thymeleaf.standard.processor.StandardDOMEventAttributeTagProcessor
[THYMELEAF]             * [* {th:onredo,data-th-onredo}] [1000]: org.thymeleaf.standard.processor.StandardDOMEventAttributeTagProcessor
[THYMELEAF]             * [* {th:onmouseover,data-th-onmouseover}] [1000]: org.thymeleaf.standard.processor.StandardDOMEventAttributeTagProcessor
[THYMELEAF]             * [* {th:onprogress,data-th-onprogress}] [1000]: org.thymeleaf.standard.processor.StandardDOMEventAttributeTagProcessor
[THYMELEAF]             * [* {th:onbeforeunload,data-th-onbeforeunload}] [1000]: org.thymeleaf.standard.processor.StandardDOMEventAttributeTagProcessor
[THYMELEAF]             * [* {th:onfocus,data-th-onfocus}] [1000]: org.thymeleaf.standard.processor.StandardDOMEventAttributeTagProcessor
[THYMELEAF]             * [* {th:onstorage,data-th-onstorage}] [1000]: org.thymeleaf.standard.processor.StandardDOMEventAttributeTagProcessor
[THYMELEAF]             * [* {th:onresize,data-th-onresize}] [1000]: org.thymeleaf.standard.processor.StandardDOMEventAttributeTagProcessor
[THYMELEAF]             * [* {th:ondblclick,data-th-ondblclick}] [1000]: org.thymeleaf.standard.processor.StandardDOMEventAttributeTagProcessor
[THYMELEAF]             * [* {th:ondrop,data-th-ondrop}] [1000]: org.thymeleaf.standard.processor.StandardDOMEventAttributeTagProcessor
[THYMELEAF]             * [* {th:ondurationchange,data-th-ondurationchange}] [1000]: org.thymeleaf.standard.processor.StandardDOMEventAttributeTagProcessor
[THYMELEAF]             * [* {th:onstalled,data-th-onstalled}] [1000]: org.thymeleaf.standard.processor.StandardDOMEventAttributeTagProcessor
[THYMELEAF]             * [* {th:onoffline,data-th-onoffline}] [1000]: org.thymeleaf.standard.processor.StandardDOMEventAttributeTagProcessor
[THYMELEAF]             * [* {th:onafterprint,data-th-onafterprint}] [1000]: org.thymeleaf.standard.processor.StandardDOMEventAttributeTagProcessor
[THYMELEAF]             * [* {th:onmouseout,data-th-onmouseout}] [1000]: org.thymeleaf.standard.processor.StandardDOMEventAttributeTagProcessor
[THYMELEAF]             * [* {th:onloadeddata,data-th-onloadeddata}] [1000]: org.thymeleaf.standard.processor.StandardDOMEventAttributeTagProcessor
[THYMELEAF]             * [* {th:ondragend,data-th-ondragend}] [1000]: org.thymeleaf.standard.processor.StandardDOMEventAttributeTagProcessor
[THYMELEAF]             * [* {th:onvolumechange,data-th-onvolumechange}] [1000]: org.thymeleaf.standard.processor.StandardDOMEventAttributeTagProcessor
[THYMELEAF]             * [* {th:onloadedmetadata,data-th-onloadedmetadata}] [1000]: org.thymeleaf.standard.processor.StandardDOMEventAttributeTagProcessor
[THYMELEAF]             * [* {th:oninvalid,data-th-oninvalid}] [1000]: org.thymeleaf.standard.processor.StandardDOMEventAttributeTagProcessor
[THYMELEAF]             * [* {th:onended,data-th-onended}] [1000]: org.thymeleaf.standard.processor.StandardDOMEventAttributeTagProcessor
[THYMELEAF]             * [* {th:onmousewheel,data-th-onmousewheel}] [1000]: org.thymeleaf.standard.processor.StandardDOMEventAttributeTagProcessor
[THYMELEAF]             * [* {th:ondragover,data-th-ondragover}] [1000]: org.thymeleaf.standard.processor.StandardDOMEventAttributeTagProcessor
[THYMELEAF]             * [* {th:oncanplaythrough,data-th-oncanplaythrough}] [1000]: org.thymeleaf.standard.processor.StandardDOMEventAttributeTagProcessor
[THYMELEAF]             * [* {th:onkeydown,data-th-onkeydown}] [1000]: org.thymeleaf.standard.processor.StandardDOMEventAttributeTagProcessor
[THYMELEAF]             * [* {th:onemptied,data-th-onemptied}] [1000]: org.thymeleaf.standard.processor.StandardDOMEventAttributeTagProcessor
[THYMELEAF]             * [* {th:onscroll,data-th-onscroll}] [1000]: org.thymeleaf.standard.processor.StandardDOMEventAttributeTagProcessor
[THYMELEAF]             * [* {th:onpopstate,data-th-onpopstate}] [1000]: org.thymeleaf.standard.processor.StandardDOMEventAttributeTagProcessor
[THYMELEAF]             * [* {th:onplaying,data-th-onplaying}] [1000]: org.thymeleaf.standard.processor.StandardDOMEventAttributeTagProcessor
[THYMELEAF]             * [* {th:ononline,data-th-ononline}] [1000]: org.thymeleaf.standard.processor.StandardDOMEventAttributeTagProcessor
[THYMELEAF]             * [* {th:onmousemove,data-th-onmousemove}] [1000]: org.thymeleaf.standard.processor.StandardDOMEventAttributeTagProcessor
[THYMELEAF]             * [* {th:onwaiting,data-th-onwaiting}] [1000]: org.thymeleaf.standard.processor.StandardDOMEventAttributeTagProcessor
[THYMELEAF]             * [* {th:oninput,data-th-oninput}] [1000]: org.thymeleaf.standard.processor.StandardDOMEventAttributeTagProcessor
[THYMELEAF]             * [* {th:onsubmit,data-th-onsubmit}] [1000]: org.thymeleaf.standard.processor.StandardDOMEventAttributeTagProcessor
[THYMELEAF]             * [* {th:ondragenter,data-th-ondragenter}] [1000]: org.thymeleaf.standard.processor.StandardDOMEventAttributeTagProcessor
[THYMELEAF]             * [* {th:ondragleave,data-th-ondragleave}] [1000]: org.thymeleaf.standard.processor.StandardDOMEventAttributeTagProcessor
[THYMELEAF]             * [* {th:onkeyup,data-th-onkeyup}] [1000]: org.thymeleaf.standard.processor.StandardDOMEventAttributeTagProcessor
[THYMELEAF]             * [* {th:onpause,data-th-onpause}] [1000]: org.thymeleaf.standard.processor.StandardDOMEventAttributeTagProcessor
[THYMELEAF]             * [* {th:onloadstart,data-th-onloadstart}] [1000]: org.thymeleaf.standard.processor.StandardDOMEventAttributeTagProcessor
[THYMELEAF]             * [* {th:onplay,data-th-onplay}] [1000]: org.thymeleaf.standard.processor.StandardDOMEventAttributeTagProcessor
[THYMELEAF]             * [* {th:onblur,data-th-onblur}] [1000]: org.thymeleaf.standard.processor.StandardDOMEventAttributeTagProcessor
[THYMELEAF]             * [* {th:href,data-th-href}] [1000]: org.thymeleaf.standard.processor.StandardHrefTagProcessor
[THYMELEAF]             * [* {th:inline,data-th-inline}] [1000]: org.thymeleaf.standard.processor.StandardInlineHTMLTagProcessor
[THYMELEAF]             * [* {th:method,data-th-method}] [1000]: org.thymeleaf.standard.processor.StandardMethodTagProcessor
[THYMELEAF]             * [* {th:name,data-th-name}] [1000]: org.thymeleaf.standard.processor.StandardNonRemovableAttributeTagProcessor
[THYMELEAF]             * [* {th:type,data-th-type}] [1000]: org.thymeleaf.standard.processor.StandardNonRemovableAttributeTagProcessor
[THYMELEAF]             * [* {th:draggable,data-th-draggable}] [1000]: org.thymeleaf.standard.processor.StandardRemovableAttributeTagProcessor
[THYMELEAF]             * [* {th:align,data-th-align}] [1000]: org.thymeleaf.standard.processor.StandardRemovableAttributeTagProcessor
[THYMELEAF]             * [* {th:sandbox,data-th-sandbox}] [1000]: org.thymeleaf.standard.processor.StandardRemovableAttributeTagProcessor
[THYMELEAF]             * [* {th:low,data-th-low}] [1000]: org.thymeleaf.standard.processor.StandardRemovableAttributeTagProcessor
[THYMELEAF]             * [* {th:rows,data-th-rows}] [1000]: org.thymeleaf.standard.processor.StandardRemovableAttributeTagProcessor
[THYMELEAF]             * [* {th:usemap,data-th-usemap}] [1000]: org.thymeleaf.standard.processor.StandardRemovableAttributeTagProcessor
[THYMELEAF]             * [* {th:valuetype,data-th-valuetype}] [1000]: org.thymeleaf.standard.processor.StandardRemovableAttributeTagProcessor
[THYMELEAF]             * [* {th:formtarget,data-th-formtarget}] [1000]: org.thymeleaf.standard.processor.StandardRemovableAttributeTagProcessor
[THYMELEAF]             * [* {th:contenteditable,data-th-contenteditable}] [1000]: org.thymeleaf.standard.processor.StandardRemovableAttributeTagProcessor
[THYMELEAF]             * [* {th:scope,data-th-scope}] [1000]: org.thymeleaf.standard.processor.StandardRemovableAttributeTagProcessor
[THYMELEAF]             * [* {th:optimum,data-th-optimum}] [1000]: org.thymeleaf.standard.processor.StandardRemovableAttributeTagProcessor
[THYMELEAF]             * [* {th:marginheight,data-th-marginheight}] [1000]: org.thymeleaf.standard.processor.StandardRemovableAttributeTagProcessor
[THYMELEAF]             * [* {th:rel,data-th-rel}] [1000]: org.thymeleaf.standard.processor.StandardRemovableAttributeTagProcessor
[THYMELEAF]             * [* {th:classid,data-th-classid}] [1000]: org.thymeleaf.standard.processor.StandardRemovableAttributeTagProcessor
[THYMELEAF]             * [* {th:abbr,data-th-abbr}] [1000]: org.thymeleaf.standard.processor.StandardRemovableAttributeTagProcessor
[THYMELEAF]             * [* {th:dropzone,data-th-dropzone}] [1000]: org.thymeleaf.standard.processor.StandardRemovableAttributeTagProcessor
[THYMELEAF]             * [* {th:size,data-th-size}] [1000]: org.thymeleaf.standard.processor.StandardRemovableAttributeTagProcessor
[THYMELEAF]             * [* {th:cols,data-th-cols}] [1000]: org.thymeleaf.standard.processor.StandardRemovableAttributeTagProcessor
[THYMELEAF]             * [* {th:rules,data-th-rules}] [1000]: org.thymeleaf.standard.processor.StandardRemovableAttributeTagProcessor
[THYMELEAF]             * [* {th:start,data-th-start}] [1000]: org.thymeleaf.standard.processor.StandardRemovableAttributeTagProcessor
[THYMELEAF]             * [* {th:for,data-th-for}] [1000]: org.thymeleaf.standard.processor.StandardRemovableAttributeTagProcessor
[THYMELEAF]             * [* {th:manifest,data-th-manifest}] [1000]: org.thymeleaf.standard.processor.StandardRemovableAttributeTagProcessor
[THYMELEAF]             * [* {th:vspace,data-th-vspace}] [1000]: org.thymeleaf.standard.processor.StandardRemovableAttributeTagProcessor
[THYMELEAF]             * [* {th:form,data-th-form}] [1000]: org.thymeleaf.standard.processor.StandardRemovableAttributeTagProcessor
[THYMELEAF]             * [* {th:data,data-th-data}] [1000]: org.thymeleaf.standard.processor.StandardRemovableAttributeTagProcessor
[THYMELEAF]             * [* {th:bgcolor,data-th-bgcolor}] [1000]: org.thymeleaf.standard.processor.StandardRemovableAttributeTagProcessor
[THYMELEAF]             * [* {th:cellspacing,data-th-cellspacing}] [1000]: org.thymeleaf.standard.processor.StandardRemovableAttributeTagProcessor
[THYMELEAF]             * [* {th:placeholder,data-th-placeholder}] [1000]: org.thymeleaf.standard.processor.StandardRemovableAttributeTagProcessor
[THYMELEAF]             * [* {th:media,data-th-media}] [1000]: org.thymeleaf.standard.processor.StandardRemovableAttributeTagProcessor
[THYMELEAF]             * [* {th:dir,data-th-dir}] [1000]: org.thymeleaf.standard.processor.StandardRemovableAttributeTagProcessor
[THYMELEAF]             * [* {th:kind,data-th-kind}] [1000]: org.thymeleaf.standard.processor.StandardRemovableAttributeTagProcessor
[THYMELEAF]             * [* {th:content,data-th-content}] [1000]: org.thymeleaf.standard.processor.StandardRemovableAttributeTagProcessor
[THYMELEAF]             * [* {th:formaction,data-th-formaction}] [1000]: org.thymeleaf.standard.processor.StandardRemovableAttributeTagProcessor
[THYMELEAF]             * [* {th:audio,data-th-audio}] [1000]: org.thymeleaf.standard.processor.StandardRemovableAttributeTagProcessor
[THYMELEAF]             * [* {th:list,data-th-list}] [1000]: org.thymeleaf.standard.processor.StandardRemovableAttributeTagProcessor
[THYMELEAF]             * [* {th:compact,data-th-compact}] [1000]: org.thymeleaf.standard.processor.StandardRemovableAttributeTagProcessor
[THYMELEAF]             * [* {th:scrolling,data-th-scrolling}] [1000]: org.thymeleaf.standard.processor.StandardRemovableAttributeTagProcessor
[THYMELEAF]             * [* {th:background,data-th-background}] [1000]: org.thymeleaf.standard.processor.StandardRemovableAttributeTagProcessor
[THYMELEAF]             * [* {th:width,data-th-width}] [1000]: org.thymeleaf.standard.processor.StandardRemovableAttributeTagProcessor
[THYMELEAF]             * [* {th:preload,data-th-preload}] [1000]: org.thymeleaf.standard.processor.StandardRemovableAttributeTagProcessor
[THYMELEAF]             * [* {th:icon,data-th-icon}] [1000]: org.thymeleaf.standard.processor.StandardRemovableAttributeTagProcessor
[THYMELEAF]             * [* {th:wrap,data-th-wrap}] [1000]: org.thymeleaf.standard.processor.StandardRemovableAttributeTagProcessor
[THYMELEAF]             * [* {th:cellpadding,data-th-cellpadding}] [1000]: org.thymeleaf.standard.processor.StandardRemovableAttributeTagProcessor
[THYMELEAF]             * [* {th:frame,data-th-frame}] [1000]: org.thymeleaf.standard.processor.StandardRemovableAttributeTagProcessor
[THYMELEAF]             * [* {th:border,data-th-border}] [1000]: org.thymeleaf.standard.processor.StandardRemovableAttributeTagProcessor
[THYMELEAF]             * [* {th:sizes,data-th-sizes}] [1000]: org.thymeleaf.standard.processor.StandardRemovableAttributeTagProcessor
[THYMELEAF]             * [* {th:tabindex,data-th-tabindex}] [1000]: org.thymeleaf.standard.processor.StandardRemovableAttributeTagProcessor
[THYMELEAF]             * [* {th:max,data-th-max}] [1000]: org.thymeleaf.standard.processor.StandardRemovableAttributeTagProcessor
[THYMELEAF]             * [* {th:rowspan,data-th-rowspan}] [1000]: org.thymeleaf.standard.processor.StandardRemovableAttributeTagProcessor
[THYMELEAF]             * [* {th:height,data-th-height}] [1000]: org.thymeleaf.standard.processor.StandardRemovableAttributeTagProcessor
[THYMELEAF]             * [* {th:target,data-th-target}] [1000]: org.thymeleaf.standard.processor.StandardRemovableAttributeTagProcessor
[THYMELEAF]             * [* {th:hreflang,data-th-hreflang}] [1000]: org.thymeleaf.standard.processor.StandardRemovableAttributeTagProcessor
[THYMELEAF]             * [* {th:charset,data-th-charset}] [1000]: org.thymeleaf.standard.processor.StandardRemovableAttributeTagProcessor
[THYMELEAF]             * [* {th:min,data-th-min}] [1000]: org.thymeleaf.standard.processor.StandardRemovableAttributeTagProcessor
[THYMELEAF]             * [* {th:cite,data-th-cite}] [1000]: org.thymeleaf.standard.processor.StandardRemovableAttributeTagProcessor
[THYMELEAF]             * [* {th:summary,data-th-summary}] [1000]: org.thymeleaf.standard.processor.StandardRemovableAttributeTagProcessor
[THYMELEAF]             * [* {th:step,data-th-step}] [1000]: org.thymeleaf.standard.processor.StandardRemovableAttributeTagProcessor
[THYMELEAF]             * [* {th:headers,data-th-headers}] [1000]: org.thymeleaf.standard.processor.StandardRemovableAttributeTagProcessor
[THYMELEAF]             * [* {th:label,data-th-label}] [1000]: org.thymeleaf.standard.processor.StandardRemovableAttributeTagProcessor
[THYMELEAF]             * [* {th:pattern,data-th-pattern}] [1000]: org.thymeleaf.standard.processor.StandardRemovableAttributeTagProcessor
[THYMELEAF]             * [* {th:lang,data-th-lang}] [1000]: org.thymeleaf.standard.processor.StandardRemovableAttributeTagProcessor
[THYMELEAF]             * [* {th:poster,data-th-poster}] [1000]: org.thymeleaf.standard.processor.StandardRemovableAttributeTagProcessor
[THYMELEAF]             * [* {th:radiogroup,data-th-radiogroup}] [1000]: org.thymeleaf.standard.processor.StandardRemovableAttributeTagProcessor
[THYMELEAF]             * [* {th:rev,data-th-rev}] [1000]: org.thymeleaf.standard.processor.StandardRemovableAttributeTagProcessor
[THYMELEAF]             * [* {th:formenctype,data-th-formenctype}] [1000]: org.thymeleaf.standard.processor.StandardRemovableAttributeTagProcessor
[THYMELEAF]             * [* {th:contextmenu,data-th-contextmenu}] [1000]: org.thymeleaf.standard.processor.StandardRemovableAttributeTagProcessor
[THYMELEAF]             * [* {th:class,data-th-class}] [1000]: org.thymeleaf.standard.processor.StandardRemovableAttributeTagProcessor
[THYMELEAF]             * [* {th:archive,data-th-archive}] [1000]: org.thymeleaf.standard.processor.StandardRemovableAttributeTagProcessor
[THYMELEAF]             * [* {th:enctype,data-th-enctype}] [1000]: org.thymeleaf.standard.processor.StandardRemovableAttributeTagProcessor
[THYMELEAF]             * [* {th:frameborder,data-th-frameborder}] [1000]: org.thymeleaf.standard.processor.StandardRemovableAttributeTagProcessor
[THYMELEAF]             * [* {th:alt,data-th-alt}] [1000]: org.thymeleaf.standard.processor.StandardRemovableAttributeTagProcessor
[THYMELEAF]             * [* {th:formmethod,data-th-formmethod}] [1000]: org.thymeleaf.standard.processor.StandardRemovableAttributeTagProcessor
[THYMELEAF]             * [* {th:datetime,data-th-datetime}] [1000]: org.thymeleaf.standard.processor.StandardRemovableAttributeTagProcessor
[THYMELEAF]             * [* {th:high,data-th-high}] [1000]: org.thymeleaf.standard.processor.StandardRemovableAttributeTagProcessor
[THYMELEAF]             * [* {th:accesskey,data-th-accesskey}] [1000]: org.thymeleaf.standard.processor.StandardRemovableAttributeTagProcessor
[THYMELEAF]             * [* {th:longdesc,data-th-longdesc}] [1000]: org.thymeleaf.standard.processor.StandardRemovableAttributeTagProcessor
[THYMELEAF]             * [* {th:axis,data-th-axis}] [1000]: org.thymeleaf.standard.processor.StandardRemovableAttributeTagProcessor
[THYMELEAF]             * [* {th:colspan,data-th-colspan}] [1000]: org.thymeleaf.standard.processor.StandardRemovableAttributeTagProcessor
[THYMELEAF]             * [* {th:accept,data-th-accept}] [1000]: org.thymeleaf.standard.processor.StandardRemovableAttributeTagProcessor
[THYMELEAF]             * [* {th:standby,data-th-standby}] [1000]: org.thymeleaf.standard.processor.StandardRemovableAttributeTagProcessor
[THYMELEAF]             * [* {th:http-equiv,data-th-http-equiv}] [1000]: org.thymeleaf.standard.processor.StandardRemovableAttributeTagProcessor
[THYMELEAF]             * [* {th:keytype,data-th-keytype}] [1000]: org.thymeleaf.standard.processor.StandardRemovableAttributeTagProcessor
[THYMELEAF]             * [* {th:scheme,data-th-scheme}] [1000]: org.thymeleaf.standard.processor.StandardRemovableAttributeTagProcessor
[THYMELEAF]             * [* {th:id,data-th-id}] [1000]: org.thymeleaf.standard.processor.StandardRemovableAttributeTagProcessor
[THYMELEAF]             * [* {th:hspace,data-th-hspace}] [1000]: org.thymeleaf.standard.processor.StandardRemovableAttributeTagProcessor
[THYMELEAF]             * [* {th:span,data-th-span}] [1000]: org.thymeleaf.standard.processor.StandardRemovableAttributeTagProcessor
[THYMELEAF]             * [* {th:codetype,data-th-codetype}] [1000]: org.thymeleaf.standard.processor.StandardRemovableAttributeTagProcessor
[THYMELEAF]             * [* {th:spellcheck,data-th-spellcheck}] [1000]: org.thymeleaf.standard.processor.StandardRemovableAttributeTagProcessor
[THYMELEAF]             * [* {th:srclang,data-th-srclang}] [1000]: org.thymeleaf.standard.processor.StandardRemovableAttributeTagProcessor
[THYMELEAF]             * [* {th:accept-charset,data-th-accept-charset}] [1000]: org.thymeleaf.standard.processor.StandardRemovableAttributeTagProcessor
[THYMELEAF]             * [* {th:title,data-th-title}] [1000]: org.thymeleaf.standard.processor.StandardRemovableAttributeTagProcessor
[THYMELEAF]             * [* {th:marginwidth,data-th-marginwidth}] [1000]: org.thymeleaf.standard.processor.StandardRemovableAttributeTagProcessor
[THYMELEAF]             * [* {th:style,data-th-style}] [1000]: org.thymeleaf.standard.processor.StandardRemovableAttributeTagProcessor
[THYMELEAF]             * [* {th:codebase,data-th-codebase}] [1000]: org.thymeleaf.standard.processor.StandardRemovableAttributeTagProcessor
[THYMELEAF]             * [* {th:autocomplete,data-th-autocomplete}] [1000]: org.thymeleaf.standard.processor.StandardRemovableAttributeTagProcessor
[THYMELEAF]             * [* {th:maxlength,data-th-maxlength}] [1000]: org.thymeleaf.standard.processor.StandardRemovableAttributeTagProcessor
[THYMELEAF]             * [* {th:challenge,data-th-challenge}] [1000]: org.thymeleaf.standard.processor.StandardRemovableAttributeTagProcessor
[THYMELEAF]             * [* {th:src,data-th-src}] [1000]: org.thymeleaf.standard.processor.StandardSrcTagProcessor
[THYMELEAF]             * [* {th:value,data-th-value}] [1000]: org.thymeleaf.standard.processor.StandardValueTagProcessor
[THYMELEAF]             * [* {th:xmlbase,data-th-xmlbase}] [1000]: org.thymeleaf.standard.processor.StandardXmlBaseTagProcessor
[THYMELEAF]             * [* {th:xmllang,data-th-xmllang}] [1000]: org.thymeleaf.standard.processor.StandardXmlLangTagProcessor
[THYMELEAF]             * [* {xmlns:th}] [1000]: org.thymeleaf.standard.processor.StandardXmlNsTagProcessor
[THYMELEAF]             * [* {th:xmlspace,data-th-xmlspace}] [1000]: org.thymeleaf.standard.processor.StandardXmlSpaceTagProcessor
[THYMELEAF]             * [* {th:classappend,data-th-classappend}] [1100]: org.thymeleaf.standard.processor.StandardClassappendTagProcessor
[THYMELEAF]             * [* {th:styleappend,data-th-styleappend}] [1100]: org.thymeleaf.standard.processor.StandardStyleappendTagProcessor
[THYMELEAF]             * [* {th:text,data-th-text}] [1300]: org.thymeleaf.standard.processor.StandardTextTagProcessor
[THYMELEAF]             * [* {th:utext,data-th-utext}] [1400]: org.thymeleaf.standard.processor.StandardUtextTagProcessor
[THYMELEAF]             * [* {th:fragment,data-th-fragment}] [1500]: org.thymeleaf.standard.processor.StandardFragmentTagProcessor
[THYMELEAF]             * [* {th:assert,data-th-assert}] [1550]: org.thymeleaf.standard.processor.StandardAssertTagProcessor
[THYMELEAF]             * [* {th:remove,data-th-remove}] [1600]: org.thymeleaf.standard.processor.StandardRemoveTagProcessor
[THYMELEAF]             * [* {th:ref,data-th-ref}] [10000]: org.thymeleaf.standard.processor.StandardRefAttributeTagProcessor
[THYMELEAF]             * [{th:block,th-block} *] [100000]: org.thymeleaf.standard.processor.StandardBlockTagProcessor
[THYMELEAF]             * [* th:*] [2147483647]: org.thymeleaf.standard.processor.StandardDefaultAttributesTagProcessor
[THYMELEAF]         * Text Processors by [precedence]:
[THYMELEAF]             * [1000]: org.thymeleaf.standard.processor.StandardInliningTextProcessor
[THYMELEAF]         * DOCTYPE Processors by [precedence]:
[THYMELEAF]             * [1000]: org.thymeleaf.standard.processor.StandardTranslationDocTypeProcessor
[THYMELEAF]         * CDATA Section Processors by [precedence]:
[THYMELEAF]             * [1000]: org.thymeleaf.standard.processor.StandardInliningCDATASectionProcessor
[THYMELEAF]         * Comment Processors by [precedence]:
[THYMELEAF]             * [1000]: org.thymeleaf.standard.processor.StandardInliningCommentProcessor
[THYMELEAF]             * [1100]: org.thymeleaf.standard.processor.StandardConditionalCommentProcessor
[THYMELEAF]     * Processors for Template Mode: XML
[THYMELEAF]         * Element Tag Processors by [matching element and attribute name] [precedence]:
[THYMELEAF]             * [* {th:include}] [100]: org.thymeleaf.standard.processor.StandardIncludeTagProcessor
[THYMELEAF]             * [* {th:insert}] [100]: org.thymeleaf.standard.processor.StandardInsertTagProcessor
[THYMELEAF]             * [* {th:replace}] [100]: org.thymeleaf.standard.processor.StandardReplaceTagProcessor
[THYMELEAF]             * [* {th:each}] [200]: com.intuit.karate.template.KarateEachTagProcessor
[THYMELEAF]             * [* {th:switch}] [250]: org.thymeleaf.standard.processor.StandardSwitchTagProcessor
[THYMELEAF]             * [* {th:case}] [275]: org.thymeleaf.standard.processor.StandardCaseTagProcessor
[THYMELEAF]             * [* {th:if}] [300]: org.thymeleaf.standard.processor.StandardIfTagProcessor
[THYMELEAF]             * [* {th:unless}] [400]: org.thymeleaf.standard.processor.StandardUnlessTagProcessor
[THYMELEAF]             * [* {th:object}] [500]: org.thymeleaf.standard.processor.StandardObjectTagProcessor
[THYMELEAF]             * [* {th:with}] [600]: com.intuit.karate.template.KarateWithTagProcessor
[THYMELEAF]             * [* {th:attr}] [700]: com.intuit.karate.template.KarateAttributeTagProcessor.KarateAttrTagProcessor
[THYMELEAF]             * [* {th:attrappend}] [900]: com.intuit.karate.template.KarateAttributeTagProcessor.KarateAttrappendTagProcessor
[THYMELEAF]             * [* {th:attrprepend}] [900]: com.intuit.karate.template.KarateAttributeTagProcessor.KarateAttrprependTagProcessor
[THYMELEAF]             * [* {th:inline}] [1000]: org.thymeleaf.standard.processor.StandardInlineXMLTagProcessor
[THYMELEAF]             * [* {xmlns:th}] [1000]: org.thymeleaf.standard.processor.StandardXmlNsTagProcessor
[THYMELEAF]             * [* {th:text}] [1300]: org.thymeleaf.standard.processor.StandardTextTagProcessor
[THYMELEAF]             * [* {th:utext}] [1400]: org.thymeleaf.standard.processor.StandardUtextTagProcessor
[THYMELEAF]             * [* {th:fragment}] [1500]: org.thymeleaf.standard.processor.StandardFragmentTagProcessor
[THYMELEAF]             * [* {th:assert}] [1550]: org.thymeleaf.standard.processor.StandardAssertTagProcessor
[THYMELEAF]             * [* {th:remove}] [1600]: org.thymeleaf.standard.processor.StandardRemoveTagProcessor
[THYMELEAF]             * [* {th:ref}] [10000]: org.thymeleaf.standard.processor.StandardRefAttributeTagProcessor
[THYMELEAF]             * [{th:block} *] [100000]: org.thymeleaf.standard.processor.StandardBlockTagProcessor
[THYMELEAF]             * [* th:*] [2147483647]: org.thymeleaf.standard.processor.StandardDefaultAttributesTagProcessor
[THYMELEAF]         * Text Processors by [precedence]:
[THYMELEAF]             * [1000]: org.thymeleaf.standard.processor.StandardInliningTextProcessor
[THYMELEAF]         * CDATA Section Processors by [precedence]:
[THYMELEAF]             * [1000]: org.thymeleaf.standard.processor.StandardInliningCDATASectionProcessor
[THYMELEAF]         * Comment Processors by [precedence]:
[THYMELEAF]             * [1000]: org.thymeleaf.standard.processor.StandardInliningCommentProcessor
[THYMELEAF]     * Processors for Template Mode: TEXT
[THYMELEAF]         * Element Tag Processors by [matching element and attribute name] [precedence]:
[THYMELEAF]             * [* {th:insert}] [100]: org.thymeleaf.standard.processor.StandardInsertTagProcessor
[THYMELEAF]             * [* {th:replace}] [100]: org.thymeleaf.standard.processor.StandardReplaceTagProcessor
[THYMELEAF]             * [* {th:each}] [200]: com.intuit.karate.template.KarateEachTagProcessor
[THYMELEAF]             * [* {th:switch}] [250]: org.thymeleaf.standard.processor.StandardSwitchTagProcessor
[THYMELEAF]             * [* {th:case}] [275]: org.thymeleaf.standard.processor.StandardCaseTagProcessor
[THYMELEAF]             * [* {th:if}] [300]: org.thymeleaf.standard.processor.StandardIfTagProcessor
[THYMELEAF]             * [* {th:unless}] [400]: org.thymeleaf.standard.processor.StandardUnlessTagProcessor
[THYMELEAF]             * [* {th:object}] [500]: org.thymeleaf.standard.processor.StandardObjectTagProcessor
[THYMELEAF]             * [* {th:with}] [600]: com.intuit.karate.template.KarateWithTagProcessor
[THYMELEAF]             * [* {th:inline}] [1000]: org.thymeleaf.standard.processor.StandardInlineTextualTagProcessor
[THYMELEAF]             * [* {th:text}] [1300]: org.thymeleaf.standard.processor.StandardTextTagProcessor
[THYMELEAF]             * [* {th:utext}] [1400]: org.thymeleaf.standard.processor.StandardUtextTagProcessor
[THYMELEAF]             * [* {th:assert}] [1550]: org.thymeleaf.standard.processor.StandardAssertTagProcessor
[THYMELEAF]             * [* {th:remove}] [1600]: org.thymeleaf.standard.processor.StandardRemoveTagProcessor
[THYMELEAF]             * [{th:block} *] [100000]: org.thymeleaf.standard.processor.StandardBlockTagProcessor
[THYMELEAF]             * [* 100000] [org.thymeleaf.standard.processor.StandardBlockTagProcessor]: {}
[THYMELEAF]         * Text Processors by [precedence]:
[THYMELEAF]             * [1000]: org.thymeleaf.standard.processor.StandardInliningTextProcessor
[THYMELEAF]     * Processors for Template Mode: JAVASCRIPT
[THYMELEAF]         * Element Tag Processors by [matching element and attribute name] [precedence]:
[THYMELEAF]             * [* {th:insert}] [100]: org.thymeleaf.standard.processor.StandardInsertTagProcessor
[THYMELEAF]             * [* {th:replace}] [100]: org.thymeleaf.standard.processor.StandardReplaceTagProcessor
[THYMELEAF]             * [* {th:each}] [200]: com.intuit.karate.template.KarateEachTagProcessor
[THYMELEAF]             * [* {th:switch}] [250]: org.thymeleaf.standard.processor.StandardSwitchTagProcessor
[THYMELEAF]             * [* {th:case}] [275]: org.thymeleaf.standard.processor.StandardCaseTagProcessor
[THYMELEAF]             * [* {th:if}] [300]: org.thymeleaf.standard.processor.StandardIfTagProcessor
[THYMELEAF]             * [* {th:unless}] [400]: org.thymeleaf.standard.processor.StandardUnlessTagProcessor
[THYMELEAF]             * [* {th:object}] [500]: org.thymeleaf.standard.processor.StandardObjectTagProcessor
[THYMELEAF]             * [* {th:with}] [600]: com.intuit.karate.template.KarateWithTagProcessor
[THYMELEAF]             * [* {th:inline}] [1000]: org.thymeleaf.standard.processor.StandardInlineTextualTagProcessor
[THYMELEAF]             * [* {th:text}] [1300]: org.thymeleaf.standard.processor.StandardTextTagProcessor
[THYMELEAF]             * [* {th:utext}] [1400]: org.thymeleaf.standard.processor.StandardUtextTagProcessor
[THYMELEAF]             * [* {th:assert}] [1550]: org.thymeleaf.standard.processor.StandardAssertTagProcessor
[THYMELEAF]             * [* {th:remove}] [1600]: org.thymeleaf.standard.processor.StandardRemoveTagProcessor
[THYMELEAF]             * [{th:block} *] [100000]: org.thymeleaf.standard.processor.StandardBlockTagProcessor
[THYMELEAF]             * [* 100000] [org.thymeleaf.standard.processor.StandardBlockTagProcessor]: {}
[THYMELEAF]         * Text Processors by [precedence]:
[THYMELEAF]             * [1000]: org.thymeleaf.standard.processor.StandardInliningTextProcessor
[THYMELEAF]     * Processors for Template Mode: CSS
[THYMELEAF]         * Element Tag Processors by [matching element and attribute name] [precedence]:
[THYMELEAF]             * [* {th:insert}] [100]: org.thymeleaf.standard.processor.StandardInsertTagProcessor
[THYMELEAF]             * [* {th:replace}] [100]: org.thymeleaf.standard.processor.StandardReplaceTagProcessor
[THYMELEAF]             * [* {th:each}] [200]: com.intuit.karate.template.KarateEachTagProcessor
[THYMELEAF]             * [* {th:switch}] [250]: org.thymeleaf.standard.processor.StandardSwitchTagProcessor
[THYMELEAF]             * [* {th:case}] [275]: org.thymeleaf.standard.processor.StandardCaseTagProcessor
[THYMELEAF]             * [* {th:if}] [300]: org.thymeleaf.standard.processor.StandardIfTagProcessor
[THYMELEAF]             * [* {th:unless}] [400]: org.thymeleaf.standard.processor.StandardUnlessTagProcessor
[THYMELEAF]             * [* {th:object}] [500]: org.thymeleaf.standard.processor.StandardObjectTagProcessor
[THYMELEAF]             * [* {th:with}] [600]: com.intuit.karate.template.KarateWithTagProcessor
[THYMELEAF]             * [* {th:inline}] [1000]: org.thymeleaf.standard.processor.StandardInlineTextualTagProcessor
[THYMELEAF]             * [* {th:text}] [1300]: org.thymeleaf.standard.processor.StandardTextTagProcessor
[THYMELEAF]             * [* {th:utext}] [1400]: org.thymeleaf.standard.processor.StandardUtextTagProcessor
[THYMELEAF]             * [* {th:assert}] [1550]: org.thymeleaf.standard.processor.StandardAssertTagProcessor
[THYMELEAF]             * [* {th:remove}] [1600]: org.thymeleaf.standard.processor.StandardRemoveTagProcessor
[THYMELEAF]             * [{th:block} *] [100000]: org.thymeleaf.standard.processor.StandardBlockTagProcessor
[THYMELEAF]             * [* 100000] [org.thymeleaf.standard.processor.StandardBlockTagProcessor]: {}
[THYMELEAF]         * Text Processors by [precedence]:
[THYMELEAF]             * [1000]: org.thymeleaf.standard.processor.StandardInliningTextProcessor
[THYMELEAF]     * Expression Objects:
[THYMELEAF]         * #ctx
[THYMELEAF]         * #root
[THYMELEAF]         * #vars
[THYMELEAF]         * #object
[THYMELEAF]         * #locale
[THYMELEAF]         * #conversions
[THYMELEAF]         * #uris
[THYMELEAF]         * #temporals
[THYMELEAF]         * #calendars
[THYMELEAF]         * #dates
[THYMELEAF]         * #bools
[THYMELEAF]         * #numbers
[THYMELEAF]         * #objects
[THYMELEAF]         * #strings
[THYMELEAF]         * #arrays
[THYMELEAF]         * #lists
[THYMELEAF]         * #sets
[THYMELEAF]         * #maps
[THYMELEAF]         * #aggregates
[THYMELEAF]         * #messages
[THYMELEAF]         * #ids
[THYMELEAF]         * #execInfo
[THYMELEAF]         * #request
[THYMELEAF]         * #response
[THYMELEAF]         * #session
[THYMELEAF]         * #servletContext
[THYMELEAF]     * Execution Attributes:
[THYMELEAF]         * "StandardExpressionParser": com.intuit.karate.template.KarateStandardDialect@7fe8206f
[THYMELEAF]         * "StandardJavaScriptSerializer": org.thymeleaf.standard.serializer.StandardJavaScriptSerializer@27443e24
[THYMELEAF]         * "StandardCSSSerializer": org.thymeleaf.standard.serializer.StandardCSSSerializer@48f8e1e6
[THYMELEAF]         * "StandardVariableExpressionEvaluator": com.intuit.karate.template.KarateStandardDialect@7fe8206f
[THYMELEAF]         * "StandardConversionService": org.thymeleaf.standard.expression.StandardConversionService@6e5af460
[THYMELEAF] * Dialect [2 of 2]: karate (com.intuit.karate.template.KarateScriptDialect)
[THYMELEAF]     * Prefix: "ka"
[THYMELEAF]     * Processors for Template Mode: HTML
[THYMELEAF]         * Element Tag Processors by [matching element and attribute name] [precedence]:
[THYMELEAF]             * [* {src}] [1000]: com.intuit.karate.template.KaScriptAttrProcessor
[THYMELEAF]         * Element Model Processors by [matching element and attribute name] [precedence]:
[THYMELEAF]             * [{script} {ka:scope,data-ka-scope}] [1000]: com.intuit.karate.template.KaScriptElemProcessor
[THYMELEAF]             * [* {ka:set,data-ka-set}] [1000]: com.intuit.karate.template.KaSetElemProcessor
[THYMELEAF] TEMPLATE ENGINE CONFIGURED OK
00:31:38.196 [pool-3-thread-1] DEBUG org.thymeleaf.TemplateEngine -- [THYMELEAF] TEMPLATE ENGINE INITIALIZED
---------------------------------------------------------
feature: classpath:features/withoutLogin/SkipLogin.feature
scenarios:  1 | passed:  1 | failed:  0 | time: 0.3871
---------------------------------------------------------

00:31:38.265 [pool-3-thread-1] INFO com.intuit.karate.Suite -- <<pass>> feature 2 of 4 (2 remaining) classpath:features/withoutLogin/SkipLogin.feature
00:31:38.277 [pool-3-thread-1] DEBUG org.thymeleaf.TemplateEngine -- [THYMELEAF] INITIALIZING TEMPLATE ENGINE
00:31:38.306 [pool-3-thread-1] DEBUG org.thymeleaf.TemplateEngine.CONFIG -- Initializing Thymeleaf Template engine configuration...
[THYMELEAF] TEMPLATE ENGINE CONFIGURATION:
[THYMELEAF] * Thymeleaf version: 3.1.2.RELEASE (built 2023-07-30T19:25:50+0000)
[THYMELEAF] * Cache Manager implementation: org.thymeleaf.cache.StandardCacheManager
[THYMELEAF] * Template resolvers:
[THYMELEAF]     * [1] com.intuit.karate.template.ResourceHtmlTemplateResolver
[THYMELEAF] * Message resolvers:
[THYMELEAF]     * org.thymeleaf.messageresolver.StandardMessageResolver
[THYMELEAF] * Link builders:
[THYMELEAF]     * org.thymeleaf.linkbuilder.StandardLinkBuilder
[THYMELEAF] * Dialect [1 of 2]: Standard (com.intuit.karate.template.KarateStandardDialect)
[THYMELEAF]     * Prefix: "th"
[THYMELEAF]     * Processors for Template Mode: HTML
[THYMELEAF]         * Element Tag Processors by [matching element and attribute name] [precedence]:
[THYMELEAF]             * [* {th:include,data-th-include}] [100]: org.thymeleaf.standard.processor.StandardIncludeTagProcessor
[THYMELEAF]             * [* {th:insert,data-th-insert}] [100]: org.thymeleaf.standard.processor.StandardInsertTagProcessor
[THYMELEAF]             * [* {th:replace,data-th-replace}] [100]: org.thymeleaf.standard.processor.StandardReplaceTagProcessor
[THYMELEAF]             * [* {th:each,data-th-each}] [200]: com.intuit.karate.template.KarateEachTagProcessor
[THYMELEAF]             * [* {th:switch,data-th-switch}] [250]: org.thymeleaf.standard.processor.StandardSwitchTagProcessor
[THYMELEAF]             * [* {th:case,data-th-case}] [275]: org.thymeleaf.standard.processor.StandardCaseTagProcessor
[THYMELEAF]             * [* {th:if,data-th-if}] [300]: org.thymeleaf.standard.processor.StandardIfTagProcessor
[THYMELEAF]             * [* {th:unless,data-th-unless}] [400]: org.thymeleaf.standard.processor.StandardUnlessTagProcessor
[THYMELEAF]             * [* {th:object,data-th-object}] [500]: org.thymeleaf.standard.processor.StandardObjectTagProcessor
[THYMELEAF]             * [* {th:with,data-th-with}] [600]: com.intuit.karate.template.KarateWithTagProcessor
[THYMELEAF]             * [* {th:attr,data-th-attr}] [700]: com.intuit.karate.template.KarateAttributeTagProcessor.KarateAttrTagProcessor
[THYMELEAF]             * [* {th:attrappend,data-th-attrappend}] [900]: com.intuit.karate.template.KarateAttributeTagProcessor.KarateAttrappendTagProcessor
[THYMELEAF]             * [* {th:attrprepend,data-th-attrprepend}] [900]: com.intuit.karate.template.KarateAttributeTagProcessor.KarateAttrprependTagProcessor
[THYMELEAF]             * [* {th:alt-title,data-th-alt-title}] [990]: org.thymeleaf.standard.processor.StandardAltTitleTagProcessor
[THYMELEAF]             * [* {th:lang-xmllang,data-th-lang-xmllang}] [990]: org.thymeleaf.standard.processor.StandardLangXmlLangTagProcessor
[THYMELEAF]             * [* {th:action,data-th-action}] [1000]: org.thymeleaf.standard.processor.StandardActionTagProcessor
[THYMELEAF]             * [* {th:nowrap,data-th-nowrap}] [1000]: org.thymeleaf.standard.processor.StandardConditionalFixedValueTagProcessor
[THYMELEAF]             * [* {th:async,data-th-async}] [1000]: org.thymeleaf.standard.processor.StandardConditionalFixedValueTagProcessor
[THYMELEAF]             * [* {th:autofocus,data-th-autofocus}] [1000]: org.thymeleaf.standard.processor.StandardConditionalFixedValueTagProcessor
[THYMELEAF]             * [* {th:seamless,data-th-seamless}] [1000]: org.thymeleaf.standard.processor.StandardConditionalFixedValueTagProcessor
[THYMELEAF]             * [* {th:checked,data-th-checked}] [1000]: org.thymeleaf.standard.processor.StandardConditionalFixedValueTagProcessor
[THYMELEAF]             * [* {th:scoped,data-th-scoped}] [1000]: org.thymeleaf.standard.processor.StandardConditionalFixedValueTagProcessor
[THYMELEAF]             * [* {th:default,data-th-default}] [1000]: org.thymeleaf.standard.processor.StandardConditionalFixedValueTagProcessor
[THYMELEAF]             * [* {th:selected,data-th-selected}] [1000]: org.thymeleaf.standard.processor.StandardConditionalFixedValueTagProcessor
[THYMELEAF]             * [* {th:declare,data-th-declare}] [1000]: org.thymeleaf.standard.processor.StandardConditionalFixedValueTagProcessor
[THYMELEAF]             * [* {th:open,data-th-open}] [1000]: org.thymeleaf.standard.processor.StandardConditionalFixedValueTagProcessor
[THYMELEAF]             * [* {th:novalidate,data-th-novalidate}] [1000]: org.thymeleaf.standard.processor.StandardConditionalFixedValueTagProcessor
[THYMELEAF]             * [* {th:ismap,data-th-ismap}] [1000]: org.thymeleaf.standard.processor.StandardConditionalFixedValueTagProcessor
[THYMELEAF]             * [* {th:disabled,data-th-disabled}] [1000]: org.thymeleaf.standard.processor.StandardConditionalFixedValueTagProcessor
[THYMELEAF]             * [* {th:reversed,data-th-reversed}] [1000]: org.thymeleaf.standard.processor.StandardConditionalFixedValueTagProcessor
[THYMELEAF]             * [* {th:readonly,data-th-readonly}] [1000]: org.thymeleaf.standard.processor.StandardConditionalFixedValueTagProcessor
[THYMELEAF]             * [* {th:hidden,data-th-hidden}] [1000]: org.thymeleaf.standard.processor.StandardConditionalFixedValueTagProcessor
[THYMELEAF]             * [* {th:multiple,data-th-multiple}] [1000]: org.thymeleaf.standard.processor.StandardConditionalFixedValueTagProcessor
[THYMELEAF]             * [* {th:controls,data-th-controls}] [1000]: org.thymeleaf.standard.processor.StandardConditionalFixedValueTagProcessor
[THYMELEAF]             * [* {th:loop,data-th-loop}] [1000]: org.thymeleaf.standard.processor.StandardConditionalFixedValueTagProcessor
[THYMELEAF]             * [* {th:autoplay,data-th-autoplay}] [1000]: org.thymeleaf.standard.processor.StandardConditionalFixedValueTagProcessor
[THYMELEAF]             * [* {th:formnovalidate,data-th-formnovalidate}] [1000]: org.thymeleaf.standard.processor.StandardConditionalFixedValueTagProcessor
[THYMELEAF]             * [* {th:required,data-th-required}] [1000]: org.thymeleaf.standard.processor.StandardConditionalFixedValueTagProcessor
[THYMELEAF]             * [* {th:pubdate,data-th-pubdate}] [1000]: org.thymeleaf.standard.processor.StandardConditionalFixedValueTagProcessor
[THYMELEAF]             * [* {th:defer,data-th-defer}] [1000]: org.thymeleaf.standard.processor.StandardConditionalFixedValueTagProcessor
[THYMELEAF]             * [* {th:onpopstate,data-th-onpopstate}] [1000]: org.thymeleaf.standard.processor.StandardDOMEventAttributeTagProcessor
[THYMELEAF]             * [* {th:onfocus,data-th-onfocus}] [1000]: org.thymeleaf.standard.processor.StandardDOMEventAttributeTagProcessor
[THYMELEAF]             * [* {th:onmouseup,data-th-onmouseup}] [1000]: org.thymeleaf.standard.processor.StandardDOMEventAttributeTagProcessor
[THYMELEAF]             * [* {th:onredo,data-th-onredo}] [1000]: org.thymeleaf.standard.processor.StandardDOMEventAttributeTagProcessor
[THYMELEAF]             * [* {th:onsuspend,data-th-onsuspend}] [1000]: org.thymeleaf.standard.processor.StandardDOMEventAttributeTagProcessor
[THYMELEAF]             * [* {th:onended,data-th-onended}] [1000]: org.thymeleaf.standard.processor.StandardDOMEventAttributeTagProcessor
[THYMELEAF]             * [* {th:onstorage,data-th-onstorage}] [1000]: org.thymeleaf.standard.processor.StandardDOMEventAttributeTagProcessor
[THYMELEAF]             * [* {th:onstalled,data-th-onstalled}] [1000]: org.thymeleaf.standard.processor.StandardDOMEventAttributeTagProcessor
[THYMELEAF]             * [* {th:onplaying,data-th-onplaying}] [1000]: org.thymeleaf.standard.processor.StandardDOMEventAttributeTagProcessor
[THYMELEAF]             * [* {th:ondragstart,data-th-ondragstart}] [1000]: org.thymeleaf.standard.processor.StandardDOMEventAttributeTagProcessor
[THYMELEAF]             * [* {th:oncanplaythrough,data-th-oncanplaythrough}] [1000]: org.thymeleaf.standard.processor.StandardDOMEventAttributeTagProcessor
[THYMELEAF]             * [* {th:onratechange,data-th-onratechange}] [1000]: org.thymeleaf.standard.processor.StandardDOMEventAttributeTagProcessor
[THYMELEAF]             * [* {th:ondragend,data-th-ondragend}] [1000]: org.thymeleaf.standard.processor.StandardDOMEventAttributeTagProcessor
[THYMELEAF]             * [* {th:oncontextmenu,data-th-oncontextmenu}] [1000]: org.thymeleaf.standard.processor.StandardDOMEventAttributeTagProcessor
[THYMELEAF]             * [* {th:onwaiting,data-th-onwaiting}] [1000]: org.thymeleaf.standard.processor.StandardDOMEventAttributeTagProcessor
[THYMELEAF]             * [* {th:onundo,data-th-onundo}] [1000]: org.thymeleaf.standard.processor.StandardDOMEventAttributeTagProcessor
[THYMELEAF]             * [* {th:ondragleave,data-th-ondragleave}] [1000]: org.thymeleaf.standard.processor.StandardDOMEventAttributeTagProcessor
[THYMELEAF]             * [* {th:onpause,data-th-onpause}] [1000]: org.thymeleaf.standard.processor.StandardDOMEventAttributeTagProcessor
[THYMELEAF]             * [* {th:oncanplay,data-th-oncanplay}] [1000]: org.thymeleaf.standard.processor.StandardDOMEventAttributeTagProcessor
[THYMELEAF]             * [* {th:ondragenter,data-th-ondragenter}] [1000]: org.thymeleaf.standard.processor.StandardDOMEventAttributeTagProcessor
[THYMELEAF]             * [* {th:onmouseover,data-th-onmouseover}] [1000]: org.thymeleaf.standard.processor.StandardDOMEventAttributeTagProcessor
[THYMELEAF]             * [* {th:onchange,data-th-onchange}] [1000]: org.thymeleaf.standard.processor.StandardDOMEventAttributeTagProcessor
[THYMELEAF]             * [* {th:onreadystatechange,data-th-onreadystatechange}] [1000]: org.thymeleaf.standard.processor.StandardDOMEventAttributeTagProcessor
[THYMELEAF]             * [* {th:onbeforeunload,data-th-onbeforeunload}] [1000]: org.thymeleaf.standard.processor.StandardDOMEventAttributeTagProcessor
[THYMELEAF]             * [* {th:onshow,data-th-onshow}] [1000]: org.thymeleaf.standard.processor.StandardDOMEventAttributeTagProcessor
[THYMELEAF]             * [* {th:onforminput,data-th-onforminput}] [1000]: org.thymeleaf.standard.processor.StandardDOMEventAttributeTagProcessor
[THYMELEAF]             * [* {th:ononline,data-th-ononline}] [1000]: org.thymeleaf.standard.processor.StandardDOMEventAttributeTagProcessor
[THYMELEAF]             * [* {th:ondurationchange,data-th-ondurationchange}] [1000]: org.thymeleaf.standard.processor.StandardDOMEventAttributeTagProcessor
[THYMELEAF]             * [* {th:onscroll,data-th-onscroll}] [1000]: org.thymeleaf.standard.processor.StandardDOMEventAttributeTagProcessor
[THYMELEAF]             * [* {th:onloadedmetadata,data-th-onloadedmetadata}] [1000]: org.thymeleaf.standard.processor.StandardDOMEventAttributeTagProcessor
[THYMELEAF]             * [* {th:ondblclick,data-th-ondblclick}] [1000]: org.thymeleaf.standard.processor.StandardDOMEventAttributeTagProcessor
[THYMELEAF]             * [* {th:onhashchange,data-th-onhashchange}] [1000]: org.thymeleaf.standard.processor.StandardDOMEventAttributeTagProcessor
[THYMELEAF]             * [* {th:ondragover,data-th-ondragover}] [1000]: org.thymeleaf.standard.processor.StandardDOMEventAttributeTagProcessor
[THYMELEAF]             * [* {th:onreset,data-th-onreset}] [1000]: org.thymeleaf.standard.processor.StandardDOMEventAttributeTagProcessor
[THYMELEAF]             * [* {th:onmessage,data-th-onmessage}] [1000]: org.thymeleaf.standard.processor.StandardDOMEventAttributeTagProcessor
[THYMELEAF]             * [* {th:ontimeupdate,data-th-ontimeupdate}] [1000]: org.thymeleaf.standard.processor.StandardDOMEventAttributeTagProcessor
[THYMELEAF]             * [* {th:ondrop,data-th-ondrop}] [1000]: org.thymeleaf.standard.processor.StandardDOMEventAttributeTagProcessor
[THYMELEAF]             * [* {th:onloadstart,data-th-onloadstart}] [1000]: org.thymeleaf.standard.processor.StandardDOMEventAttributeTagProcessor
[THYMELEAF]             * [* {th:onkeyup,data-th-onkeyup}] [1000]: org.thymeleaf.standard.processor.StandardDOMEventAttributeTagProcessor
[THYMELEAF]             * [* {th:onunload,data-th-onunload}] [1000]: org.thymeleaf.standard.processor.StandardDOMEventAttributeTagProcessor
[THYMELEAF]             * [* {th:onblur,data-th-onblur}] [1000]: org.thymeleaf.standard.processor.StandardDOMEventAttributeTagProcessor
[THYMELEAF]             * [* {th:onloadeddata,data-th-onloadeddata}] [1000]: org.thymeleaf.standard.processor.StandardDOMEventAttributeTagProcessor
[THYMELEAF]             * [* {th:onresize,data-th-onresize}] [1000]: org.thymeleaf.standard.processor.StandardDOMEventAttributeTagProcessor
[THYMELEAF]             * [* {th:onmousewheel,data-th-onmousewheel}] [1000]: org.thymeleaf.standard.processor.StandardDOMEventAttributeTagProcessor
[THYMELEAF]             * [* {th:onbeforeprint,data-th-onbeforeprint}] [1000]: org.thymeleaf.standard.processor.StandardDOMEventAttributeTagProcessor
[THYMELEAF]             * [* {th:onkeypress,data-th-onkeypress}] [1000]: org.thymeleaf.standard.processor.StandardDOMEventAttributeTagProcessor
[THYMELEAF]             * [* {th:onabort,data-th-onabort}] [1000]: org.thymeleaf.standard.processor.StandardDOMEventAttributeTagProcessor
[THYMELEAF]             * [* {th:onafterprint,data-th-onafterprint}] [1000]: org.thymeleaf.standard.processor.StandardDOMEventAttributeTagProcessor
[THYMELEAF]             * [* {th:onseeked,data-th-onseeked}] [1000]: org.thymeleaf.standard.processor.StandardDOMEventAttributeTagProcessor
[THYMELEAF]             * [* {th:onvolumechange,data-th-onvolumechange}] [1000]: org.thymeleaf.standard.processor.StandardDOMEventAttributeTagProcessor
[THYMELEAF]             * [* {th:onload,data-th-onload}] [1000]: org.thymeleaf.standard.processor.StandardDOMEventAttributeTagProcessor
[THYMELEAF]             * [* {th:oninvalid,data-th-oninvalid}] [1000]: org.thymeleaf.standard.processor.StandardDOMEventAttributeTagProcessor
[THYMELEAF]             * [* {th:onoffline,data-th-onoffline}] [1000]: org.thymeleaf.standard.processor.StandardDOMEventAttributeTagProcessor
[THYMELEAF]             * [* {th:onprogress,data-th-onprogress}] [1000]: org.thymeleaf.standard.processor.StandardDOMEventAttributeTagProcessor
[THYMELEAF]             * [* {th:onclick,data-th-onclick}] [1000]: org.thymeleaf.standard.processor.StandardDOMEventAttributeTagProcessor
[THYMELEAF]             * [* {th:onsubmit,data-th-onsubmit}] [1000]: org.thymeleaf.standard.processor.StandardDOMEventAttributeTagProcessor
[THYMELEAF]             * [* {th:onmousedown,data-th-onmousedown}] [1000]: org.thymeleaf.standard.processor.StandardDOMEventAttributeTagProcessor
[THYMELEAF]             * [* {th:onformchange,data-th-onformchange}] [1000]: org.thymeleaf.standard.processor.StandardDOMEventAttributeTagProcessor
[THYMELEAF]             * [* {th:onplay,data-th-onplay}] [1000]: org.thymeleaf.standard.processor.StandardDOMEventAttributeTagProcessor
[THYMELEAF]             * [* {th:onmousemove,data-th-onmousemove}] [1000]: org.thymeleaf.standard.processor.StandardDOMEventAttributeTagProcessor
[THYMELEAF]             * [* {th:onselect,data-th-onselect}] [1000]: org.thymeleaf.standard.processor.StandardDOMEventAttributeTagProcessor
[THYMELEAF]             * [* {th:onkeydown,data-th-onkeydown}] [1000]: org.thymeleaf.standard.processor.StandardDOMEventAttributeTagProcessor
[THYMELEAF]             * [* {th:oninput,data-th-oninput}] [1000]: org.thymeleaf.standard.processor.StandardDOMEventAttributeTagProcessor
[THYMELEAF]             * [* {th:ondrag,data-th-ondrag}] [1000]: org.thymeleaf.standard.processor.StandardDOMEventAttributeTagProcessor
[THYMELEAF]             * [* {th:onseeking,data-th-onseeking}] [1000]: org.thymeleaf.standard.processor.StandardDOMEventAttributeTagProcessor
[THYMELEAF]             * [* {th:onerror,data-th-onerror}] [1000]: org.thymeleaf.standard.processor.StandardDOMEventAttributeTagProcessor
[THYMELEAF]             * [* {th:onemptied,data-th-onemptied}] [1000]: org.thymeleaf.standard.processor.StandardDOMEventAttributeTagProcessor
[THYMELEAF]             * [* {th:onmouseout,data-th-onmouseout}] [1000]: org.thymeleaf.standard.processor.StandardDOMEventAttributeTagProcessor
[THYMELEAF]             * [* {th:href,data-th-href}] [1000]: org.thymeleaf.standard.processor.StandardHrefTagProcessor
[THYMELEAF]             * [* {th:inline,data-th-inline}] [1000]: org.thymeleaf.standard.processor.StandardInlineHTMLTagProcessor
[THYMELEAF]             * [* {th:method,data-th-method}] [1000]: org.thymeleaf.standard.processor.StandardMethodTagProcessor
[THYMELEAF]             * [* {th:name,data-th-name}] [1000]: org.thymeleaf.standard.processor.StandardNonRemovableAttributeTagProcessor
[THYMELEAF]             * [* {th:type,data-th-type}] [1000]: org.thymeleaf.standard.processor.StandardNonRemovableAttributeTagProcessor
[THYMELEAF]             * [* {th:marginheight,data-th-marginheight}] [1000]: org.thymeleaf.standard.processor.StandardRemovableAttributeTagProcessor
[THYMELEAF]             * [* {th:audio,data-th-audio}] [1000]: org.thymeleaf.standard.processor.StandardRemovableAttributeTagProcessor
[THYMELEAF]             * [* {th:background,data-th-background}] [1000]: org.thymeleaf.standard.processor.StandardRemovableAttributeTagProcessor
[THYMELEAF]             * [* {th:manifest,data-th-manifest}] [1000]: org.thymeleaf.standard.processor.StandardRemovableAttributeTagProcessor
[THYMELEAF]             * [* {th:label,data-th-label}] [1000]: org.thymeleaf.standard.processor.StandardRemovableAttributeTagProcessor
[THYMELEAF]             * [* {th:formenctype,data-th-formenctype}] [1000]: org.thymeleaf.standard.processor.StandardRemovableAttributeTagProcessor
[THYMELEAF]             * [* {th:autocomplete,data-th-autocomplete}] [1000]: org.thymeleaf.standard.processor.StandardRemovableAttributeTagProcessor
[THYMELEAF]             * [* {th:cols,data-th-cols}] [1000]: org.thymeleaf.standard.processor.StandardRemovableAttributeTagProcessor
[THYMELEAF]             * [* {th:standby,data-th-standby}] [1000]: org.thymeleaf.standard.processor.StandardRemovableAttributeTagProcessor
[THYMELEAF]             * [* {th:border,data-th-border}] [1000]: org.thymeleaf.standard.processor.StandardRemovableAttributeTagProcessor
[THYMELEAF]             * [* {th:bgcolor,data-th-bgcolor}] [1000]: org.thymeleaf.standard.processor.StandardRemovableAttributeTagProcessor
[THYMELEAF]             * [* {th:placeholder,data-th-placeholder}] [1000]: org.thymeleaf.standard.processor.StandardRemovableAttributeTagProcessor
[THYMELEAF]             * [* {th:scheme,data-th-scheme}] [1000]: org.thymeleaf.standard.processor.StandardRemovableAttributeTagProcessor
[THYMELEAF]             * [* {th:classid,data-th-classid}] [1000]: org.thymeleaf.standard.processor.StandardRemovableAttributeTagProcessor
[THYMELEAF]             * [* {th:accesskey,data-th-accesskey}] [1000]: org.thymeleaf.standard.processor.StandardRemovableAttributeTagProcessor
[THYMELEAF]             * [* {th:high,data-th-high}] [1000]: org.thymeleaf.standard.processor.StandardRemovableAttributeTagProcessor
[THYMELEAF]             * [* {th:vspace,data-th-vspace}] [1000]: org.thymeleaf.standard.processor.StandardRemovableAttributeTagProcessor
[THYMELEAF]             * [* {th:valuetype,data-th-valuetype}] [1000]: org.thymeleaf.standard.processor.StandardRemovableAttributeTagProcessor
[THYMELEAF]             * [* {th:colspan,data-th-colspan}] [1000]: org.thymeleaf.standard.processor.StandardRemovableAttributeTagProcessor
[THYMELEAF]             * [* {th:icon,data-th-icon}] [1000]: org.thymeleaf.standard.processor.StandardRemovableAttributeTagProcessor
[THYMELEAF]             * [* {th:codebase,data-th-codebase}] [1000]: org.thymeleaf.standard.processor.StandardRemovableAttributeTagProcessor
[THYMELEAF]             * [* {th:tabindex,data-th-tabindex}] [1000]: org.thymeleaf.standard.processor.StandardRemovableAttributeTagProcessor
[THYMELEAF]             * [* {th:archive,data-th-archive}] [1000]: org.thymeleaf.standard.processor.StandardRemovableAttributeTagProcessor
[THYMELEAF]             * [* {th:longdesc,data-th-longdesc}] [1000]: org.thymeleaf.standard.processor.StandardRemovableAttributeTagProcessor
[THYMELEAF]             * [* {th:preload,data-th-preload}] [1000]: org.thymeleaf.standard.processor.StandardRemovableAttributeTagProcessor
[THYMELEAF]             * [* {th:rules,data-th-rules}] [1000]: org.thymeleaf.standard.processor.StandardRemovableAttributeTagProcessor
[THYMELEAF]             * [* {th:usemap,data-th-usemap}] [1000]: org.thymeleaf.standard.processor.StandardRemovableAttributeTagProcessor
[THYMELEAF]             * [* {th:headers,data-th-headers}] [1000]: org.thymeleaf.standard.processor.StandardRemovableAttributeTagProcessor
[THYMELEAF]             * [* {th:list,data-th-list}] [1000]: org.thymeleaf.standard.processor.StandardRemovableAttributeTagProcessor
[THYMELEAF]             * [* {th:accept-charset,data-th-accept-charset}] [1000]: org.thymeleaf.standard.processor.StandardRemovableAttributeTagProcessor
[THYMELEAF]             * [* {th:title,data-th-title}] [1000]: org.thymeleaf.standard.processor.StandardRemovableAttributeTagProcessor
[THYMELEAF]             * [* {th:radiogroup,data-th-radiogroup}] [1000]: org.thymeleaf.standard.processor.StandardRemovableAttributeTagProcessor
[THYMELEAF]             * [* {th:hreflang,data-th-hreflang}] [1000]: org.thymeleaf.standard.processor.StandardRemovableAttributeTagProcessor
[THYMELEAF]             * [* {th:target,data-th-target}] [1000]: org.thymeleaf.standard.processor.StandardRemovableAttributeTagProcessor
[THYMELEAF]             * [* {th:height,data-th-height}] [1000]: org.thymeleaf.standard.processor.StandardRemovableAttributeTagProcessor
[THYMELEAF]             * [* {th:rows,data-th-rows}] [1000]: org.thymeleaf.standard.processor.StandardRemovableAttributeTagProcessor
[THYMELEAF]             * [* {th:rowspan,data-th-rowspan}] [1000]: org.thymeleaf.standard.processor.StandardRemovableAttributeTagProcessor
[THYMELEAF]             * [* {th:alt,data-th-alt}] [1000]: org.thymeleaf.standard.processor.StandardRemovableAttributeTagProcessor
[THYMELEAF]             * [* {th:summary,data-th-summary}] [1000]: org.thymeleaf.standard.processor.StandardRemovableAttributeTagProcessor
[THYMELEAF]             * [* {th:max,data-th-max}] [1000]: org.thymeleaf.standard.processor.StandardRemovableAttributeTagProcessor
[THYMELEAF]             * [* {th:formtarget,data-th-formtarget}] [1000]: org.thymeleaf.standard.processor.StandardRemovableAttributeTagProcessor
[THYMELEAF]             * [* {th:sizes,data-th-sizes}] [1000]: org.thymeleaf.standard.processor.StandardRemovableAttributeTagProcessor
[THYMELEAF]             * [* {th:poster,data-th-poster}] [1000]: org.thymeleaf.standard.processor.StandardRemovableAttributeTagProcessor
[THYMELEAF]             * [* {th:wrap,data-th-wrap}] [1000]: org.thymeleaf.standard.processor.StandardRemovableAttributeTagProcessor
[THYMELEAF]             * [* {th:enctype,data-th-enctype}] [1000]: org.thymeleaf.standard.processor.StandardRemovableAttributeTagProcessor
[THYMELEAF]             * [* {th:class,data-th-class}] [1000]: org.thymeleaf.standard.processor.StandardRemovableAttributeTagProcessor
[THYMELEAF]             * [* {th:rev,data-th-rev}] [1000]: org.thymeleaf.standard.processor.StandardRemovableAttributeTagProcessor
[THYMELEAF]             * [* {th:http-equiv,data-th-http-equiv}] [1000]: org.thymeleaf.standard.processor.StandardRemovableAttributeTagProcessor
[THYMELEAF]             * [* {th:size,data-th-size}] [1000]: org.thymeleaf.standard.processor.StandardRemovableAttributeTagProcessor
[THYMELEAF]             * [* {th:maxlength,data-th-maxlength}] [1000]: org.thymeleaf.standard.processor.StandardRemovableAttributeTagProcessor
[THYMELEAF]             * [* {th:axis,data-th-axis}] [1000]: org.thymeleaf.standard.processor.StandardRemovableAttributeTagProcessor
[THYMELEAF]             * [* {th:step,data-th-step}] [1000]: org.thymeleaf.standard.processor.StandardRemovableAttributeTagProcessor
[THYMELEAF]             * [* {th:marginwidth,data-th-marginwidth}] [1000]: org.thymeleaf.standard.processor.StandardRemovableAttributeTagProcessor
[THYMELEAF]             * [* {th:contenteditable,data-th-contenteditable}] [1000]: org.thymeleaf.standard.processor.StandardRemovableAttributeTagProcessor
[THYMELEAF]             * [* {th:frame,data-th-frame}] [1000]: org.thymeleaf.standard.processor.StandardRemovableAttributeTagProcessor
[THYMELEAF]             * [* {th:min,data-th-min}] [1000]: org.thymeleaf.standard.processor.StandardRemovableAttributeTagProcessor
[THYMELEAF]             * [* {th:codetype,data-th-codetype}] [1000]: org.thymeleaf.standard.processor.StandardRemovableAttributeTagProcessor
[THYMELEAF]             * [* {th:charset,data-th-charset}] [1000]: org.thymeleaf.standard.processor.StandardRemovableAttributeTagProcessor
[THYMELEAF]             * [* {th:cellpadding,data-th-cellpadding}] [1000]: org.thymeleaf.standard.processor.StandardRemovableAttributeTagProcessor
[THYMELEAF]             * [* {th:spellcheck,data-th-spellcheck}] [1000]: org.thymeleaf.standard.processor.StandardRemovableAttributeTagProcessor
[THYMELEAF]             * [* {th:start,data-th-start}] [1000]: org.thymeleaf.standard.processor.StandardRemovableAttributeTagProcessor
[THYMELEAF]             * [* {th:data,data-th-data}] [1000]: org.thymeleaf.standard.processor.StandardRemovableAttributeTagProcessor
[THYMELEAF]             * [* {th:low,data-th-low}] [1000]: org.thymeleaf.standard.processor.StandardRemovableAttributeTagProcessor
[THYMELEAF]             * [* {th:draggable,data-th-draggable}] [1000]: org.thymeleaf.standard.processor.StandardRemovableAttributeTagProcessor
[THYMELEAF]             * [* {th:content,data-th-content}] [1000]: org.thymeleaf.standard.processor.StandardRemovableAttributeTagProcessor
[THYMELEAF]             * [* {th:align,data-th-align}] [1000]: org.thymeleaf.standard.processor.StandardRemovableAttributeTagProcessor
[THYMELEAF]             * [* {th:scope,data-th-scope}] [1000]: org.thymeleaf.standard.processor.StandardRemovableAttributeTagProcessor
[THYMELEAF]             * [* {th:srclang,data-th-srclang}] [1000]: org.thymeleaf.standard.processor.StandardRemovableAttributeTagProcessor
[THYMELEAF]             * [* {th:challenge,data-th-challenge}] [1000]: org.thymeleaf.standard.processor.StandardRemovableAttributeTagProcessor
[THYMELEAF]             * [* {th:style,data-th-style}] [1000]: org.thymeleaf.standard.processor.StandardRemovableAttributeTagProcessor
[THYMELEAF]             * [* {th:accept,data-th-accept}] [1000]: org.thymeleaf.standard.processor.StandardRemovableAttributeTagProcessor
[THYMELEAF]             * [* {th:dropzone,data-th-dropzone}] [1000]: org.thymeleaf.standard.processor.StandardRemovableAttributeTagProcessor
[THYMELEAF]             * [* {th:pattern,data-th-pattern}] [1000]: org.thymeleaf.standard.processor.StandardRemovableAttributeTagProcessor
[THYMELEAF]             * [* {th:formmethod,data-th-formmethod}] [1000]: org.thymeleaf.standard.processor.StandardRemovableAttributeTagProcessor
[THYMELEAF]             * [* {th:lang,data-th-lang}] [1000]: org.thymeleaf.standard.processor.StandardRemovableAttributeTagProcessor
[THYMELEAF]             * [* {th:keytype,data-th-keytype}] [1000]: org.thymeleaf.standard.processor.StandardRemovableAttributeTagProcessor
[THYMELEAF]             * [* {th:abbr,data-th-abbr}] [1000]: org.thymeleaf.standard.processor.StandardRemovableAttributeTagProcessor
[THYMELEAF]             * [* {th:rel,data-th-rel}] [1000]: org.thymeleaf.standard.processor.StandardRemovableAttributeTagProcessor
[THYMELEAF]             * [* {th:frameborder,data-th-frameborder}] [1000]: org.thymeleaf.standard.processor.StandardRemovableAttributeTagProcessor
[THYMELEAF]             * [* {th:id,data-th-id}] [1000]: org.thymeleaf.standard.processor.StandardRemovableAttributeTagProcessor
[THYMELEAF]             * [* {th:cellspacing,data-th-cellspacing}] [1000]: org.thymeleaf.standard.processor.StandardRemovableAttributeTagProcessor
[THYMELEAF]             * [* {th:optimum,data-th-optimum}] [1000]: org.thymeleaf.standard.processor.StandardRemovableAttributeTagProcessor
[THYMELEAF]             * [* {th:width,data-th-width}] [1000]: org.thymeleaf.standard.processor.StandardRemovableAttributeTagProcessor
[THYMELEAF]             * [* {th:sandbox,data-th-sandbox}] [1000]: org.thymeleaf.standard.processor.StandardRemovableAttributeTagProcessor
[THYMELEAF]             * [* {th:dir,data-th-dir}] [1000]: org.thymeleaf.standard.processor.StandardRemovableAttributeTagProcessor
[THYMELEAF]             * [* {th:scrolling,data-th-scrolling}] [1000]: org.thymeleaf.standard.processor.StandardRemovableAttributeTagProcessor
[THYMELEAF]             * [* {th:cite,data-th-cite}] [1000]: org.thymeleaf.standard.processor.StandardRemovableAttributeTagProcessor
[THYMELEAF]             * [* {th:kind,data-th-kind}] [1000]: org.thymeleaf.standard.processor.StandardRemovableAttributeTagProcessor
[THYMELEAF]             * [* {th:datetime,data-th-datetime}] [1000]: org.thymeleaf.standard.processor.StandardRemovableAttributeTagProcessor
[THYMELEAF]             * [* {th:hspace,data-th-hspace}] [1000]: org.thymeleaf.standard.processor.StandardRemovableAttributeTagProcessor
[THYMELEAF]             * [* {th:media,data-th-media}] [1000]: org.thymeleaf.standard.processor.StandardRemovableAttributeTagProcessor
[THYMELEAF]             * [* {th:compact,data-th-compact}] [1000]: org.thymeleaf.standard.processor.StandardRemovableAttributeTagProcessor
[THYMELEAF]             * [* {th:contextmenu,data-th-contextmenu}] [1000]: org.thymeleaf.standard.processor.StandardRemovableAttributeTagProcessor
[THYMELEAF]             * [* {th:for,data-th-for}] [1000]: org.thymeleaf.standard.processor.StandardRemovableAttributeTagProcessor
[THYMELEAF]             * [* {th:formaction,data-th-formaction}] [1000]: org.thymeleaf.standard.processor.StandardRemovableAttributeTagProcessor
[THYMELEAF]             * [* {th:form,data-th-form}] [1000]: org.thymeleaf.standard.processor.StandardRemovableAttributeTagProcessor
[THYMELEAF]             * [* {th:span,data-th-span}] [1000]: org.thymeleaf.standard.processor.StandardRemovableAttributeTagProcessor
[THYMELEAF]             * [* {th:src,data-th-src}] [1000]: org.thymeleaf.standard.processor.StandardSrcTagProcessor
[THYMELEAF]             * [* {th:value,data-th-value}] [1000]: org.thymeleaf.standard.processor.StandardValueTagProcessor
[THYMELEAF]             * [* {th:xmlbase,data-th-xmlbase}] [1000]: org.thymeleaf.standard.processor.StandardXmlBaseTagProcessor
[THYMELEAF]             * [* {th:xmllang,data-th-xmllang}] [1000]: org.thymeleaf.standard.processor.StandardXmlLangTagProcessor
[THYMELEAF]             * [* {xmlns:th}] [1000]: org.thymeleaf.standard.processor.StandardXmlNsTagProcessor
[THYMELEAF]             * [* {th:xmlspace,data-th-xmlspace}] [1000]: org.thymeleaf.standard.processor.StandardXmlSpaceTagProcessor
[THYMELEAF]             * [* {th:classappend,data-th-classappend}] [1100]: org.thymeleaf.standard.processor.StandardClassappendTagProcessor
[THYMELEAF]             * [* {th:styleappend,data-th-styleappend}] [1100]: org.thymeleaf.standard.processor.StandardStyleappendTagProcessor
[THYMELEAF]             * [* {th:text,data-th-text}] [1300]: org.thymeleaf.standard.processor.StandardTextTagProcessor
[THYMELEAF]             * [* {th:utext,data-th-utext}] [1400]: org.thymeleaf.standard.processor.StandardUtextTagProcessor
[THYMELEAF]             * [* {th:fragment,data-th-fragment}] [1500]: org.thymeleaf.standard.processor.StandardFragmentTagProcessor
[THYMELEAF]             * [* {th:assert,data-th-assert}] [1550]: org.thymeleaf.standard.processor.StandardAssertTagProcessor
[THYMELEAF]             * [* {th:remove,data-th-remove}] [1600]: org.thymeleaf.standard.processor.StandardRemoveTagProcessor
[THYMELEAF]             * [* {th:ref,data-th-ref}] [10000]: org.thymeleaf.standard.processor.StandardRefAttributeTagProcessor
[THYMELEAF]             * [{th:block,th-block} *] [100000]: org.thymeleaf.standard.processor.StandardBlockTagProcessor
[THYMELEAF]             * [* th:*] [2147483647]: org.thymeleaf.standard.processor.StandardDefaultAttributesTagProcessor
[THYMELEAF]         * Text Processors by [precedence]:
[THYMELEAF]             * [1000]: org.thymeleaf.standard.processor.StandardInliningTextProcessor
[THYMELEAF]         * DOCTYPE Processors by [precedence]:
[THYMELEAF]             * [1000]: org.thymeleaf.standard.processor.StandardTranslationDocTypeProcessor
[THYMELEAF]         * CDATA Section Processors by [precedence]:
[THYMELEAF]             * [1000]: org.thymeleaf.standard.processor.StandardInliningCDATASectionProcessor
[THYMELEAF]         * Comment Processors by [precedence]:
[THYMELEAF]             * [1000]: org.thymeleaf.standard.processor.StandardInliningCommentProcessor
[THYMELEAF]             * [1100]: org.thymeleaf.standard.processor.StandardConditionalCommentProcessor
[THYMELEAF]     * Processors for Template Mode: XML
[THYMELEAF]         * Element Tag Processors by [matching element and attribute name] [precedence]:
[THYMELEAF]             * [* {th:include}] [100]: org.thymeleaf.standard.processor.StandardIncludeTagProcessor
[THYMELEAF]             * [* {th:insert}] [100]: org.thymeleaf.standard.processor.StandardInsertTagProcessor
[THYMELEAF]             * [* {th:replace}] [100]: org.thymeleaf.standard.processor.StandardReplaceTagProcessor
[THYMELEAF]             * [* {th:each}] [200]: com.intuit.karate.template.KarateEachTagProcessor
[THYMELEAF]             * [* {th:switch}] [250]: org.thymeleaf.standard.processor.StandardSwitchTagProcessor
[THYMELEAF]             * [* {th:case}] [275]: org.thymeleaf.standard.processor.StandardCaseTagProcessor
[THYMELEAF]             * [* {th:if}] [300]: org.thymeleaf.standard.processor.StandardIfTagProcessor
[THYMELEAF]             * [* {th:unless}] [400]: org.thymeleaf.standard.processor.StandardUnlessTagProcessor
[THYMELEAF]             * [* {th:object}] [500]: org.thymeleaf.standard.processor.StandardObjectTagProcessor
[THYMELEAF]             * [* {th:with}] [600]: com.intuit.karate.template.KarateWithTagProcessor
[THYMELEAF]             * [* {th:attr}] [700]: com.intuit.karate.template.KarateAttributeTagProcessor.KarateAttrTagProcessor
[THYMELEAF]             * [* {th:attrappend}] [900]: com.intuit.karate.template.KarateAttributeTagProcessor.KarateAttrappendTagProcessor
[THYMELEAF]             * [* {th:attrprepend}] [900]: com.intuit.karate.template.KarateAttributeTagProcessor.KarateAttrprependTagProcessor
[THYMELEAF]             * [* {th:inline}] [1000]: org.thymeleaf.standard.processor.StandardInlineXMLTagProcessor
[THYMELEAF]             * [* {xmlns:th}] [1000]: org.thymeleaf.standard.processor.StandardXmlNsTagProcessor
[THYMELEAF]             * [* {th:text}] [1300]: org.thymeleaf.standard.processor.StandardTextTagProcessor
[THYMELEAF]             * [* {th:utext}] [1400]: org.thymeleaf.standard.processor.StandardUtextTagProcessor
[THYMELEAF]             * [* {th:fragment}] [1500]: org.thymeleaf.standard.processor.StandardFragmentTagProcessor
[THYMELEAF]             * [* {th:assert}] [1550]: org.thymeleaf.standard.processor.StandardAssertTagProcessor
[THYMELEAF]             * [* {th:remove}] [1600]: org.thymeleaf.standard.processor.StandardRemoveTagProcessor
[THYMELEAF]             * [* {th:ref}] [10000]: org.thymeleaf.standard.processor.StandardRefAttributeTagProcessor
[THYMELEAF]             * [{th:block} *] [100000]: org.thymeleaf.standard.processor.StandardBlockTagProcessor
[THYMELEAF]             * [* th:*] [2147483647]: org.thymeleaf.standard.processor.StandardDefaultAttributesTagProcessor
[THYMELEAF]         * Text Processors by [precedence]:
[THYMELEAF]             * [1000]: org.thymeleaf.standard.processor.StandardInliningTextProcessor
[THYMELEAF]         * CDATA Section Processors by [precedence]:
[THYMELEAF]             * [1000]: org.thymeleaf.standard.processor.StandardInliningCDATASectionProcessor
[THYMELEAF]         * Comment Processors by [precedence]:
[THYMELEAF]             * [1000]: org.thymeleaf.standard.processor.StandardInliningCommentProcessor
[THYMELEAF]     * Processors for Template Mode: TEXT
[THYMELEAF]         * Element Tag Processors by [matching element and attribute name] [precedence]:
[THYMELEAF]             * [* {th:insert}] [100]: org.thymeleaf.standard.processor.StandardInsertTagProcessor
[THYMELEAF]             * [* {th:replace}] [100]: org.thymeleaf.standard.processor.StandardReplaceTagProcessor
[THYMELEAF]             * [* {th:each}] [200]: com.intuit.karate.template.KarateEachTagProcessor
[THYMELEAF]             * [* {th:switch}] [250]: org.thymeleaf.standard.processor.StandardSwitchTagProcessor
[THYMELEAF]             * [* {th:case}] [275]: org.thymeleaf.standard.processor.StandardCaseTagProcessor
[THYMELEAF]             * [* {th:if}] [300]: org.thymeleaf.standard.processor.StandardIfTagProcessor
[THYMELEAF]             * [* {th:unless}] [400]: org.thymeleaf.standard.processor.StandardUnlessTagProcessor
[THYMELEAF]             * [* {th:object}] [500]: org.thymeleaf.standard.processor.StandardObjectTagProcessor
[THYMELEAF]             * [* {th:with}] [600]: com.intuit.karate.template.KarateWithTagProcessor
[THYMELEAF]             * [* {th:inline}] [1000]: org.thymeleaf.standard.processor.StandardInlineTextualTagProcessor
[THYMELEAF]             * [* {th:text}] [1300]: org.thymeleaf.standard.processor.StandardTextTagProcessor
[THYMELEAF]             * [* {th:utext}] [1400]: org.thymeleaf.standard.processor.StandardUtextTagProcessor
[THYMELEAF]             * [* {th:assert}] [1550]: org.thymeleaf.standard.processor.StandardAssertTagProcessor
[THYMELEAF]             * [* {th:remove}] [1600]: org.thymeleaf.standard.processor.StandardRemoveTagProcessor
[THYMELEAF]             * [{th:block} *] [100000]: org.thymeleaf.standard.processor.StandardBlockTagProcessor
[THYMELEAF]             * [* 100000] [org.thymeleaf.standard.processor.StandardBlockTagProcessor]: {}
[THYMELEAF]         * Text Processors by [precedence]:
[THYMELEAF]             * [1000]: org.thymeleaf.standard.processor.StandardInliningTextProcessor
[THYMELEAF]     * Processors for Template Mode: JAVASCRIPT
[THYMELEAF]         * Element Tag Processors by [matching element and attribute name] [precedence]:
[THYMELEAF]             * [* {th:insert}] [100]: org.thymeleaf.standard.processor.StandardInsertTagProcessor
[THYMELEAF]             * [* {th:replace}] [100]: org.thymeleaf.standard.processor.StandardReplaceTagProcessor
[THYMELEAF]             * [* {th:each}] [200]: com.intuit.karate.template.KarateEachTagProcessor
[THYMELEAF]             * [* {th:switch}] [250]: org.thymeleaf.standard.processor.StandardSwitchTagProcessor
[THYMELEAF]             * [* {th:case}] [275]: org.thymeleaf.standard.processor.StandardCaseTagProcessor
[THYMELEAF]             * [* {th:if}] [300]: org.thymeleaf.standard.processor.StandardIfTagProcessor
[THYMELEAF]             * [* {th:unless}] [400]: org.thymeleaf.standard.processor.StandardUnlessTagProcessor
[THYMELEAF]             * [* {th:object}] [500]: org.thymeleaf.standard.processor.StandardObjectTagProcessor
[THYMELEAF]             * [* {th:with}] [600]: com.intuit.karate.template.KarateWithTagProcessor
[THYMELEAF]             * [* {th:inline}] [1000]: org.thymeleaf.standard.processor.StandardInlineTextualTagProcessor
[THYMELEAF]             * [* {th:text}] [1300]: org.thymeleaf.standard.processor.StandardTextTagProcessor
[THYMELEAF]             * [* {th:utext}] [1400]: org.thymeleaf.standard.processor.StandardUtextTagProcessor
[THYMELEAF]             * [* {th:assert}] [1550]: org.thymeleaf.standard.processor.StandardAssertTagProcessor
[THYMELEAF]             * [* {th:remove}] [1600]: org.thymeleaf.standard.processor.StandardRemoveTagProcessor
[THYMELEAF]             * [{th:block} *] [100000]: org.thymeleaf.standard.processor.StandardBlockTagProcessor
[THYMELEAF]             * [* 100000] [org.thymeleaf.standard.processor.StandardBlockTagProcessor]: {}
[THYMELEAF]         * Text Processors by [precedence]:
[THYMELEAF]             * [1000]: org.thymeleaf.standard.processor.StandardInliningTextProcessor
[THYMELEAF]     * Processors for Template Mode: CSS
[THYMELEAF]         * Element Tag Processors by [matching element and attribute name] [precedence]:
[THYMELEAF]             * [* {th:insert}] [100]: org.thymeleaf.standard.processor.StandardInsertTagProcessor
[THYMELEAF]             * [* {th:replace}] [100]: org.thymeleaf.standard.processor.StandardReplaceTagProcessor
[THYMELEAF]             * [* {th:each}] [200]: com.intuit.karate.template.KarateEachTagProcessor
[THYMELEAF]             * [* {th:switch}] [250]: org.thymeleaf.standard.processor.StandardSwitchTagProcessor
[THYMELEAF]             * [* {th:case}] [275]: org.thymeleaf.standard.processor.StandardCaseTagProcessor
[THYMELEAF]             * [* {th:if}] [300]: org.thymeleaf.standard.processor.StandardIfTagProcessor
[THYMELEAF]             * [* {th:unless}] [400]: org.thymeleaf.standard.processor.StandardUnlessTagProcessor
[THYMELEAF]             * [* {th:object}] [500]: org.thymeleaf.standard.processor.StandardObjectTagProcessor
[THYMELEAF]             * [* {th:with}] [600]: com.intuit.karate.template.KarateWithTagProcessor
[THYMELEAF]             * [* {th:inline}] [1000]: org.thymeleaf.standard.processor.StandardInlineTextualTagProcessor
[THYMELEAF]             * [* {th:text}] [1300]: org.thymeleaf.standard.processor.StandardTextTagProcessor
[THYMELEAF]             * [* {th:utext}] [1400]: org.thymeleaf.standard.processor.StandardUtextTagProcessor
[THYMELEAF]             * [* {th:assert}] [1550]: org.thymeleaf.standard.processor.StandardAssertTagProcessor
[THYMELEAF]             * [* {th:remove}] [1600]: org.thymeleaf.standard.processor.StandardRemoveTagProcessor
[THYMELEAF]             * [* 100000] [org.thymeleaf.standard.processor.StandardBlockTagProcessor]: {}
[THYMELEAF]             * [{th:block} *] [100000]: org.thymeleaf.standard.processor.StandardBlockTagProcessor
[THYMELEAF]         * Text Processors by [precedence]:
[THYMELEAF]             * [1000]: org.thymeleaf.standard.processor.StandardInliningTextProcessor
[THYMELEAF]     * Expression Objects:
[THYMELEAF]         * #ctx
[THYMELEAF]         * #root
[THYMELEAF]         * #vars
[THYMELEAF]         * #object
[THYMELEAF]         * #locale
[THYMELEAF]         * #conversions
[THYMELEAF]         * #uris
[THYMELEAF]         * #temporals
[THYMELEAF]         * #calendars
[THYMELEAF]         * #dates
[THYMELEAF]         * #bools
[THYMELEAF]         * #numbers
[THYMELEAF]         * #objects
[THYMELEAF]         * #strings
[THYMELEAF]         * #arrays
[THYMELEAF]         * #lists
[THYMELEAF]         * #sets
[THYMELEAF]         * #maps
[THYMELEAF]         * #aggregates
[THYMELEAF]         * #messages
[THYMELEAF]         * #ids
[THYMELEAF]         * #execInfo
[THYMELEAF]         * #request
[THYMELEAF]         * #response
[THYMELEAF]         * #session
[THYMELEAF]         * #servletContext
[THYMELEAF]     * Execution Attributes:
[THYMELEAF]         * "StandardExpressionParser": com.intuit.karate.template.KarateStandardDialect@a6ad02c
[THYMELEAF]         * "StandardJavaScriptSerializer": org.thymeleaf.standard.serializer.StandardJavaScriptSerializer@71b66dd3
[THYMELEAF]         * "StandardCSSSerializer": org.thymeleaf.standard.serializer.StandardCSSSerializer@713313a0
[THYMELEAF]         * "StandardVariableExpressionEvaluator": com.intuit.karate.template.KarateStandardDialect@a6ad02c
[THYMELEAF]         * "StandardConversionService": org.thymeleaf.standard.expression.StandardConversionService@1925a738
[THYMELEAF] * Dialect [2 of 2]: karate (com.intuit.karate.template.KarateScriptDialect)
[THYMELEAF]     * Prefix: "ka"
[THYMELEAF]     * Processors for Template Mode: HTML
[THYMELEAF]         * Element Tag Processors by [matching element and attribute name] [precedence]:
[THYMELEAF]             * [* {src}] [1000]: com.intuit.karate.template.KaScriptAttrProcessor
[THYMELEAF]         * Element Model Processors by [matching element and attribute name] [precedence]:
[THYMELEAF]             * [{script} {ka:scope,data-ka-scope}] [1000]: com.intuit.karate.template.KaScriptElemProcessor
[THYMELEAF]             * [* {ka:set,data-ka-set}] [1000]: com.intuit.karate.template.KaSetElemProcessor
[THYMELEAF] TEMPLATE ENGINE CONFIGURED OK
00:31:38.307 [pool-3-thread-1] DEBUG org.thymeleaf.TemplateEngine -- [THYMELEAF] TEMPLATE ENGINE INITIALIZED
---------------------------------------------------------
feature: classpath:features/AddDeletePlayers/AddDeletePlayers.feature
scenarios:  2 | passed:  2 | failed:  0 | time: 0.8370
---------------------------------------------------------

00:31:38.551 [pool-3-thread-1] INFO com.intuit.karate.Suite -- <<pass>> feature 3 of 4 (1 remaining) classpath:features/AddDeletePlayers/AddDeletePlayers.feature
00:31:38.572 [pool-3-thread-1] DEBUG org.thymeleaf.TemplateEngine -- [THYMELEAF] INITIALIZING TEMPLATE ENGINE
00:31:38.596 [pool-3-thread-1] DEBUG org.thymeleaf.TemplateEngine.CONFIG -- Initializing Thymeleaf Template engine configuration...
[THYMELEAF] TEMPLATE ENGINE CONFIGURATION:
[THYMELEAF] * Thymeleaf version: 3.1.2.RELEASE (built 2023-07-30T19:25:50+0000)
[THYMELEAF] * Cache Manager implementation: org.thymeleaf.cache.StandardCacheManager
[THYMELEAF] * Template resolvers:
[THYMELEAF]     * [1] com.intuit.karate.template.ResourceHtmlTemplateResolver
[THYMELEAF] * Message resolvers:
[THYMELEAF]     * org.thymeleaf.messageresolver.StandardMessageResolver
[THYMELEAF] * Link builders:
[THYMELEAF]     * org.thymeleaf.linkbuilder.StandardLinkBuilder
[THYMELEAF] * Dialect [1 of 2]: Standard (com.intuit.karate.template.KarateStandardDialect)
[THYMELEAF]     * Prefix: "th"
[THYMELEAF]     * Processors for Template Mode: HTML
[THYMELEAF]         * Element Tag Processors by [matching element and attribute name] [precedence]:
[THYMELEAF]             * [* {th:include,data-th-include}] [100]: org.thymeleaf.standard.processor.StandardIncludeTagProcessor
[THYMELEAF]             * [* {th:insert,data-th-insert}] [100]: org.thymeleaf.standard.processor.StandardInsertTagProcessor
[THYMELEAF]             * [* {th:replace,data-th-replace}] [100]: org.thymeleaf.standard.processor.StandardReplaceTagProcessor
[THYMELEAF]             * [* {th:each,data-th-each}] [200]: com.intuit.karate.template.KarateEachTagProcessor
[THYMELEAF]             * [* {th:switch,data-th-switch}] [250]: org.thymeleaf.standard.processor.StandardSwitchTagProcessor
[THYMELEAF]             * [* {th:case,data-th-case}] [275]: org.thymeleaf.standard.processor.StandardCaseTagProcessor
[THYMELEAF]             * [* {th:if,data-th-if}] [300]: org.thymeleaf.standard.processor.StandardIfTagProcessor
[THYMELEAF]             * [* {th:unless,data-th-unless}] [400]: org.thymeleaf.standard.processor.StandardUnlessTagProcessor
[THYMELEAF]             * [* {th:object,data-th-object}] [500]: org.thymeleaf.standard.processor.StandardObjectTagProcessor
[THYMELEAF]             * [* {th:with,data-th-with}] [600]: com.intuit.karate.template.KarateWithTagProcessor
[THYMELEAF]             * [* {th:attr,data-th-attr}] [700]: com.intuit.karate.template.KarateAttributeTagProcessor.KarateAttrTagProcessor
[THYMELEAF]             * [* {th:attrappend,data-th-attrappend}] [900]: com.intuit.karate.template.KarateAttributeTagProcessor.KarateAttrappendTagProcessor
[THYMELEAF]             * [* {th:attrprepend,data-th-attrprepend}] [900]: com.intuit.karate.template.KarateAttributeTagProcessor.KarateAttrprependTagProcessor
[THYMELEAF]             * [* {th:alt-title,data-th-alt-title}] [990]: org.thymeleaf.standard.processor.StandardAltTitleTagProcessor
[THYMELEAF]             * [* {th:lang-xmllang,data-th-lang-xmllang}] [990]: org.thymeleaf.standard.processor.StandardLangXmlLangTagProcessor
[THYMELEAF]             * [* {th:action,data-th-action}] [1000]: org.thymeleaf.standard.processor.StandardActionTagProcessor
[THYMELEAF]             * [* {th:nowrap,data-th-nowrap}] [1000]: org.thymeleaf.standard.processor.StandardConditionalFixedValueTagProcessor
[THYMELEAF]             * [* {th:checked,data-th-checked}] [1000]: org.thymeleaf.standard.processor.StandardConditionalFixedValueTagProcessor
[THYMELEAF]             * [* {th:async,data-th-async}] [1000]: org.thymeleaf.standard.processor.StandardConditionalFixedValueTagProcessor
[THYMELEAF]             * [* {th:scoped,data-th-scoped}] [1000]: org.thymeleaf.standard.processor.StandardConditionalFixedValueTagProcessor
[THYMELEAF]             * [* {th:ismap,data-th-ismap}] [1000]: org.thymeleaf.standard.processor.StandardConditionalFixedValueTagProcessor
[THYMELEAF]             * [* {th:loop,data-th-loop}] [1000]: org.thymeleaf.standard.processor.StandardConditionalFixedValueTagProcessor
[THYMELEAF]             * [* {th:disabled,data-th-disabled}] [1000]: org.thymeleaf.standard.processor.StandardConditionalFixedValueTagProcessor
[THYMELEAF]             * [* {th:readonly,data-th-readonly}] [1000]: org.thymeleaf.standard.processor.StandardConditionalFixedValueTagProcessor
[THYMELEAF]             * [* {th:pubdate,data-th-pubdate}] [1000]: org.thymeleaf.standard.processor.StandardConditionalFixedValueTagProcessor
[THYMELEAF]             * [* {th:multiple,data-th-multiple}] [1000]: org.thymeleaf.standard.processor.StandardConditionalFixedValueTagProcessor
[THYMELEAF]             * [* {th:selected,data-th-selected}] [1000]: org.thymeleaf.standard.processor.StandardConditionalFixedValueTagProcessor
[THYMELEAF]             * [* {th:defer,data-th-defer}] [1000]: org.thymeleaf.standard.processor.StandardConditionalFixedValueTagProcessor
[THYMELEAF]             * [* {th:required,data-th-required}] [1000]: org.thymeleaf.standard.processor.StandardConditionalFixedValueTagProcessor
[THYMELEAF]             * [* {th:hidden,data-th-hidden}] [1000]: org.thymeleaf.standard.processor.StandardConditionalFixedValueTagProcessor
[THYMELEAF]             * [* {th:formnovalidate,data-th-formnovalidate}] [1000]: org.thymeleaf.standard.processor.StandardConditionalFixedValueTagProcessor
[THYMELEAF]             * [* {th:default,data-th-default}] [1000]: org.thymeleaf.standard.processor.StandardConditionalFixedValueTagProcessor
[THYMELEAF]             * [* {th:autofocus,data-th-autofocus}] [1000]: org.thymeleaf.standard.processor.StandardConditionalFixedValueTagProcessor
[THYMELEAF]             * [* {th:controls,data-th-controls}] [1000]: org.thymeleaf.standard.processor.StandardConditionalFixedValueTagProcessor
[THYMELEAF]             * [* {th:seamless,data-th-seamless}] [1000]: org.thymeleaf.standard.processor.StandardConditionalFixedValueTagProcessor
[THYMELEAF]             * [* {th:open,data-th-open}] [1000]: org.thymeleaf.standard.processor.StandardConditionalFixedValueTagProcessor
[THYMELEAF]             * [* {th:reversed,data-th-reversed}] [1000]: org.thymeleaf.standard.processor.StandardConditionalFixedValueTagProcessor
[THYMELEAF]             * [* {th:novalidate,data-th-novalidate}] [1000]: org.thymeleaf.standard.processor.StandardConditionalFixedValueTagProcessor
[THYMELEAF]             * [* {th:autoplay,data-th-autoplay}] [1000]: org.thymeleaf.standard.processor.StandardConditionalFixedValueTagProcessor
[THYMELEAF]             * [* {th:declare,data-th-declare}] [1000]: org.thymeleaf.standard.processor.StandardConditionalFixedValueTagProcessor
[THYMELEAF]             * [* {th:onplay,data-th-onplay}] [1000]: org.thymeleaf.standard.processor.StandardDOMEventAttributeTagProcessor
[THYMELEAF]             * [* {th:onoffline,data-th-onoffline}] [1000]: org.thymeleaf.standard.processor.StandardDOMEventAttributeTagProcessor
[THYMELEAF]             * [* {th:onpause,data-th-onpause}] [1000]: org.thymeleaf.standard.processor.StandardDOMEventAttributeTagProcessor
[THYMELEAF]             * [* {th:onwaiting,data-th-onwaiting}] [1000]: org.thymeleaf.standard.processor.StandardDOMEventAttributeTagProcessor
[THYMELEAF]             * [* {th:onforminput,data-th-onforminput}] [1000]: org.thymeleaf.standard.processor.StandardDOMEventAttributeTagProcessor
[THYMELEAF]             * [* {th:onabort,data-th-onabort}] [1000]: org.thymeleaf.standard.processor.StandardDOMEventAttributeTagProcessor
[THYMELEAF]             * [* {th:onmousewheel,data-th-onmousewheel}] [1000]: org.thymeleaf.standard.processor.StandardDOMEventAttributeTagProcessor
[THYMELEAF]             * [* {th:onafterprint,data-th-onafterprint}] [1000]: org.thymeleaf.standard.processor.StandardDOMEventAttributeTagProcessor
[THYMELEAF]             * [* {th:onseeked,data-th-onseeked}] [1000]: org.thymeleaf.standard.processor.StandardDOMEventAttributeTagProcessor
[THYMELEAF]             * [* {th:onmessage,data-th-onmessage}] [1000]: org.thymeleaf.standard.processor.StandardDOMEventAttributeTagProcessor
[THYMELEAF]             * [* {th:onseeking,data-th-onseeking}] [1000]: org.thymeleaf.standard.processor.StandardDOMEventAttributeTagProcessor
[THYMELEAF]             * [* {th:onbeforeunload,data-th-onbeforeunload}] [1000]: org.thymeleaf.standard.processor.StandardDOMEventAttributeTagProcessor
[THYMELEAF]             * [* {th:onclick,data-th-onclick}] [1000]: org.thymeleaf.standard.processor.StandardDOMEventAttributeTagProcessor
[THYMELEAF]             * [* {th:onmouseout,data-th-onmouseout}] [1000]: org.thymeleaf.standard.processor.StandardDOMEventAttributeTagProcessor
[THYMELEAF]             * [* {th:onloadeddata,data-th-onloadeddata}] [1000]: org.thymeleaf.standard.processor.StandardDOMEventAttributeTagProcessor
[THYMELEAF]             * [* {th:onstorage,data-th-onstorage}] [1000]: org.thymeleaf.standard.processor.StandardDOMEventAttributeTagProcessor
[THYMELEAF]             * [* {th:onblur,data-th-onblur}] [1000]: org.thymeleaf.standard.processor.StandardDOMEventAttributeTagProcessor
[THYMELEAF]             * [* {th:onkeypress,data-th-onkeypress}] [1000]: org.thymeleaf.standard.processor.StandardDOMEventAttributeTagProcessor
[THYMELEAF]             * [* {th:oninput,data-th-oninput}] [1000]: org.thymeleaf.standard.processor.StandardDOMEventAttributeTagProcessor
[THYMELEAF]             * [* {th:ondragend,data-th-ondragend}] [1000]: org.thymeleaf.standard.processor.StandardDOMEventAttributeTagProcessor
[THYMELEAF]             * [* {th:onbeforeprint,data-th-onbeforeprint}] [1000]: org.thymeleaf.standard.processor.StandardDOMEventAttributeTagProcessor
[THYMELEAF]             * [* {th:onreset,data-th-onreset}] [1000]: org.thymeleaf.standard.processor.StandardDOMEventAttributeTagProcessor
[THYMELEAF]             * [* {th:onscroll,data-th-onscroll}] [1000]: org.thymeleaf.standard.processor.StandardDOMEventAttributeTagProcessor
[THYMELEAF]             * [* {th:onredo,data-th-onredo}] [1000]: org.thymeleaf.standard.processor.StandardDOMEventAttributeTagProcessor
[THYMELEAF]             * [* {th:onshow,data-th-onshow}] [1000]: org.thymeleaf.standard.processor.StandardDOMEventAttributeTagProcessor
[THYMELEAF]             * [* {th:ondrag,data-th-ondrag}] [1000]: org.thymeleaf.standard.processor.StandardDOMEventAttributeTagProcessor
[THYMELEAF]             * [* {th:onvolumechange,data-th-onvolumechange}] [1000]: org.thymeleaf.standard.processor.StandardDOMEventAttributeTagProcessor
[THYMELEAF]             * [* {th:onmousedown,data-th-onmousedown}] [1000]: org.thymeleaf.standard.processor.StandardDOMEventAttributeTagProcessor
[THYMELEAF]             * [* {th:ontimeupdate,data-th-ontimeupdate}] [1000]: org.thymeleaf.standard.processor.StandardDOMEventAttributeTagProcessor
[THYMELEAF]             * [* {th:onkeydown,data-th-onkeydown}] [1000]: org.thymeleaf.standard.processor.StandardDOMEventAttributeTagProcessor
[THYMELEAF]             * [* {th:oncanplaythrough,data-th-oncanplaythrough}] [1000]: org.thymeleaf.standard.processor.StandardDOMEventAttributeTagProcessor
[THYMELEAF]             * [* {th:onstalled,data-th-onstalled}] [1000]: org.thymeleaf.standard.processor.StandardDOMEventAttributeTagProcessor
[THYMELEAF]             * [* {th:onmouseup,data-th-onmouseup}] [1000]: org.thymeleaf.standard.processor.StandardDOMEventAttributeTagProcessor
[THYMELEAF]             * [* {th:onerror,data-th-onerror}] [1000]: org.thymeleaf.standard.processor.StandardDOMEventAttributeTagProcessor
[THYMELEAF]             * [* {th:onchange,data-th-onchange}] [1000]: org.thymeleaf.standard.processor.StandardDOMEventAttributeTagProcessor
[THYMELEAF]             * [* {th:oncontextmenu,data-th-oncontextmenu}] [1000]: org.thymeleaf.standard.processor.StandardDOMEventAttributeTagProcessor
[THYMELEAF]             * [* {th:oncanplay,data-th-oncanplay}] [1000]: org.thymeleaf.standard.processor.StandardDOMEventAttributeTagProcessor
[THYMELEAF]             * [* {th:onselect,data-th-onselect}] [1000]: org.thymeleaf.standard.processor.StandardDOMEventAttributeTagProcessor
[THYMELEAF]             * [* {th:onunload,data-th-onunload}] [1000]: org.thymeleaf.standard.processor.StandardDOMEventAttributeTagProcessor
[THYMELEAF]             * [* {th:onkeyup,data-th-onkeyup}] [1000]: org.thymeleaf.standard.processor.StandardDOMEventAttributeTagProcessor
[THYMELEAF]             * [* {th:onloadstart,data-th-onloadstart}] [1000]: org.thymeleaf.standard.processor.StandardDOMEventAttributeTagProcessor
[THYMELEAF]             * [* {th:ondragenter,data-th-ondragenter}] [1000]: org.thymeleaf.standard.processor.StandardDOMEventAttributeTagProcessor
[THYMELEAF]             * [* {th:oninvalid,data-th-oninvalid}] [1000]: org.thymeleaf.standard.processor.StandardDOMEventAttributeTagProcessor
[THYMELEAF]             * [* {th:onresize,data-th-onresize}] [1000]: org.thymeleaf.standard.processor.StandardDOMEventAttributeTagProcessor
[THYMELEAF]             * [* {th:onprogress,data-th-onprogress}] [1000]: org.thymeleaf.standard.processor.StandardDOMEventAttributeTagProcessor
[THYMELEAF]             * [* {th:onemptied,data-th-onemptied}] [1000]: org.thymeleaf.standard.processor.StandardDOMEventAttributeTagProcessor
[THYMELEAF]             * [* {th:onmouseover,data-th-onmouseover}] [1000]: org.thymeleaf.standard.processor.StandardDOMEventAttributeTagProcessor
[THYMELEAF]             * [* {th:ondblclick,data-th-ondblclick}] [1000]: org.thymeleaf.standard.processor.StandardDOMEventAttributeTagProcessor
[THYMELEAF]             * [* {th:ondurationchange,data-th-ondurationchange}] [1000]: org.thymeleaf.standard.processor.StandardDOMEventAttributeTagProcessor
[THYMELEAF]             * [* {th:onfocus,data-th-onfocus}] [1000]: org.thymeleaf.standard.processor.StandardDOMEventAttributeTagProcessor
[THYMELEAF]             * [* {th:onmousemove,data-th-onmousemove}] [1000]: org.thymeleaf.standard.processor.StandardDOMEventAttributeTagProcessor
[THYMELEAF]             * [* {th:ononline,data-th-ononline}] [1000]: org.thymeleaf.standard.processor.StandardDOMEventAttributeTagProcessor
[THYMELEAF]             * [* {th:ondragleave,data-th-ondragleave}] [1000]: org.thymeleaf.standard.processor.StandardDOMEventAttributeTagProcessor
[THYMELEAF]             * [* {th:onhashchange,data-th-onhashchange}] [1000]: org.thymeleaf.standard.processor.StandardDOMEventAttributeTagProcessor
[THYMELEAF]             * [* {th:onended,data-th-onended}] [1000]: org.thymeleaf.standard.processor.StandardDOMEventAttributeTagProcessor
[THYMELEAF]             * [* {th:onpopstate,data-th-onpopstate}] [1000]: org.thymeleaf.standard.processor.StandardDOMEventAttributeTagProcessor
[THYMELEAF]             * [* {th:onratechange,data-th-onratechange}] [1000]: org.thymeleaf.standard.processor.StandardDOMEventAttributeTagProcessor
[THYMELEAF]             * [* {th:onreadystatechange,data-th-onreadystatechange}] [1000]: org.thymeleaf.standard.processor.StandardDOMEventAttributeTagProcessor
[THYMELEAF]             * [* {th:ondragstart,data-th-ondragstart}] [1000]: org.thymeleaf.standard.processor.StandardDOMEventAttributeTagProcessor
[THYMELEAF]             * [* {th:ondragover,data-th-ondragover}] [1000]: org.thymeleaf.standard.processor.StandardDOMEventAttributeTagProcessor
[THYMELEAF]             * [* {th:onload,data-th-onload}] [1000]: org.thymeleaf.standard.processor.StandardDOMEventAttributeTagProcessor
[THYMELEAF]             * [* {th:onsubmit,data-th-onsubmit}] [1000]: org.thymeleaf.standard.processor.StandardDOMEventAttributeTagProcessor
[THYMELEAF]             * [* {th:onformchange,data-th-onformchange}] [1000]: org.thymeleaf.standard.processor.StandardDOMEventAttributeTagProcessor
[THYMELEAF]             * [* {th:onloadedmetadata,data-th-onloadedmetadata}] [1000]: org.thymeleaf.standard.processor.StandardDOMEventAttributeTagProcessor
[THYMELEAF]             * [* {th:onplaying,data-th-onplaying}] [1000]: org.thymeleaf.standard.processor.StandardDOMEventAttributeTagProcessor
[THYMELEAF]             * [* {th:ondrop,data-th-ondrop}] [1000]: org.thymeleaf.standard.processor.StandardDOMEventAttributeTagProcessor
[THYMELEAF]             * [* {th:onsuspend,data-th-onsuspend}] [1000]: org.thymeleaf.standard.processor.StandardDOMEventAttributeTagProcessor
[THYMELEAF]             * [* {th:onundo,data-th-onundo}] [1000]: org.thymeleaf.standard.processor.StandardDOMEventAttributeTagProcessor
[THYMELEAF]             * [* {th:href,data-th-href}] [1000]: org.thymeleaf.standard.processor.StandardHrefTagProcessor
[THYMELEAF]             * [* {th:inline,data-th-inline}] [1000]: org.thymeleaf.standard.processor.StandardInlineHTMLTagProcessor
[THYMELEAF]             * [* {th:method,data-th-method}] [1000]: org.thymeleaf.standard.processor.StandardMethodTagProcessor
[THYMELEAF]             * [* {th:type,data-th-type}] [1000]: org.thymeleaf.standard.processor.StandardNonRemovableAttributeTagProcessor
[THYMELEAF]             * [* {th:name,data-th-name}] [1000]: org.thymeleaf.standard.processor.StandardNonRemovableAttributeTagProcessor
[THYMELEAF]             * [* {th:rowspan,data-th-rowspan}] [1000]: org.thymeleaf.standard.processor.StandardRemovableAttributeTagProcessor
[THYMELEAF]             * [* {th:archive,data-th-archive}] [1000]: org.thymeleaf.standard.processor.StandardRemovableAttributeTagProcessor
[THYMELEAF]             * [* {th:draggable,data-th-draggable}] [1000]: org.thymeleaf.standard.processor.StandardRemovableAttributeTagProcessor
[THYMELEAF]             * [* {th:wrap,data-th-wrap}] [1000]: org.thymeleaf.standard.processor.StandardRemovableAttributeTagProcessor
[THYMELEAF]             * [* {th:http-equiv,data-th-http-equiv}] [1000]: org.thymeleaf.standard.processor.StandardRemovableAttributeTagProcessor
[THYMELEAF]             * [* {th:target,data-th-target}] [1000]: org.thymeleaf.standard.processor.StandardRemovableAttributeTagProcessor
[THYMELEAF]             * [* {th:cellspacing,data-th-cellspacing}] [1000]: org.thymeleaf.standard.processor.StandardRemovableAttributeTagProcessor
[THYMELEAF]             * [* {th:cite,data-th-cite}] [1000]: org.thymeleaf.standard.processor.StandardRemovableAttributeTagProcessor
[THYMELEAF]             * [* {th:formaction,data-th-formaction}] [1000]: org.thymeleaf.standard.processor.StandardRemovableAttributeTagProcessor
[THYMELEAF]             * [* {th:style,data-th-style}] [1000]: org.thymeleaf.standard.processor.StandardRemovableAttributeTagProcessor
[THYMELEAF]             * [* {th:max,data-th-max}] [1000]: org.thymeleaf.standard.processor.StandardRemovableAttributeTagProcessor
[THYMELEAF]             * [* {th:colspan,data-th-colspan}] [1000]: org.thymeleaf.standard.processor.StandardRemovableAttributeTagProcessor
[THYMELEAF]             * [* {th:accept-charset,data-th-accept-charset}] [1000]: org.thymeleaf.standard.processor.StandardRemovableAttributeTagProcessor
[THYMELEAF]             * [* {th:for,data-th-for}] [1000]: org.thymeleaf.standard.processor.StandardRemovableAttributeTagProcessor
[THYMELEAF]             * [* {th:contextmenu,data-th-contextmenu}] [1000]: org.thymeleaf.standard.processor.StandardRemovableAttributeTagProcessor
[THYMELEAF]             * [* {th:tabindex,data-th-tabindex}] [1000]: org.thymeleaf.standard.processor.StandardRemovableAttributeTagProcessor
[THYMELEAF]             * [* {th:enctype,data-th-enctype}] [1000]: org.thymeleaf.standard.processor.StandardRemovableAttributeTagProcessor
[THYMELEAF]             * [* {th:title,data-th-title}] [1000]: org.thymeleaf.standard.processor.StandardRemovableAttributeTagProcessor
[THYMELEAF]             * [* {th:srclang,data-th-srclang}] [1000]: org.thymeleaf.standard.processor.StandardRemovableAttributeTagProcessor
[THYMELEAF]             * [* {th:marginheight,data-th-marginheight}] [1000]: org.thymeleaf.standard.processor.StandardRemovableAttributeTagProcessor
[THYMELEAF]             * [* {th:summary,data-th-summary}] [1000]: org.thymeleaf.standard.processor.StandardRemovableAttributeTagProcessor
[THYMELEAF]             * [* {th:high,data-th-high}] [1000]: org.thymeleaf.standard.processor.StandardRemovableAttributeTagProcessor
[THYMELEAF]             * [* {th:formtarget,data-th-formtarget}] [1000]: org.thymeleaf.standard.processor.StandardRemovableAttributeTagProcessor
[THYMELEAF]             * [* {th:formenctype,data-th-formenctype}] [1000]: org.thymeleaf.standard.processor.StandardRemovableAttributeTagProcessor
[THYMELEAF]             * [* {th:placeholder,data-th-placeholder}] [1000]: org.thymeleaf.standard.processor.StandardRemovableAttributeTagProcessor
[THYMELEAF]             * [* {th:valuetype,data-th-valuetype}] [1000]: org.thymeleaf.standard.processor.StandardRemovableAttributeTagProcessor
[THYMELEAF]             * [* {th:codetype,data-th-codetype}] [1000]: org.thymeleaf.standard.processor.StandardRemovableAttributeTagProcessor
[THYMELEAF]             * [* {th:hspace,data-th-hspace}] [1000]: org.thymeleaf.standard.processor.StandardRemovableAttributeTagProcessor
[THYMELEAF]             * [* {th:audio,data-th-audio}] [1000]: org.thymeleaf.standard.processor.StandardRemovableAttributeTagProcessor
[THYMELEAF]             * [* {th:size,data-th-size}] [1000]: org.thymeleaf.standard.processor.StandardRemovableAttributeTagProcessor
[THYMELEAF]             * [* {th:scrolling,data-th-scrolling}] [1000]: org.thymeleaf.standard.processor.StandardRemovableAttributeTagProcessor
[THYMELEAF]             * [* {th:bgcolor,data-th-bgcolor}] [1000]: org.thymeleaf.standard.processor.StandardRemovableAttributeTagProcessor
[THYMELEAF]             * [* {th:dir,data-th-dir}] [1000]: org.thymeleaf.standard.processor.StandardRemovableAttributeTagProcessor
[THYMELEAF]             * [* {th:list,data-th-list}] [1000]: org.thymeleaf.standard.processor.StandardRemovableAttributeTagProcessor
[THYMELEAF]             * [* {th:background,data-th-background}] [1000]: org.thymeleaf.standard.processor.StandardRemovableAttributeTagProcessor
[THYMELEAF]             * [* {th:cellpadding,data-th-cellpadding}] [1000]: org.thymeleaf.standard.processor.StandardRemovableAttributeTagProcessor
[THYMELEAF]             * [* {th:compact,data-th-compact}] [1000]: org.thymeleaf.standard.processor.StandardRemovableAttributeTagProcessor
[THYMELEAF]             * [* {th:classid,data-th-classid}] [1000]: org.thymeleaf.standard.processor.StandardRemovableAttributeTagProcessor
[THYMELEAF]             * [* {th:spellcheck,data-th-spellcheck}] [1000]: org.thymeleaf.standard.processor.StandardRemovableAttributeTagProcessor
[THYMELEAF]             * [* {th:keytype,data-th-keytype}] [1000]: org.thymeleaf.standard.processor.StandardRemovableAttributeTagProcessor
[THYMELEAF]             * [* {th:radiogroup,data-th-radiogroup}] [1000]: org.thymeleaf.standard.processor.StandardRemovableAttributeTagProcessor
[THYMELEAF]             * [* {th:height,data-th-height}] [1000]: org.thymeleaf.standard.processor.StandardRemovableAttributeTagProcessor
[THYMELEAF]             * [* {th:rel,data-th-rel}] [1000]: org.thymeleaf.standard.processor.StandardRemovableAttributeTagProcessor
[THYMELEAF]             * [* {th:media,data-th-media}] [1000]: org.thymeleaf.standard.processor.StandardRemovableAttributeTagProcessor
[THYMELEAF]             * [* {th:headers,data-th-headers}] [1000]: org.thymeleaf.standard.processor.StandardRemovableAttributeTagProcessor
[THYMELEAF]             * [* {th:rows,data-th-rows}] [1000]: org.thymeleaf.standard.processor.StandardRemovableAttributeTagProcessor
[THYMELEAF]             * [* {th:pattern,data-th-pattern}] [1000]: org.thymeleaf.standard.processor.StandardRemovableAttributeTagProcessor
[THYMELEAF]             * [* {th:longdesc,data-th-longdesc}] [1000]: org.thymeleaf.standard.processor.StandardRemovableAttributeTagProcessor
[THYMELEAF]             * [* {th:autocomplete,data-th-autocomplete}] [1000]: org.thymeleaf.standard.processor.StandardRemovableAttributeTagProcessor
[THYMELEAF]             * [* {th:poster,data-th-poster}] [1000]: org.thymeleaf.standard.processor.StandardRemovableAttributeTagProcessor
[THYMELEAF]             * [* {th:manifest,data-th-manifest}] [1000]: org.thymeleaf.standard.processor.StandardRemovableAttributeTagProcessor
[THYMELEAF]             * [* {th:low,data-th-low}] [1000]: org.thymeleaf.standard.processor.StandardRemovableAttributeTagProcessor
[THYMELEAF]             * [* {th:datetime,data-th-datetime}] [1000]: org.thymeleaf.standard.processor.StandardRemovableAttributeTagProcessor
[THYMELEAF]             * [* {th:icon,data-th-icon}] [1000]: org.thymeleaf.standard.processor.StandardRemovableAttributeTagProcessor
[THYMELEAF]             * [* {th:standby,data-th-standby}] [1000]: org.thymeleaf.standard.processor.StandardRemovableAttributeTagProcessor
[THYMELEAF]             * [* {th:frame,data-th-frame}] [1000]: org.thymeleaf.standard.processor.StandardRemovableAttributeTagProcessor
[THYMELEAF]             * [* {th:dropzone,data-th-dropzone}] [1000]: org.thymeleaf.standard.processor.StandardRemovableAttributeTagProcessor
[THYMELEAF]             * [* {th:start,data-th-start}] [1000]: org.thymeleaf.standard.processor.StandardRemovableAttributeTagProcessor
[THYMELEAF]             * [* {th:usemap,data-th-usemap}] [1000]: org.thymeleaf.standard.processor.StandardRemovableAttributeTagProcessor
[THYMELEAF]             * [* {th:alt,data-th-alt}] [1000]: org.thymeleaf.standard.processor.StandardRemovableAttributeTagProcessor
[THYMELEAF]             * [* {th:preload,data-th-preload}] [1000]: org.thymeleaf.standard.processor.StandardRemovableAttributeTagProcessor
[THYMELEAF]             * [* {th:contenteditable,data-th-contenteditable}] [1000]: org.thymeleaf.standard.processor.StandardRemovableAttributeTagProcessor
[THYMELEAF]             * [* {th:challenge,data-th-challenge}] [1000]: org.thymeleaf.standard.processor.StandardRemovableAttributeTagProcessor
[THYMELEAF]             * [* {th:accept,data-th-accept}] [1000]: org.thymeleaf.standard.processor.StandardRemovableAttributeTagProcessor
[THYMELEAF]             * [* {th:kind,data-th-kind}] [1000]: org.thymeleaf.standard.processor.StandardRemovableAttributeTagProcessor
[THYMELEAF]             * [* {th:sizes,data-th-sizes}] [1000]: org.thymeleaf.standard.processor.StandardRemovableAttributeTagProcessor
[THYMELEAF]             * [* {th:codebase,data-th-codebase}] [1000]: org.thymeleaf.standard.processor.StandardRemovableAttributeTagProcessor
[THYMELEAF]             * [* {th:vspace,data-th-vspace}] [1000]: org.thymeleaf.standard.processor.StandardRemovableAttributeTagProcessor
[THYMELEAF]             * [* {th:class,data-th-class}] [1000]: org.thymeleaf.standard.processor.StandardRemovableAttributeTagProcessor
[THYMELEAF]             * [* {th:formmethod,data-th-formmethod}] [1000]: org.thymeleaf.standard.processor.StandardRemovableAttributeTagProcessor
[THYMELEAF]             * [* {th:span,data-th-span}] [1000]: org.thymeleaf.standard.processor.StandardRemovableAttributeTagProcessor
[THYMELEAF]             * [* {th:scheme,data-th-scheme}] [1000]: org.thymeleaf.standard.processor.StandardRemovableAttributeTagProcessor
[THYMELEAF]             * [* {th:data,data-th-data}] [1000]: org.thymeleaf.standard.processor.StandardRemovableAttributeTagProcessor
[THYMELEAF]             * [* {th:border,data-th-border}] [1000]: org.thymeleaf.standard.processor.StandardRemovableAttributeTagProcessor
[THYMELEAF]             * [* {th:align,data-th-align}] [1000]: org.thymeleaf.standard.processor.StandardRemovableAttributeTagProcessor
[THYMELEAF]             * [* {th:rules,data-th-rules}] [1000]: org.thymeleaf.standard.processor.StandardRemovableAttributeTagProcessor
[THYMELEAF]             * [* {th:hreflang,data-th-hreflang}] [1000]: org.thymeleaf.standard.processor.StandardRemovableAttributeTagProcessor
[THYMELEAF]             * [* {th:frameborder,data-th-frameborder}] [1000]: org.thymeleaf.standard.processor.StandardRemovableAttributeTagProcessor
[THYMELEAF]             * [* {th:scope,data-th-scope}] [1000]: org.thymeleaf.standard.processor.StandardRemovableAttributeTagProcessor
[THYMELEAF]             * [* {th:label,data-th-label}] [1000]: org.thymeleaf.standard.processor.StandardRemovableAttributeTagProcessor
[THYMELEAF]             * [* {th:step,data-th-step}] [1000]: org.thymeleaf.standard.processor.StandardRemovableAttributeTagProcessor
[THYMELEAF]             * [* {th:maxlength,data-th-maxlength}] [1000]: org.thymeleaf.standard.processor.StandardRemovableAttributeTagProcessor
[THYMELEAF]             * [* {th:axis,data-th-axis}] [1000]: org.thymeleaf.standard.processor.StandardRemovableAttributeTagProcessor
[THYMELEAF]             * [* {th:lang,data-th-lang}] [1000]: org.thymeleaf.standard.processor.StandardRemovableAttributeTagProcessor
[THYMELEAF]             * [* {th:min,data-th-min}] [1000]: org.thymeleaf.standard.processor.StandardRemovableAttributeTagProcessor
[THYMELEAF]             * [* {th:width,data-th-width}] [1000]: org.thymeleaf.standard.processor.StandardRemovableAttributeTagProcessor
[THYMELEAF]             * [* {th:accesskey,data-th-accesskey}] [1000]: org.thymeleaf.standard.processor.StandardRemovableAttributeTagProcessor
[THYMELEAF]             * [* {th:rev,data-th-rev}] [1000]: org.thymeleaf.standard.processor.StandardRemovableAttributeTagProcessor
[THYMELEAF]             * [* {th:content,data-th-content}] [1000]: org.thymeleaf.standard.processor.StandardRemovableAttributeTagProcessor
[THYMELEAF]             * [* {th:abbr,data-th-abbr}] [1000]: org.thymeleaf.standard.processor.StandardRemovableAttributeTagProcessor
[THYMELEAF]             * [* {th:cols,data-th-cols}] [1000]: org.thymeleaf.standard.processor.StandardRemovableAttributeTagProcessor
[THYMELEAF]             * [* {th:id,data-th-id}] [1000]: org.thymeleaf.standard.processor.StandardRemovableAttributeTagProcessor
[THYMELEAF]             * [* {th:charset,data-th-charset}] [1000]: org.thymeleaf.standard.processor.StandardRemovableAttributeTagProcessor
[THYMELEAF]             * [* {th:form,data-th-form}] [1000]: org.thymeleaf.standard.processor.StandardRemovableAttributeTagProcessor
[THYMELEAF]             * [* {th:sandbox,data-th-sandbox}] [1000]: org.thymeleaf.standard.processor.StandardRemovableAttributeTagProcessor
[THYMELEAF]             * [* {th:optimum,data-th-optimum}] [1000]: org.thymeleaf.standard.processor.StandardRemovableAttributeTagProcessor
[THYMELEAF]             * [* {th:marginwidth,data-th-marginwidth}] [1000]: org.thymeleaf.standard.processor.StandardRemovableAttributeTagProcessor
[THYMELEAF]             * [* {th:src,data-th-src}] [1000]: org.thymeleaf.standard.processor.StandardSrcTagProcessor
[THYMELEAF]             * [* {th:value,data-th-value}] [1000]: org.thymeleaf.standard.processor.StandardValueTagProcessor
[THYMELEAF]             * [* {th:xmlbase,data-th-xmlbase}] [1000]: org.thymeleaf.standard.processor.StandardXmlBaseTagProcessor
[THYMELEAF]             * [* {th:xmllang,data-th-xmllang}] [1000]: org.thymeleaf.standard.processor.StandardXmlLangTagProcessor
[THYMELEAF]             * [* {xmlns:th}] [1000]: org.thymeleaf.standard.processor.StandardXmlNsTagProcessor
[THYMELEAF]             * [* {th:xmlspace,data-th-xmlspace}] [1000]: org.thymeleaf.standard.processor.StandardXmlSpaceTagProcessor
[THYMELEAF]             * [* {th:classappend,data-th-classappend}] [1100]: org.thymeleaf.standard.processor.StandardClassappendTagProcessor
[THYMELEAF]             * [* {th:styleappend,data-th-styleappend}] [1100]: org.thymeleaf.standard.processor.StandardStyleappendTagProcessor
[THYMELEAF]             * [* {th:text,data-th-text}] [1300]: org.thymeleaf.standard.processor.StandardTextTagProcessor
[THYMELEAF]             * [* {th:utext,data-th-utext}] [1400]: org.thymeleaf.standard.processor.StandardUtextTagProcessor
[THYMELEAF]             * [* {th:fragment,data-th-fragment}] [1500]: org.thymeleaf.standard.processor.StandardFragmentTagProcessor
[THYMELEAF]             * [* {th:assert,data-th-assert}] [1550]: org.thymeleaf.standard.processor.StandardAssertTagProcessor
[THYMELEAF]             * [* {th:remove,data-th-remove}] [1600]: org.thymeleaf.standard.processor.StandardRemoveTagProcessor
[THYMELEAF]             * [* {th:ref,data-th-ref}] [10000]: org.thymeleaf.standard.processor.StandardRefAttributeTagProcessor
[THYMELEAF]             * [{th:block,th-block} *] [100000]: org.thymeleaf.standard.processor.StandardBlockTagProcessor
[THYMELEAF]             * [* th:*] [2147483647]: org.thymeleaf.standard.processor.StandardDefaultAttributesTagProcessor
[THYMELEAF]         * Text Processors by [precedence]:
[THYMELEAF]             * [1000]: org.thymeleaf.standard.processor.StandardInliningTextProcessor
[THYMELEAF]         * DOCTYPE Processors by [precedence]:
[THYMELEAF]             * [1000]: org.thymeleaf.standard.processor.StandardTranslationDocTypeProcessor
[THYMELEAF]         * CDATA Section Processors by [precedence]:
[THYMELEAF]             * [1000]: org.thymeleaf.standard.processor.StandardInliningCDATASectionProcessor
[THYMELEAF]         * Comment Processors by [precedence]:
[THYMELEAF]             * [1000]: org.thymeleaf.standard.processor.StandardInliningCommentProcessor
[THYMELEAF]             * [1100]: org.thymeleaf.standard.processor.StandardConditionalCommentProcessor
[THYMELEAF]     * Processors for Template Mode: XML
[THYMELEAF]         * Element Tag Processors by [matching element and attribute name] [precedence]:
[THYMELEAF]             * [* {th:include}] [100]: org.thymeleaf.standard.processor.StandardIncludeTagProcessor
[THYMELEAF]             * [* {th:insert}] [100]: org.thymeleaf.standard.processor.StandardInsertTagProcessor
[THYMELEAF]             * [* {th:replace}] [100]: org.thymeleaf.standard.processor.StandardReplaceTagProcessor
[THYMELEAF]             * [* {th:each}] [200]: com.intuit.karate.template.KarateEachTagProcessor
[THYMELEAF]             * [* {th:switch}] [250]: org.thymeleaf.standard.processor.StandardSwitchTagProcessor
[THYMELEAF]             * [* {th:case}] [275]: org.thymeleaf.standard.processor.StandardCaseTagProcessor
[THYMELEAF]             * [* {th:if}] [300]: org.thymeleaf.standard.processor.StandardIfTagProcessor
[THYMELEAF]             * [* {th:unless}] [400]: org.thymeleaf.standard.processor.StandardUnlessTagProcessor
[THYMELEAF]             * [* {th:object}] [500]: org.thymeleaf.standard.processor.StandardObjectTagProcessor
[THYMELEAF]             * [* {th:with}] [600]: com.intuit.karate.template.KarateWithTagProcessor
[THYMELEAF]             * [* {th:attr}] [700]: com.intuit.karate.template.KarateAttributeTagProcessor.KarateAttrTagProcessor
[THYMELEAF]             * [* {th:attrappend}] [900]: com.intuit.karate.template.KarateAttributeTagProcessor.KarateAttrappendTagProcessor
[THYMELEAF]             * [* {th:attrprepend}] [900]: com.intuit.karate.template.KarateAttributeTagProcessor.KarateAttrprependTagProcessor
[THYMELEAF]             * [* {th:inline}] [1000]: org.thymeleaf.standard.processor.StandardInlineXMLTagProcessor
[THYMELEAF]             * [* {xmlns:th}] [1000]: org.thymeleaf.standard.processor.StandardXmlNsTagProcessor
[THYMELEAF]             * [* {th:text}] [1300]: org.thymeleaf.standard.processor.StandardTextTagProcessor
[THYMELEAF]             * [* {th:utext}] [1400]: org.thymeleaf.standard.processor.StandardUtextTagProcessor
[THYMELEAF]             * [* {th:fragment}] [1500]: org.thymeleaf.standard.processor.StandardFragmentTagProcessor
[THYMELEAF]             * [* {th:assert}] [1550]: org.thymeleaf.standard.processor.StandardAssertTagProcessor
[THYMELEAF]             * [* {th:remove}] [1600]: org.thymeleaf.standard.processor.StandardRemoveTagProcessor
[THYMELEAF]             * [* {th:ref}] [10000]: org.thymeleaf.standard.processor.StandardRefAttributeTagProcessor
[THYMELEAF]             * [{th:block} *] [100000]: org.thymeleaf.standard.processor.StandardBlockTagProcessor
[THYMELEAF]             * [* th:*] [2147483647]: org.thymeleaf.standard.processor.StandardDefaultAttributesTagProcessor
[THYMELEAF]         * Text Processors by [precedence]:
[THYMELEAF]             * [1000]: org.thymeleaf.standard.processor.StandardInliningTextProcessor
[THYMELEAF]         * CDATA Section Processors by [precedence]:
[THYMELEAF]             * [1000]: org.thymeleaf.standard.processor.StandardInliningCDATASectionProcessor
[THYMELEAF]         * Comment Processors by [precedence]:
[THYMELEAF]             * [1000]: org.thymeleaf.standard.processor.StandardInliningCommentProcessor
[THYMELEAF]     * Processors for Template Mode: TEXT
[THYMELEAF]         * Element Tag Processors by [matching element and attribute name] [precedence]:
[THYMELEAF]             * [* {th:insert}] [100]: org.thymeleaf.standard.processor.StandardInsertTagProcessor
[THYMELEAF]             * [* {th:replace}] [100]: org.thymeleaf.standard.processor.StandardReplaceTagProcessor
[THYMELEAF]             * [* {th:each}] [200]: com.intuit.karate.template.KarateEachTagProcessor
[THYMELEAF]             * [* {th:switch}] [250]: org.thymeleaf.standard.processor.StandardSwitchTagProcessor
[THYMELEAF]             * [* {th:case}] [275]: org.thymeleaf.standard.processor.StandardCaseTagProcessor
[THYMELEAF]             * [* {th:if}] [300]: org.thymeleaf.standard.processor.StandardIfTagProcessor
[THYMELEAF]             * [* {th:unless}] [400]: org.thymeleaf.standard.processor.StandardUnlessTagProcessor
[THYMELEAF]             * [* {th:object}] [500]: org.thymeleaf.standard.processor.StandardObjectTagProcessor
[THYMELEAF]             * [* {th:with}] [600]: com.intuit.karate.template.KarateWithTagProcessor
[THYMELEAF]             * [* {th:inline}] [1000]: org.thymeleaf.standard.processor.StandardInlineTextualTagProcessor
[THYMELEAF]             * [* {th:text}] [1300]: org.thymeleaf.standard.processor.StandardTextTagProcessor
[THYMELEAF]             * [* {th:utext}] [1400]: org.thymeleaf.standard.processor.StandardUtextTagProcessor
[THYMELEAF]             * [* {th:assert}] [1550]: org.thymeleaf.standard.processor.StandardAssertTagProcessor
[THYMELEAF]             * [* {th:remove}] [1600]: org.thymeleaf.standard.processor.StandardRemoveTagProcessor
[THYMELEAF]             * [* 100000] [org.thymeleaf.standard.processor.StandardBlockTagProcessor]: {}
[THYMELEAF]             * [{th:block} *] [100000]: org.thymeleaf.standard.processor.StandardBlockTagProcessor
[THYMELEAF]         * Text Processors by [precedence]:
[THYMELEAF]             * [1000]: org.thymeleaf.standard.processor.StandardInliningTextProcessor
[THYMELEAF]     * Processors for Template Mode: JAVASCRIPT
[THYMELEAF]         * Element Tag Processors by [matching element and attribute name] [precedence]:
[THYMELEAF]             * [* {th:insert}] [100]: org.thymeleaf.standard.processor.StandardInsertTagProcessor
[THYMELEAF]             * [* {th:replace}] [100]: org.thymeleaf.standard.processor.StandardReplaceTagProcessor
[THYMELEAF]             * [* {th:each}] [200]: com.intuit.karate.template.KarateEachTagProcessor
[THYMELEAF]             * [* {th:switch}] [250]: org.thymeleaf.standard.processor.StandardSwitchTagProcessor
[THYMELEAF]             * [* {th:case}] [275]: org.thymeleaf.standard.processor.StandardCaseTagProcessor
[THYMELEAF]             * [* {th:if}] [300]: org.thymeleaf.standard.processor.StandardIfTagProcessor
[THYMELEAF]             * [* {th:unless}] [400]: org.thymeleaf.standard.processor.StandardUnlessTagProcessor
[THYMELEAF]             * [* {th:object}] [500]: org.thymeleaf.standard.processor.StandardObjectTagProcessor
[THYMELEAF]             * [* {th:with}] [600]: com.intuit.karate.template.KarateWithTagProcessor
[THYMELEAF]             * [* {th:inline}] [1000]: org.thymeleaf.standard.processor.StandardInlineTextualTagProcessor
[THYMELEAF]             * [* {th:text}] [1300]: org.thymeleaf.standard.processor.StandardTextTagProcessor
[THYMELEAF]             * [* {th:utext}] [1400]: org.thymeleaf.standard.processor.StandardUtextTagProcessor
[THYMELEAF]             * [* {th:assert}] [1550]: org.thymeleaf.standard.processor.StandardAssertTagProcessor
[THYMELEAF]             * [* {th:remove}] [1600]: org.thymeleaf.standard.processor.StandardRemoveTagProcessor
[THYMELEAF]             * [{th:block} *] [100000]: org.thymeleaf.standard.processor.StandardBlockTagProcessor
[THYMELEAF]             * [* 100000] [org.thymeleaf.standard.processor.StandardBlockTagProcessor]: {}
[THYMELEAF]         * Text Processors by [precedence]:
[THYMELEAF]             * [1000]: org.thymeleaf.standard.processor.StandardInliningTextProcessor
[THYMELEAF]     * Processors for Template Mode: CSS
[THYMELEAF]         * Element Tag Processors by [matching element and attribute name] [precedence]:
[THYMELEAF]             * [* {th:insert}] [100]: org.thymeleaf.standard.processor.StandardInsertTagProcessor
[THYMELEAF]             * [* {th:replace}] [100]: org.thymeleaf.standard.processor.StandardReplaceTagProcessor
[THYMELEAF]             * [* {th:each}] [200]: com.intuit.karate.template.KarateEachTagProcessor
[THYMELEAF]             * [* {th:switch}] [250]: org.thymeleaf.standard.processor.StandardSwitchTagProcessor
[THYMELEAF]             * [* {th:case}] [275]: org.thymeleaf.standard.processor.StandardCaseTagProcessor
[THYMELEAF]             * [* {th:if}] [300]: org.thymeleaf.standard.processor.StandardIfTagProcessor
[THYMELEAF]             * [* {th:unless}] [400]: org.thymeleaf.standard.processor.StandardUnlessTagProcessor
[THYMELEAF]             * [* {th:object}] [500]: org.thymeleaf.standard.processor.StandardObjectTagProcessor
[THYMELEAF]             * [* {th:with}] [600]: com.intuit.karate.template.KarateWithTagProcessor
[THYMELEAF]             * [* {th:inline}] [1000]: org.thymeleaf.standard.processor.StandardInlineTextualTagProcessor
[THYMELEAF]             * [* {th:text}] [1300]: org.thymeleaf.standard.processor.StandardTextTagProcessor
[THYMELEAF]             * [* {th:utext}] [1400]: org.thymeleaf.standard.processor.StandardUtextTagProcessor
[THYMELEAF]             * [* {th:assert}] [1550]: org.thymeleaf.standard.processor.StandardAssertTagProcessor
[THYMELEAF]             * [* {th:remove}] [1600]: org.thymeleaf.standard.processor.StandardRemoveTagProcessor
[THYMELEAF]             * [* 100000] [org.thymeleaf.standard.processor.StandardBlockTagProcessor]: {}
[THYMELEAF]             * [{th:block} *] [100000]: org.thymeleaf.standard.processor.StandardBlockTagProcessor
[THYMELEAF]         * Text Processors by [precedence]:
[THYMELEAF]             * [1000]: org.thymeleaf.standard.processor.StandardInliningTextProcessor
[THYMELEAF]     * Expression Objects:
[THYMELEAF]         * #ctx
[THYMELEAF]         * #root
[THYMELEAF]         * #vars
[THYMELEAF]         * #object
[THYMELEAF]         * #locale
[THYMELEAF]         * #conversions
[THYMELEAF]         * #uris
[THYMELEAF]         * #temporals
[THYMELEAF]         * #calendars
[THYMELEAF]         * #dates
[THYMELEAF]         * #bools
[THYMELEAF]         * #numbers
[THYMELEAF]         * #objects
[THYMELEAF]         * #strings
[THYMELEAF]         * #arrays
[THYMELEAF]         * #lists
[THYMELEAF]         * #sets
[THYMELEAF]         * #maps
[THYMELEAF]         * #aggregates
[THYMELEAF]         * #messages
[THYMELEAF]         * #ids
[THYMELEAF]         * #execInfo
[THYMELEAF]         * #request
[THYMELEAF]         * #response
[THYMELEAF]         * #session
[THYMELEAF]         * #servletContext
[THYMELEAF]     * Execution Attributes:
[THYMELEAF]         * "StandardExpressionParser": com.intuit.karate.template.KarateStandardDialect@1c2102d
[THYMELEAF]         * "StandardJavaScriptSerializer": org.thymeleaf.standard.serializer.StandardJavaScriptSerializer@71b45dfa
[THYMELEAF]         * "StandardCSSSerializer": org.thymeleaf.standard.serializer.StandardCSSSerializer@6db3d58
[THYMELEAF]         * "StandardVariableExpressionEvaluator": com.intuit.karate.template.KarateStandardDialect@1c2102d
[THYMELEAF]         * "StandardConversionService": org.thymeleaf.standard.expression.StandardConversionService@33213124
[THYMELEAF] * Dialect [2 of 2]: karate (com.intuit.karate.template.KarateScriptDialect)
[THYMELEAF]     * Prefix: "ka"
[THYMELEAF]     * Processors for Template Mode: HTML
[THYMELEAF]         * Element Tag Processors by [matching element and attribute name] [precedence]:
[THYMELEAF]             * [* {src}] [1000]: com.intuit.karate.template.KaScriptAttrProcessor
[THYMELEAF]         * Element Model Processors by [matching element and attribute name] [precedence]:
[THYMELEAF]             * [{script} {ka:scope,data-ka-scope}] [1000]: com.intuit.karate.template.KaScriptElemProcessor
[THYMELEAF]             * [* {ka:set,data-ka-set}] [1000]: com.intuit.karate.template.KaSetElemProcessor
[THYMELEAF] TEMPLATE ENGINE CONFIGURED OK
00:31:38.597 [pool-3-thread-1] DEBUG org.thymeleaf.TemplateEngine -- [THYMELEAF] TEMPLATE ENGINE INITIALIZED
---------------------------------------------------------
feature: classpath:features/EditTeamName/EditTeamName.feature
scenarios:  1 | passed:  1 | failed:  0 | time: 0.5151
---------------------------------------------------------

00:31:38.650 [pool-3-thread-1] INFO com.intuit.karate.Suite -- <<pass>> feature 4 of 4 (0 remaining) classpath:features/EditTeamName/EditTeamName.feature
Karate version: 1.4.1
======================================================
elapsed:   3.33 | threads:    5 | thread time: 6.67 
features:     4 | skipped:    0 | efficiency: 0.40
scenarios:    9 | passed:     9 | failed: 0
======================================================
00:31:38.811 [main] DEBUG org.thymeleaf.TemplateEngine -- [THYMELEAF] INITIALIZING TEMPLATE ENGINE
00:31:38.835 [main] DEBUG org.thymeleaf.TemplateEngine.CONFIG -- Initializing Thymeleaf Template engine configuration...
[THYMELEAF] TEMPLATE ENGINE CONFIGURATION:
[THYMELEAF] * Thymeleaf version: 3.1.2.RELEASE (built 2023-07-30T19:25:50+0000)
[THYMELEAF] * Cache Manager implementation: org.thymeleaf.cache.StandardCacheManager
[THYMELEAF] * Template resolvers:
[THYMELEAF]     * [1] com.intuit.karate.template.ResourceHtmlTemplateResolver
[THYMELEAF] * Message resolvers:
[THYMELEAF]     * org.thymeleaf.messageresolver.StandardMessageResolver
[THYMELEAF] * Link builders:
[THYMELEAF]     * org.thymeleaf.linkbuilder.StandardLinkBuilder
[THYMELEAF] * Dialect [1 of 2]: Standard (com.intuit.karate.template.KarateStandardDialect)
[THYMELEAF]     * Prefix: "th"
[THYMELEAF]     * Processors for Template Mode: HTML
[THYMELEAF]         * Element Tag Processors by [matching element and attribute name] [precedence]:
[THYMELEAF]             * [* {th:include,data-th-include}] [100]: org.thymeleaf.standard.processor.StandardIncludeTagProcessor
[THYMELEAF]             * [* {th:insert,data-th-insert}] [100]: org.thymeleaf.standard.processor.StandardInsertTagProcessor
[THYMELEAF]             * [* {th:replace,data-th-replace}] [100]: org.thymeleaf.standard.processor.StandardReplaceTagProcessor
[THYMELEAF]             * [* {th:each,data-th-each}] [200]: com.intuit.karate.template.KarateEachTagProcessor
[THYMELEAF]             * [* {th:switch,data-th-switch}] [250]: org.thymeleaf.standard.processor.StandardSwitchTagProcessor
[THYMELEAF]             * [* {th:case,data-th-case}] [275]: org.thymeleaf.standard.processor.StandardCaseTagProcessor
[THYMELEAF]             * [* {th:if,data-th-if}] [300]: org.thymeleaf.standard.processor.StandardIfTagProcessor
[THYMELEAF]             * [* {th:unless,data-th-unless}] [400]: org.thymeleaf.standard.processor.StandardUnlessTagProcessor
[THYMELEAF]             * [* {th:object,data-th-object}] [500]: org.thymeleaf.standard.processor.StandardObjectTagProcessor
[THYMELEAF]             * [* {th:with,data-th-with}] [600]: com.intuit.karate.template.KarateWithTagProcessor
[THYMELEAF]             * [* {th:attr,data-th-attr}] [700]: com.intuit.karate.template.KarateAttributeTagProcessor.KarateAttrTagProcessor
[THYMELEAF]             * [* {th:attrappend,data-th-attrappend}] [900]: com.intuit.karate.template.KarateAttributeTagProcessor.KarateAttrappendTagProcessor
[THYMELEAF]             * [* {th:attrprepend,data-th-attrprepend}] [900]: com.intuit.karate.template.KarateAttributeTagProcessor.KarateAttrprependTagProcessor
[THYMELEAF]             * [* {th:alt-title,data-th-alt-title}] [990]: org.thymeleaf.standard.processor.StandardAltTitleTagProcessor
[THYMELEAF]             * [* {th:lang-xmllang,data-th-lang-xmllang}] [990]: org.thymeleaf.standard.processor.StandardLangXmlLangTagProcessor
[THYMELEAF]             * [* {th:action,data-th-action}] [1000]: org.thymeleaf.standard.processor.StandardActionTagProcessor
[THYMELEAF]             * [* {th:selected,data-th-selected}] [1000]: org.thymeleaf.standard.processor.StandardConditionalFixedValueTagProcessor
[THYMELEAF]             * [* {th:open,data-th-open}] [1000]: org.thymeleaf.standard.processor.StandardConditionalFixedValueTagProcessor
[THYMELEAF]             * [* {th:novalidate,data-th-novalidate}] [1000]: org.thymeleaf.standard.processor.StandardConditionalFixedValueTagProcessor
[THYMELEAF]             * [* {th:autoplay,data-th-autoplay}] [1000]: org.thymeleaf.standard.processor.StandardConditionalFixedValueTagProcessor
[THYMELEAF]             * [* {th:defer,data-th-defer}] [1000]: org.thymeleaf.standard.processor.StandardConditionalFixedValueTagProcessor
[THYMELEAF]             * [* {th:async,data-th-async}] [1000]: org.thymeleaf.standard.processor.StandardConditionalFixedValueTagProcessor
[THYMELEAF]             * [* {th:declare,data-th-declare}] [1000]: org.thymeleaf.standard.processor.StandardConditionalFixedValueTagProcessor
[THYMELEAF]             * [* {th:controls,data-th-controls}] [1000]: org.thymeleaf.standard.processor.StandardConditionalFixedValueTagProcessor
[THYMELEAF]             * [* {th:pubdate,data-th-pubdate}] [1000]: org.thymeleaf.standard.processor.StandardConditionalFixedValueTagProcessor
[THYMELEAF]             * [* {th:loop,data-th-loop}] [1000]: org.thymeleaf.standard.processor.StandardConditionalFixedValueTagProcessor
[THYMELEAF]             * [* {th:checked,data-th-checked}] [1000]: org.thymeleaf.standard.processor.StandardConditionalFixedValueTagProcessor
[THYMELEAF]             * [* {th:required,data-th-required}] [1000]: org.thymeleaf.standard.processor.StandardConditionalFixedValueTagProcessor
[THYMELEAF]             * [* {th:reversed,data-th-reversed}] [1000]: org.thymeleaf.standard.processor.StandardConditionalFixedValueTagProcessor
[THYMELEAF]             * [* {th:multiple,data-th-multiple}] [1000]: org.thymeleaf.standard.processor.StandardConditionalFixedValueTagProcessor
[THYMELEAF]             * [* {th:nowrap,data-th-nowrap}] [1000]: org.thymeleaf.standard.processor.StandardConditionalFixedValueTagProcessor
[THYMELEAF]             * [* {th:readonly,data-th-readonly}] [1000]: org.thymeleaf.standard.processor.StandardConditionalFixedValueTagProcessor
[THYMELEAF]             * [* {th:seamless,data-th-seamless}] [1000]: org.thymeleaf.standard.processor.StandardConditionalFixedValueTagProcessor
[THYMELEAF]             * [* {th:default,data-th-default}] [1000]: org.thymeleaf.standard.processor.StandardConditionalFixedValueTagProcessor
[THYMELEAF]             * [* {th:ismap,data-th-ismap}] [1000]: org.thymeleaf.standard.processor.StandardConditionalFixedValueTagProcessor
[THYMELEAF]             * [* {th:formnovalidate,data-th-formnovalidate}] [1000]: org.thymeleaf.standard.processor.StandardConditionalFixedValueTagProcessor
[THYMELEAF]             * [* {th:autofocus,data-th-autofocus}] [1000]: org.thymeleaf.standard.processor.StandardConditionalFixedValueTagProcessor
[THYMELEAF]             * [* {th:disabled,data-th-disabled}] [1000]: org.thymeleaf.standard.processor.StandardConditionalFixedValueTagProcessor
[THYMELEAF]             * [* {th:scoped,data-th-scoped}] [1000]: org.thymeleaf.standard.processor.StandardConditionalFixedValueTagProcessor
[THYMELEAF]             * [* {th:hidden,data-th-hidden}] [1000]: org.thymeleaf.standard.processor.StandardConditionalFixedValueTagProcessor
[THYMELEAF]             * [* {th:onended,data-th-onended}] [1000]: org.thymeleaf.standard.processor.StandardDOMEventAttributeTagProcessor
[THYMELEAF]             * [* {th:oninput,data-th-oninput}] [1000]: org.thymeleaf.standard.processor.StandardDOMEventAttributeTagProcessor
[THYMELEAF]             * [* {th:onmessage,data-th-onmessage}] [1000]: org.thymeleaf.standard.processor.StandardDOMEventAttributeTagProcessor
[THYMELEAF]             * [* {th:ondragleave,data-th-ondragleave}] [1000]: org.thymeleaf.standard.processor.StandardDOMEventAttributeTagProcessor
[THYMELEAF]             * [* {th:onloadstart,data-th-onloadstart}] [1000]: org.thymeleaf.standard.processor.StandardDOMEventAttributeTagProcessor
[THYMELEAF]             * [* {th:onvolumechange,data-th-onvolumechange}] [1000]: org.thymeleaf.standard.processor.StandardDOMEventAttributeTagProcessor
[THYMELEAF]             * [* {th:onmouseover,data-th-onmouseover}] [1000]: org.thymeleaf.standard.processor.StandardDOMEventAttributeTagProcessor
[THYMELEAF]             * [* {th:onbeforeprint,data-th-onbeforeprint}] [1000]: org.thymeleaf.standard.processor.StandardDOMEventAttributeTagProcessor
[THYMELEAF]             * [* {th:onloadeddata,data-th-onloadeddata}] [1000]: org.thymeleaf.standard.processor.StandardDOMEventAttributeTagProcessor
[THYMELEAF]             * [* {th:ondragenter,data-th-ondragenter}] [1000]: org.thymeleaf.standard.processor.StandardDOMEventAttributeTagProcessor
[THYMELEAF]             * [* {th:onloadedmetadata,data-th-onloadedmetadata}] [1000]: org.thymeleaf.standard.processor.StandardDOMEventAttributeTagProcessor
[THYMELEAF]             * [* {th:ontimeupdate,data-th-ontimeupdate}] [1000]: org.thymeleaf.standard.processor.StandardDOMEventAttributeTagProcessor
[THYMELEAF]             * [* {th:onscroll,data-th-onscroll}] [1000]: org.thymeleaf.standard.processor.StandardDOMEventAttributeTagProcessor
[THYMELEAF]             * [* {th:onforminput,data-th-onforminput}] [1000]: org.thymeleaf.standard.processor.StandardDOMEventAttributeTagProcessor
[THYMELEAF]             * [* {th:oncanplaythrough,data-th-oncanplaythrough}] [1000]: org.thymeleaf.standard.processor.StandardDOMEventAttributeTagProcessor
[THYMELEAF]             * [* {th:onchange,data-th-onchange}] [1000]: org.thymeleaf.standard.processor.StandardDOMEventAttributeTagProcessor
[THYMELEAF]             * [* {th:onerror,data-th-onerror}] [1000]: org.thymeleaf.standard.processor.StandardDOMEventAttributeTagProcessor
[THYMELEAF]             * [* {th:onseeking,data-th-onseeking}] [1000]: org.thymeleaf.standard.processor.StandardDOMEventAttributeTagProcessor
[THYMELEAF]             * [* {th:onreadystatechange,data-th-onreadystatechange}] [1000]: org.thymeleaf.standard.processor.StandardDOMEventAttributeTagProcessor
[THYMELEAF]             * [* {th:onundo,data-th-onundo}] [1000]: org.thymeleaf.standard.processor.StandardDOMEventAttributeTagProcessor
[THYMELEAF]             * [* {th:onmousemove,data-th-onmousemove}] [1000]: org.thymeleaf.standard.processor.StandardDOMEventAttributeTagProcessor
[THYMELEAF]             * [* {th:onload,data-th-onload}] [1000]: org.thymeleaf.standard.processor.StandardDOMEventAttributeTagProcessor
[THYMELEAF]             * [* {th:onformchange,data-th-onformchange}] [1000]: org.thymeleaf.standard.processor.StandardDOMEventAttributeTagProcessor
[THYMELEAF]             * [* {th:onwaiting,data-th-onwaiting}] [1000]: org.thymeleaf.standard.processor.StandardDOMEventAttributeTagProcessor
[THYMELEAF]             * [* {th:ondrop,data-th-ondrop}] [1000]: org.thymeleaf.standard.processor.StandardDOMEventAttributeTagProcessor
[THYMELEAF]             * [* {th:onstalled,data-th-onstalled}] [1000]: org.thymeleaf.standard.processor.StandardDOMEventAttributeTagProcessor
[THYMELEAF]             * [* {th:onunload,data-th-onunload}] [1000]: org.thymeleaf.standard.processor.StandardDOMEventAttributeTagProcessor
[THYMELEAF]             * [* {th:onmouseout,data-th-onmouseout}] [1000]: org.thymeleaf.standard.processor.StandardDOMEventAttributeTagProcessor
[THYMELEAF]             * [* {th:onplay,data-th-onplay}] [1000]: org.thymeleaf.standard.processor.StandardDOMEventAttributeTagProcessor
[THYMELEAF]             * [* {th:onpopstate,data-th-onpopstate}] [1000]: org.thymeleaf.standard.processor.StandardDOMEventAttributeTagProcessor
[THYMELEAF]             * [* {th:ondurationchange,data-th-ondurationchange}] [1000]: org.thymeleaf.standard.processor.StandardDOMEventAttributeTagProcessor
[THYMELEAF]             * [* {th:ondragend,data-th-ondragend}] [1000]: org.thymeleaf.standard.processor.StandardDOMEventAttributeTagProcessor
[THYMELEAF]             * [* {th:onshow,data-th-onshow}] [1000]: org.thymeleaf.standard.processor.StandardDOMEventAttributeTagProcessor
[THYMELEAF]             * [* {th:onclick,data-th-onclick}] [1000]: org.thymeleaf.standard.processor.StandardDOMEventAttributeTagProcessor
[THYMELEAF]             * [* {th:ononline,data-th-ononline}] [1000]: org.thymeleaf.standard.processor.StandardDOMEventAttributeTagProcessor
[THYMELEAF]             * [* {th:onabort,data-th-onabort}] [1000]: org.thymeleaf.standard.processor.StandardDOMEventAttributeTagProcessor
[THYMELEAF]             * [* {th:onbeforeunload,data-th-onbeforeunload}] [1000]: org.thymeleaf.standard.processor.StandardDOMEventAttributeTagProcessor
[THYMELEAF]             * [* {th:onresize,data-th-onresize}] [1000]: org.thymeleaf.standard.processor.StandardDOMEventAttributeTagProcessor
[THYMELEAF]             * [* {th:oncanplay,data-th-oncanplay}] [1000]: org.thymeleaf.standard.processor.StandardDOMEventAttributeTagProcessor
[THYMELEAF]             * [* {th:onsuspend,data-th-onsuspend}] [1000]: org.thymeleaf.standard.processor.StandardDOMEventAttributeTagProcessor
[THYMELEAF]             * [* {th:onemptied,data-th-onemptied}] [1000]: org.thymeleaf.standard.processor.StandardDOMEventAttributeTagProcessor
[THYMELEAF]             * [* {th:onpause,data-th-onpause}] [1000]: org.thymeleaf.standard.processor.StandardDOMEventAttributeTagProcessor
[THYMELEAF]             * [* {th:onprogress,data-th-onprogress}] [1000]: org.thymeleaf.standard.processor.StandardDOMEventAttributeTagProcessor
[THYMELEAF]             * [* {th:onfocus,data-th-onfocus}] [1000]: org.thymeleaf.standard.processor.StandardDOMEventAttributeTagProcessor
[THYMELEAF]             * [* {th:onstorage,data-th-onstorage}] [1000]: org.thymeleaf.standard.processor.StandardDOMEventAttributeTagProcessor
[THYMELEAF]             * [* {th:ondblclick,data-th-ondblclick}] [1000]: org.thymeleaf.standard.processor.StandardDOMEventAttributeTagProcessor
[THYMELEAF]             * [* {th:onoffline,data-th-onoffline}] [1000]: org.thymeleaf.standard.processor.StandardDOMEventAttributeTagProcessor
[THYMELEAF]             * [* {th:onratechange,data-th-onratechange}] [1000]: org.thymeleaf.standard.processor.StandardDOMEventAttributeTagProcessor
[THYMELEAF]             * [* {th:onreset,data-th-onreset}] [1000]: org.thymeleaf.standard.processor.StandardDOMEventAttributeTagProcessor
[THYMELEAF]             * [* {th:onkeypress,data-th-onkeypress}] [1000]: org.thymeleaf.standard.processor.StandardDOMEventAttributeTagProcessor
[THYMELEAF]             * [* {th:onmousewheel,data-th-onmousewheel}] [1000]: org.thymeleaf.standard.processor.StandardDOMEventAttributeTagProcessor
[THYMELEAF]             * [* {th:onkeydown,data-th-onkeydown}] [1000]: org.thymeleaf.standard.processor.StandardDOMEventAttributeTagProcessor
[THYMELEAF]             * [* {th:onkeyup,data-th-onkeyup}] [1000]: org.thymeleaf.standard.processor.StandardDOMEventAttributeTagProcessor
[THYMELEAF]             * [* {th:onafterprint,data-th-onafterprint}] [1000]: org.thymeleaf.standard.processor.StandardDOMEventAttributeTagProcessor
[THYMELEAF]             * [* {th:onselect,data-th-onselect}] [1000]: org.thymeleaf.standard.processor.StandardDOMEventAttributeTagProcessor
[THYMELEAF]             * [* {th:oncontextmenu,data-th-oncontextmenu}] [1000]: org.thymeleaf.standard.processor.StandardDOMEventAttributeTagProcessor
[THYMELEAF]             * [* {th:onmouseup,data-th-onmouseup}] [1000]: org.thymeleaf.standard.processor.StandardDOMEventAttributeTagProcessor
[THYMELEAF]             * [* {th:onplaying,data-th-onplaying}] [1000]: org.thymeleaf.standard.processor.StandardDOMEventAttributeTagProcessor
[THYMELEAF]             * [* {th:ondragstart,data-th-ondragstart}] [1000]: org.thymeleaf.standard.processor.StandardDOMEventAttributeTagProcessor
[THYMELEAF]             * [* {th:onmousedown,data-th-onmousedown}] [1000]: org.thymeleaf.standard.processor.StandardDOMEventAttributeTagProcessor
[THYMELEAF]             * [* {th:ondrag,data-th-ondrag}] [1000]: org.thymeleaf.standard.processor.StandardDOMEventAttributeTagProcessor
[THYMELEAF]             * [* {th:ondragover,data-th-ondragover}] [1000]: org.thymeleaf.standard.processor.StandardDOMEventAttributeTagProcessor
[THYMELEAF]             * [* {th:onhashchange,data-th-onhashchange}] [1000]: org.thymeleaf.standard.processor.StandardDOMEventAttributeTagProcessor
[THYMELEAF]             * [* {th:onsubmit,data-th-onsubmit}] [1000]: org.thymeleaf.standard.processor.StandardDOMEventAttributeTagProcessor
[THYMELEAF]             * [* {th:onredo,data-th-onredo}] [1000]: org.thymeleaf.standard.processor.StandardDOMEventAttributeTagProcessor
[THYMELEAF]             * [* {th:onseeked,data-th-onseeked}] [1000]: org.thymeleaf.standard.processor.StandardDOMEventAttributeTagProcessor
[THYMELEAF]             * [* {th:onblur,data-th-onblur}] [1000]: org.thymeleaf.standard.processor.StandardDOMEventAttributeTagProcessor
[THYMELEAF]             * [* {th:oninvalid,data-th-oninvalid}] [1000]: org.thymeleaf.standard.processor.StandardDOMEventAttributeTagProcessor
[THYMELEAF]             * [* {th:href,data-th-href}] [1000]: org.thymeleaf.standard.processor.StandardHrefTagProcessor
[THYMELEAF]             * [* {th:inline,data-th-inline}] [1000]: org.thymeleaf.standard.processor.StandardInlineHTMLTagProcessor
[THYMELEAF]             * [* {th:method,data-th-method}] [1000]: org.thymeleaf.standard.processor.StandardMethodTagProcessor
[THYMELEAF]             * [* {th:name,data-th-name}] [1000]: org.thymeleaf.standard.processor.StandardNonRemovableAttributeTagProcessor
[THYMELEAF]             * [* {th:type,data-th-type}] [1000]: org.thymeleaf.standard.processor.StandardNonRemovableAttributeTagProcessor
[THYMELEAF]             * [* {th:rel,data-th-rel}] [1000]: org.thymeleaf.standard.processor.StandardRemovableAttributeTagProcessor
[THYMELEAF]             * [* {th:content,data-th-content}] [1000]: org.thymeleaf.standard.processor.StandardRemovableAttributeTagProcessor
[THYMELEAF]             * [* {th:abbr,data-th-abbr}] [1000]: org.thymeleaf.standard.processor.StandardRemovableAttributeTagProcessor
[THYMELEAF]             * [* {th:marginwidth,data-th-marginwidth}] [1000]: org.thymeleaf.standard.processor.StandardRemovableAttributeTagProcessor
[THYMELEAF]             * [* {th:contextmenu,data-th-contextmenu}] [1000]: org.thymeleaf.standard.processor.StandardRemovableAttributeTagProcessor
[THYMELEAF]             * [* {th:marginheight,data-th-marginheight}] [1000]: org.thymeleaf.standard.processor.StandardRemovableAttributeTagProcessor
[THYMELEAF]             * [* {th:icon,data-th-icon}] [1000]: org.thymeleaf.standard.processor.StandardRemovableAttributeTagProcessor
[THYMELEAF]             * [* {th:data,data-th-data}] [1000]: org.thymeleaf.standard.processor.StandardRemovableAttributeTagProcessor
[THYMELEAF]             * [* {th:label,data-th-label}] [1000]: org.thymeleaf.standard.processor.StandardRemovableAttributeTagProcessor
[THYMELEAF]             * [* {th:cite,data-th-cite}] [1000]: org.thymeleaf.standard.processor.StandardRemovableAttributeTagProcessor
[THYMELEAF]             * [* {th:border,data-th-border}] [1000]: org.thymeleaf.standard.processor.StandardRemovableAttributeTagProcessor
[THYMELEAF]             * [* {th:radiogroup,data-th-radiogroup}] [1000]: org.thymeleaf.standard.processor.StandardRemovableAttributeTagProcessor
[THYMELEAF]             * [* {th:poster,data-th-poster}] [1000]: org.thymeleaf.standard.processor.StandardRemovableAttributeTagProcessor
[THYMELEAF]             * [* {th:placeholder,data-th-placeholder}] [1000]: org.thymeleaf.standard.processor.StandardRemovableAttributeTagProcessor
[THYMELEAF]             * [* {th:sizes,data-th-sizes}] [1000]: org.thymeleaf.standard.processor.StandardRemovableAttributeTagProcessor
[THYMELEAF]             * [* {th:low,data-th-low}] [1000]: org.thymeleaf.standard.processor.StandardRemovableAttributeTagProcessor
[THYMELEAF]             * [* {th:accesskey,data-th-accesskey}] [1000]: org.thymeleaf.standard.processor.StandardRemovableAttributeTagProcessor
[THYMELEAF]             * [* {th:manifest,data-th-manifest}] [1000]: org.thymeleaf.standard.processor.StandardRemovableAttributeTagProcessor
[THYMELEAF]             * [* {th:title,data-th-title}] [1000]: org.thymeleaf.standard.processor.StandardRemovableAttributeTagProcessor
[THYMELEAF]             * [* {th:valuetype,data-th-valuetype}] [1000]: org.thymeleaf.standard.processor.StandardRemovableAttributeTagProcessor
[THYMELEAF]             * [* {th:dropzone,data-th-dropzone}] [1000]: org.thymeleaf.standard.processor.StandardRemovableAttributeTagProcessor
[THYMELEAF]             * [* {th:autocomplete,data-th-autocomplete}] [1000]: org.thymeleaf.standard.processor.StandardRemovableAttributeTagProcessor
[THYMELEAF]             * [* {th:kind,data-th-kind}] [1000]: org.thymeleaf.standard.processor.StandardRemovableAttributeTagProcessor
[THYMELEAF]             * [* {th:archive,data-th-archive}] [1000]: org.thymeleaf.standard.processor.StandardRemovableAttributeTagProcessor
[THYMELEAF]             * [* {th:datetime,data-th-datetime}] [1000]: org.thymeleaf.standard.processor.StandardRemovableAttributeTagProcessor
[THYMELEAF]             * [* {th:rev,data-th-rev}] [1000]: org.thymeleaf.standard.processor.StandardRemovableAttributeTagProcessor
[THYMELEAF]             * [* {th:size,data-th-size}] [1000]: org.thymeleaf.standard.processor.StandardRemovableAttributeTagProcessor
[THYMELEAF]             * [* {th:challenge,data-th-challenge}] [1000]: org.thymeleaf.standard.processor.StandardRemovableAttributeTagProcessor
[THYMELEAF]             * [* {th:background,data-th-background}] [1000]: org.thymeleaf.standard.processor.StandardRemovableAttributeTagProcessor
[THYMELEAF]             * [* {th:audio,data-th-audio}] [1000]: org.thymeleaf.standard.processor.StandardRemovableAttributeTagProcessor
[THYMELEAF]             * [* {th:rowspan,data-th-rowspan}] [1000]: org.thymeleaf.standard.processor.StandardRemovableAttributeTagProcessor
[THYMELEAF]             * [* {th:frameborder,data-th-frameborder}] [1000]: org.thymeleaf.standard.processor.StandardRemovableAttributeTagProcessor
[THYMELEAF]             * [* {th:step,data-th-step}] [1000]: org.thymeleaf.standard.processor.StandardRemovableAttributeTagProcessor
[THYMELEAF]             * [* {th:optimum,data-th-optimum}] [1000]: org.thymeleaf.standard.processor.StandardRemovableAttributeTagProcessor
[THYMELEAF]             * [* {th:dir,data-th-dir}] [1000]: org.thymeleaf.standard.processor.StandardRemovableAttributeTagProcessor
[THYMELEAF]             * [* {th:high,data-th-high}] [1000]: org.thymeleaf.standard.processor.StandardRemovableAttributeTagProcessor
[THYMELEAF]             * [* {th:cols,data-th-cols}] [1000]: org.thymeleaf.standard.processor.StandardRemovableAttributeTagProcessor
[THYMELEAF]             * [* {th:spellcheck,data-th-spellcheck}] [1000]: org.thymeleaf.standard.processor.StandardRemovableAttributeTagProcessor
[THYMELEAF]             * [* {th:draggable,data-th-draggable}] [1000]: org.thymeleaf.standard.processor.StandardRemovableAttributeTagProcessor
[THYMELEAF]             * [* {th:compact,data-th-compact}] [1000]: org.thymeleaf.standard.processor.StandardRemovableAttributeTagProcessor
[THYMELEAF]             * [* {th:cellspacing,data-th-cellspacing}] [1000]: org.thymeleaf.standard.processor.StandardRemovableAttributeTagProcessor
[THYMELEAF]             * [* {th:media,data-th-media}] [1000]: org.thymeleaf.standard.processor.StandardRemovableAttributeTagProcessor
[THYMELEAF]             * [* {th:formmethod,data-th-formmethod}] [1000]: org.thymeleaf.standard.processor.StandardRemovableAttributeTagProcessor
[THYMELEAF]             * [* {th:preload,data-th-preload}] [1000]: org.thymeleaf.standard.processor.StandardRemovableAttributeTagProcessor
[THYMELEAF]             * [* {th:maxlength,data-th-maxlength}] [1000]: org.thymeleaf.standard.processor.StandardRemovableAttributeTagProcessor
[THYMELEAF]             * [* {th:http-equiv,data-th-http-equiv}] [1000]: org.thymeleaf.standard.processor.StandardRemovableAttributeTagProcessor
[THYMELEAF]             * [* {th:align,data-th-align}] [1000]: org.thymeleaf.standard.processor.StandardRemovableAttributeTagProcessor
[THYMELEAF]             * [* {th:tabindex,data-th-tabindex}] [1000]: org.thymeleaf.standard.processor.StandardRemovableAttributeTagProcessor
[THYMELEAF]             * [* {th:rules,data-th-rules}] [1000]: org.thymeleaf.standard.processor.StandardRemovableAttributeTagProcessor
[THYMELEAF]             * [* {th:vspace,data-th-vspace}] [1000]: org.thymeleaf.standard.processor.StandardRemovableAttributeTagProcessor
[THYMELEAF]             * [* {th:colspan,data-th-colspan}] [1000]: org.thymeleaf.standard.processor.StandardRemovableAttributeTagProcessor
[THYMELEAF]             * [* {th:rows,data-th-rows}] [1000]: org.thymeleaf.standard.processor.StandardRemovableAttributeTagProcessor
[THYMELEAF]             * [* {th:height,data-th-height}] [1000]: org.thymeleaf.standard.processor.StandardRemovableAttributeTagProcessor
[THYMELEAF]             * [* {th:accept,data-th-accept}] [1000]: org.thymeleaf.standard.processor.StandardRemovableAttributeTagProcessor
[THYMELEAF]             * [* {th:axis,data-th-axis}] [1000]: org.thymeleaf.standard.processor.StandardRemovableAttributeTagProcessor
[THYMELEAF]             * [* {th:pattern,data-th-pattern}] [1000]: org.thymeleaf.standard.processor.StandardRemovableAttributeTagProcessor
[THYMELEAF]             * [* {th:scrolling,data-th-scrolling}] [1000]: org.thymeleaf.standard.processor.StandardRemovableAttributeTagProcessor
[THYMELEAF]             * [* {th:hreflang,data-th-hreflang}] [1000]: org.thymeleaf.standard.processor.StandardRemovableAttributeTagProcessor
[THYMELEAF]             * [* {th:wrap,data-th-wrap}] [1000]: org.thymeleaf.standard.processor.StandardRemovableAttributeTagProcessor
[THYMELEAF]             * [* {th:for,data-th-for}] [1000]: org.thymeleaf.standard.processor.StandardRemovableAttributeTagProcessor
[THYMELEAF]             * [* {th:list,data-th-list}] [1000]: org.thymeleaf.standard.processor.StandardRemovableAttributeTagProcessor
[THYMELEAF]             * [* {th:lang,data-th-lang}] [1000]: org.thymeleaf.standard.processor.StandardRemovableAttributeTagProcessor
[THYMELEAF]             * [* {th:cellpadding,data-th-cellpadding}] [1000]: org.thymeleaf.standard.processor.StandardRemovableAttributeTagProcessor
[THYMELEAF]             * [* {th:span,data-th-span}] [1000]: org.thymeleaf.standard.processor.StandardRemovableAttributeTagProcessor
[THYMELEAF]             * [* {th:form,data-th-form}] [1000]: org.thymeleaf.standard.processor.StandardRemovableAttributeTagProcessor
[THYMELEAF]             * [* {th:sandbox,data-th-sandbox}] [1000]: org.thymeleaf.standard.processor.StandardRemovableAttributeTagProcessor
[THYMELEAF]             * [* {th:frame,data-th-frame}] [1000]: org.thymeleaf.standard.processor.StandardRemovableAttributeTagProcessor
[THYMELEAF]             * [* {th:srclang,data-th-srclang}] [1000]: org.thymeleaf.standard.processor.StandardRemovableAttributeTagProcessor
[THYMELEAF]             * [* {th:headers,data-th-headers}] [1000]: org.thymeleaf.standard.processor.StandardRemovableAttributeTagProcessor
[THYMELEAF]             * [* {th:alt,data-th-alt}] [1000]: org.thymeleaf.standard.processor.StandardRemovableAttributeTagProcessor
[THYMELEAF]             * [* {th:formtarget,data-th-formtarget}] [1000]: org.thymeleaf.standard.processor.StandardRemovableAttributeTagProcessor
[THYMELEAF]             * [* {th:hspace,data-th-hspace}] [1000]: org.thymeleaf.standard.processor.StandardRemovableAttributeTagProcessor
[THYMELEAF]             * [* {th:bgcolor,data-th-bgcolor}] [1000]: org.thymeleaf.standard.processor.StandardRemovableAttributeTagProcessor
[THYMELEAF]             * [* {th:class,data-th-class}] [1000]: org.thymeleaf.standard.processor.StandardRemovableAttributeTagProcessor
[THYMELEAF]             * [* {th:codetype,data-th-codetype}] [1000]: org.thymeleaf.standard.processor.StandardRemovableAttributeTagProcessor
[THYMELEAF]             * [* {th:classid,data-th-classid}] [1000]: org.thymeleaf.standard.processor.StandardRemovableAttributeTagProcessor
[THYMELEAF]             * [* {th:usemap,data-th-usemap}] [1000]: org.thymeleaf.standard.processor.StandardRemovableAttributeTagProcessor
[THYMELEAF]             * [* {th:target,data-th-target}] [1000]: org.thymeleaf.standard.processor.StandardRemovableAttributeTagProcessor
[THYMELEAF]             * [* {th:width,data-th-width}] [1000]: org.thymeleaf.standard.processor.StandardRemovableAttributeTagProcessor
[THYMELEAF]             * [* {th:min,data-th-min}] [1000]: org.thymeleaf.standard.processor.StandardRemovableAttributeTagProcessor
[THYMELEAF]             * [* {th:scheme,data-th-scheme}] [1000]: org.thymeleaf.standard.processor.StandardRemovableAttributeTagProcessor
[THYMELEAF]             * [* {th:id,data-th-id}] [1000]: org.thymeleaf.standard.processor.StandardRemovableAttributeTagProcessor
[THYMELEAF]             * [* {th:start,data-th-start}] [1000]: org.thymeleaf.standard.processor.StandardRemovableAttributeTagProcessor
[THYMELEAF]             * [* {th:formaction,data-th-formaction}] [1000]: org.thymeleaf.standard.processor.StandardRemovableAttributeTagProcessor
[THYMELEAF]             * [* {th:accept-charset,data-th-accept-charset}] [1000]: org.thymeleaf.standard.processor.StandardRemovableAttributeTagProcessor
[THYMELEAF]             * [* {th:summary,data-th-summary}] [1000]: org.thymeleaf.standard.processor.StandardRemovableAttributeTagProcessor
[THYMELEAF]             * [* {th:formenctype,data-th-formenctype}] [1000]: org.thymeleaf.standard.processor.StandardRemovableAttributeTagProcessor
[THYMELEAF]             * [* {th:codebase,data-th-codebase}] [1000]: org.thymeleaf.standard.processor.StandardRemovableAttributeTagProcessor
[THYMELEAF]             * [* {th:enctype,data-th-enctype}] [1000]: org.thymeleaf.standard.processor.StandardRemovableAttributeTagProcessor
[THYMELEAF]             * [* {th:scope,data-th-scope}] [1000]: org.thymeleaf.standard.processor.StandardRemovableAttributeTagProcessor
[THYMELEAF]             * [* {th:charset,data-th-charset}] [1000]: org.thymeleaf.standard.processor.StandardRemovableAttributeTagProcessor
[THYMELEAF]             * [* {th:style,data-th-style}] [1000]: org.thymeleaf.standard.processor.StandardRemovableAttributeTagProcessor
[THYMELEAF]             * [* {th:longdesc,data-th-longdesc}] [1000]: org.thymeleaf.standard.processor.StandardRemovableAttributeTagProcessor
[THYMELEAF]             * [* {th:max,data-th-max}] [1000]: org.thymeleaf.standard.processor.StandardRemovableAttributeTagProcessor
[THYMELEAF]             * [* {th:contenteditable,data-th-contenteditable}] [1000]: org.thymeleaf.standard.processor.StandardRemovableAttributeTagProcessor
[THYMELEAF]             * [* {th:standby,data-th-standby}] [1000]: org.thymeleaf.standard.processor.StandardRemovableAttributeTagProcessor
[THYMELEAF]             * [* {th:keytype,data-th-keytype}] [1000]: org.thymeleaf.standard.processor.StandardRemovableAttributeTagProcessor
[THYMELEAF]             * [* {th:src,data-th-src}] [1000]: org.thymeleaf.standard.processor.StandardSrcTagProcessor
[THYMELEAF]             * [* {th:value,data-th-value}] [1000]: org.thymeleaf.standard.processor.StandardValueTagProcessor
[THYMELEAF]             * [* {th:xmlbase,data-th-xmlbase}] [1000]: org.thymeleaf.standard.processor.StandardXmlBaseTagProcessor
[THYMELEAF]             * [* {th:xmllang,data-th-xmllang}] [1000]: org.thymeleaf.standard.processor.StandardXmlLangTagProcessor
[THYMELEAF]             * [* {xmlns:th}] [1000]: org.thymeleaf.standard.processor.StandardXmlNsTagProcessor
[THYMELEAF]             * [* {th:xmlspace,data-th-xmlspace}] [1000]: org.thymeleaf.standard.processor.StandardXmlSpaceTagProcessor
[THYMELEAF]             * [* {th:classappend,data-th-classappend}] [1100]: org.thymeleaf.standard.processor.StandardClassappendTagProcessor
[THYMELEAF]             * [* {th:styleappend,data-th-styleappend}] [1100]: org.thymeleaf.standard.processor.StandardStyleappendTagProcessor
[THYMELEAF]             * [* {th:text,data-th-text}] [1300]: org.thymeleaf.standard.processor.StandardTextTagProcessor
[THYMELEAF]             * [* {th:utext,data-th-utext}] [1400]: org.thymeleaf.standard.processor.StandardUtextTagProcessor
[THYMELEAF]             * [* {th:fragment,data-th-fragment}] [1500]: org.thymeleaf.standard.processor.StandardFragmentTagProcessor
[THYMELEAF]             * [* {th:assert,data-th-assert}] [1550]: org.thymeleaf.standard.processor.StandardAssertTagProcessor
[THYMELEAF]             * [* {th:remove,data-th-remove}] [1600]: org.thymeleaf.standard.processor.StandardRemoveTagProcessor
[THYMELEAF]             * [* {th:ref,data-th-ref}] [10000]: org.thymeleaf.standard.processor.StandardRefAttributeTagProcessor
[THYMELEAF]             * [{th:block,th-block} *] [100000]: org.thymeleaf.standard.processor.StandardBlockTagProcessor
[THYMELEAF]             * [* th:*] [2147483647]: org.thymeleaf.standard.processor.StandardDefaultAttributesTagProcessor
[THYMELEAF]         * Text Processors by [precedence]:
[THYMELEAF]             * [1000]: org.thymeleaf.standard.processor.StandardInliningTextProcessor
[THYMELEAF]         * DOCTYPE Processors by [precedence]:
[THYMELEAF]             * [1000]: org.thymeleaf.standard.processor.StandardTranslationDocTypeProcessor
[THYMELEAF]         * CDATA Section Processors by [precedence]:
[THYMELEAF]             * [1000]: org.thymeleaf.standard.processor.StandardInliningCDATASectionProcessor
[THYMELEAF]         * Comment Processors by [precedence]:
[THYMELEAF]             * [1000]: org.thymeleaf.standard.processor.StandardInliningCommentProcessor
[THYMELEAF]             * [1100]: org.thymeleaf.standard.processor.StandardConditionalCommentProcessor
[THYMELEAF]     * Processors for Template Mode: XML
[THYMELEAF]         * Element Tag Processors by [matching element and attribute name] [precedence]:
[THYMELEAF]             * [* {th:include}] [100]: org.thymeleaf.standard.processor.StandardIncludeTagProcessor
[THYMELEAF]             * [* {th:insert}] [100]: org.thymeleaf.standard.processor.StandardInsertTagProcessor
[THYMELEAF]             * [* {th:replace}] [100]: org.thymeleaf.standard.processor.StandardReplaceTagProcessor
[THYMELEAF]             * [* {th:each}] [200]: com.intuit.karate.template.KarateEachTagProcessor
[THYMELEAF]             * [* {th:switch}] [250]: org.thymeleaf.standard.processor.StandardSwitchTagProcessor
[THYMELEAF]             * [* {th:case}] [275]: org.thymeleaf.standard.processor.StandardCaseTagProcessor
[THYMELEAF]             * [* {th:if}] [300]: org.thymeleaf.standard.processor.StandardIfTagProcessor
[THYMELEAF]             * [* {th:unless}] [400]: org.thymeleaf.standard.processor.StandardUnlessTagProcessor
[THYMELEAF]             * [* {th:object}] [500]: org.thymeleaf.standard.processor.StandardObjectTagProcessor
[THYMELEAF]             * [* {th:with}] [600]: com.intuit.karate.template.KarateWithTagProcessor
[THYMELEAF]             * [* {th:attr}] [700]: com.intuit.karate.template.KarateAttributeTagProcessor.KarateAttrTagProcessor
[THYMELEAF]             * [* {th:attrappend}] [900]: com.intuit.karate.template.KarateAttributeTagProcessor.KarateAttrappendTagProcessor
[THYMELEAF]             * [* {th:attrprepend}] [900]: com.intuit.karate.template.KarateAttributeTagProcessor.KarateAttrprependTagProcessor
[THYMELEAF]             * [* {th:inline}] [1000]: org.thymeleaf.standard.processor.StandardInlineXMLTagProcessor
[THYMELEAF]             * [* {xmlns:th}] [1000]: org.thymeleaf.standard.processor.StandardXmlNsTagProcessor
[THYMELEAF]             * [* {th:text}] [1300]: org.thymeleaf.standard.processor.StandardTextTagProcessor
[THYMELEAF]             * [* {th:utext}] [1400]: org.thymeleaf.standard.processor.StandardUtextTagProcessor
[THYMELEAF]             * [* {th:fragment}] [1500]: org.thymeleaf.standard.processor.StandardFragmentTagProcessor
[THYMELEAF]             * [* {th:assert}] [1550]: org.thymeleaf.standard.processor.StandardAssertTagProcessor
[THYMELEAF]             * [* {th:remove}] [1600]: org.thymeleaf.standard.processor.StandardRemoveTagProcessor
[THYMELEAF]             * [* {th:ref}] [10000]: org.thymeleaf.standard.processor.StandardRefAttributeTagProcessor
[THYMELEAF]             * [{th:block} *] [100000]: org.thymeleaf.standard.processor.StandardBlockTagProcessor
[THYMELEAF]             * [* th:*] [2147483647]: org.thymeleaf.standard.processor.StandardDefaultAttributesTagProcessor
[THYMELEAF]         * Text Processors by [precedence]:
[THYMELEAF]             * [1000]: org.thymeleaf.standard.processor.StandardInliningTextProcessor
[THYMELEAF]         * CDATA Section Processors by [precedence]:
[THYMELEAF]             * [1000]: org.thymeleaf.standard.processor.StandardInliningCDATASectionProcessor
[THYMELEAF]         * Comment Processors by [precedence]:
[THYMELEAF]             * [1000]: org.thymeleaf.standard.processor.StandardInliningCommentProcessor
[THYMELEAF]     * Processors for Template Mode: TEXT
[THYMELEAF]         * Element Tag Processors by [matching element and attribute name] [precedence]:
[THYMELEAF]             * [* {th:insert}] [100]: org.thymeleaf.standard.processor.StandardInsertTagProcessor
[THYMELEAF]             * [* {th:replace}] [100]: org.thymeleaf.standard.processor.StandardReplaceTagProcessor
[THYMELEAF]             * [* {th:each}] [200]: com.intuit.karate.template.KarateEachTagProcessor
[THYMELEAF]             * [* {th:switch}] [250]: org.thymeleaf.standard.processor.StandardSwitchTagProcessor
[THYMELEAF]             * [* {th:case}] [275]: org.thymeleaf.standard.processor.StandardCaseTagProcessor
[THYMELEAF]             * [* {th:if}] [300]: org.thymeleaf.standard.processor.StandardIfTagProcessor
[THYMELEAF]             * [* {th:unless}] [400]: org.thymeleaf.standard.processor.StandardUnlessTagProcessor
[THYMELEAF]             * [* {th:object}] [500]: org.thymeleaf.standard.processor.StandardObjectTagProcessor
[THYMELEAF]             * [* {th:with}] [600]: com.intuit.karate.template.KarateWithTagProcessor
[THYMELEAF]             * [* {th:inline}] [1000]: org.thymeleaf.standard.processor.StandardInlineTextualTagProcessor
[THYMELEAF]             * [* {th:text}] [1300]: org.thymeleaf.standard.processor.StandardTextTagProcessor
[THYMELEAF]             * [* {th:utext}] [1400]: org.thymeleaf.standard.processor.StandardUtextTagProcessor
[THYMELEAF]             * [* {th:assert}] [1550]: org.thymeleaf.standard.processor.StandardAssertTagProcessor
[THYMELEAF]             * [* {th:remove}] [1600]: org.thymeleaf.standard.processor.StandardRemoveTagProcessor
[THYMELEAF]             * [{th:block} *] [100000]: org.thymeleaf.standard.processor.StandardBlockTagProcessor
[THYMELEAF]             * [* 100000] [org.thymeleaf.standard.processor.StandardBlockTagProcessor]: {}
[THYMELEAF]         * Text Processors by [precedence]:
[THYMELEAF]             * [1000]: org.thymeleaf.standard.processor.StandardInliningTextProcessor
[THYMELEAF]     * Processors for Template Mode: JAVASCRIPT
[THYMELEAF]         * Element Tag Processors by [matching element and attribute name] [precedence]:
[THYMELEAF]             * [* {th:insert}] [100]: org.thymeleaf.standard.processor.StandardInsertTagProcessor
[THYMELEAF]             * [* {th:replace}] [100]: org.thymeleaf.standard.processor.StandardReplaceTagProcessor
[THYMELEAF]             * [* {th:each}] [200]: com.intuit.karate.template.KarateEachTagProcessor
[THYMELEAF]             * [* {th:switch}] [250]: org.thymeleaf.standard.processor.StandardSwitchTagProcessor
[THYMELEAF]             * [* {th:case}] [275]: org.thymeleaf.standard.processor.StandardCaseTagProcessor
[THYMELEAF]             * [* {th:if}] [300]: org.thymeleaf.standard.processor.StandardIfTagProcessor
[THYMELEAF]             * [* {th:unless}] [400]: org.thymeleaf.standard.processor.StandardUnlessTagProcessor
[THYMELEAF]             * [* {th:object}] [500]: org.thymeleaf.standard.processor.StandardObjectTagProcessor
[THYMELEAF]             * [* {th:with}] [600]: com.intuit.karate.template.KarateWithTagProcessor
[THYMELEAF]             * [* {th:inline}] [1000]: org.thymeleaf.standard.processor.StandardInlineTextualTagProcessor
[THYMELEAF]             * [* {th:text}] [1300]: org.thymeleaf.standard.processor.StandardTextTagProcessor
[THYMELEAF]             * [* {th:utext}] [1400]: org.thymeleaf.standard.processor.StandardUtextTagProcessor
[THYMELEAF]             * [* {th:assert}] [1550]: org.thymeleaf.standard.processor.StandardAssertTagProcessor
[THYMELEAF]             * [* {th:remove}] [1600]: org.thymeleaf.standard.processor.StandardRemoveTagProcessor
[THYMELEAF]             * [{th:block} *] [100000]: org.thymeleaf.standard.processor.StandardBlockTagProcessor
[THYMELEAF]             * [* 100000] [org.thymeleaf.standard.processor.StandardBlockTagProcessor]: {}
[THYMELEAF]         * Text Processors by [precedence]:
[THYMELEAF]             * [1000]: org.thymeleaf.standard.processor.StandardInliningTextProcessor
[THYMELEAF]     * Processors for Template Mode: CSS
[THYMELEAF]         * Element Tag Processors by [matching element and attribute name] [precedence]:
[THYMELEAF]             * [* {th:insert}] [100]: org.thymeleaf.standard.processor.StandardInsertTagProcessor
[THYMELEAF]             * [* {th:replace}] [100]: org.thymeleaf.standard.processor.StandardReplaceTagProcessor
[THYMELEAF]             * [* {th:each}] [200]: com.intuit.karate.template.KarateEachTagProcessor
[THYMELEAF]             * [* {th:switch}] [250]: org.thymeleaf.standard.processor.StandardSwitchTagProcessor
[THYMELEAF]             * [* {th:case}] [275]: org.thymeleaf.standard.processor.StandardCaseTagProcessor
[THYMELEAF]             * [* {th:if}] [300]: org.thymeleaf.standard.processor.StandardIfTagProcessor
[THYMELEAF]             * [* {th:unless}] [400]: org.thymeleaf.standard.processor.StandardUnlessTagProcessor
[THYMELEAF]             * [* {th:object}] [500]: org.thymeleaf.standard.processor.StandardObjectTagProcessor
[THYMELEAF]             * [* {th:with}] [600]: com.intuit.karate.template.KarateWithTagProcessor
[THYMELEAF]             * [* {th:inline}] [1000]: org.thymeleaf.standard.processor.StandardInlineTextualTagProcessor
[THYMELEAF]             * [* {th:text}] [1300]: org.thymeleaf.standard.processor.StandardTextTagProcessor
[THYMELEAF]             * [* {th:utext}] [1400]: org.thymeleaf.standard.processor.StandardUtextTagProcessor
[THYMELEAF]             * [* {th:assert}] [1550]: org.thymeleaf.standard.processor.StandardAssertTagProcessor
[THYMELEAF]             * [* {th:remove}] [1600]: org.thymeleaf.standard.processor.StandardRemoveTagProcessor
[THYMELEAF]             * [{th:block} *] [100000]: org.thymeleaf.standard.processor.StandardBlockTagProcessor
[THYMELEAF]             * [* 100000] [org.thymeleaf.standard.processor.StandardBlockTagProcessor]: {}
[THYMELEAF]         * Text Processors by [precedence]:
[THYMELEAF]             * [1000]: org.thymeleaf.standard.processor.StandardInliningTextProcessor
[THYMELEAF]     * Expression Objects:
[THYMELEAF]         * #ctx
[THYMELEAF]         * #root
[THYMELEAF]         * #vars
[THYMELEAF]         * #object
[THYMELEAF]         * #locale
[THYMELEAF]         * #conversions
[THYMELEAF]         * #uris
[THYMELEAF]         * #temporals
[THYMELEAF]         * #calendars
[THYMELEAF]         * #dates
[THYMELEAF]         * #bools
[THYMELEAF]         * #numbers
[THYMELEAF]         * #objects
[THYMELEAF]         * #strings
[THYMELEAF]         * #arrays
[THYMELEAF]         * #lists
[THYMELEAF]         * #sets
[THYMELEAF]         * #maps
[THYMELEAF]         * #aggregates
[THYMELEAF]         * #messages
[THYMELEAF]         * #ids
[THYMELEAF]         * #execInfo
[THYMELEAF]         * #request
[THYMELEAF]         * #response
[THYMELEAF]         * #session
[THYMELEAF]         * #servletContext
[THYMELEAF]     * Execution Attributes:
[THYMELEAF]         * "StandardExpressionParser": com.intuit.karate.template.KarateStandardDialect@2c95ac9e
[THYMELEAF]         * "StandardJavaScriptSerializer": org.thymeleaf.standard.serializer.StandardJavaScriptSerializer@772485dd
[THYMELEAF]         * "StandardCSSSerializer": org.thymeleaf.standard.serializer.StandardCSSSerializer@5a12c728
[THYMELEAF]         * "StandardVariableExpressionEvaluator": com.intuit.karate.template.KarateStandardDialect@2c95ac9e
[THYMELEAF]         * "StandardConversionService": org.thymeleaf.standard.expression.StandardConversionService@79ab3a71
[THYMELEAF] * Dialect [2 of 2]: karate (com.intuit.karate.template.KarateScriptDialect)
[THYMELEAF]     * Prefix: "ka"
[THYMELEAF]     * Processors for Template Mode: HTML
[THYMELEAF]         * Element Tag Processors by [matching element and attribute name] [precedence]:
[THYMELEAF]             * [* {src}] [1000]: com.intuit.karate.template.KaScriptAttrProcessor
[THYMELEAF]         * Element Model Processors by [matching element and attribute name] [precedence]:
[THYMELEAF]             * [{script} {ka:scope,data-ka-scope}] [1000]: com.intuit.karate.template.KaScriptElemProcessor
[THYMELEAF]             * [* {ka:set,data-ka-set}] [1000]: com.intuit.karate.template.KaSetElemProcessor
[THYMELEAF] TEMPLATE ENGINE CONFIGURED OK
00:31:38.835 [main] DEBUG org.thymeleaf.TemplateEngine -- [THYMELEAF] TEMPLATE ENGINE INITIALIZED
00:31:38.850 [main] DEBUG org.thymeleaf.TemplateEngine -- [THYMELEAF] INITIALIZING TEMPLATE ENGINE
00:31:38.873 [main] DEBUG org.thymeleaf.TemplateEngine.CONFIG -- Initializing Thymeleaf Template engine configuration...
[THYMELEAF] TEMPLATE ENGINE CONFIGURATION:
[THYMELEAF] * Thymeleaf version: 3.1.2.RELEASE (built 2023-07-30T19:25:50+0000)
[THYMELEAF] * Cache Manager implementation: org.thymeleaf.cache.StandardCacheManager
[THYMELEAF] * Template resolvers:
[THYMELEAF]     * [1] com.intuit.karate.template.ResourceHtmlTemplateResolver
[THYMELEAF] * Message resolvers:
[THYMELEAF]     * org.thymeleaf.messageresolver.StandardMessageResolver
[THYMELEAF] * Link builders:
[THYMELEAF]     * org.thymeleaf.linkbuilder.StandardLinkBuilder
[THYMELEAF] * Dialect [1 of 2]: Standard (com.intuit.karate.template.KarateStandardDialect)
[THYMELEAF]     * Prefix: "th"
[THYMELEAF]     * Processors for Template Mode: HTML
[THYMELEAF]         * Element Tag Processors by [matching element and attribute name] [precedence]:
[THYMELEAF]             * [* {th:include,data-th-include}] [100]: org.thymeleaf.standard.processor.StandardIncludeTagProcessor
[THYMELEAF]             * [* {th:insert,data-th-insert}] [100]: org.thymeleaf.standard.processor.StandardInsertTagProcessor
[THYMELEAF]             * [* {th:replace,data-th-replace}] [100]: org.thymeleaf.standard.processor.StandardReplaceTagProcessor
[THYMELEAF]             * [* {th:each,data-th-each}] [200]: com.intuit.karate.template.KarateEachTagProcessor
[THYMELEAF]             * [* {th:switch,data-th-switch}] [250]: org.thymeleaf.standard.processor.StandardSwitchTagProcessor
[THYMELEAF]             * [* {th:case,data-th-case}] [275]: org.thymeleaf.standard.processor.StandardCaseTagProcessor
[THYMELEAF]             * [* {th:if,data-th-if}] [300]: org.thymeleaf.standard.processor.StandardIfTagProcessor
[THYMELEAF]             * [* {th:unless,data-th-unless}] [400]: org.thymeleaf.standard.processor.StandardUnlessTagProcessor
[THYMELEAF]             * [* {th:object,data-th-object}] [500]: org.thymeleaf.standard.processor.StandardObjectTagProcessor
[THYMELEAF]             * [* {th:with,data-th-with}] [600]: com.intuit.karate.template.KarateWithTagProcessor
[THYMELEAF]             * [* {th:attr,data-th-attr}] [700]: com.intuit.karate.template.KarateAttributeTagProcessor.KarateAttrTagProcessor
[THYMELEAF]             * [* {th:attrappend,data-th-attrappend}] [900]: com.intuit.karate.template.KarateAttributeTagProcessor.KarateAttrappendTagProcessor
[THYMELEAF]             * [* {th:attrprepend,data-th-attrprepend}] [900]: com.intuit.karate.template.KarateAttributeTagProcessor.KarateAttrprependTagProcessor
[THYMELEAF]             * [* {th:alt-title,data-th-alt-title}] [990]: org.thymeleaf.standard.processor.StandardAltTitleTagProcessor
[THYMELEAF]             * [* {th:lang-xmllang,data-th-lang-xmllang}] [990]: org.thymeleaf.standard.processor.StandardLangXmlLangTagProcessor
[THYMELEAF]             * [* {th:action,data-th-action}] [1000]: org.thymeleaf.standard.processor.StandardActionTagProcessor
[THYMELEAF]             * [* {th:readonly,data-th-readonly}] [1000]: org.thymeleaf.standard.processor.StandardConditionalFixedValueTagProcessor
[THYMELEAF]             * [* {th:autofocus,data-th-autofocus}] [1000]: org.thymeleaf.standard.processor.StandardConditionalFixedValueTagProcessor
[THYMELEAF]             * [* {th:nowrap,data-th-nowrap}] [1000]: org.thymeleaf.standard.processor.StandardConditionalFixedValueTagProcessor
[THYMELEAF]             * [* {th:open,data-th-open}] [1000]: org.thymeleaf.standard.processor.StandardConditionalFixedValueTagProcessor
[THYMELEAF]             * [* {th:loop,data-th-loop}] [1000]: org.thymeleaf.standard.processor.StandardConditionalFixedValueTagProcessor
[THYMELEAF]             * [* {th:declare,data-th-declare}] [1000]: org.thymeleaf.standard.processor.StandardConditionalFixedValueTagProcessor
[THYMELEAF]             * [* {th:novalidate,data-th-novalidate}] [1000]: org.thymeleaf.standard.processor.StandardConditionalFixedValueTagProcessor
[THYMELEAF]             * [* {th:checked,data-th-checked}] [1000]: org.thymeleaf.standard.processor.StandardConditionalFixedValueTagProcessor
[THYMELEAF]             * [* {th:selected,data-th-selected}] [1000]: org.thymeleaf.standard.processor.StandardConditionalFixedValueTagProcessor
[THYMELEAF]             * [* {th:pubdate,data-th-pubdate}] [1000]: org.thymeleaf.standard.processor.StandardConditionalFixedValueTagProcessor
[THYMELEAF]             * [* {th:hidden,data-th-hidden}] [1000]: org.thymeleaf.standard.processor.StandardConditionalFixedValueTagProcessor
[THYMELEAF]             * [* {th:disabled,data-th-disabled}] [1000]: org.thymeleaf.standard.processor.StandardConditionalFixedValueTagProcessor
[THYMELEAF]             * [* {th:scoped,data-th-scoped}] [1000]: org.thymeleaf.standard.processor.StandardConditionalFixedValueTagProcessor
[THYMELEAF]             * [* {th:controls,data-th-controls}] [1000]: org.thymeleaf.standard.processor.StandardConditionalFixedValueTagProcessor
[THYMELEAF]             * [* {th:seamless,data-th-seamless}] [1000]: org.thymeleaf.standard.processor.StandardConditionalFixedValueTagProcessor
[THYMELEAF]             * [* {th:formnovalidate,data-th-formnovalidate}] [1000]: org.thymeleaf.standard.processor.StandardConditionalFixedValueTagProcessor
[THYMELEAF]             * [* {th:defer,data-th-defer}] [1000]: org.thymeleaf.standard.processor.StandardConditionalFixedValueTagProcessor
[THYMELEAF]             * [* {th:default,data-th-default}] [1000]: org.thymeleaf.standard.processor.StandardConditionalFixedValueTagProcessor
[THYMELEAF]             * [* {th:reversed,data-th-reversed}] [1000]: org.thymeleaf.standard.processor.StandardConditionalFixedValueTagProcessor
[THYMELEAF]             * [* {th:required,data-th-required}] [1000]: org.thymeleaf.standard.processor.StandardConditionalFixedValueTagProcessor
[THYMELEAF]             * [* {th:ismap,data-th-ismap}] [1000]: org.thymeleaf.standard.processor.StandardConditionalFixedValueTagProcessor
[THYMELEAF]             * [* {th:autoplay,data-th-autoplay}] [1000]: org.thymeleaf.standard.processor.StandardConditionalFixedValueTagProcessor
[THYMELEAF]             * [* {th:multiple,data-th-multiple}] [1000]: org.thymeleaf.standard.processor.StandardConditionalFixedValueTagProcessor
[THYMELEAF]             * [* {th:async,data-th-async}] [1000]: org.thymeleaf.standard.processor.StandardConditionalFixedValueTagProcessor
[THYMELEAF]             * [* {th:onselect,data-th-onselect}] [1000]: org.thymeleaf.standard.processor.StandardDOMEventAttributeTagProcessor
[THYMELEAF]             * [* {th:ondragleave,data-th-ondragleave}] [1000]: org.thymeleaf.standard.processor.StandardDOMEventAttributeTagProcessor
[THYMELEAF]             * [* {th:onkeyup,data-th-onkeyup}] [1000]: org.thymeleaf.standard.processor.StandardDOMEventAttributeTagProcessor
[THYMELEAF]             * [* {th:onsubmit,data-th-onsubmit}] [1000]: org.thymeleaf.standard.processor.StandardDOMEventAttributeTagProcessor
[THYMELEAF]             * [* {th:onformchange,data-th-onformchange}] [1000]: org.thymeleaf.standard.processor.StandardDOMEventAttributeTagProcessor
[THYMELEAF]             * [* {th:ononline,data-th-ononline}] [1000]: org.thymeleaf.standard.processor.StandardDOMEventAttributeTagProcessor
[THYMELEAF]             * [* {th:ondrop,data-th-ondrop}] [1000]: org.thymeleaf.standard.processor.StandardDOMEventAttributeTagProcessor
[THYMELEAF]             * [* {th:onkeypress,data-th-onkeypress}] [1000]: org.thymeleaf.standard.processor.StandardDOMEventAttributeTagProcessor
[THYMELEAF]             * [* {th:oncanplaythrough,data-th-oncanplaythrough}] [1000]: org.thymeleaf.standard.processor.StandardDOMEventAttributeTagProcessor
[THYMELEAF]             * [* {th:onstorage,data-th-onstorage}] [1000]: org.thymeleaf.standard.processor.StandardDOMEventAttributeTagProcessor
[THYMELEAF]             * [* {th:onerror,data-th-onerror}] [1000]: org.thymeleaf.standard.processor.StandardDOMEventAttributeTagProcessor
[THYMELEAF]             * [* {th:onplaying,data-th-onplaying}] [1000]: org.thymeleaf.standard.processor.StandardDOMEventAttributeTagProcessor
[THYMELEAF]             * [* {th:onloadeddata,data-th-onloadeddata}] [1000]: org.thymeleaf.standard.processor.StandardDOMEventAttributeTagProcessor
[THYMELEAF]             * [* {th:onoffline,data-th-onoffline}] [1000]: org.thymeleaf.standard.processor.StandardDOMEventAttributeTagProcessor
[THYMELEAF]             * [* {th:onbeforeprint,data-th-onbeforeprint}] [1000]: org.thymeleaf.standard.processor.StandardDOMEventAttributeTagProcessor
[THYMELEAF]             * [* {th:onmessage,data-th-onmessage}] [1000]: org.thymeleaf.standard.processor.StandardDOMEventAttributeTagProcessor
[THYMELEAF]             * [* {th:onforminput,data-th-onforminput}] [1000]: org.thymeleaf.standard.processor.StandardDOMEventAttributeTagProcessor
[THYMELEAF]             * [* {th:ondblclick,data-th-ondblclick}] [1000]: org.thymeleaf.standard.processor.StandardDOMEventAttributeTagProcessor
[THYMELEAF]             * [* {th:onbeforeunload,data-th-onbeforeunload}] [1000]: org.thymeleaf.standard.processor.StandardDOMEventAttributeTagProcessor
[THYMELEAF]             * [* {th:onload,data-th-onload}] [1000]: org.thymeleaf.standard.processor.StandardDOMEventAttributeTagProcessor
[THYMELEAF]             * [* {th:onprogress,data-th-onprogress}] [1000]: org.thymeleaf.standard.processor.StandardDOMEventAttributeTagProcessor
[THYMELEAF]             * [* {th:onreadystatechange,data-th-onreadystatechange}] [1000]: org.thymeleaf.standard.processor.StandardDOMEventAttributeTagProcessor
[THYMELEAF]             * [* {th:onblur,data-th-onblur}] [1000]: org.thymeleaf.standard.processor.StandardDOMEventAttributeTagProcessor
[THYMELEAF]             * [* {th:onmousedown,data-th-onmousedown}] [1000]: org.thymeleaf.standard.processor.StandardDOMEventAttributeTagProcessor
[THYMELEAF]             * [* {th:ondurationchange,data-th-ondurationchange}] [1000]: org.thymeleaf.standard.processor.StandardDOMEventAttributeTagProcessor
[THYMELEAF]             * [* {th:onundo,data-th-onundo}] [1000]: org.thymeleaf.standard.processor.StandardDOMEventAttributeTagProcessor
[THYMELEAF]             * [* {th:onhashchange,data-th-onhashchange}] [1000]: org.thymeleaf.standard.processor.StandardDOMEventAttributeTagProcessor
[THYMELEAF]             * [* {th:onended,data-th-onended}] [1000]: org.thymeleaf.standard.processor.StandardDOMEventAttributeTagProcessor
[THYMELEAF]             * [* {th:onloadedmetadata,data-th-onloadedmetadata}] [1000]: org.thymeleaf.standard.processor.StandardDOMEventAttributeTagProcessor
[THYMELEAF]             * [* {th:onmousemove,data-th-onmousemove}] [1000]: org.thymeleaf.standard.processor.StandardDOMEventAttributeTagProcessor
[THYMELEAF]             * [* {th:ontimeupdate,data-th-ontimeupdate}] [1000]: org.thymeleaf.standard.processor.StandardDOMEventAttributeTagProcessor
[THYMELEAF]             * [* {th:onredo,data-th-onredo}] [1000]: org.thymeleaf.standard.processor.StandardDOMEventAttributeTagProcessor
[THYMELEAF]             * [* {th:ondragstart,data-th-ondragstart}] [1000]: org.thymeleaf.standard.processor.StandardDOMEventAttributeTagProcessor
[THYMELEAF]             * [* {th:onvolumechange,data-th-onvolumechange}] [1000]: org.thymeleaf.standard.processor.StandardDOMEventAttributeTagProcessor
[THYMELEAF]             * [* {th:ondragenter,data-th-ondragenter}] [1000]: org.thymeleaf.standard.processor.StandardDOMEventAttributeTagProcessor
[THYMELEAF]             * [* {th:onchange,data-th-onchange}] [1000]: org.thymeleaf.standard.processor.StandardDOMEventAttributeTagProcessor
[THYMELEAF]             * [* {th:onclick,data-th-onclick}] [1000]: org.thymeleaf.standard.processor.StandardDOMEventAttributeTagProcessor
[THYMELEAF]             * [* {th:onresize,data-th-onresize}] [1000]: org.thymeleaf.standard.processor.StandardDOMEventAttributeTagProcessor
[THYMELEAF]             * [* {th:onstalled,data-th-onstalled}] [1000]: org.thymeleaf.standard.processor.StandardDOMEventAttributeTagProcessor
[THYMELEAF]             * [* {th:onratechange,data-th-onratechange}] [1000]: org.thymeleaf.standard.processor.StandardDOMEventAttributeTagProcessor
[THYMELEAF]             * [* {th:onmouseover,data-th-onmouseover}] [1000]: org.thymeleaf.standard.processor.StandardDOMEventAttributeTagProcessor
[THYMELEAF]             * [* {th:onabort,data-th-onabort}] [1000]: org.thymeleaf.standard.processor.StandardDOMEventAttributeTagProcessor
[THYMELEAF]             * [* {th:onfocus,data-th-onfocus}] [1000]: org.thymeleaf.standard.processor.StandardDOMEventAttributeTagProcessor
[THYMELEAF]             * [* {th:onplay,data-th-onplay}] [1000]: org.thymeleaf.standard.processor.StandardDOMEventAttributeTagProcessor
[THYMELEAF]             * [* {th:onreset,data-th-onreset}] [1000]: org.thymeleaf.standard.processor.StandardDOMEventAttributeTagProcessor
[THYMELEAF]             * [* {th:onmousewheel,data-th-onmousewheel}] [1000]: org.thymeleaf.standard.processor.StandardDOMEventAttributeTagProcessor
[THYMELEAF]             * [* {th:onloadstart,data-th-onloadstart}] [1000]: org.thymeleaf.standard.processor.StandardDOMEventAttributeTagProcessor
[THYMELEAF]             * [* {th:onkeydown,data-th-onkeydown}] [1000]: org.thymeleaf.standard.processor.StandardDOMEventAttributeTagProcessor
[THYMELEAF]             * [* {th:oncanplay,data-th-oncanplay}] [1000]: org.thymeleaf.standard.processor.StandardDOMEventAttributeTagProcessor
[THYMELEAF]             * [* {th:oncontextmenu,data-th-oncontextmenu}] [1000]: org.thymeleaf.standard.processor.StandardDOMEventAttributeTagProcessor
[THYMELEAF]             * [* {th:onseeking,data-th-onseeking}] [1000]: org.thymeleaf.standard.processor.StandardDOMEventAttributeTagProcessor
[THYMELEAF]             * [* {th:onafterprint,data-th-onafterprint}] [1000]: org.thymeleaf.standard.processor.StandardDOMEventAttributeTagProcessor
[THYMELEAF]             * [* {th:onshow,data-th-onshow}] [1000]: org.thymeleaf.standard.processor.StandardDOMEventAttributeTagProcessor
[THYMELEAF]             * [* {th:onmouseout,data-th-onmouseout}] [1000]: org.thymeleaf.standard.processor.StandardDOMEventAttributeTagProcessor
[THYMELEAF]             * [* {th:onunload,data-th-onunload}] [1000]: org.thymeleaf.standard.processor.StandardDOMEventAttributeTagProcessor
[THYMELEAF]             * [* {th:onsuspend,data-th-onsuspend}] [1000]: org.thymeleaf.standard.processor.StandardDOMEventAttributeTagProcessor
[THYMELEAF]             * [* {th:onmouseup,data-th-onmouseup}] [1000]: org.thymeleaf.standard.processor.StandardDOMEventAttributeTagProcessor
[THYMELEAF]             * [* {th:onpause,data-th-onpause}] [1000]: org.thymeleaf.standard.processor.StandardDOMEventAttributeTagProcessor
[THYMELEAF]             * [* {th:onpopstate,data-th-onpopstate}] [1000]: org.thymeleaf.standard.processor.StandardDOMEventAttributeTagProcessor
[THYMELEAF]             * [* {th:ondrag,data-th-ondrag}] [1000]: org.thymeleaf.standard.processor.StandardDOMEventAttributeTagProcessor
[THYMELEAF]             * [* {th:onemptied,data-th-onemptied}] [1000]: org.thymeleaf.standard.processor.StandardDOMEventAttributeTagProcessor
[THYMELEAF]             * [* {th:onscroll,data-th-onscroll}] [1000]: org.thymeleaf.standard.processor.StandardDOMEventAttributeTagProcessor
[THYMELEAF]             * [* {th:oninput,data-th-oninput}] [1000]: org.thymeleaf.standard.processor.StandardDOMEventAttributeTagProcessor
[THYMELEAF]             * [* {th:onseeked,data-th-onseeked}] [1000]: org.thymeleaf.standard.processor.StandardDOMEventAttributeTagProcessor
[THYMELEAF]             * [* {th:oninvalid,data-th-oninvalid}] [1000]: org.thymeleaf.standard.processor.StandardDOMEventAttributeTagProcessor
[THYMELEAF]             * [* {th:onwaiting,data-th-onwaiting}] [1000]: org.thymeleaf.standard.processor.StandardDOMEventAttributeTagProcessor
[THYMELEAF]             * [* {th:ondragover,data-th-ondragover}] [1000]: org.thymeleaf.standard.processor.StandardDOMEventAttributeTagProcessor
[THYMELEAF]             * [* {th:ondragend,data-th-ondragend}] [1000]: org.thymeleaf.standard.processor.StandardDOMEventAttributeTagProcessor
[THYMELEAF]             * [* {th:href,data-th-href}] [1000]: org.thymeleaf.standard.processor.StandardHrefTagProcessor
[THYMELEAF]             * [* {th:inline,data-th-inline}] [1000]: org.thymeleaf.standard.processor.StandardInlineHTMLTagProcessor
[THYMELEAF]             * [* {th:method,data-th-method}] [1000]: org.thymeleaf.standard.processor.StandardMethodTagProcessor
[THYMELEAF]             * [* {th:name,data-th-name}] [1000]: org.thymeleaf.standard.processor.StandardNonRemovableAttributeTagProcessor
[THYMELEAF]             * [* {th:type,data-th-type}] [1000]: org.thymeleaf.standard.processor.StandardNonRemovableAttributeTagProcessor
[THYMELEAF]             * [* {th:form,data-th-form}] [1000]: org.thymeleaf.standard.processor.StandardRemovableAttributeTagProcessor
[THYMELEAF]             * [* {th:rows,data-th-rows}] [1000]: org.thymeleaf.standard.processor.StandardRemovableAttributeTagProcessor
[THYMELEAF]             * [* {th:accept,data-th-accept}] [1000]: org.thymeleaf.standard.processor.StandardRemovableAttributeTagProcessor
[THYMELEAF]             * [* {th:draggable,data-th-draggable}] [1000]: org.thymeleaf.standard.processor.StandardRemovableAttributeTagProcessor
[THYMELEAF]             * [* {th:usemap,data-th-usemap}] [1000]: org.thymeleaf.standard.processor.StandardRemovableAttributeTagProcessor
[THYMELEAF]             * [* {th:sizes,data-th-sizes}] [1000]: org.thymeleaf.standard.processor.StandardRemovableAttributeTagProcessor
[THYMELEAF]             * [* {th:rules,data-th-rules}] [1000]: org.thymeleaf.standard.processor.StandardRemovableAttributeTagProcessor
[THYMELEAF]             * [* {th:cellspacing,data-th-cellspacing}] [1000]: org.thymeleaf.standard.processor.StandardRemovableAttributeTagProcessor
[THYMELEAF]             * [* {th:title,data-th-title}] [1000]: org.thymeleaf.standard.processor.StandardRemovableAttributeTagProcessor
[THYMELEAF]             * [* {th:step,data-th-step}] [1000]: org.thymeleaf.standard.processor.StandardRemovableAttributeTagProcessor
[THYMELEAF]             * [* {th:icon,data-th-icon}] [1000]: org.thymeleaf.standard.processor.StandardRemovableAttributeTagProcessor
[THYMELEAF]             * [* {th:enctype,data-th-enctype}] [1000]: org.thymeleaf.standard.processor.StandardRemovableAttributeTagProcessor
[THYMELEAF]             * [* {th:radiogroup,data-th-radiogroup}] [1000]: org.thymeleaf.standard.processor.StandardRemovableAttributeTagProcessor
[THYMELEAF]             * [* {th:style,data-th-style}] [1000]: org.thymeleaf.standard.processor.StandardRemovableAttributeTagProcessor
[THYMELEAF]             * [* {th:spellcheck,data-th-spellcheck}] [1000]: org.thymeleaf.standard.processor.StandardRemovableAttributeTagProcessor
[THYMELEAF]             * [* {th:summary,data-th-summary}] [1000]: org.thymeleaf.standard.processor.StandardRemovableAttributeTagProcessor
[THYMELEAF]             * [* {th:bgcolor,data-th-bgcolor}] [1000]: org.thymeleaf.standard.processor.StandardRemovableAttributeTagProcessor
[THYMELEAF]             * [* {th:formmethod,data-th-formmethod}] [1000]: org.thymeleaf.standard.processor.StandardRemovableAttributeTagProcessor
[THYMELEAF]             * [* {th:marginwidth,data-th-marginwidth}] [1000]: org.thymeleaf.standard.processor.StandardRemovableAttributeTagProcessor
[THYMELEAF]             * [* {th:rev,data-th-rev}] [1000]: org.thymeleaf.standard.processor.StandardRemovableAttributeTagProcessor
[THYMELEAF]             * [* {th:keytype,data-th-keytype}] [1000]: org.thymeleaf.standard.processor.StandardRemovableAttributeTagProcessor
[THYMELEAF]             * [* {th:charset,data-th-charset}] [1000]: org.thymeleaf.standard.processor.StandardRemovableAttributeTagProcessor
[THYMELEAF]             * [* {th:optimum,data-th-optimum}] [1000]: org.thymeleaf.standard.processor.StandardRemovableAttributeTagProcessor
[THYMELEAF]             * [* {th:hreflang,data-th-hreflang}] [1000]: org.thymeleaf.standard.processor.StandardRemovableAttributeTagProcessor
[THYMELEAF]             * [* {th:height,data-th-height}] [1000]: org.thymeleaf.standard.processor.StandardRemovableAttributeTagProcessor
[THYMELEAF]             * [* {th:dir,data-th-dir}] [1000]: org.thymeleaf.standard.processor.StandardRemovableAttributeTagProcessor
[THYMELEAF]             * [* {th:formtarget,data-th-formtarget}] [1000]: org.thymeleaf.standard.processor.StandardRemovableAttributeTagProcessor
[THYMELEAF]             * [* {th:align,data-th-align}] [1000]: org.thymeleaf.standard.processor.StandardRemovableAttributeTagProcessor
[THYMELEAF]             * [* {th:codetype,data-th-codetype}] [1000]: org.thymeleaf.standard.processor.StandardRemovableAttributeTagProcessor
[THYMELEAF]             * [* {th:wrap,data-th-wrap}] [1000]: org.thymeleaf.standard.processor.StandardRemovableAttributeTagProcessor
[THYMELEAF]             * [* {th:background,data-th-background}] [1000]: org.thymeleaf.standard.processor.StandardRemovableAttributeTagProcessor
[THYMELEAF]             * [* {th:accept-charset,data-th-accept-charset}] [1000]: org.thymeleaf.standard.processor.StandardRemovableAttributeTagProcessor
[THYMELEAF]             * [* {th:tabindex,data-th-tabindex}] [1000]: org.thymeleaf.standard.processor.StandardRemovableAttributeTagProcessor
[THYMELEAF]             * [* {th:manifest,data-th-manifest}] [1000]: org.thymeleaf.standard.processor.StandardRemovableAttributeTagProcessor
[THYMELEAF]             * [* {th:formenctype,data-th-formenctype}] [1000]: org.thymeleaf.standard.processor.StandardRemovableAttributeTagProcessor
[THYMELEAF]             * [* {th:high,data-th-high}] [1000]: org.thymeleaf.standard.processor.StandardRemovableAttributeTagProcessor
[THYMELEAF]             * [* {th:cite,data-th-cite}] [1000]: org.thymeleaf.standard.processor.StandardRemovableAttributeTagProcessor
[THYMELEAF]             * [* {th:frame,data-th-frame}] [1000]: org.thymeleaf.standard.processor.StandardRemovableAttributeTagProcessor
[THYMELEAF]             * [* {th:longdesc,data-th-longdesc}] [1000]: org.thymeleaf.standard.processor.StandardRemovableAttributeTagProcessor
[THYMELEAF]             * [* {th:datetime,data-th-datetime}] [1000]: org.thymeleaf.standard.processor.StandardRemovableAttributeTagProcessor
[THYMELEAF]             * [* {th:min,data-th-min}] [1000]: org.thymeleaf.standard.processor.StandardRemovableAttributeTagProcessor
[THYMELEAF]             * [* {th:abbr,data-th-abbr}] [1000]: org.thymeleaf.standard.processor.StandardRemovableAttributeTagProcessor
[THYMELEAF]             * [* {th:size,data-th-size}] [1000]: org.thymeleaf.standard.processor.StandardRemovableAttributeTagProcessor
[THYMELEAF]             * [* {th:challenge,data-th-challenge}] [1000]: org.thymeleaf.standard.processor.StandardRemovableAttributeTagProcessor
[THYMELEAF]             * [* {th:start,data-th-start}] [1000]: org.thymeleaf.standard.processor.StandardRemovableAttributeTagProcessor
[THYMELEAF]             * [* {th:scope,data-th-scope}] [1000]: org.thymeleaf.standard.processor.StandardRemovableAttributeTagProcessor
[THYMELEAF]             * [* {th:vspace,data-th-vspace}] [1000]: org.thymeleaf.standard.processor.StandardRemovableAttributeTagProcessor
[THYMELEAF]             * [* {th:alt,data-th-alt}] [1000]: org.thymeleaf.standard.processor.StandardRemovableAttributeTagProcessor
[THYMELEAF]             * [* {th:lang,data-th-lang}] [1000]: org.thymeleaf.standard.processor.StandardRemovableAttributeTagProcessor
[THYMELEAF]             * [* {th:data,data-th-data}] [1000]: org.thymeleaf.standard.processor.StandardRemovableAttributeTagProcessor
[THYMELEAF]             * [* {th:standby,data-th-standby}] [1000]: org.thymeleaf.standard.processor.StandardRemovableAttributeTagProcessor
[THYMELEAF]             * [* {th:contextmenu,data-th-contextmenu}] [1000]: org.thymeleaf.standard.processor.StandardRemovableAttributeTagProcessor
[THYMELEAF]             * [* {th:headers,data-th-headers}] [1000]: org.thymeleaf.standard.processor.StandardRemovableAttributeTagProcessor
[THYMELEAF]             * [* {th:media,data-th-media}] [1000]: org.thymeleaf.standard.processor.StandardRemovableAttributeTagProcessor
[THYMELEAF]             * [* {th:accesskey,data-th-accesskey}] [1000]: org.thymeleaf.standard.processor.StandardRemovableAttributeTagProcessor
[THYMELEAF]             * [* {th:span,data-th-span}] [1000]: org.thymeleaf.standard.processor.StandardRemovableAttributeTagProcessor
[THYMELEAF]             * [* {th:border,data-th-border}] [1000]: org.thymeleaf.standard.processor.StandardRemovableAttributeTagProcessor
[THYMELEAF]             * [* {th:classid,data-th-classid}] [1000]: org.thymeleaf.standard.processor.StandardRemovableAttributeTagProcessor
[THYMELEAF]             * [* {th:frameborder,data-th-frameborder}] [1000]: org.thymeleaf.standard.processor.StandardRemovableAttributeTagProcessor
[THYMELEAF]             * [* {th:low,data-th-low}] [1000]: org.thymeleaf.standard.processor.StandardRemovableAttributeTagProcessor
[THYMELEAF]             * [* {th:colspan,data-th-colspan}] [1000]: org.thymeleaf.standard.processor.StandardRemovableAttributeTagProcessor
[THYMELEAF]             * [* {th:marginheight,data-th-marginheight}] [1000]: org.thymeleaf.standard.processor.StandardRemovableAttributeTagProcessor
[THYMELEAF]             * [* {th:audio,data-th-audio}] [1000]: org.thymeleaf.standard.processor.StandardRemovableAttributeTagProcessor
[THYMELEAF]             * [* {th:target,data-th-target}] [1000]: org.thymeleaf.standard.processor.StandardRemovableAttributeTagProcessor
[THYMELEAF]             * [* {th:class,data-th-class}] [1000]: org.thymeleaf.standard.processor.StandardRemovableAttributeTagProcessor
[THYMELEAF]             * [* {th:compact,data-th-compact}] [1000]: org.thymeleaf.standard.processor.StandardRemovableAttributeTagProcessor
[THYMELEAF]             * [* {th:list,data-th-list}] [1000]: org.thymeleaf.standard.processor.StandardRemovableAttributeTagProcessor
[THYMELEAF]             * [* {th:contenteditable,data-th-contenteditable}] [1000]: org.thymeleaf.standard.processor.StandardRemovableAttributeTagProcessor
[THYMELEAF]             * [* {th:rowspan,data-th-rowspan}] [1000]: org.thymeleaf.standard.processor.StandardRemovableAttributeTagProcessor
[THYMELEAF]             * [* {th:autocomplete,data-th-autocomplete}] [1000]: org.thymeleaf.standard.processor.StandardRemovableAttributeTagProcessor
[THYMELEAF]             * [* {th:http-equiv,data-th-http-equiv}] [1000]: org.thymeleaf.standard.processor.StandardRemovableAttributeTagProcessor
[THYMELEAF]             * [* {th:poster,data-th-poster}] [1000]: org.thymeleaf.standard.processor.StandardRemovableAttributeTagProcessor
[THYMELEAF]             * [* {th:id,data-th-id}] [1000]: org.thymeleaf.standard.processor.StandardRemovableAttributeTagProcessor
[THYMELEAF]             * [* {th:formaction,data-th-formaction}] [1000]: org.thymeleaf.standard.processor.StandardRemovableAttributeTagProcessor
[THYMELEAF]             * [* {th:valuetype,data-th-valuetype}] [1000]: org.thymeleaf.standard.processor.StandardRemovableAttributeTagProcessor
[THYMELEAF]             * [* {th:dropzone,data-th-dropzone}] [1000]: org.thymeleaf.standard.processor.StandardRemovableAttributeTagProcessor
[THYMELEAF]             * [* {th:hspace,data-th-hspace}] [1000]: org.thymeleaf.standard.processor.StandardRemovableAttributeTagProcessor
[THYMELEAF]             * [* {th:preload,data-th-preload}] [1000]: org.thymeleaf.standard.processor.StandardRemovableAttributeTagProcessor
[THYMELEAF]             * [* {th:cols,data-th-cols}] [1000]: org.thymeleaf.standard.processor.StandardRemovableAttributeTagProcessor
[THYMELEAF]             * [* {th:content,data-th-content}] [1000]: org.thymeleaf.standard.processor.StandardRemovableAttributeTagProcessor
[THYMELEAF]             * [* {th:maxlength,data-th-maxlength}] [1000]: org.thymeleaf.standard.processor.StandardRemovableAttributeTagProcessor
[THYMELEAF]             * [* {th:scrolling,data-th-scrolling}] [1000]: org.thymeleaf.standard.processor.StandardRemovableAttributeTagProcessor
[THYMELEAF]             * [* {th:rel,data-th-rel}] [1000]: org.thymeleaf.standard.processor.StandardRemovableAttributeTagProcessor
[THYMELEAF]             * [* {th:srclang,data-th-srclang}] [1000]: org.thymeleaf.standard.processor.StandardRemovableAttributeTagProcessor
[THYMELEAF]             * [* {th:archive,data-th-archive}] [1000]: org.thymeleaf.standard.processor.StandardRemovableAttributeTagProcessor
[THYMELEAF]             * [* {th:kind,data-th-kind}] [1000]: org.thymeleaf.standard.processor.StandardRemovableAttributeTagProcessor
[THYMELEAF]             * [* {th:width,data-th-width}] [1000]: org.thymeleaf.standard.processor.StandardRemovableAttributeTagProcessor
[THYMELEAF]             * [* {th:scheme,data-th-scheme}] [1000]: org.thymeleaf.standard.processor.StandardRemovableAttributeTagProcessor
[THYMELEAF]             * [* {th:max,data-th-max}] [1000]: org.thymeleaf.standard.processor.StandardRemovableAttributeTagProcessor
[THYMELEAF]             * [* {th:sandbox,data-th-sandbox}] [1000]: org.thymeleaf.standard.processor.StandardRemovableAttributeTagProcessor
[THYMELEAF]             * [* {th:cellpadding,data-th-cellpadding}] [1000]: org.thymeleaf.standard.processor.StandardRemovableAttributeTagProcessor
[THYMELEAF]             * [* {th:codebase,data-th-codebase}] [1000]: org.thymeleaf.standard.processor.StandardRemovableAttributeTagProcessor
[THYMELEAF]             * [* {th:placeholder,data-th-placeholder}] [1000]: org.thymeleaf.standard.processor.StandardRemovableAttributeTagProcessor
[THYMELEAF]             * [* {th:label,data-th-label}] [1000]: org.thymeleaf.standard.processor.StandardRemovableAttributeTagProcessor
[THYMELEAF]             * [* {th:for,data-th-for}] [1000]: org.thymeleaf.standard.processor.StandardRemovableAttributeTagProcessor
[THYMELEAF]             * [* {th:pattern,data-th-pattern}] [1000]: org.thymeleaf.standard.processor.StandardRemovableAttributeTagProcessor
[THYMELEAF]             * [* {th:axis,data-th-axis}] [1000]: org.thymeleaf.standard.processor.StandardRemovableAttributeTagProcessor
[THYMELEAF]             * [* {th:src,data-th-src}] [1000]: org.thymeleaf.standard.processor.StandardSrcTagProcessor
[THYMELEAF]             * [* {th:value,data-th-value}] [1000]: org.thymeleaf.standard.processor.StandardValueTagProcessor
[THYMELEAF]             * [* {th:xmlbase,data-th-xmlbase}] [1000]: org.thymeleaf.standard.processor.StandardXmlBaseTagProcessor
[THYMELEAF]             * [* {th:xmllang,data-th-xmllang}] [1000]: org.thymeleaf.standard.processor.StandardXmlLangTagProcessor
[THYMELEAF]             * [* {xmlns:th}] [1000]: org.thymeleaf.standard.processor.StandardXmlNsTagProcessor
[THYMELEAF]             * [* {th:xmlspace,data-th-xmlspace}] [1000]: org.thymeleaf.standard.processor.StandardXmlSpaceTagProcessor
[THYMELEAF]             * [* {th:classappend,data-th-classappend}] [1100]: org.thymeleaf.standard.processor.StandardClassappendTagProcessor
[THYMELEAF]             * [* {th:styleappend,data-th-styleappend}] [1100]: org.thymeleaf.standard.processor.StandardStyleappendTagProcessor
[THYMELEAF]             * [* {th:text,data-th-text}] [1300]: org.thymeleaf.standard.processor.StandardTextTagProcessor
[THYMELEAF]             * [* {th:utext,data-th-utext}] [1400]: org.thymeleaf.standard.processor.StandardUtextTagProcessor
[THYMELEAF]             * [* {th:fragment,data-th-fragment}] [1500]: org.thymeleaf.standard.processor.StandardFragmentTagProcessor
[THYMELEAF]             * [* {th:assert,data-th-assert}] [1550]: org.thymeleaf.standard.processor.StandardAssertTagProcessor
[THYMELEAF]             * [* {th:remove,data-th-remove}] [1600]: org.thymeleaf.standard.processor.StandardRemoveTagProcessor
[THYMELEAF]             * [* {th:ref,data-th-ref}] [10000]: org.thymeleaf.standard.processor.StandardRefAttributeTagProcessor
[THYMELEAF]             * [{th:block,th-block} *] [100000]: org.thymeleaf.standard.processor.StandardBlockTagProcessor
[THYMELEAF]             * [* th:*] [2147483647]: org.thymeleaf.standard.processor.StandardDefaultAttributesTagProcessor
[THYMELEAF]         * Text Processors by [precedence]:
[THYMELEAF]             * [1000]: org.thymeleaf.standard.processor.StandardInliningTextProcessor
[THYMELEAF]         * DOCTYPE Processors by [precedence]:
[THYMELEAF]             * [1000]: org.thymeleaf.standard.processor.StandardTranslationDocTypeProcessor
[THYMELEAF]         * CDATA Section Processors by [precedence]:
[THYMELEAF]             * [1000]: org.thymeleaf.standard.processor.StandardInliningCDATASectionProcessor
[THYMELEAF]         * Comment Processors by [precedence]:
[THYMELEAF]             * [1000]: org.thymeleaf.standard.processor.StandardInliningCommentProcessor
[THYMELEAF]             * [1100]: org.thymeleaf.standard.processor.StandardConditionalCommentProcessor
[THYMELEAF]     * Processors for Template Mode: XML
[THYMELEAF]         * Element Tag Processors by [matching element and attribute name] [precedence]:
[THYMELEAF]             * [* {th:include}] [100]: org.thymeleaf.standard.processor.StandardIncludeTagProcessor
[THYMELEAF]             * [* {th:insert}] [100]: org.thymeleaf.standard.processor.StandardInsertTagProcessor
[THYMELEAF]             * [* {th:replace}] [100]: org.thymeleaf.standard.processor.StandardReplaceTagProcessor
[THYMELEAF]             * [* {th:each}] [200]: com.intuit.karate.template.KarateEachTagProcessor
[THYMELEAF]             * [* {th:switch}] [250]: org.thymeleaf.standard.processor.StandardSwitchTagProcessor
[THYMELEAF]             * [* {th:case}] [275]: org.thymeleaf.standard.processor.StandardCaseTagProcessor
[THYMELEAF]             * [* {th:if}] [300]: org.thymeleaf.standard.processor.StandardIfTagProcessor
[THYMELEAF]             * [* {th:unless}] [400]: org.thymeleaf.standard.processor.StandardUnlessTagProcessor
[THYMELEAF]             * [* {th:object}] [500]: org.thymeleaf.standard.processor.StandardObjectTagProcessor
[THYMELEAF]             * [* {th:with}] [600]: com.intuit.karate.template.KarateWithTagProcessor
[THYMELEAF]             * [* {th:attr}] [700]: com.intuit.karate.template.KarateAttributeTagProcessor.KarateAttrTagProcessor
[THYMELEAF]             * [* {th:attrappend}] [900]: com.intuit.karate.template.KarateAttributeTagProcessor.KarateAttrappendTagProcessor
[THYMELEAF]             * [* {th:attrprepend}] [900]: com.intuit.karate.template.KarateAttributeTagProcessor.KarateAttrprependTagProcessor
[THYMELEAF]             * [* {th:inline}] [1000]: org.thymeleaf.standard.processor.StandardInlineXMLTagProcessor
[THYMELEAF]             * [* {xmlns:th}] [1000]: org.thymeleaf.standard.processor.StandardXmlNsTagProcessor
[THYMELEAF]             * [* {th:text}] [1300]: org.thymeleaf.standard.processor.StandardTextTagProcessor
[THYMELEAF]             * [* {th:utext}] [1400]: org.thymeleaf.standard.processor.StandardUtextTagProcessor
[THYMELEAF]             * [* {th:fragment}] [1500]: org.thymeleaf.standard.processor.StandardFragmentTagProcessor
[THYMELEAF]             * [* {th:assert}] [1550]: org.thymeleaf.standard.processor.StandardAssertTagProcessor
[THYMELEAF]             * [* {th:remove}] [1600]: org.thymeleaf.standard.processor.StandardRemoveTagProcessor
[THYMELEAF]             * [* {th:ref}] [10000]: org.thymeleaf.standard.processor.StandardRefAttributeTagProcessor
[THYMELEAF]             * [{th:block} *] [100000]: org.thymeleaf.standard.processor.StandardBlockTagProcessor
[THYMELEAF]             * [* th:*] [2147483647]: org.thymeleaf.standard.processor.StandardDefaultAttributesTagProcessor
[THYMELEAF]         * Text Processors by [precedence]:
[THYMELEAF]             * [1000]: org.thymeleaf.standard.processor.StandardInliningTextProcessor
[THYMELEAF]         * CDATA Section Processors by [precedence]:
[THYMELEAF]             * [1000]: org.thymeleaf.standard.processor.StandardInliningCDATASectionProcessor
[THYMELEAF]         * Comment Processors by [precedence]:
[THYMELEAF]             * [1000]: org.thymeleaf.standard.processor.StandardInliningCommentProcessor
[THYMELEAF]     * Processors for Template Mode: TEXT
[THYMELEAF]         * Element Tag Processors by [matching element and attribute name] [precedence]:
[THYMELEAF]             * [* {th:insert}] [100]: org.thymeleaf.standard.processor.StandardInsertTagProcessor
[THYMELEAF]             * [* {th:replace}] [100]: org.thymeleaf.standard.processor.StandardReplaceTagProcessor
[THYMELEAF]             * [* {th:each}] [200]: com.intuit.karate.template.KarateEachTagProcessor
[THYMELEAF]             * [* {th:switch}] [250]: org.thymeleaf.standard.processor.StandardSwitchTagProcessor
[THYMELEAF]             * [* {th:case}] [275]: org.thymeleaf.standard.processor.StandardCaseTagProcessor
[THYMELEAF]             * [* {th:if}] [300]: org.thymeleaf.standard.processor.StandardIfTagProcessor
[THYMELEAF]             * [* {th:unless}] [400]: org.thymeleaf.standard.processor.StandardUnlessTagProcessor
[THYMELEAF]             * [* {th:object}] [500]: org.thymeleaf.standard.processor.StandardObjectTagProcessor
[THYMELEAF]             * [* {th:with}] [600]: com.intuit.karate.template.KarateWithTagProcessor
[THYMELEAF]             * [* {th:inline}] [1000]: org.thymeleaf.standard.processor.StandardInlineTextualTagProcessor
[THYMELEAF]             * [* {th:text}] [1300]: org.thymeleaf.standard.processor.StandardTextTagProcessor
[THYMELEAF]             * [* {th:utext}] [1400]: org.thymeleaf.standard.processor.StandardUtextTagProcessor
[THYMELEAF]             * [* {th:assert}] [1550]: org.thymeleaf.standard.processor.StandardAssertTagProcessor
[THYMELEAF]             * [* {th:remove}] [1600]: org.thymeleaf.standard.processor.StandardRemoveTagProcessor
[THYMELEAF]             * [{th:block} *] [100000]: org.thymeleaf.standard.processor.StandardBlockTagProcessor
[THYMELEAF]             * [* 100000] [org.thymeleaf.standard.processor.StandardBlockTagProcessor]: {}
[THYMELEAF]         * Text Processors by [precedence]:
[THYMELEAF]             * [1000]: org.thymeleaf.standard.processor.StandardInliningTextProcessor
[THYMELEAF]     * Processors for Template Mode: JAVASCRIPT
[THYMELEAF]         * Element Tag Processors by [matching element and attribute name] [precedence]:
[THYMELEAF]             * [* {th:insert}] [100]: org.thymeleaf.standard.processor.StandardInsertTagProcessor
[THYMELEAF]             * [* {th:replace}] [100]: org.thymeleaf.standard.processor.StandardReplaceTagProcessor
[THYMELEAF]             * [* {th:each}] [200]: com.intuit.karate.template.KarateEachTagProcessor
[THYMELEAF]             * [* {th:switch}] [250]: org.thymeleaf.standard.processor.StandardSwitchTagProcessor
[THYMELEAF]             * [* {th:case}] [275]: org.thymeleaf.standard.processor.StandardCaseTagProcessor
[THYMELEAF]             * [* {th:if}] [300]: org.thymeleaf.standard.processor.StandardIfTagProcessor
[THYMELEAF]             * [* {th:unless}] [400]: org.thymeleaf.standard.processor.StandardUnlessTagProcessor
[THYMELEAF]             * [* {th:object}] [500]: org.thymeleaf.standard.processor.StandardObjectTagProcessor
[THYMELEAF]             * [* {th:with}] [600]: com.intuit.karate.template.KarateWithTagProcessor
[THYMELEAF]             * [* {th:inline}] [1000]: org.thymeleaf.standard.processor.StandardInlineTextualTagProcessor
[THYMELEAF]             * [* {th:text}] [1300]: org.thymeleaf.standard.processor.StandardTextTagProcessor
[THYMELEAF]             * [* {th:utext}] [1400]: org.thymeleaf.standard.processor.StandardUtextTagProcessor
[THYMELEAF]             * [* {th:assert}] [1550]: org.thymeleaf.standard.processor.StandardAssertTagProcessor
[THYMELEAF]             * [* {th:remove}] [1600]: org.thymeleaf.standard.processor.StandardRemoveTagProcessor
[THYMELEAF]             * [{th:block} *] [100000]: org.thymeleaf.standard.processor.StandardBlockTagProcessor
[THYMELEAF]             * [* 100000] [org.thymeleaf.standard.processor.StandardBlockTagProcessor]: {}
[THYMELEAF]         * Text Processors by [precedence]:
[THYMELEAF]             * [1000]: org.thymeleaf.standard.processor.StandardInliningTextProcessor
[THYMELEAF]     * Processors for Template Mode: CSS
[THYMELEAF]         * Element Tag Processors by [matching element and attribute name] [precedence]:
[THYMELEAF]             * [* {th:insert}] [100]: org.thymeleaf.standard.processor.StandardInsertTagProcessor
[THYMELEAF]             * [* {th:replace}] [100]: org.thymeleaf.standard.processor.StandardReplaceTagProcessor
[THYMELEAF]             * [* {th:each}] [200]: com.intuit.karate.template.KarateEachTagProcessor
[THYMELEAF]             * [* {th:switch}] [250]: org.thymeleaf.standard.processor.StandardSwitchTagProcessor
[THYMELEAF]             * [* {th:case}] [275]: org.thymeleaf.standard.processor.StandardCaseTagProcessor
[THYMELEAF]             * [* {th:if}] [300]: org.thymeleaf.standard.processor.StandardIfTagProcessor
[THYMELEAF]             * [* {th:unless}] [400]: org.thymeleaf.standard.processor.StandardUnlessTagProcessor
[THYMELEAF]             * [* {th:object}] [500]: org.thymeleaf.standard.processor.StandardObjectTagProcessor
[THYMELEAF]             * [* {th:with}] [600]: com.intuit.karate.template.KarateWithTagProcessor
[THYMELEAF]             * [* {th:inline}] [1000]: org.thymeleaf.standard.processor.StandardInlineTextualTagProcessor
[THYMELEAF]             * [* {th:text}] [1300]: org.thymeleaf.standard.processor.StandardTextTagProcessor
[THYMELEAF]             * [* {th:utext}] [1400]: org.thymeleaf.standard.processor.StandardUtextTagProcessor
[THYMELEAF]             * [* {th:assert}] [1550]: org.thymeleaf.standard.processor.StandardAssertTagProcessor
[THYMELEAF]             * [* {th:remove}] [1600]: org.thymeleaf.standard.processor.StandardRemoveTagProcessor
[THYMELEAF]             * [* 100000] [org.thymeleaf.standard.processor.StandardBlockTagProcessor]: {}
[THYMELEAF]             * [{th:block} *] [100000]: org.thymeleaf.standard.processor.StandardBlockTagProcessor
[THYMELEAF]         * Text Processors by [precedence]:
[THYMELEAF]             * [1000]: org.thymeleaf.standard.processor.StandardInliningTextProcessor
[THYMELEAF]     * Expression Objects:
[THYMELEAF]         * #ctx
[THYMELEAF]         * #root
[THYMELEAF]         * #vars
[THYMELEAF]         * #object
[THYMELEAF]         * #locale
[THYMELEAF]         * #conversions
[THYMELEAF]         * #uris
[THYMELEAF]         * #temporals
[THYMELEAF]         * #calendars
[THYMELEAF]         * #dates
[THYMELEAF]         * #bools
[THYMELEAF]         * #numbers
[THYMELEAF]         * #objects
[THYMELEAF]         * #strings
[THYMELEAF]         * #arrays
[THYMELEAF]         * #lists
[THYMELEAF]         * #sets
[THYMELEAF]         * #maps
[THYMELEAF]         * #aggregates
[THYMELEAF]         * #messages
[THYMELEAF]         * #ids
[THYMELEAF]         * #execInfo
[THYMELEAF]         * #request
[THYMELEAF]         * #response
[THYMELEAF]         * #session
[THYMELEAF]         * #servletContext
[THYMELEAF]     * Execution Attributes:
[THYMELEAF]         * "StandardExpressionParser": com.intuit.karate.template.KarateStandardDialect@2577d6c8
[THYMELEAF]         * "StandardJavaScriptSerializer": org.thymeleaf.standard.serializer.StandardJavaScriptSerializer@5c20ffa8
[THYMELEAF]         * "StandardCSSSerializer": org.thymeleaf.standard.serializer.StandardCSSSerializer@7fedfe27
[THYMELEAF]         * "StandardVariableExpressionEvaluator": com.intuit.karate.template.KarateStandardDialect@2577d6c8
[THYMELEAF]         * "StandardConversionService": org.thymeleaf.standard.expression.StandardConversionService@2f879bab
[THYMELEAF] * Dialect [2 of 2]: karate (com.intuit.karate.template.KarateScriptDialect)
[THYMELEAF]     * Prefix: "ka"
[THYMELEAF]     * Processors for Template Mode: HTML
[THYMELEAF]         * Element Tag Processors by [matching element and attribute name] [precedence]:
[THYMELEAF]             * [* {src}] [1000]: com.intuit.karate.template.KaScriptAttrProcessor
[THYMELEAF]         * Element Model Processors by [matching element and attribute name] [precedence]:
[THYMELEAF]             * [{script} {ka:scope,data-ka-scope}] [1000]: com.intuit.karate.template.KaScriptElemProcessor
[THYMELEAF]             * [* {ka:set,data-ka-set}] [1000]: com.intuit.karate.template.KaSetElemProcessor
[THYMELEAF] TEMPLATE ENGINE CONFIGURED OK
00:31:38.873 [main] DEBUG org.thymeleaf.TemplateEngine -- [THYMELEAF] TEMPLATE ENGINE INITIALIZED
00:31:38.932 [main] DEBUG org.thymeleaf.TemplateEngine -- [THYMELEAF] INITIALIZING TEMPLATE ENGINE
00:31:38.955 [main] DEBUG org.thymeleaf.TemplateEngine.CONFIG -- Initializing Thymeleaf Template engine configuration...
[THYMELEAF] TEMPLATE ENGINE CONFIGURATION:
[THYMELEAF] * Thymeleaf version: 3.1.2.RELEASE (built 2023-07-30T19:25:50+0000)
[THYMELEAF] * Cache Manager implementation: org.thymeleaf.cache.StandardCacheManager
[THYMELEAF] * Template resolvers:
[THYMELEAF]     * [1] com.intuit.karate.template.ResourceHtmlTemplateResolver
[THYMELEAF] * Message resolvers:
[THYMELEAF]     * org.thymeleaf.messageresolver.StandardMessageResolver
[THYMELEAF] * Link builders:
[THYMELEAF]     * org.thymeleaf.linkbuilder.StandardLinkBuilder
[THYMELEAF] * Dialect [1 of 2]: Standard (com.intuit.karate.template.KarateStandardDialect)
[THYMELEAF]     * Prefix: "th"
[THYMELEAF]     * Processors for Template Mode: HTML
[THYMELEAF]         * Element Tag Processors by [matching element and attribute name] [precedence]:
[THYMELEAF]             * [* {th:include,data-th-include}] [100]: org.thymeleaf.standard.processor.StandardIncludeTagProcessor
[THYMELEAF]             * [* {th:insert,data-th-insert}] [100]: org.thymeleaf.standard.processor.StandardInsertTagProcessor
[THYMELEAF]             * [* {th:replace,data-th-replace}] [100]: org.thymeleaf.standard.processor.StandardReplaceTagProcessor
[THYMELEAF]             * [* {th:each,data-th-each}] [200]: com.intuit.karate.template.KarateEachTagProcessor
[THYMELEAF]             * [* {th:switch,data-th-switch}] [250]: org.thymeleaf.standard.processor.StandardSwitchTagProcessor
[THYMELEAF]             * [* {th:case,data-th-case}] [275]: org.thymeleaf.standard.processor.StandardCaseTagProcessor
[THYMELEAF]             * [* {th:if,data-th-if}] [300]: org.thymeleaf.standard.processor.StandardIfTagProcessor
[THYMELEAF]             * [* {th:unless,data-th-unless}] [400]: org.thymeleaf.standard.processor.StandardUnlessTagProcessor
[THYMELEAF]             * [* {th:object,data-th-object}] [500]: org.thymeleaf.standard.processor.StandardObjectTagProcessor
[THYMELEAF]             * [* {th:with,data-th-with}] [600]: com.intuit.karate.template.KarateWithTagProcessor
[THYMELEAF]             * [* {th:attr,data-th-attr}] [700]: com.intuit.karate.template.KarateAttributeTagProcessor.KarateAttrTagProcessor
[THYMELEAF]             * [* {th:attrappend,data-th-attrappend}] [900]: com.intuit.karate.template.KarateAttributeTagProcessor.KarateAttrappendTagProcessor
[THYMELEAF]             * [* {th:attrprepend,data-th-attrprepend}] [900]: com.intuit.karate.template.KarateAttributeTagProcessor.KarateAttrprependTagProcessor
[THYMELEAF]             * [* {th:alt-title,data-th-alt-title}] [990]: org.thymeleaf.standard.processor.StandardAltTitleTagProcessor
[THYMELEAF]             * [* {th:lang-xmllang,data-th-lang-xmllang}] [990]: org.thymeleaf.standard.processor.StandardLangXmlLangTagProcessor
[THYMELEAF]             * [* {th:action,data-th-action}] [1000]: org.thymeleaf.standard.processor.StandardActionTagProcessor
[THYMELEAF]             * [* {th:pubdate,data-th-pubdate}] [1000]: org.thymeleaf.standard.processor.StandardConditionalFixedValueTagProcessor
[THYMELEAF]             * [* {th:multiple,data-th-multiple}] [1000]: org.thymeleaf.standard.processor.StandardConditionalFixedValueTagProcessor
[THYMELEAF]             * [* {th:open,data-th-open}] [1000]: org.thymeleaf.standard.processor.StandardConditionalFixedValueTagProcessor
[THYMELEAF]             * [* {th:controls,data-th-controls}] [1000]: org.thymeleaf.standard.processor.StandardConditionalFixedValueTagProcessor
[THYMELEAF]             * [* {th:selected,data-th-selected}] [1000]: org.thymeleaf.standard.processor.StandardConditionalFixedValueTagProcessor
[THYMELEAF]             * [* {th:novalidate,data-th-novalidate}] [1000]: org.thymeleaf.standard.processor.StandardConditionalFixedValueTagProcessor
[THYMELEAF]             * [* {th:nowrap,data-th-nowrap}] [1000]: org.thymeleaf.standard.processor.StandardConditionalFixedValueTagProcessor
[THYMELEAF]             * [* {th:async,data-th-async}] [1000]: org.thymeleaf.standard.processor.StandardConditionalFixedValueTagProcessor
[THYMELEAF]             * [* {th:loop,data-th-loop}] [1000]: org.thymeleaf.standard.processor.StandardConditionalFixedValueTagProcessor
[THYMELEAF]             * [* {th:required,data-th-required}] [1000]: org.thymeleaf.standard.processor.StandardConditionalFixedValueTagProcessor
[THYMELEAF]             * [* {th:seamless,data-th-seamless}] [1000]: org.thymeleaf.standard.processor.StandardConditionalFixedValueTagProcessor
[THYMELEAF]             * [* {th:defer,data-th-defer}] [1000]: org.thymeleaf.standard.processor.StandardConditionalFixedValueTagProcessor
[THYMELEAF]             * [* {th:autoplay,data-th-autoplay}] [1000]: org.thymeleaf.standard.processor.StandardConditionalFixedValueTagProcessor
[THYMELEAF]             * [* {th:hidden,data-th-hidden}] [1000]: org.thymeleaf.standard.processor.StandardConditionalFixedValueTagProcessor
[THYMELEAF]             * [* {th:formnovalidate,data-th-formnovalidate}] [1000]: org.thymeleaf.standard.processor.StandardConditionalFixedValueTagProcessor
[THYMELEAF]             * [* {th:ismap,data-th-ismap}] [1000]: org.thymeleaf.standard.processor.StandardConditionalFixedValueTagProcessor
[THYMELEAF]             * [* {th:checked,data-th-checked}] [1000]: org.thymeleaf.standard.processor.StandardConditionalFixedValueTagProcessor
[THYMELEAF]             * [* {th:autofocus,data-th-autofocus}] [1000]: org.thymeleaf.standard.processor.StandardConditionalFixedValueTagProcessor
[THYMELEAF]             * [* {th:default,data-th-default}] [1000]: org.thymeleaf.standard.processor.StandardConditionalFixedValueTagProcessor
[THYMELEAF]             * [* {th:disabled,data-th-disabled}] [1000]: org.thymeleaf.standard.processor.StandardConditionalFixedValueTagProcessor
[THYMELEAF]             * [* {th:declare,data-th-declare}] [1000]: org.thymeleaf.standard.processor.StandardConditionalFixedValueTagProcessor
[THYMELEAF]             * [* {th:scoped,data-th-scoped}] [1000]: org.thymeleaf.standard.processor.StandardConditionalFixedValueTagProcessor
[THYMELEAF]             * [* {th:readonly,data-th-readonly}] [1000]: org.thymeleaf.standard.processor.StandardConditionalFixedValueTagProcessor
[THYMELEAF]             * [* {th:reversed,data-th-reversed}] [1000]: org.thymeleaf.standard.processor.StandardConditionalFixedValueTagProcessor
[THYMELEAF]             * [* {th:onoffline,data-th-onoffline}] [1000]: org.thymeleaf.standard.processor.StandardDOMEventAttributeTagProcessor
[THYMELEAF]             * [* {th:ononline,data-th-ononline}] [1000]: org.thymeleaf.standard.processor.StandardDOMEventAttributeTagProcessor
[THYMELEAF]             * [* {th:onmouseup,data-th-onmouseup}] [1000]: org.thymeleaf.standard.processor.StandardDOMEventAttributeTagProcessor
[THYMELEAF]             * [* {th:onbeforeunload,data-th-onbeforeunload}] [1000]: org.thymeleaf.standard.processor.StandardDOMEventAttributeTagProcessor
[THYMELEAF]             * [* {th:onselect,data-th-onselect}] [1000]: org.thymeleaf.standard.processor.StandardDOMEventAttributeTagProcessor
[THYMELEAF]             * [* {th:onafterprint,data-th-onafterprint}] [1000]: org.thymeleaf.standard.processor.StandardDOMEventAttributeTagProcessor
[THYMELEAF]             * [* {th:onsuspend,data-th-onsuspend}] [1000]: org.thymeleaf.standard.processor.StandardDOMEventAttributeTagProcessor
[THYMELEAF]             * [* {th:onratechange,data-th-onratechange}] [1000]: org.thymeleaf.standard.processor.StandardDOMEventAttributeTagProcessor
[THYMELEAF]             * [* {th:onhashchange,data-th-onhashchange}] [1000]: org.thymeleaf.standard.processor.StandardDOMEventAttributeTagProcessor
[THYMELEAF]             * [* {th:onpopstate,data-th-onpopstate}] [1000]: org.thymeleaf.standard.processor.StandardDOMEventAttributeTagProcessor
[THYMELEAF]             * [* {th:onundo,data-th-onundo}] [1000]: org.thymeleaf.standard.processor.StandardDOMEventAttributeTagProcessor
[THYMELEAF]             * [* {th:onkeypress,data-th-onkeypress}] [1000]: org.thymeleaf.standard.processor.StandardDOMEventAttributeTagProcessor
[THYMELEAF]             * [* {th:onplaying,data-th-onplaying}] [1000]: org.thymeleaf.standard.processor.StandardDOMEventAttributeTagProcessor
[THYMELEAF]             * [* {th:ondragend,data-th-ondragend}] [1000]: org.thymeleaf.standard.processor.StandardDOMEventAttributeTagProcessor
[THYMELEAF]             * [* {th:onshow,data-th-onshow}] [1000]: org.thymeleaf.standard.processor.StandardDOMEventAttributeTagProcessor
[THYMELEAF]             * [* {th:ondragstart,data-th-ondragstart}] [1000]: org.thymeleaf.standard.processor.StandardDOMEventAttributeTagProcessor
[THYMELEAF]             * [* {th:oncontextmenu,data-th-oncontextmenu}] [1000]: org.thymeleaf.standard.processor.StandardDOMEventAttributeTagProcessor
[THYMELEAF]             * [* {th:onended,data-th-onended}] [1000]: org.thymeleaf.standard.processor.StandardDOMEventAttributeTagProcessor
[THYMELEAF]             * [* {th:onscroll,data-th-onscroll}] [1000]: org.thymeleaf.standard.processor.StandardDOMEventAttributeTagProcessor
[THYMELEAF]             * [* {th:onerror,data-th-onerror}] [1000]: org.thymeleaf.standard.processor.StandardDOMEventAttributeTagProcessor
[THYMELEAF]             * [* {th:ondrop,data-th-ondrop}] [1000]: org.thymeleaf.standard.processor.StandardDOMEventAttributeTagProcessor
[THYMELEAF]             * [* {th:onstalled,data-th-onstalled}] [1000]: org.thymeleaf.standard.processor.StandardDOMEventAttributeTagProcessor
[THYMELEAF]             * [* {th:onmousemove,data-th-onmousemove}] [1000]: org.thymeleaf.standard.processor.StandardDOMEventAttributeTagProcessor
[THYMELEAF]             * [* {th:onformchange,data-th-onformchange}] [1000]: org.thymeleaf.standard.processor.StandardDOMEventAttributeTagProcessor
[THYMELEAF]             * [* {th:ontimeupdate,data-th-ontimeupdate}] [1000]: org.thymeleaf.standard.processor.StandardDOMEventAttributeTagProcessor
[THYMELEAF]             * [* {th:onresize,data-th-onresize}] [1000]: org.thymeleaf.standard.processor.StandardDOMEventAttributeTagProcessor
[THYMELEAF]             * [* {th:onprogress,data-th-onprogress}] [1000]: org.thymeleaf.standard.processor.StandardDOMEventAttributeTagProcessor
[THYMELEAF]             * [* {th:onmouseout,data-th-onmouseout}] [1000]: org.thymeleaf.standard.processor.StandardDOMEventAttributeTagProcessor
[THYMELEAF]             * [* {th:onmessage,data-th-onmessage}] [1000]: org.thymeleaf.standard.processor.StandardDOMEventAttributeTagProcessor
[THYMELEAF]             * [* {th:oninvalid,data-th-oninvalid}] [1000]: org.thymeleaf.standard.processor.StandardDOMEventAttributeTagProcessor
[THYMELEAF]             * [* {th:oninput,data-th-oninput}] [1000]: org.thymeleaf.standard.processor.StandardDOMEventAttributeTagProcessor
[THYMELEAF]             * [* {th:oncanplay,data-th-oncanplay}] [1000]: org.thymeleaf.standard.processor.StandardDOMEventAttributeTagProcessor
[THYMELEAF]             * [* {th:onkeydown,data-th-onkeydown}] [1000]: org.thymeleaf.standard.processor.StandardDOMEventAttributeTagProcessor
[THYMELEAF]             * [* {th:onblur,data-th-onblur}] [1000]: org.thymeleaf.standard.processor.StandardDOMEventAttributeTagProcessor
[THYMELEAF]             * [* {th:onunload,data-th-onunload}] [1000]: org.thymeleaf.standard.processor.StandardDOMEventAttributeTagProcessor
[THYMELEAF]             * [* {th:onstorage,data-th-onstorage}] [1000]: org.thymeleaf.standard.processor.StandardDOMEventAttributeTagProcessor
[THYMELEAF]             * [* {th:onpause,data-th-onpause}] [1000]: org.thymeleaf.standard.processor.StandardDOMEventAttributeTagProcessor
[THYMELEAF]             * [* {th:ondragleave,data-th-ondragleave}] [1000]: org.thymeleaf.standard.processor.StandardDOMEventAttributeTagProcessor
[THYMELEAF]             * [* {th:onloadstart,data-th-onloadstart}] [1000]: org.thymeleaf.standard.processor.StandardDOMEventAttributeTagProcessor
[THYMELEAF]             * [* {th:onseeked,data-th-onseeked}] [1000]: org.thymeleaf.standard.processor.StandardDOMEventAttributeTagProcessor
[THYMELEAF]             * [* {th:onforminput,data-th-onforminput}] [1000]: org.thymeleaf.standard.processor.StandardDOMEventAttributeTagProcessor
[THYMELEAF]             * [* {th:onfocus,data-th-onfocus}] [1000]: org.thymeleaf.standard.processor.StandardDOMEventAttributeTagProcessor
[THYMELEAF]             * [* {th:ondblclick,data-th-ondblclick}] [1000]: org.thymeleaf.standard.processor.StandardDOMEventAttributeTagProcessor
[THYMELEAF]             * [* {th:onemptied,data-th-onemptied}] [1000]: org.thymeleaf.standard.processor.StandardDOMEventAttributeTagProcessor
[THYMELEAF]             * [* {th:onplay,data-th-onplay}] [1000]: org.thymeleaf.standard.processor.StandardDOMEventAttributeTagProcessor
[THYMELEAF]             * [* {th:onreset,data-th-onreset}] [1000]: org.thymeleaf.standard.processor.StandardDOMEventAttributeTagProcessor
[THYMELEAF]             * [* {th:ondurationchange,data-th-ondurationchange}] [1000]: org.thymeleaf.standard.processor.StandardDOMEventAttributeTagProcessor
[THYMELEAF]             * [* {th:onkeyup,data-th-onkeyup}] [1000]: org.thymeleaf.standard.processor.StandardDOMEventAttributeTagProcessor
[THYMELEAF]             * [* {th:onbeforeprint,data-th-onbeforeprint}] [1000]: org.thymeleaf.standard.processor.StandardDOMEventAttributeTagProcessor
[THYMELEAF]             * [* {th:onload,data-th-onload}] [1000]: org.thymeleaf.standard.processor.StandardDOMEventAttributeTagProcessor
[THYMELEAF]             * [* {th:onmousedown,data-th-onmousedown}] [1000]: org.thymeleaf.standard.processor.StandardDOMEventAttributeTagProcessor
[THYMELEAF]             * [* {th:onredo,data-th-onredo}] [1000]: org.thymeleaf.standard.processor.StandardDOMEventAttributeTagProcessor
[THYMELEAF]             * [* {th:onvolumechange,data-th-onvolumechange}] [1000]: org.thymeleaf.standard.processor.StandardDOMEventAttributeTagProcessor
[THYMELEAF]             * [* {th:onseeking,data-th-onseeking}] [1000]: org.thymeleaf.standard.processor.StandardDOMEventAttributeTagProcessor
[THYMELEAF]             * [* {th:onloadeddata,data-th-onloadeddata}] [1000]: org.thymeleaf.standard.processor.StandardDOMEventAttributeTagProcessor
[THYMELEAF]             * [* {th:onsubmit,data-th-onsubmit}] [1000]: org.thymeleaf.standard.processor.StandardDOMEventAttributeTagProcessor
[THYMELEAF]             * [* {th:onclick,data-th-onclick}] [1000]: org.thymeleaf.standard.processor.StandardDOMEventAttributeTagProcessor
[THYMELEAF]             * [* {th:ondrag,data-th-ondrag}] [1000]: org.thymeleaf.standard.processor.StandardDOMEventAttributeTagProcessor
[THYMELEAF]             * [* {th:onreadystatechange,data-th-onreadystatechange}] [1000]: org.thymeleaf.standard.processor.StandardDOMEventAttributeTagProcessor
[THYMELEAF]             * [* {th:onwaiting,data-th-onwaiting}] [1000]: org.thymeleaf.standard.processor.StandardDOMEventAttributeTagProcessor
[THYMELEAF]             * [* {th:ondragover,data-th-ondragover}] [1000]: org.thymeleaf.standard.processor.StandardDOMEventAttributeTagProcessor
[THYMELEAF]             * [* {th:onloadedmetadata,data-th-onloadedmetadata}] [1000]: org.thymeleaf.standard.processor.StandardDOMEventAttributeTagProcessor
[THYMELEAF]             * [* {th:ondragenter,data-th-ondragenter}] [1000]: org.thymeleaf.standard.processor.StandardDOMEventAttributeTagProcessor
[THYMELEAF]             * [* {th:onabort,data-th-onabort}] [1000]: org.thymeleaf.standard.processor.StandardDOMEventAttributeTagProcessor
[THYMELEAF]             * [* {th:onmousewheel,data-th-onmousewheel}] [1000]: org.thymeleaf.standard.processor.StandardDOMEventAttributeTagProcessor
[THYMELEAF]             * [* {th:onmouseover,data-th-onmouseover}] [1000]: org.thymeleaf.standard.processor.StandardDOMEventAttributeTagProcessor
[THYMELEAF]             * [* {th:onchange,data-th-onchange}] [1000]: org.thymeleaf.standard.processor.StandardDOMEventAttributeTagProcessor
[THYMELEAF]             * [* {th:oncanplaythrough,data-th-oncanplaythrough}] [1000]: org.thymeleaf.standard.processor.StandardDOMEventAttributeTagProcessor
[THYMELEAF]             * [* {th:href,data-th-href}] [1000]: org.thymeleaf.standard.processor.StandardHrefTagProcessor
[THYMELEAF]             * [* {th:inline,data-th-inline}] [1000]: org.thymeleaf.standard.processor.StandardInlineHTMLTagProcessor
[THYMELEAF]             * [* {th:method,data-th-method}] [1000]: org.thymeleaf.standard.processor.StandardMethodTagProcessor
[THYMELEAF]             * [* {th:type,data-th-type}] [1000]: org.thymeleaf.standard.processor.StandardNonRemovableAttributeTagProcessor
[THYMELEAF]             * [* {th:name,data-th-name}] [1000]: org.thymeleaf.standard.processor.StandardNonRemovableAttributeTagProcessor
[THYMELEAF]             * [* {th:contextmenu,data-th-contextmenu}] [1000]: org.thymeleaf.standard.processor.StandardRemovableAttributeTagProcessor
[THYMELEAF]             * [* {th:alt,data-th-alt}] [1000]: org.thymeleaf.standard.processor.StandardRemovableAttributeTagProcessor
[THYMELEAF]             * [* {th:radiogroup,data-th-radiogroup}] [1000]: org.thymeleaf.standard.processor.StandardRemovableAttributeTagProcessor
[THYMELEAF]             * [* {th:sandbox,data-th-sandbox}] [1000]: org.thymeleaf.standard.processor.StandardRemovableAttributeTagProcessor
[THYMELEAF]             * [* {th:scope,data-th-scope}] [1000]: org.thymeleaf.standard.processor.StandardRemovableAttributeTagProcessor
[THYMELEAF]             * [* {th:low,data-th-low}] [1000]: org.thymeleaf.standard.processor.StandardRemovableAttributeTagProcessor
[THYMELEAF]             * [* {th:formaction,data-th-formaction}] [1000]: org.thymeleaf.standard.processor.StandardRemovableAttributeTagProcessor
[THYMELEAF]             * [* {th:valuetype,data-th-valuetype}] [1000]: org.thymeleaf.standard.processor.StandardRemovableAttributeTagProcessor
[THYMELEAF]             * [* {th:scheme,data-th-scheme}] [1000]: org.thymeleaf.standard.processor.StandardRemovableAttributeTagProcessor
[THYMELEAF]             * [* {th:hspace,data-th-hspace}] [1000]: org.thymeleaf.standard.processor.StandardRemovableAttributeTagProcessor
[THYMELEAF]             * [* {th:cols,data-th-cols}] [1000]: org.thymeleaf.standard.processor.StandardRemovableAttributeTagProcessor
[THYMELEAF]             * [* {th:codetype,data-th-codetype}] [1000]: org.thymeleaf.standard.processor.StandardRemovableAttributeTagProcessor
[THYMELEAF]             * [* {th:keytype,data-th-keytype}] [1000]: org.thymeleaf.standard.processor.StandardRemovableAttributeTagProcessor
[THYMELEAF]             * [* {th:class,data-th-class}] [1000]: org.thymeleaf.standard.processor.StandardRemovableAttributeTagProcessor
[THYMELEAF]             * [* {th:colspan,data-th-colspan}] [1000]: org.thymeleaf.standard.processor.StandardRemovableAttributeTagProcessor
[THYMELEAF]             * [* {th:icon,data-th-icon}] [1000]: org.thymeleaf.standard.processor.StandardRemovableAttributeTagProcessor
[THYMELEAF]             * [* {th:usemap,data-th-usemap}] [1000]: org.thymeleaf.standard.processor.StandardRemovableAttributeTagProcessor
[THYMELEAF]             * [* {th:dir,data-th-dir}] [1000]: org.thymeleaf.standard.processor.StandardRemovableAttributeTagProcessor
[THYMELEAF]             * [* {th:bgcolor,data-th-bgcolor}] [1000]: org.thymeleaf.standard.processor.StandardRemovableAttributeTagProcessor
[THYMELEAF]             * [* {th:start,data-th-start}] [1000]: org.thymeleaf.standard.processor.StandardRemovableAttributeTagProcessor
[THYMELEAF]             * [* {th:accesskey,data-th-accesskey}] [1000]: org.thymeleaf.standard.processor.StandardRemovableAttributeTagProcessor
[THYMELEAF]             * [* {th:lang,data-th-lang}] [1000]: org.thymeleaf.standard.processor.StandardRemovableAttributeTagProcessor
[THYMELEAF]             * [* {th:max,data-th-max}] [1000]: org.thymeleaf.standard.processor.StandardRemovableAttributeTagProcessor
[THYMELEAF]             * [* {th:kind,data-th-kind}] [1000]: org.thymeleaf.standard.processor.StandardRemovableAttributeTagProcessor
[THYMELEAF]             * [* {th:wrap,data-th-wrap}] [1000]: org.thymeleaf.standard.processor.StandardRemovableAttributeTagProcessor
[THYMELEAF]             * [* {th:width,data-th-width}] [1000]: org.thymeleaf.standard.processor.StandardRemovableAttributeTagProcessor
[THYMELEAF]             * [* {th:charset,data-th-charset}] [1000]: org.thymeleaf.standard.processor.StandardRemovableAttributeTagProcessor
[THYMELEAF]             * [* {th:manifest,data-th-manifest}] [1000]: org.thymeleaf.standard.processor.StandardRemovableAttributeTagProcessor
[THYMELEAF]             * [* {th:preload,data-th-preload}] [1000]: org.thymeleaf.standard.processor.StandardRemovableAttributeTagProcessor
[THYMELEAF]             * [* {th:rowspan,data-th-rowspan}] [1000]: org.thymeleaf.standard.processor.StandardRemovableAttributeTagProcessor
[THYMELEAF]             * [* {th:for,data-th-for}] [1000]: org.thymeleaf.standard.processor.StandardRemovableAttributeTagProcessor
[THYMELEAF]             * [* {th:classid,data-th-classid}] [1000]: org.thymeleaf.standard.processor.StandardRemovableAttributeTagProcessor
[THYMELEAF]             * [* {th:sizes,data-th-sizes}] [1000]: org.thymeleaf.standard.processor.StandardRemovableAttributeTagProcessor
[THYMELEAF]             * [* {th:pattern,data-th-pattern}] [1000]: org.thymeleaf.standard.processor.StandardRemovableAttributeTagProcessor
[THYMELEAF]             * [* {th:form,data-th-form}] [1000]: org.thymeleaf.standard.processor.StandardRemovableAttributeTagProcessor
[THYMELEAF]             * [* {th:span,data-th-span}] [1000]: org.thymeleaf.standard.processor.StandardRemovableAttributeTagProcessor
[THYMELEAF]             * [* {th:formtarget,data-th-formtarget}] [1000]: org.thymeleaf.standard.processor.StandardRemovableAttributeTagProcessor
[THYMELEAF]             * [* {th:size,data-th-size}] [1000]: org.thymeleaf.standard.processor.StandardRemovableAttributeTagProcessor
[THYMELEAF]             * [* {th:marginwidth,data-th-marginwidth}] [1000]: org.thymeleaf.standard.processor.StandardRemovableAttributeTagProcessor
[THYMELEAF]             * [* {th:label,data-th-label}] [1000]: org.thymeleaf.standard.processor.StandardRemovableAttributeTagProcessor
[THYMELEAF]             * [* {th:cellspacing,data-th-cellspacing}] [1000]: org.thymeleaf.standard.processor.StandardRemovableAttributeTagProcessor
[THYMELEAF]             * [* {th:frame,data-th-frame}] [1000]: org.thymeleaf.standard.processor.StandardRemovableAttributeTagProcessor
[THYMELEAF]             * [* {th:cellpadding,data-th-cellpadding}] [1000]: org.thymeleaf.standard.processor.StandardRemovableAttributeTagProcessor
[THYMELEAF]             * [* {th:target,data-th-target}] [1000]: org.thymeleaf.standard.processor.StandardRemovableAttributeTagProcessor
[THYMELEAF]             * [* {th:cite,data-th-cite}] [1000]: org.thymeleaf.standard.processor.StandardRemovableAttributeTagProcessor
[THYMELEAF]             * [* {th:height,data-th-height}] [1000]: org.thymeleaf.standard.processor.StandardRemovableAttributeTagProcessor
[THYMELEAF]             * [* {th:http-equiv,data-th-http-equiv}] [1000]: org.thymeleaf.standard.processor.StandardRemovableAttributeTagProcessor
[THYMELEAF]             * [* {th:rev,data-th-rev}] [1000]: org.thymeleaf.standard.processor.StandardRemovableAttributeTagProcessor
[THYMELEAF]             * [* {th:poster,data-th-poster}] [1000]: org.thymeleaf.standard.processor.StandardRemovableAttributeTagProcessor
[THYMELEAF]             * [* {th:placeholder,data-th-placeholder}] [1000]: org.thymeleaf.standard.processor.StandardRemovableAttributeTagProcessor
[THYMELEAF]             * [* {th:step,data-th-step}] [1000]: org.thymeleaf.standard.processor.StandardRemovableAttributeTagProcessor
[THYMELEAF]             * [* {th:frameborder,data-th-frameborder}] [1000]: org.thymeleaf.standard.processor.StandardRemovableAttributeTagProcessor
[THYMELEAF]             * [* {th:background,data-th-background}] [1000]: org.thymeleaf.standard.processor.StandardRemovableAttributeTagProcessor
[THYMELEAF]             * [* {th:data,data-th-data}] [1000]: org.thymeleaf.standard.processor.StandardRemovableAttributeTagProcessor
[THYMELEAF]             * [* {th:draggable,data-th-draggable}] [1000]: org.thymeleaf.standard.processor.StandardRemovableAttributeTagProcessor
[THYMELEAF]             * [* {th:contenteditable,data-th-contenteditable}] [1000]: org.thymeleaf.standard.processor.StandardRemovableAttributeTagProcessor
[THYMELEAF]             * [* {th:standby,data-th-standby}] [1000]: org.thymeleaf.standard.processor.StandardRemovableAttributeTagProcessor
[THYMELEAF]             * [* {th:high,data-th-high}] [1000]: org.thymeleaf.standard.processor.StandardRemovableAttributeTagProcessor
[THYMELEAF]             * [* {th:content,data-th-content}] [1000]: org.thymeleaf.standard.processor.StandardRemovableAttributeTagProcessor
[THYMELEAF]             * [* {th:rules,data-th-rules}] [1000]: org.thymeleaf.standard.processor.StandardRemovableAttributeTagProcessor
[THYMELEAF]             * [* {th:id,data-th-id}] [1000]: org.thymeleaf.standard.processor.StandardRemovableAttributeTagProcessor
[THYMELEAF]             * [* {th:formmethod,data-th-formmethod}] [1000]: org.thymeleaf.standard.processor.StandardRemovableAttributeTagProcessor
[THYMELEAF]             * [* {th:enctype,data-th-enctype}] [1000]: org.thymeleaf.standard.processor.StandardRemovableAttributeTagProcessor
[THYMELEAF]             * [* {th:formenctype,data-th-formenctype}] [1000]: org.thymeleaf.standard.processor.StandardRemovableAttributeTagProcessor
[THYMELEAF]             * [* {th:media,data-th-media}] [1000]: org.thymeleaf.standard.processor.StandardRemovableAttributeTagProcessor
[THYMELEAF]             * [* {th:hreflang,data-th-hreflang}] [1000]: org.thymeleaf.standard.processor.StandardRemovableAttributeTagProcessor
[THYMELEAF]             * [* {th:datetime,data-th-datetime}] [1000]: org.thymeleaf.standard.processor.StandardRemovableAttributeTagProcessor
[THYMELEAF]             * [* {th:marginheight,data-th-marginheight}] [1000]: org.thymeleaf.standard.processor.StandardRemovableAttributeTagProcessor
[THYMELEAF]             * [* {th:challenge,data-th-challenge}] [1000]: org.thymeleaf.standard.processor.StandardRemovableAttributeTagProcessor
[THYMELEAF]             * [* {th:list,data-th-list}] [1000]: org.thymeleaf.standard.processor.StandardRemovableAttributeTagProcessor
[THYMELEAF]             * [* {th:accept,data-th-accept}] [1000]: org.thymeleaf.standard.processor.StandardRemovableAttributeTagProcessor
[THYMELEAF]             * [* {th:title,data-th-title}] [1000]: org.thymeleaf.standard.processor.StandardRemovableAttributeTagProcessor
[THYMELEAF]             * [* {th:border,data-th-border}] [1000]: org.thymeleaf.standard.processor.StandardRemovableAttributeTagProcessor
[THYMELEAF]             * [* {th:compact,data-th-compact}] [1000]: org.thymeleaf.standard.processor.StandardRemovableAttributeTagProcessor
[THYMELEAF]             * [* {th:longdesc,data-th-longdesc}] [1000]: org.thymeleaf.standard.processor.StandardRemovableAttributeTagProcessor
[THYMELEAF]             * [* {th:summary,data-th-summary}] [1000]: org.thymeleaf.standard.processor.StandardRemovableAttributeTagProcessor
[THYMELEAF]             * [* {th:style,data-th-style}] [1000]: org.thymeleaf.standard.processor.StandardRemovableAttributeTagProcessor
[THYMELEAF]             * [* {th:codebase,data-th-codebase}] [1000]: org.thymeleaf.standard.processor.StandardRemovableAttributeTagProcessor
[THYMELEAF]             * [* {th:rows,data-th-rows}] [1000]: org.thymeleaf.standard.processor.StandardRemovableAttributeTagProcessor
[THYMELEAF]             * [* {th:scrolling,data-th-scrolling}] [1000]: org.thymeleaf.standard.processor.StandardRemovableAttributeTagProcessor
[THYMELEAF]             * [* {th:maxlength,data-th-maxlength}] [1000]: org.thymeleaf.standard.processor.StandardRemovableAttributeTagProcessor
[THYMELEAF]             * [* {th:archive,data-th-archive}] [1000]: org.thymeleaf.standard.processor.StandardRemovableAttributeTagProcessor
[THYMELEAF]             * [* {th:axis,data-th-axis}] [1000]: org.thymeleaf.standard.processor.StandardRemovableAttributeTagProcessor
[THYMELEAF]             * [* {th:spellcheck,data-th-spellcheck}] [1000]: org.thymeleaf.standard.processor.StandardRemovableAttributeTagProcessor
[THYMELEAF]             * [* {th:srclang,data-th-srclang}] [1000]: org.thymeleaf.standard.processor.StandardRemovableAttributeTagProcessor
[THYMELEAF]             * [* {th:vspace,data-th-vspace}] [1000]: org.thymeleaf.standard.processor.StandardRemovableAttributeTagProcessor
[THYMELEAF]             * [* {th:tabindex,data-th-tabindex}] [1000]: org.thymeleaf.standard.processor.StandardRemovableAttributeTagProcessor
[THYMELEAF]             * [* {th:autocomplete,data-th-autocomplete}] [1000]: org.thymeleaf.standard.processor.StandardRemovableAttributeTagProcessor
[THYMELEAF]             * [* {th:rel,data-th-rel}] [1000]: org.thymeleaf.standard.processor.StandardRemovableAttributeTagProcessor
[THYMELEAF]             * [* {th:optimum,data-th-optimum}] [1000]: org.thymeleaf.standard.processor.StandardRemovableAttributeTagProcessor
[THYMELEAF]             * [* {th:abbr,data-th-abbr}] [1000]: org.thymeleaf.standard.processor.StandardRemovableAttributeTagProcessor
[THYMELEAF]             * [* {th:headers,data-th-headers}] [1000]: org.thymeleaf.standard.processor.StandardRemovableAttributeTagProcessor
[THYMELEAF]             * [* {th:audio,data-th-audio}] [1000]: org.thymeleaf.standard.processor.StandardRemovableAttributeTagProcessor
[THYMELEAF]             * [* {th:dropzone,data-th-dropzone}] [1000]: org.thymeleaf.standard.processor.StandardRemovableAttributeTagProcessor
[THYMELEAF]             * [* {th:align,data-th-align}] [1000]: org.thymeleaf.standard.processor.StandardRemovableAttributeTagProcessor
[THYMELEAF]             * [* {th:min,data-th-min}] [1000]: org.thymeleaf.standard.processor.StandardRemovableAttributeTagProcessor
[THYMELEAF]             * [* {th:accept-charset,data-th-accept-charset}] [1000]: org.thymeleaf.standard.processor.StandardRemovableAttributeTagProcessor
[THYMELEAF]             * [* {th:src,data-th-src}] [1000]: org.thymeleaf.standard.processor.StandardSrcTagProcessor
[THYMELEAF]             * [* {th:value,data-th-value}] [1000]: org.thymeleaf.standard.processor.StandardValueTagProcessor
[THYMELEAF]             * [* {th:xmlbase,data-th-xmlbase}] [1000]: org.thymeleaf.standard.processor.StandardXmlBaseTagProcessor
[THYMELEAF]             * [* {th:xmllang,data-th-xmllang}] [1000]: org.thymeleaf.standard.processor.StandardXmlLangTagProcessor
[THYMELEAF]             * [* {xmlns:th}] [1000]: org.thymeleaf.standard.processor.StandardXmlNsTagProcessor
[THYMELEAF]             * [* {th:xmlspace,data-th-xmlspace}] [1000]: org.thymeleaf.standard.processor.StandardXmlSpaceTagProcessor
[THYMELEAF]             * [* {th:classappend,data-th-classappend}] [1100]: org.thymeleaf.standard.processor.StandardClassappendTagProcessor
[THYMELEAF]             * [* {th:styleappend,data-th-styleappend}] [1100]: org.thymeleaf.standard.processor.StandardStyleappendTagProcessor
[THYMELEAF]             * [* {th:text,data-th-text}] [1300]: org.thymeleaf.standard.processor.StandardTextTagProcessor
[THYMELEAF]             * [* {th:utext,data-th-utext}] [1400]: org.thymeleaf.standard.processor.StandardUtextTagProcessor
[THYMELEAF]             * [* {th:fragment,data-th-fragment}] [1500]: org.thymeleaf.standard.processor.StandardFragmentTagProcessor
[THYMELEAF]             * [* {th:assert,data-th-assert}] [1550]: org.thymeleaf.standard.processor.StandardAssertTagProcessor
[THYMELEAF]             * [* {th:remove,data-th-remove}] [1600]: org.thymeleaf.standard.processor.StandardRemoveTagProcessor
[THYMELEAF]             * [* {th:ref,data-th-ref}] [10000]: org.thymeleaf.standard.processor.StandardRefAttributeTagProcessor
[THYMELEAF]             * [{th:block,th-block} *] [100000]: org.thymeleaf.standard.processor.StandardBlockTagProcessor
[THYMELEAF]             * [* th:*] [2147483647]: org.thymeleaf.standard.processor.StandardDefaultAttributesTagProcessor
[THYMELEAF]         * Text Processors by [precedence]:
[THYMELEAF]             * [1000]: org.thymeleaf.standard.processor.StandardInliningTextProcessor
[THYMELEAF]         * DOCTYPE Processors by [precedence]:
[THYMELEAF]             * [1000]: org.thymeleaf.standard.processor.StandardTranslationDocTypeProcessor
[THYMELEAF]         * CDATA Section Processors by [precedence]:
[THYMELEAF]             * [1000]: org.thymeleaf.standard.processor.StandardInliningCDATASectionProcessor
[THYMELEAF]         * Comment Processors by [precedence]:
[THYMELEAF]             * [1000]: org.thymeleaf.standard.processor.StandardInliningCommentProcessor
[THYMELEAF]             * [1100]: org.thymeleaf.standard.processor.StandardConditionalCommentProcessor
[THYMELEAF]     * Processors for Template Mode: XML
[THYMELEAF]         * Element Tag Processors by [matching element and attribute name] [precedence]:
[THYMELEAF]             * [* {th:include}] [100]: org.thymeleaf.standard.processor.StandardIncludeTagProcessor
[THYMELEAF]             * [* {th:insert}] [100]: org.thymeleaf.standard.processor.StandardInsertTagProcessor
[THYMELEAF]             * [* {th:replace}] [100]: org.thymeleaf.standard.processor.StandardReplaceTagProcessor
[THYMELEAF]             * [* {th:each}] [200]: com.intuit.karate.template.KarateEachTagProcessor
[THYMELEAF]             * [* {th:switch}] [250]: org.thymeleaf.standard.processor.StandardSwitchTagProcessor
[THYMELEAF]             * [* {th:case}] [275]: org.thymeleaf.standard.processor.StandardCaseTagProcessor
[THYMELEAF]             * [* {th:if}] [300]: org.thymeleaf.standard.processor.StandardIfTagProcessor
[THYMELEAF]             * [* {th:unless}] [400]: org.thymeleaf.standard.processor.StandardUnlessTagProcessor
[THYMELEAF]             * [* {th:object}] [500]: org.thymeleaf.standard.processor.StandardObjectTagProcessor
[THYMELEAF]             * [* {th:with}] [600]: com.intuit.karate.template.KarateWithTagProcessor
[THYMELEAF]             * [* {th:attr}] [700]: com.intuit.karate.template.KarateAttributeTagProcessor.KarateAttrTagProcessor
[THYMELEAF]             * [* {th:attrappend}] [900]: com.intuit.karate.template.KarateAttributeTagProcessor.KarateAttrappendTagProcessor
[THYMELEAF]             * [* {th:attrprepend}] [900]: com.intuit.karate.template.KarateAttributeTagProcessor.KarateAttrprependTagProcessor
[THYMELEAF]             * [* {th:inline}] [1000]: org.thymeleaf.standard.processor.StandardInlineXMLTagProcessor
[THYMELEAF]             * [* {xmlns:th}] [1000]: org.thymeleaf.standard.processor.StandardXmlNsTagProcessor
[THYMELEAF]             * [* {th:text}] [1300]: org.thymeleaf.standard.processor.StandardTextTagProcessor
[THYMELEAF]             * [* {th:utext}] [1400]: org.thymeleaf.standard.processor.StandardUtextTagProcessor
[THYMELEAF]             * [* {th:fragment}] [1500]: org.thymeleaf.standard.processor.StandardFragmentTagProcessor
[THYMELEAF]             * [* {th:assert}] [1550]: org.thymeleaf.standard.processor.StandardAssertTagProcessor
[THYMELEAF]             * [* {th:remove}] [1600]: org.thymeleaf.standard.processor.StandardRemoveTagProcessor
[THYMELEAF]             * [* {th:ref}] [10000]: org.thymeleaf.standard.processor.StandardRefAttributeTagProcessor
[THYMELEAF]             * [{th:block} *] [100000]: org.thymeleaf.standard.processor.StandardBlockTagProcessor
[THYMELEAF]             * [* th:*] [2147483647]: org.thymeleaf.standard.processor.StandardDefaultAttributesTagProcessor
[THYMELEAF]         * Text Processors by [precedence]:
[THYMELEAF]             * [1000]: org.thymeleaf.standard.processor.StandardInliningTextProcessor
[THYMELEAF]         * CDATA Section Processors by [precedence]:
[THYMELEAF]             * [1000]: org.thymeleaf.standard.processor.StandardInliningCDATASectionProcessor
[THYMELEAF]         * Comment Processors by [precedence]:
[THYMELEAF]             * [1000]: org.thymeleaf.standard.processor.StandardInliningCommentProcessor
[THYMELEAF]     * Processors for Template Mode: TEXT
[THYMELEAF]         * Element Tag Processors by [matching element and attribute name] [precedence]:
[THYMELEAF]             * [* {th:insert}] [100]: org.thymeleaf.standard.processor.StandardInsertTagProcessor
[THYMELEAF]             * [* {th:replace}] [100]: org.thymeleaf.standard.processor.StandardReplaceTagProcessor
[THYMELEAF]             * [* {th:each}] [200]: com.intuit.karate.template.KarateEachTagProcessor
[THYMELEAF]             * [* {th:switch}] [250]: org.thymeleaf.standard.processor.StandardSwitchTagProcessor
[THYMELEAF]             * [* {th:case}] [275]: org.thymeleaf.standard.processor.StandardCaseTagProcessor
[THYMELEAF]             * [* {th:if}] [300]: org.thymeleaf.standard.processor.StandardIfTagProcessor
[THYMELEAF]             * [* {th:unless}] [400]: org.thymeleaf.standard.processor.StandardUnlessTagProcessor
[THYMELEAF]             * [* {th:object}] [500]: org.thymeleaf.standard.processor.StandardObjectTagProcessor
[THYMELEAF]             * [* {th:with}] [600]: com.intuit.karate.template.KarateWithTagProcessor
[THYMELEAF]             * [* {th:inline}] [1000]: org.thymeleaf.standard.processor.StandardInlineTextualTagProcessor
[THYMELEAF]             * [* {th:text}] [1300]: org.thymeleaf.standard.processor.StandardTextTagProcessor
[THYMELEAF]             * [* {th:utext}] [1400]: org.thymeleaf.standard.processor.StandardUtextTagProcessor
[THYMELEAF]             * [* {th:assert}] [1550]: org.thymeleaf.standard.processor.StandardAssertTagProcessor
[THYMELEAF]             * [* {th:remove}] [1600]: org.thymeleaf.standard.processor.StandardRemoveTagProcessor
[THYMELEAF]             * [{th:block} *] [100000]: org.thymeleaf.standard.processor.StandardBlockTagProcessor
[THYMELEAF]             * [* 100000] [org.thymeleaf.standard.processor.StandardBlockTagProcessor]: {}
[THYMELEAF]         * Text Processors by [precedence]:
[THYMELEAF]             * [1000]: org.thymeleaf.standard.processor.StandardInliningTextProcessor
[THYMELEAF]     * Processors for Template Mode: JAVASCRIPT
[THYMELEAF]         * Element Tag Processors by [matching element and attribute name] [precedence]:
[THYMELEAF]             * [* {th:insert}] [100]: org.thymeleaf.standard.processor.StandardInsertTagProcessor
[THYMELEAF]             * [* {th:replace}] [100]: org.thymeleaf.standard.processor.StandardReplaceTagProcessor
[THYMELEAF]             * [* {th:each}] [200]: com.intuit.karate.template.KarateEachTagProcessor
[THYMELEAF]             * [* {th:switch}] [250]: org.thymeleaf.standard.processor.StandardSwitchTagProcessor
[THYMELEAF]             * [* {th:case}] [275]: org.thymeleaf.standard.processor.StandardCaseTagProcessor
[THYMELEAF]             * [* {th:if}] [300]: org.thymeleaf.standard.processor.StandardIfTagProcessor
[THYMELEAF]             * [* {th:unless}] [400]: org.thymeleaf.standard.processor.StandardUnlessTagProcessor
[THYMELEAF]             * [* {th:object}] [500]: org.thymeleaf.standard.processor.StandardObjectTagProcessor
[THYMELEAF]             * [* {th:with}] [600]: com.intuit.karate.template.KarateWithTagProcessor
[THYMELEAF]             * [* {th:inline}] [1000]: org.thymeleaf.standard.processor.StandardInlineTextualTagProcessor
[THYMELEAF]             * [* {th:text}] [1300]: org.thymeleaf.standard.processor.StandardTextTagProcessor
[THYMELEAF]             * [* {th:utext}] [1400]: org.thymeleaf.standard.processor.StandardUtextTagProcessor
[THYMELEAF]             * [* {th:assert}] [1550]: org.thymeleaf.standard.processor.StandardAssertTagProcessor
[THYMELEAF]             * [* {th:remove}] [1600]: org.thymeleaf.standard.processor.StandardRemoveTagProcessor
[THYMELEAF]             * [* 100000] [org.thymeleaf.standard.processor.StandardBlockTagProcessor]: {}
[THYMELEAF]             * [{th:block} *] [100000]: org.thymeleaf.standard.processor.StandardBlockTagProcessor
[THYMELEAF]         * Text Processors by [precedence]:
[THYMELEAF]             * [1000]: org.thymeleaf.standard.processor.StandardInliningTextProcessor
[THYMELEAF]     * Processors for Template Mode: CSS
[THYMELEAF]         * Element Tag Processors by [matching element and attribute name] [precedence]:
[THYMELEAF]             * [* {th:insert}] [100]: org.thymeleaf.standard.processor.StandardInsertTagProcessor
[THYMELEAF]             * [* {th:replace}] [100]: org.thymeleaf.standard.processor.StandardReplaceTagProcessor
[THYMELEAF]             * [* {th:each}] [200]: com.intuit.karate.template.KarateEachTagProcessor
[THYMELEAF]             * [* {th:switch}] [250]: org.thymeleaf.standard.processor.StandardSwitchTagProcessor
[THYMELEAF]             * [* {th:case}] [275]: org.thymeleaf.standard.processor.StandardCaseTagProcessor
[THYMELEAF]             * [* {th:if}] [300]: org.thymeleaf.standard.processor.StandardIfTagProcessor
[THYMELEAF]             * [* {th:unless}] [400]: org.thymeleaf.standard.processor.StandardUnlessTagProcessor
[THYMELEAF]             * [* {th:object}] [500]: org.thymeleaf.standard.processor.StandardObjectTagProcessor
[THYMELEAF]             * [* {th:with}] [600]: com.intuit.karate.template.KarateWithTagProcessor
[THYMELEAF]             * [* {th:inline}] [1000]: org.thymeleaf.standard.processor.StandardInlineTextualTagProcessor
[THYMELEAF]             * [* {th:text}] [1300]: org.thymeleaf.standard.processor.StandardTextTagProcessor
[THYMELEAF]             * [* {th:utext}] [1400]: org.thymeleaf.standard.processor.StandardUtextTagProcessor
[THYMELEAF]             * [* {th:assert}] [1550]: org.thymeleaf.standard.processor.StandardAssertTagProcessor
[THYMELEAF]             * [* {th:remove}] [1600]: org.thymeleaf.standard.processor.StandardRemoveTagProcessor
[THYMELEAF]             * [* 100000] [org.thymeleaf.standard.processor.StandardBlockTagProcessor]: {}
[THYMELEAF]             * [{th:block} *] [100000]: org.thymeleaf.standard.processor.StandardBlockTagProcessor
[THYMELEAF]         * Text Processors by [precedence]:
[THYMELEAF]             * [1000]: org.thymeleaf.standard.processor.StandardInliningTextProcessor
[THYMELEAF]     * Expression Objects:
[THYMELEAF]         * #ctx
[THYMELEAF]         * #root
[THYMELEAF]         * #vars
[THYMELEAF]         * #object
[THYMELEAF]         * #locale
[THYMELEAF]         * #conversions
[THYMELEAF]         * #uris
[THYMELEAF]         * #temporals
[THYMELEAF]         * #calendars
[THYMELEAF]         * #dates
[THYMELEAF]         * #bools
[THYMELEAF]         * #numbers
[THYMELEAF]         * #objects
[THYMELEAF]         * #strings
[THYMELEAF]         * #arrays
[THYMELEAF]         * #lists
[THYMELEAF]         * #sets
[THYMELEAF]         * #maps
[THYMELEAF]         * #aggregates
[THYMELEAF]         * #messages
[THYMELEAF]         * #ids
[THYMELEAF]         * #execInfo
[THYMELEAF]         * #request
[THYMELEAF]         * #response
[THYMELEAF]         * #session
[THYMELEAF]         * #servletContext
[THYMELEAF]     * Execution Attributes:
[THYMELEAF]         * "StandardExpressionParser": com.intuit.karate.template.KarateStandardDialect@4e4c3a38
[THYMELEAF]         * "StandardJavaScriptSerializer": org.thymeleaf.standard.serializer.StandardJavaScriptSerializer@bb9ab64
[THYMELEAF]         * "StandardCSSSerializer": org.thymeleaf.standard.serializer.StandardCSSSerializer@a52ca2e
[THYMELEAF]         * "StandardVariableExpressionEvaluator": com.intuit.karate.template.KarateStandardDialect@4e4c3a38
[THYMELEAF]         * "StandardConversionService": org.thymeleaf.standard.expression.StandardConversionService@1ad8df52
[THYMELEAF] * Dialect [2 of 2]: karate (com.intuit.karate.template.KarateScriptDialect)
[THYMELEAF]     * Prefix: "ka"
[THYMELEAF]     * Processors for Template Mode: HTML
[THYMELEAF]         * Element Tag Processors by [matching element and attribute name] [precedence]:
[THYMELEAF]             * [* {src}] [1000]: com.intuit.karate.template.KaScriptAttrProcessor
[THYMELEAF]         * Element Model Processors by [matching element and attribute name] [precedence]:
[THYMELEAF]             * [{script} {ka:scope,data-ka-scope}] [1000]: com.intuit.karate.template.KaScriptElemProcessor
[THYMELEAF]             * [* {ka:set,data-ka-set}] [1000]: com.intuit.karate.template.KaSetElemProcessor
[THYMELEAF] TEMPLATE ENGINE CONFIGURED OK
00:31:38.956 [main] DEBUG org.thymeleaf.TemplateEngine -- [THYMELEAF] TEMPLATE ENGINE INITIALIZED

HTML report: (paste into browser to view) | Karate version: 1.4.1
file:///C:/Users/chand/SDET/Scorecraze(Karate)/target/karate-reports/karate-summary.html
===================================================================

Execution finished. Check target/karate-reports/karate-summary.html
]]></system-out>
  </testcase>
</testsuite>